This is pdfTeX, Version 3.141592653-2.6-1.40.25 (TeX Live 2023) (preloaded format=pdflatex 2025.8.6)  9 AUG 2025 10:35
entering extended mode
 \write18 enabled.
 %&-line parsing enabled.
**gvv.sty
(./gvv.sty
LaTeX2e <2022-11-01> patch level 1
L3 programming layer <2023-02-22>

! LaTeX cmd Error: Invalid argument type 'g' in command '\system' (requires
(cmd)              xparse).

For immediate help type H <return>.
 ...                                              
                                                  
l.111 }
       

The letter 'g' specifies a known but deprecated argument type. If you really
need it you have to load the xparse package.

LaTeX will ignore this entire definition.


\c@matchleft=\count185
\c@matchright=\count186
)
! Emergency stop.
<*> gvv.sty
           
*** (job aborted, no legal \end found)

 
Here is how much of TeX's memory you used:
 83 strings out of 477985
 826 string characters out of 5839381
 1849388 words of memory out of 6000000
 20379 multiletter control sequences out of 15000+600000
 512287 words of font info for 32 fonts, out of 8000000 for 9000
 17 hyphenation exceptions out of 8191
 21i,0n,45p,128b,44s stack positions out of 10000i,1000n,20000p,200000b,200000s
!  ==> Fatal error occurred, no output PDF file produced!
