This is pdfTeX, Version 3.141592653-2.6-1.40.25 (TeX Live 2023) (preloaded format=pdflatex 2025.8.5)  5 AUG 2025 17:18
entering extended mode
 \write18 enabled.
 %&-line parsing enabled.
**main.tex
(./main.tex
LaTeX2e <2022-11-01> patch level 1
L3 programming layer <2023-02-22>
(/usr/share/texlive/texmf-dist/tex/latex/exam/exam.cls
Document Class: exam 2021/02/26 Version 2.7 by Philip Hirschhorn
(/usr/share/texlive/texmf-dist/tex/latex/base/ifthen.sty
Package: ifthen 2022/04/13 v1.1d Standard LaTeX ifthen package (DPC)
)
(/usr/share/texlive/texmf-dist/tex/latex/base/article.cls
Document Class: article 2022/07/02 v1.4n Standard LaTeX document class
(/usr/share/texlive/texmf-dist/tex/latex/base/size10.clo
File: size10.clo 2022/07/02 v1.4n Standard LaTeX file (size option)
)
\c@part=\count185
\c@section=\count186
\c@subsection=\count187
\c@subsubsection=\count188
\c@paragraph=\count189
\c@subparagraph=\count190
\c@figure=\count191
\c@table=\count192
\abovecaptionskip=\skip48
\belowcaptionskip=\skip49
\bibindent=\dimen140
)
\@extrawidth=\skip50
\@rightmargin=\skip51
\@extrahead=\skip52
\@extrafoot=\skip53
\run@exhd=\skip54
\fp@exhd=\skip55
\run@exft=\skip56
\fp@exft=\skip57
\covrun@exhd=\skip58
\covfp@exhd=\skip59
\covrun@exft=\skip60
\covfp@exft=\skip61
\c@num@coverpages=\count193
\c@latest@ques=\count194
\c@ques@end=\count195
\c@last@object=\count196
\c@incmp@ques=\count197
\c@next@ques=\count198
\c@next@page=\count199
\c@tmp@hlfcntr=\count266
\c@ifpos@cntr=\count267
\c@question=\count268
\c@partno=\count269
\c@subpart=\count270
\c@subsubpart=\count271
\c@choice=\count272
\c@numpoints=\count273
\c@numbonuspoints=\count274
\c@pointsof@thisquestion=\count275
\c@bonuspointsof@thisquestion=\count276
\c@numquestions=\count277
\c@numparts=\count278
\c@numsubparts=\count279
\c@numsubsubparts=\count280
\c@Curr@Page=\count281
\c@@pagepoints=\count282
\c@@pagebonuspoints=\count283
\c@pageof@pagepoints=\count284
\c@pageof@pagebonuspoints=\count285
\c@latest@points=\count286
\c@latest@bonuspoints=\count287
\pageinfo@commands=\toks16
\temp@toks=\toks17
\pagepoint@commands=\toks18
\point@toks=\toks19
\c@ques@object=\count288
\marginpointssep=\skip62
\rightpointsmargin=\skip63
\choice@toks=\toks20
\answerlinelength=\skip64
\answerskip=\skip65
\answerclearance=\skip66
\fillinlinelength=\skip67
\linefillheight=\skip68
\linefillthickness=\skip69
\dottedlinefillheight=\skip70
\gridsize=\skip71
\gridlinewidth=\skip72
\minboxheight=\skip73
\c@@iterator=\count289
\@cellwidth=\skip74
\c@tbl@points=\count290
\c@tbl@bonuspoints=\count291
\c@pq@index=\count292
\c@pq@index@pts=\count293
\c@pq@index@bpts=\count294
\c@num@cols=\count295
\c@num@rows=\count296
\c@current@row=\count297
\c@cols@done=\count298
\exam@box=\box51
\saved@totalleftmargin=\dimen141
\@sollistdepth=\count299
\exam@FrameRule=\dimen142
\exam@FrameSep=\dimen143
)
(/usr/share/texlive/texmf-dist/tex/latex/amsmath/amsmath.sty
Package: amsmath 2022/04/08 v2.17n AMS math features
\@mathmargin=\skip75

For additional information on amsmath, use the `?' option.
(/usr/share/texlive/texmf-dist/tex/latex/amsmath/amstext.sty
Package: amstext 2021/08/26 v2.01 AMS text

(/usr/share/texlive/texmf-dist/tex/latex/amsmath/amsgen.sty
File: amsgen.sty 1999/11/30 v2.0 generic functions
\@emptytoks=\toks21
\ex@=\dimen144
))
(/usr/share/texlive/texmf-dist/tex/latex/amsmath/amsbsy.sty
Package: amsbsy 1999/11/29 v1.2d Bold Symbols
\pmbraise@=\dimen145
)
(/usr/share/texlive/texmf-dist/tex/latex/amsmath/amsopn.sty
Package: amsopn 2022/04/08 v2.04 operator names
)
\inf@bad=\count300
LaTeX Info: Redefining \frac on input line 234.
\uproot@=\count301
\leftroot@=\count302
LaTeX Info: Redefining \overline on input line 399.
LaTeX Info: Redefining \colon on input line 410.
\classnum@=\count303
\DOTSCASE@=\count304
LaTeX Info: Redefining \ldots on input line 496.
LaTeX Info: Redefining \dots on input line 499.
LaTeX Info: Redefining \cdots on input line 620.
\Mathstrutbox@=\box52
\strutbox@=\box53
LaTeX Info: Redefining \big on input line 722.
LaTeX Info: Redefining \Big on input line 723.
LaTeX Info: Redefining \bigg on input line 724.
LaTeX Info: Redefining \Bigg on input line 725.
\big@size=\dimen146
LaTeX Font Info:    Redeclaring font encoding OML on input line 743.
LaTeX Font Info:    Redeclaring font encoding OMS on input line 744.
\macc@depth=\count305
LaTeX Info: Redefining \bmod on input line 905.
LaTeX Info: Redefining \pmod on input line 910.
LaTeX Info: Redefining \smash on input line 940.
LaTeX Info: Redefining \relbar on input line 970.
LaTeX Info: Redefining \Relbar on input line 971.
\c@MaxMatrixCols=\count306
\dotsspace@=\muskip16
\c@parentequation=\count307
\dspbrk@lvl=\count308
\tag@help=\toks22
\row@=\count309
\column@=\count310
\maxfields@=\count311
\andhelp@=\toks23
\eqnshift@=\dimen147
\alignsep@=\dimen148
\tagshift@=\dimen149
\tagwidth@=\dimen150
\totwidth@=\dimen151
\lineht@=\dimen152
\@envbody=\toks24
\multlinegap=\skip76
\multlinetaggap=\skip77
\mathdisplay@stack=\toks25
LaTeX Info: Redefining \[ on input line 2953.
LaTeX Info: Redefining \] on input line 2954.
)
(/usr/share/texlive/texmf-dist/tex/latex/amsfonts/amssymb.sty
Package: amssymb 2013/01/14 v3.01 AMS font symbols

(/usr/share/texlive/texmf-dist/tex/latex/amsfonts/amsfonts.sty
Package: amsfonts 2013/01/14 v3.01 Basic AMSFonts support
\symAMSa=\mathgroup4
\symAMSb=\mathgroup5
LaTeX Font Info:    Redeclaring math symbol \hbar on input line 98.
LaTeX Font Info:    Overwriting math alphabet `\mathfrak' in version `bold'
(Font)                  U/euf/m/n --> U/euf/b/n on input line 106.
))
(/usr/share/texlive/texmf-dist/tex/latex/graphics/graphicx.sty
Package: graphicx 2021/09/16 v1.2d Enhanced LaTeX Graphics (DPC,SPQR)

(/usr/share/texlive/texmf-dist/tex/latex/graphics/keyval.sty
Package: keyval 2022/05/29 v1.15 key=value parser (DPC)
\KV@toks@=\toks26
)
(/usr/share/texlive/texmf-dist/tex/latex/graphics/graphics.sty
Package: graphics 2022/03/10 v1.4e Standard LaTeX Graphics (DPC,SPQR)

(/usr/share/texlive/texmf-dist/tex/latex/graphics/trig.sty
Package: trig 2021/08/11 v1.11 sin cos tan (DPC)
)
(/usr/share/texlive/texmf-dist/tex/latex/graphics-cfg/graphics.cfg
File: graphics.cfg 2016/06/04 v1.11 sample graphics configuration
)
Package graphics Info: Driver file: pdftex.def on input line 107.

(/usr/share/texlive/texmf-dist/tex/latex/graphics-def/pdftex.def
File: pdftex.def 2022/09/22 v1.2b Graphics/color driver for pdftex
))
\Gin@req@height=\dimen153
\Gin@req@width=\dimen154
)
(/usr/share/texlive/texmf-dist/tex/latex/enumitem/enumitem.sty
Package: enumitem 2019/06/20 v3.9 Customized lists
\labelindent=\skip78
\enit@outerparindent=\dimen155
\enit@toks=\toks27
\enit@inbox=\box54
\enit@count@id=\count312
\enitdp@description=\count313
)
(/usr/share/texlive/texmf-dist/tex/latex/float/float.sty
Package: float 2001/11/08 v1.3d Float enhancements (AL)
\c@float@type=\count314
\float@exts=\toks28
\float@box=\box55
\@float@everytoks=\toks29
\@floatcapt=\box56
)
(/usr/share/texlive/texmf-dist/tex/latex/tools/multicol.sty
Package: multicol 2021/11/30 v1.9d multicolumn formatting (FMi)
\c@tracingmulticols=\count315
\mult@box=\box57
\multicol@leftmargin=\dimen156
\c@unbalance=\count316
\c@collectmore=\count317
\doublecol@number=\count318
\multicoltolerance=\count319
\multicolpretolerance=\count320
\full@width=\dimen157
\page@free=\dimen158
\premulticols=\dimen159
\postmulticols=\dimen160
\multicolsep=\skip79
\multicolbaselineskip=\skip80
\partial@page=\box58
\last@line=\box59
\maxbalancingoverflow=\dimen161
\mult@rightbox=\box60
\mult@grightbox=\box61
\mult@firstbox=\box62
\mult@gfirstbox=\box63
\@tempa=\box64
\@tempa=\box65
\@tempa=\box66
\@tempa=\box67
\@tempa=\box68
\@tempa=\box69
\@tempa=\box70
\@tempa=\box71
\@tempa=\box72
\@tempa=\box73
\@tempa=\box74
\@tempa=\box75
\@tempa=\box76
\@tempa=\box77
\@tempa=\box78
\@tempa=\box79
\@tempa=\box80
\@tempa=\box81
\@tempa=\box82
\@tempa=\box83
\@tempa=\box84
\@tempa=\box85
\@tempa=\box86
\@tempa=\box87
\@tempa=\box88
\@tempa=\box89
\@tempa=\box90
\@tempa=\box91
\@tempa=\box92
\@tempa=\box93
\@tempa=\box94
\@tempa=\box95
\@tempa=\box96
\@tempa=\box97
\@tempa=\box98
\@tempa=\box99
\c@minrows=\count321
\c@columnbadness=\count322
\c@finalcolumnbadness=\count323
\last@try=\dimen162
\multicolovershoot=\dimen163
\multicolundershoot=\dimen164
\mult@nat@firstbox=\box100
\colbreak@box=\box101
\mc@col@check@num=\count324
) (./gvv.sty

! LaTeX cmd Error: Invalid argument type 'g' in command '\system' (requires
(cmd)              xparse).

For immediate help type H <return>.
 ...                                              
                                                  
l.111 }
       

The letter 'g' specifies a known but deprecated argument type. If you really
need it you have to load the xparse package.

LaTeX will ignore this entire definition.


\c@matchleft=\count325
\c@matchright=\count326
) (/usr/share/texlive/texmf-dist/tex/latex/l3backend/l3backend-pdftex.def
File: l3backend-pdftex.def 2023-01-16 L3 backend support: PDF output (pdfTeX)
\l__color_backend_stack_int=\count327
\l__pdf_internal_box=\box102
)
(./main.aux)
\openout1 = `main.aux'.

LaTeX Font Info:    Checking defaults for OML/cmm/m/it on input line 10.
LaTeX Font Info:    ... okay on input line 10.
LaTeX Font Info:    Checking defaults for OMS/cmsy/m/n on input line 10.
LaTeX Font Info:    ... okay on input line 10.
LaTeX Font Info:    Checking defaults for OT1/cmr/m/n on input line 10.
LaTeX Font Info:    ... okay on input line 10.
LaTeX Font Info:    Checking defaults for T1/cmr/m/n on input line 10.
LaTeX Font Info:    ... okay on input line 10.
LaTeX Font Info:    Checking defaults for TS1/cmr/m/n on input line 10.
LaTeX Font Info:    ... okay on input line 10.
LaTeX Font Info:    Checking defaults for OMX/cmex/m/n on input line 10.
LaTeX Font Info:    ... okay on input line 10.
LaTeX Font Info:    Checking defaults for U/cmr/m/n on input line 10.
LaTeX Font Info:    ... okay on input line 10.
 (/usr/share/texlive/texmf-dist/tex/context/base/mkii/supp-pdf.mkii
[Loading MPS to PDF converter (version 2006.09.02).]
\scratchcounter=\count328
\scratchdimen=\dimen165
\scratchbox=\box103
\nofMPsegments=\count329
\nofMParguments=\count330
\everyMPshowfont=\toks30
\MPscratchCnt=\count331
\MPscratchDim=\dimen166
\MPnumerator=\count332
\makeMPintoPDFobject=\count333
\everyMPtoPDFconversion=\toks31
) (/usr/share/texlive/texmf-dist/tex/latex/epstopdf-pkg/epstopdf-base.sty
Package: epstopdf-base 2020-01-24 v2.11 Base part for package epstopdf
Package epstopdf-base Info: Redefining graphics rule for `.eps' on input line 4
85.

(/usr/share/texlive/texmf-dist/tex/latex/latexconfig/epstopdf-sys.cfg
File: epstopdf-sys.cfg 2010/07/13 v1.3 Configuration of (r)epstopdf for TeX Liv
e
))
LaTeX Font Info:    Trying to load font information for U+msa on input line 26.


(/usr/share/texlive/texmf-dist/tex/latex/amsfonts/umsa.fd
File: umsa.fd 2013/01/14 v3.01 AMS symbols A
)
LaTeX Font Info:    Trying to load font information for U+msb on input line 26.


(/usr/share/texlive/texmf-dist/tex/latex/amsfonts/umsb.fd
File: umsb.fd 2013/01/14 v3.01 AMS symbols B
)
Overfull \hbox (0.8162pt too wide) in paragraph at lines 33--34
[]\OT1/cmr/m/n/10 The value of the in-te-gral $[] []\OML/cmm/m/it/10 dz$ \OT1/c
mr/m/n/10 where the con-tour C is the unit cir-cle: $\OMS/cmsy/m/n/10 j\OML/cmm
/m/it/10 z \OMS/cmsy/m/n/10 ^^@ \OT1/cmr/m/n/10 2\OMS/cmsy/m/n/10 j \OT1/cmr/m/
n/10 = 1$, is $[]$ 
 []

<pics/9a.png, id=1, 179.16937pt x 119.69719pt>
File: pics/9a.png Graphic file (type png)
<use pics/9a.png>
Package pdftex.def Info: pics/9a.png  used on input line 91.
(pdftex.def)             Requested size: 211.3883pt x 141.23048pt.
<pics/9b.png, id=3, 175.40532pt x 126.4725pt>
File: pics/9b.png Graphic file (type png)
<use pics/9b.png>
Package pdftex.def Info: pics/9b.png  used on input line 92.
(pdftex.def)             Requested size: 211.3883pt x 152.42815pt.
<pics/9c.png, id=4, 179.16937pt x 120.45pt>
File: pics/9c.png Graphic file (type png)
<use pics/9c.png>
Package pdftex.def Info: pics/9c.png  used on input line 93.
(pdftex.def)             Requested size: 211.3883pt x 142.11871pt.
<pics/9d.png, id=5, 174.6525pt x 121.20282pt>
File: pics/9d.png Graphic file (type png)
<use pics/9d.png>
Package pdftex.def Info: pics/9d.png  used on input line 94.
(pdftex.def)             Requested size: 211.3883pt x 146.70578pt.
[1

{/var/lib/texmf/fonts/map/pdftex/updmap/pdftex.map}] [2 <./pics/9a.png> <./pics
/9b.png> <./pics/9c.png> <./pics/9d.png>]
Overfull \hbox (1.64758pt too wide) in paragraph at lines 166--167
[]\OT1/cmr/m/n/10 The spec-trum of ra-di-a-tion emit-ted by a black body at a t
em-per-a-ture 1000 K peaks in the $[]$ 
 []

<pics/20.png, id=30, 319.94531pt x 173.89969pt>
File: pics/20.png Graphic file (type png)
<use pics/20.png>
Package pdftex.def Info: pics/20.png  used on input line 190.
(pdftex.def)             Requested size: 422.77663pt x 229.79504pt.
[3]
Overfull \hbox (14.3987pt too wide) in paragraph at lines 199--200
[]\OT1/cmr/m/n/10 Which of the fol-low-ing atoms can-not ex-hibit Bose-Einstein
 con-den-sa-tion, even in prin-ci-ple? $[]$ 
 []


Overfull \hbox (3.4286pt too wide) in paragraph at lines 238--239
[]\OT1/cmr/m/n/10 For the com-plex func-tion, $\OML/cmm/m/it/10 f\OT1/cmr/m/n/1
0 (\OML/cmm/m/it/10 z\OT1/cmr/m/n/10 ) = []\OML/cmm/m/it/10 ;$ \OT1/cmr/m/n/10 
which of the fol-low-ing state-ments is cor-rect? $[]$ 
 []

[4 <./pics/20.png>] [5]
<pics/35.png, id=43, 116.68594pt x 124.21407pt>
File: pics/35.png Graphic file (type png)
<use pics/35.png>
Package pdftex.def Info: pics/35.png  used on input line 323.
(pdftex.def)             Requested size: 93.94955pt x 100.0158pt.

Overfull \hbox (3.45412pt too wide) in paragraph at lines 331--332
[]\OT1/cmr/m/n/10 Match the typ-i-cal spec-tra of sta-ble molecules with the co
r-re-spond-ing wave-number range $[]$ 
 []

<pics/38.png, id=44, 81.30376pt x 82.05656pt>
File: pics/38.png Graphic file (type png)
<use pics/38.png>
Package pdftex.def Info: pics/38.png  used on input line 369.
(pdftex.def)             Requested size: 46.97836pt x 47.41377pt.
[6 <./pics/35.png>]
<pics/39.png, id=50, 305.64188pt x 101.62968pt>
File: pics/39.png Graphic file (type png)
<use pics/39.png>
Package pdftex.def Info: pics/39.png  used on input line 379.
(pdftex.def)             Requested size: 375.80544pt x 124.96498pt.
<pics/40.png, id=51, 103.13531pt x 83.5622pt>
File: pics/40.png Graphic file (type png)
<use pics/40.png>
Package pdftex.def Info: pics/40.png  used on input line 390.
(pdftex.def)             Requested size: 140.92793pt x 114.19261pt.
<pics/40a.png, id=52, 151.3153pt x 91.09032pt>
File: pics/40a.png Graphic file (type png)
<use pics/40a.png>
Package pdftex.def Info: pics/40a.png  used on input line 395.
(pdftex.def)             Requested size: 211.3883pt x 127.2545pt.
<pics/40b.png, id=53, 165.61874pt x 94.10156pt>
File: pics/40b.png Graphic file (type png)
<use pics/40b.png>
Package pdftex.def Info: pics/40b.png  used on input line 396.
(pdftex.def)             Requested size: 211.3883pt x 120.11214pt.
<pics/40c.png, id=54, 155.07938pt x 97.86563pt>
File: pics/40c.png Graphic file (type png)
<use pics/40c.png>
Package pdftex.def Info: pics/40c.png  used on input line 397.
(pdftex.def)             Requested size: 211.3883pt x 133.4001pt.
<pics/40d.png, id=55, 163.3603pt x 96.36pt>
File: pics/40d.png Graphic file (type png)
<use pics/40d.png>
Package pdftex.def Info: pics/40d.png  used on input line 398.
(pdftex.def)             Requested size: 211.3883pt x 124.69011pt.
 [7 <./pics/38.png> <./pics/39.png> <./pics/40.png>]
<pics/41a.png, id=63, 191.21437pt x 56.46094pt>
File: pics/41a.png Graphic file (type png)
<use pics/41a.png>
Package pdftex.def Info: pics/41a.png  used on input line 405.
(pdftex.def)             Requested size: 239.57246pt x 70.7431pt.
<pics/41b.png, id=64, 147.55125pt x 37.64063pt>
File: pics/41b.png Graphic file (type png)
<use pics/41b.png>
Package pdftex.def Info: pics/41b.png  used on input line 406.
(pdftex.def)             Requested size: 239.57246pt x 61.11702pt.
<pics/41c.png, id=65, 207.77625pt x 70.76437pt>
File: pics/41c.png Graphic file (type png)
<use pics/41c.png>
Package pdftex.def Info: pics/41c.png  used on input line 407.
(pdftex.def)             Requested size: 239.57246pt x 81.5965pt.
<pics/41d.png, id=66, 140.02313pt x 42.1575pt>
File: pics/41d.png Graphic file (type png)
<use pics/41d.png>
Package pdftex.def Info: pics/41d.png  used on input line 408.
(pdftex.def)             Requested size: 239.57246pt x 72.13249pt.

Overfull \hbox (69.52892pt too wide) in paragraph at lines 405--410
[]\OT1/cmr/m/n/10 A.[] []  B.[] []
 []


Overfull \hbox (69.80667pt too wide) in paragraph at lines 405--410
\OT1/cmr/m/n/10 C.[] []  D.[] []
 []


Underfull \hbox (badness 10000) in paragraph at lines 405--410

 []

[8 <./pics/40a.png> <./pics/40b.png> <./pics/40c.png> <./pics/40d.png> <./pics/
41a.png> <./pics/41b.png> <./pics/41c.png> <./pics/41d.png>]
<pics/47.png, id=78, 115.93312pt x 134.00063pt>
File: pics/47.png Graphic file (type png)
<use pics/47.png>
Package pdftex.def Info: pics/47.png  used on input line 454.
(pdftex.def)             Requested size: 187.89912pt x 217.20247pt.
 [9 <./pics/47.png>]
<pics/50a.png, id=83, 119.69719pt x 76.03406pt>
File: pics/50a.png Graphic file (type png)
<use pics/50a.png>
Package pdftex.def Info: pics/50a.png  used on input line 492.
(pdftex.def)             Requested size: 164.41711pt x 104.4491pt.
<pics/50b.png, id=84, 118.94438pt x 82.05656pt>
File: pics/50b.png Graphic file (type png)
<use pics/50b.png>
Package pdftex.def Info: pics/50b.png  used on input line 493.
(pdftex.def)             Requested size: 164.41711pt x 113.43224pt.
<pics/50c.png, id=85, 115.18031pt x 88.83188pt>
File: pics/50c.png Graphic file (type png)
<use pics/50c.png>
Package pdftex.def Info: pics/50c.png  used on input line 494.
(pdftex.def)             Requested size: 164.41711pt x 126.81308pt.
<pics/50d.png, id=86, 127.22531pt x 85.06781pt>
File: pics/50d.png Graphic file (type png)
<use pics/50d.png>
Package pdftex.def Info: pics/50d.png  used on input line 495.
(pdftex.def)             Requested size: 164.41711pt x 109.94041pt.
 [10 <./pics/50a.png> <./pics/50b.png> <./pics/50c.png> <./pics/50d.png>]
[11] [12] [13]
This exam contains 65 questions with 0 parts, 0 subparts, and 0 subsubparts.
(./main.aux) ) 
Here is how much of TeX's memory you used:
 5003 strings out of 477985
 76022 string characters out of 5839381
 1871388 words of memory out of 6000000
 25160 multiletter control sequences out of 15000+600000
 516469 words of font info for 48 fonts, out of 8000000 for 9000
 17 hyphenation exceptions out of 8191
 57i,11n,62p,511b,447s stack positions out of 10000i,1000n,20000p,200000b,200000s
</usr/share/texlive/texmf-dist/fonts/type1/public/amsfonts/cm/cmb
x10.pfb></usr/share/texlive/texmf-dist/fonts/type1/public/amsfonts/cm/cmbx12.pf
b></usr/share/texlive/texmf-dist/fonts/type1/public/amsfonts/cm/cmbx7.pfb></usr
/share/texlive/texmf-dist/fonts/type1/public/amsfonts/cm/cmex10.pfb></usr/share
/texlive/texmf-dist/fonts/type1/public/amsfonts/cm/cmmi10.pfb></usr/share/texli
ve/texmf-dist/fonts/type1/public/amsfonts/cm/cmmi5.pfb></usr/share/texlive/texm
f-dist/fonts/type1/public/amsfonts/cm/cmmi7.pfb></usr/share/texlive/texmf-dist/
fonts/type1/public/amsfonts/cm/cmr10.pfb></usr/share/texlive/texmf-dist/fonts/t
ype1/public/amsfonts/cm/cmr5.pfb></usr/share/texlive/texmf-dist/fonts/type1/pub
lic/amsfonts/cm/cmr7.pfb></usr/share/texlive/texmf-dist/fonts/type1/public/amsf
onts/cm/cmsy10.pfb></usr/share/texlive/texmf-dist/fonts/type1/public/amsfonts/c
m/cmsy5.pfb></usr/share/texlive/texmf-dist/fonts/type1/public/amsfonts/cm/cmsy7
.pfb></usr/share/texlive/texmf-dist/fonts/type1/public/amsfonts/cm/cmti10.pfb><
/usr/share/texlive/texmf-dist/fonts/type1/public/amsfonts/symbols/msbm10.pfb></
usr/share/texlive/texmf-dist/fonts/type1/public/amsfonts/symbols/msbm7.pfb>
Output written on main.pdf (13 pages, 259550 bytes).
PDF statistics:
 172 PDF objects out of 1000 (max. 8388607)
 80 compressed objects within 1 object stream
 0 named destinations out of 1000 (max. 500000)
 111 words of extra memory for PDF output out of 10000 (max. 10000000)

