This is pdfTeX, Version 3.141592653-2.6-1.40.25 (TeX Live 2023/Debian) (preloaded format=pdflatex 2025.7.31)  5 AUG 2025 18:54
entering extended mode
 restricted \write18 enabled.
 %&-line parsing enabled.
**St_2022.tex
(./St_2022.tex
LaTeX2e <2023-11-01> patch level 1
L3 programming layer <2024-01-22>
(/usr/share/texlive/texmf-dist/tex/latex/base/book.cls
Document Class: book 2023/05/17 v1.4n Standard LaTeX document class
(/usr/share/texlive/texmf-dist/tex/latex/base/bk10.clo
File: bk10.clo 2023/05/17 v1.4n Standard LaTeX file (size option)
)
\c@part=\count187
\c@chapter=\count188
\c@section=\count189
\c@subsection=\count190
\c@subsubsection=\count191
\c@paragraph=\count192
\c@subparagraph=\count193
\c@figure=\count194
\c@table=\count195
\abovecaptionskip=\skip48
\belowcaptionskip=\skip49
\bibindent=\dimen140
)
(/usr/share/texlive/texmf-dist/tex/latex/multirow/multirow.sty
Package: multirow 2021/03/15 v2.8 Span multiple rows of a table
\multirow@colwidth=\skip50
\multirow@cntb=\count196
\multirow@dima=\skip51
\bigstrutjot=\dimen141
)
(/usr/share/texlive/texmf-dist/tex/latex/amsmath/amsmath.sty
Package: amsmath 2023/05/13 v2.17o AMS math features
\@mathmargin=\skip52

For additional information on amsmath, use the `?' option.
(/usr/share/texlive/texmf-dist/tex/latex/amsmath/amstext.sty
Package: amstext 2021/08/26 v2.01 AMS text

(/usr/share/texlive/texmf-dist/tex/latex/amsmath/amsgen.sty
File: amsgen.sty 1999/11/30 v2.0 generic functions
\@emptytoks=\toks17
\ex@=\dimen142
))
(/usr/share/texlive/texmf-dist/tex/latex/amsmath/amsbsy.sty
Package: amsbsy 1999/11/29 v1.2d Bold Symbols
\pmbraise@=\dimen143
)
(/usr/share/texlive/texmf-dist/tex/latex/amsmath/amsopn.sty
Package: amsopn 2022/04/08 v2.04 operator names
)
\inf@bad=\count197
LaTeX Info: Redefining \frac on input line 234.
\uproot@=\count198
\leftroot@=\count199
LaTeX Info: Redefining \overline on input line 399.
LaTeX Info: Redefining \colon on input line 410.
\classnum@=\count266
\DOTSCASE@=\count267
LaTeX Info: Redefining \ldots on input line 496.
LaTeX Info: Redefining \dots on input line 499.
LaTeX Info: Redefining \cdots on input line 620.
\Mathstrutbox@=\box51
\strutbox@=\box52
LaTeX Info: Redefining \big on input line 722.
LaTeX Info: Redefining \Big on input line 723.
LaTeX Info: Redefining \bigg on input line 724.
LaTeX Info: Redefining \Bigg on input line 725.
\big@size=\dimen144
LaTeX Font Info:    Redeclaring font encoding OML on input line 743.
LaTeX Font Info:    Redeclaring font encoding OMS on input line 744.
\macc@depth=\count268
LaTeX Info: Redefining \bmod on input line 905.
LaTeX Info: Redefining \pmod on input line 910.
LaTeX Info: Redefining \smash on input line 940.
LaTeX Info: Redefining \relbar on input line 970.
LaTeX Info: Redefining \Relbar on input line 971.
\c@MaxMatrixCols=\count269
\dotsspace@=\muskip16
\c@parentequation=\count270
\dspbrk@lvl=\count271
\tag@help=\toks18
\row@=\count272
\column@=\count273
\maxfields@=\count274
\andhelp@=\toks19
\eqnshift@=\dimen145
\alignsep@=\dimen146
\tagshift@=\dimen147
\tagwidth@=\dimen148
\totwidth@=\dimen149
\lineht@=\dimen150
\@envbody=\toks20
\multlinegap=\skip53
\multlinetaggap=\skip54
\mathdisplay@stack=\toks21
LaTeX Info: Redefining \[ on input line 2953.
LaTeX Info: Redefining \] on input line 2954.
)
(/usr/share/texlive/texmf-dist/tex/latex/geometry/geometry.sty
Package: geometry 2020/01/02 v5.9 Page Geometry

(/usr/share/texlive/texmf-dist/tex/latex/graphics/keyval.sty
Package: keyval 2022/05/29 v1.15 key=value parser (DPC)
\KV@toks@=\toks22
)
(/usr/share/texlive/texmf-dist/tex/generic/iftex/ifvtex.sty
Package: ifvtex 2019/10/25 v1.7 ifvtex legacy package. Use iftex instead.

(/usr/share/texlive/texmf-dist/tex/generic/iftex/iftex.sty
Package: iftex 2022/02/03 v1.0f TeX engine tests
))
\Gm@cnth=\count275
\Gm@cntv=\count276
\c@Gm@tempcnt=\count277
\Gm@bindingoffset=\dimen151
\Gm@wd@mp=\dimen152
\Gm@odd@mp=\dimen153
\Gm@even@mp=\dimen154
\Gm@layoutwidth=\dimen155
\Gm@layoutheight=\dimen156
\Gm@layouthoffset=\dimen157
\Gm@layoutvoffset=\dimen158
\Gm@dimlist=\toks23
)
(/usr/share/texlive/texmf-dist/tex/latex/pgf/frontendlayer/tikz.sty
(/usr/share/texlive/texmf-dist/tex/latex/pgf/basiclayer/pgf.sty
(/usr/share/texlive/texmf-dist/tex/latex/pgf/utilities/pgfrcs.sty
(/usr/share/texlive/texmf-dist/tex/generic/pgf/utilities/pgfutil-common.tex
\pgfutil@everybye=\toks24
\pgfutil@tempdima=\dimen159
\pgfutil@tempdimb=\dimen160
)
(/usr/share/texlive/texmf-dist/tex/generic/pgf/utilities/pgfutil-latex.def
\pgfutil@abb=\box53
)
(/usr/share/texlive/texmf-dist/tex/generic/pgf/utilities/pgfrcs.code.tex
(/usr/share/texlive/texmf-dist/tex/generic/pgf/pgf.revision.tex)
Package: pgfrcs 2023-01-15 v3.1.10 (3.1.10)
))
Package: pgf 2023-01-15 v3.1.10 (3.1.10)

(/usr/share/texlive/texmf-dist/tex/latex/pgf/basiclayer/pgfcore.sty
(/usr/share/texlive/texmf-dist/tex/latex/graphics/graphicx.sty
Package: graphicx 2021/09/16 v1.2d Enhanced LaTeX Graphics (DPC,SPQR)

(/usr/share/texlive/texmf-dist/tex/latex/graphics/graphics.sty
Package: graphics 2022/03/10 v1.4e Standard LaTeX Graphics (DPC,SPQR)

(/usr/share/texlive/texmf-dist/tex/latex/graphics/trig.sty
Package: trig 2021/08/11 v1.11 sin cos tan (DPC)
)
(/usr/share/texlive/texmf-dist/tex/latex/graphics-cfg/graphics.cfg
File: graphics.cfg 2016/06/04 v1.11 sample graphics configuration
)
Package graphics Info: Driver file: pdftex.def on input line 107.

(/usr/share/texlive/texmf-dist/tex/latex/graphics-def/pdftex.def
File: pdftex.def 2022/09/22 v1.2b Graphics/color driver for pdftex
))
\Gin@req@height=\dimen161
\Gin@req@width=\dimen162
)
(/usr/share/texlive/texmf-dist/tex/latex/pgf/systemlayer/pgfsys.sty
(/usr/share/texlive/texmf-dist/tex/generic/pgf/systemlayer/pgfsys.code.tex
Package: pgfsys 2023-01-15 v3.1.10 (3.1.10)

(/usr/share/texlive/texmf-dist/tex/generic/pgf/utilities/pgfkeys.code.tex
\pgfkeys@pathtoks=\toks25
\pgfkeys@temptoks=\toks26

(/usr/share/texlive/texmf-dist/tex/generic/pgf/utilities/pgfkeyslibraryfiltered
.code.tex
\pgfkeys@tmptoks=\toks27
))
\pgf@x=\dimen163
\pgf@y=\dimen164
\pgf@xa=\dimen165
\pgf@ya=\dimen166
\pgf@xb=\dimen167
\pgf@yb=\dimen168
\pgf@xc=\dimen169
\pgf@yc=\dimen170
\pgf@xd=\dimen171
\pgf@yd=\dimen172
\w@pgf@writea=\write3
\r@pgf@reada=\read2
\c@pgf@counta=\count278
\c@pgf@countb=\count279
\c@pgf@countc=\count280
\c@pgf@countd=\count281
\t@pgf@toka=\toks28
\t@pgf@tokb=\toks29
\t@pgf@tokc=\toks30
\pgf@sys@id@count=\count282
 (/usr/share/texlive/texmf-dist/tex/generic/pgf/systemlayer/pgf.cfg
File: pgf.cfg 2023-01-15 v3.1.10 (3.1.10)
)
Driver file for pgf: pgfsys-pdftex.def
(/usr/share/texlive/texmf-dist/tex/generic/pgf/systemlayer/pgfsys-pdftex.def
File: pgfsys-pdftex.def 2023-01-15 v3.1.10 (3.1.10)

(/usr/share/texlive/texmf-dist/tex/generic/pgf/systemlayer/pgfsys-common-pdf.de
f
File: pgfsys-common-pdf.def 2023-01-15 v3.1.10 (3.1.10)
)))
(/usr/share/texlive/texmf-dist/tex/generic/pgf/systemlayer/pgfsyssoftpath.code.
tex
File: pgfsyssoftpath.code.tex 2023-01-15 v3.1.10 (3.1.10)
\pgfsyssoftpath@smallbuffer@items=\count283
\pgfsyssoftpath@bigbuffer@items=\count284
)
(/usr/share/texlive/texmf-dist/tex/generic/pgf/systemlayer/pgfsysprotocol.code.
tex
File: pgfsysprotocol.code.tex 2023-01-15 v3.1.10 (3.1.10)
)) (/usr/share/texlive/texmf-dist/tex/latex/xcolor/xcolor.sty
Package: xcolor 2023/11/15 v3.01 LaTeX color extensions (UK)

(/usr/share/texlive/texmf-dist/tex/latex/graphics-cfg/color.cfg
File: color.cfg 2016/01/02 v1.6 sample color configuration
)
Package xcolor Info: Driver file: pdftex.def on input line 274.

(/usr/share/texlive/texmf-dist/tex/latex/graphics/mathcolor.ltx)
Package xcolor Info: Model `cmy' substituted by `cmy0' on input line 1350.
Package xcolor Info: Model `hsb' substituted by `rgb' on input line 1354.
Package xcolor Info: Model `RGB' extended on input line 1366.
Package xcolor Info: Model `HTML' substituted by `rgb' on input line 1368.
Package xcolor Info: Model `Hsb' substituted by `hsb' on input line 1369.
Package xcolor Info: Model `tHsb' substituted by `hsb' on input line 1370.
Package xcolor Info: Model `HSB' substituted by `hsb' on input line 1371.
Package xcolor Info: Model `Gray' substituted by `gray' on input line 1372.
Package xcolor Info: Model `wave' substituted by `hsb' on input line 1373.
)
(/usr/share/texlive/texmf-dist/tex/generic/pgf/basiclayer/pgfcore.code.tex
Package: pgfcore 2023-01-15 v3.1.10 (3.1.10)

(/usr/share/texlive/texmf-dist/tex/generic/pgf/math/pgfmath.code.tex
(/usr/share/texlive/texmf-dist/tex/generic/pgf/math/pgfmathutil.code.tex)
(/usr/share/texlive/texmf-dist/tex/generic/pgf/math/pgfmathparser.code.tex
\pgfmath@dimen=\dimen173
\pgfmath@count=\count285
\pgfmath@box=\box54
\pgfmath@toks=\toks31
\pgfmath@stack@operand=\toks32
\pgfmath@stack@operation=\toks33
)
(/usr/share/texlive/texmf-dist/tex/generic/pgf/math/pgfmathfunctions.code.tex)
(/usr/share/texlive/texmf-dist/tex/generic/pgf/math/pgfmathfunctions.basic.code
.tex)
(/usr/share/texlive/texmf-dist/tex/generic/pgf/math/pgfmathfunctions.trigonomet
ric.code.tex)
(/usr/share/texlive/texmf-dist/tex/generic/pgf/math/pgfmathfunctions.random.cod
e.tex)
(/usr/share/texlive/texmf-dist/tex/generic/pgf/math/pgfmathfunctions.comparison
.code.tex)
(/usr/share/texlive/texmf-dist/tex/generic/pgf/math/pgfmathfunctions.base.code.
tex)
(/usr/share/texlive/texmf-dist/tex/generic/pgf/math/pgfmathfunctions.round.code
.tex)
(/usr/share/texlive/texmf-dist/tex/generic/pgf/math/pgfmathfunctions.misc.code.
tex)
(/usr/share/texlive/texmf-dist/tex/generic/pgf/math/pgfmathfunctions.integerari
thmetics.code.tex)
(/usr/share/texlive/texmf-dist/tex/generic/pgf/math/pgfmathcalc.code.tex)
(/usr/share/texlive/texmf-dist/tex/generic/pgf/math/pgfmathfloat.code.tex
\c@pgfmathroundto@lastzeros=\count286
))
(/usr/share/texlive/texmf-dist/tex/generic/pgf/math/pgfint.code.tex)
(/usr/share/texlive/texmf-dist/tex/generic/pgf/basiclayer/pgfcorepoints.code.te
x
File: pgfcorepoints.code.tex 2023-01-15 v3.1.10 (3.1.10)
\pgf@picminx=\dimen174
\pgf@picmaxx=\dimen175
\pgf@picminy=\dimen176
\pgf@picmaxy=\dimen177
\pgf@pathminx=\dimen178
\pgf@pathmaxx=\dimen179
\pgf@pathminy=\dimen180
\pgf@pathmaxy=\dimen181
\pgf@xx=\dimen182
\pgf@xy=\dimen183
\pgf@yx=\dimen184
\pgf@yy=\dimen185
\pgf@zx=\dimen186
\pgf@zy=\dimen187
)
(/usr/share/texlive/texmf-dist/tex/generic/pgf/basiclayer/pgfcorepathconstruct.
code.tex
File: pgfcorepathconstruct.code.tex 2023-01-15 v3.1.10 (3.1.10)
\pgf@path@lastx=\dimen188
\pgf@path@lasty=\dimen189
)
(/usr/share/texlive/texmf-dist/tex/generic/pgf/basiclayer/pgfcorepathusage.code
.tex
File: pgfcorepathusage.code.tex 2023-01-15 v3.1.10 (3.1.10)
\pgf@shorten@end@additional=\dimen190
\pgf@shorten@start@additional=\dimen191
)
(/usr/share/texlive/texmf-dist/tex/generic/pgf/basiclayer/pgfcorescopes.code.te
x
File: pgfcorescopes.code.tex 2023-01-15 v3.1.10 (3.1.10)
\pgfpic=\box55
\pgf@hbox=\box56
\pgf@layerbox@main=\box57
\pgf@picture@serial@count=\count287
)
(/usr/share/texlive/texmf-dist/tex/generic/pgf/basiclayer/pgfcoregraphicstate.c
ode.tex
File: pgfcoregraphicstate.code.tex 2023-01-15 v3.1.10 (3.1.10)
\pgflinewidth=\dimen192
)
(/usr/share/texlive/texmf-dist/tex/generic/pgf/basiclayer/pgfcoretransformation
s.code.tex
File: pgfcoretransformations.code.tex 2023-01-15 v3.1.10 (3.1.10)
\pgf@pt@x=\dimen193
\pgf@pt@y=\dimen194
\pgf@pt@temp=\dimen195
)
(/usr/share/texlive/texmf-dist/tex/generic/pgf/basiclayer/pgfcorequick.code.tex
File: pgfcorequick.code.tex 2023-01-15 v3.1.10 (3.1.10)
)
(/usr/share/texlive/texmf-dist/tex/generic/pgf/basiclayer/pgfcoreobjects.code.t
ex
File: pgfcoreobjects.code.tex 2023-01-15 v3.1.10 (3.1.10)
)
(/usr/share/texlive/texmf-dist/tex/generic/pgf/basiclayer/pgfcorepathprocessing
.code.tex
File: pgfcorepathprocessing.code.tex 2023-01-15 v3.1.10 (3.1.10)
)
(/usr/share/texlive/texmf-dist/tex/generic/pgf/basiclayer/pgfcorearrows.code.te
x
File: pgfcorearrows.code.tex 2023-01-15 v3.1.10 (3.1.10)
\pgfarrowsep=\dimen196
)
(/usr/share/texlive/texmf-dist/tex/generic/pgf/basiclayer/pgfcoreshade.code.tex
File: pgfcoreshade.code.tex 2023-01-15 v3.1.10 (3.1.10)
\pgf@max=\dimen197
\pgf@sys@shading@range@num=\count288
\pgf@shadingcount=\count289
)
(/usr/share/texlive/texmf-dist/tex/generic/pgf/basiclayer/pgfcoreimage.code.tex
File: pgfcoreimage.code.tex 2023-01-15 v3.1.10 (3.1.10)
)
(/usr/share/texlive/texmf-dist/tex/generic/pgf/basiclayer/pgfcoreexternal.code.
tex
File: pgfcoreexternal.code.tex 2023-01-15 v3.1.10 (3.1.10)
\pgfexternal@startupbox=\box58
)
(/usr/share/texlive/texmf-dist/tex/generic/pgf/basiclayer/pgfcorelayers.code.te
x
File: pgfcorelayers.code.tex 2023-01-15 v3.1.10 (3.1.10)
)
(/usr/share/texlive/texmf-dist/tex/generic/pgf/basiclayer/pgfcoretransparency.c
ode.tex
File: pgfcoretransparency.code.tex 2023-01-15 v3.1.10 (3.1.10)
)
(/usr/share/texlive/texmf-dist/tex/generic/pgf/basiclayer/pgfcorepatterns.code.
tex
File: pgfcorepatterns.code.tex 2023-01-15 v3.1.10 (3.1.10)
)
(/usr/share/texlive/texmf-dist/tex/generic/pgf/basiclayer/pgfcorerdf.code.tex
File: pgfcorerdf.code.tex 2023-01-15 v3.1.10 (3.1.10)
)))
(/usr/share/texlive/texmf-dist/tex/generic/pgf/modules/pgfmoduleshapes.code.tex
File: pgfmoduleshapes.code.tex 2023-01-15 v3.1.10 (3.1.10)
\pgfnodeparttextbox=\box59
) (/usr/share/texlive/texmf-dist/tex/generic/pgf/modules/pgfmoduleplot.code.tex
File: pgfmoduleplot.code.tex 2023-01-15 v3.1.10 (3.1.10)
)
(/usr/share/texlive/texmf-dist/tex/latex/pgf/compatibility/pgfcomp-version-0-65
.sty
Package: pgfcomp-version-0-65 2023-01-15 v3.1.10 (3.1.10)
\pgf@nodesepstart=\dimen198
\pgf@nodesepend=\dimen199
)
(/usr/share/texlive/texmf-dist/tex/latex/pgf/compatibility/pgfcomp-version-1-18
.sty
Package: pgfcomp-version-1-18 2023-01-15 v3.1.10 (3.1.10)
)) (/usr/share/texlive/texmf-dist/tex/latex/pgf/utilities/pgffor.sty
(/usr/share/texlive/texmf-dist/tex/latex/pgf/utilities/pgfkeys.sty
(/usr/share/texlive/texmf-dist/tex/generic/pgf/utilities/pgfkeys.code.tex))
(/usr/share/texlive/texmf-dist/tex/latex/pgf/math/pgfmath.sty
(/usr/share/texlive/texmf-dist/tex/generic/pgf/math/pgfmath.code.tex))
(/usr/share/texlive/texmf-dist/tex/generic/pgf/utilities/pgffor.code.tex
Package: pgffor 2023-01-15 v3.1.10 (3.1.10)
\pgffor@iter=\dimen256
\pgffor@skip=\dimen257
\pgffor@stack=\toks34
\pgffor@toks=\toks35
))
(/usr/share/texlive/texmf-dist/tex/generic/pgf/frontendlayer/tikz/tikz.code.tex
Package: tikz 2023-01-15 v3.1.10 (3.1.10)

(/usr/share/texlive/texmf-dist/tex/generic/pgf/libraries/pgflibraryplothandlers
.code.tex
File: pgflibraryplothandlers.code.tex 2023-01-15 v3.1.10 (3.1.10)
\pgf@plot@mark@count=\count290
\pgfplotmarksize=\dimen258
)
\tikz@lastx=\dimen259
\tikz@lasty=\dimen260
\tikz@lastxsaved=\dimen261
\tikz@lastysaved=\dimen262
\tikz@lastmovetox=\dimen263
\tikz@lastmovetoy=\dimen264
\tikzleveldistance=\dimen265
\tikzsiblingdistance=\dimen266
\tikz@figbox=\box60
\tikz@figbox@bg=\box61
\tikz@tempbox=\box62
\tikz@tempbox@bg=\box63
\tikztreelevel=\count291
\tikznumberofchildren=\count292
\tikznumberofcurrentchild=\count293
\tikz@fig@count=\count294

(/usr/share/texlive/texmf-dist/tex/generic/pgf/modules/pgfmodulematrix.code.tex
File: pgfmodulematrix.code.tex 2023-01-15 v3.1.10 (3.1.10)
\pgfmatrixcurrentrow=\count295
\pgfmatrixcurrentcolumn=\count296
\pgf@matrix@numberofcolumns=\count297
)
\tikz@expandcount=\count298

(/usr/share/texlive/texmf-dist/tex/generic/pgf/frontendlayer/tikz/libraries/tik
zlibrarytopaths.code.tex
File: tikzlibrarytopaths.code.tex 2023-01-15 v3.1.10 (3.1.10)
)))
(/usr/share/texlive/texmf-dist/tex/latex/romannum/romannum.sty
Package: romannum 2009/09/03 v1.0b roman numerals

(/usr/share/texlive/texmf-dist/tex/latex/stdclsdv/stdclsdv.sty
Package: stdclsdv 2009/09/04 v1.1a Sectional divisions
))
(/usr/share/texlive/texmf-dist/tex/latex/tools/bm.sty
Package: bm 2023/07/08 v1.2f Bold Symbol Support (DPC/FMi)
\symboldoperators=\mathgroup4
\symboldletters=\mathgroup5
\symboldsymbols=\mathgroup6
Package bm Info: No bold for \OMX/cmex/m/n, using \pmb.
LaTeX Font Info:    Redeclaring math alphabet \mathbf on input line 149.
)
(/usr/share/texlive/texmf-dist/tex/latex/amsfonts/amssymb.sty
Package: amssymb 2013/01/14 v3.01 AMS font symbols

(/usr/share/texlive/texmf-dist/tex/latex/amsfonts/amsfonts.sty
Package: amsfonts 2013/01/14 v3.01 Basic AMSFonts support
\symAMSa=\mathgroup7
\symAMSb=\mathgroup8
LaTeX Font Info:    Redeclaring math symbol \hbar on input line 98.
LaTeX Font Info:    Overwriting math alphabet `\mathfrak' in version `bold'
(Font)                  U/euf/m/n --> U/euf/b/n on input line 106.
))
(/usr/share/texlive/texmf-dist/tex/latex/float/float.sty
Package: float 2001/11/08 v1.3d Float enhancements (AL)
\c@float@type=\count299
\float@exts=\toks36
\float@box=\box64
\@float@everytoks=\toks37
\@floatcapt=\box65
)
(/usr/share/texlive/texmf-dist/tex/latex/l3backend/l3backend-pdftex.def
File: l3backend-pdftex.def 2024-01-04 L3 backend support: PDF output (pdfTeX)
\l__color_backend_stack_int=\count300
\l__pdf_internal_box=\box66
)
(./St_2022.aux)
\openout1 = `St_2022.aux'.

LaTeX Font Info:    Checking defaults for OML/cmm/m/it on input line 16.
LaTeX Font Info:    ... okay on input line 16.
LaTeX Font Info:    Checking defaults for OMS/cmsy/m/n on input line 16.
LaTeX Font Info:    ... okay on input line 16.
LaTeX Font Info:    Checking defaults for OT1/cmr/m/n on input line 16.
LaTeX Font Info:    ... okay on input line 16.
LaTeX Font Info:    Checking defaults for T1/cmr/m/n on input line 16.
LaTeX Font Info:    ... okay on input line 16.
LaTeX Font Info:    Checking defaults for TS1/cmr/m/n on input line 16.
LaTeX Font Info:    ... okay on input line 16.
LaTeX Font Info:    Checking defaults for OMX/cmex/m/n on input line 16.
LaTeX Font Info:    ... okay on input line 16.
LaTeX Font Info:    Checking defaults for U/cmr/m/n on input line 16.
LaTeX Font Info:    ... okay on input line 16.

*geometry* driver: auto-detecting
*geometry* detected driver: pdftex
*geometry* verbose mode - [ preamble ] result:
* driver: pdftex
* paper: a4paper
* layout: <same size as paper>
* layoutoffset:(h,v)=(0.0pt,0.0pt)
* modes: twoside 
* h-part:(L,W,R)=(72.26999pt, 452.9679pt, 72.26999pt)
* v-part:(T,H,B)=(72.26999pt, 700.50687pt, 72.26999pt)
* \paperwidth=597.50787pt
* \paperheight=845.04684pt
* \textwidth=452.9679pt
* \textheight=700.50687pt
* \oddsidemargin=0.0pt
* \evensidemargin=0.0pt
* \topmargin=-30.06749pt
* \headheight=12.0pt
* \headsep=18.06749pt
* \topskip=10.0pt
* \footskip=25.29494pt
* \marginparwidth=125.0pt
* \marginparsep=7.0pt
* \columnsep=10.0pt
* \skip\footins=9.0pt plus 4.0pt minus 2.0pt
* \hoffset=0.0pt
* \voffset=0.0pt
* \mag=1000
* \@twocolumnfalse
* \@twosidetrue
* \@mparswitchtrue
* \@reversemarginfalse
* (1in=72.27pt=25.4mm, 1cm=28.453pt)

(/usr/share/texlive/texmf-dist/tex/context/base/mkii/supp-pdf.mkii
[Loading MPS to PDF converter (version 2006.09.02).]
\scratchcounter=\count301
\scratchdimen=\dimen267
\scratchbox=\box67
\nofMPsegments=\count302
\nofMParguments=\count303
\everyMPshowfont=\toks38
\MPscratchCnt=\count304
\MPscratchDim=\dimen268
\MPnumerator=\count305
\makeMPintoPDFobject=\count306
\everyMPtoPDFconversion=\toks39
) (/usr/share/texlive/texmf-dist/tex/latex/epstopdf-pkg/epstopdf-base.sty
Package: epstopdf-base 2020-01-24 v2.11 Base part for package epstopdf
Package epstopdf-base Info: Redefining graphics rule for `.eps' on input line 4
85.

(/usr/share/texlive/texmf-dist/tex/latex/latexconfig/epstopdf-sys.cfg
File: epstopdf-sys.cfg 2010/07/13 v1.3 Configuration of (r)epstopdf for TeX Liv
e
))
LaTeX Font Info:    Trying to load font information for U+msa on input line 17.


(/usr/share/texlive/texmf-dist/tex/latex/amsfonts/umsa.fd
File: umsa.fd 2013/01/14 v3.01 AMS symbols A
)
LaTeX Font Info:    Trying to load font information for U+msb on input line 17.


(/usr/share/texlive/texmf-dist/tex/latex/amsfonts/umsb.fd
File: umsb.fd 2013/01/14 v3.01 AMS symbols B
) [1


{/var/lib/texmf/fonts/map/pdftex/updmap/pdftex.map}]
<screenshot001.png, id=11, 231.86626pt x 244.66406pt>
File: screenshot001.png Graphic file (type png)
<use screenshot001.png>
Package pdftex.def Info: screenshot001.png  used on input line 54.
(pdftex.def)             Requested size: 90.5922pt x 95.59406pt.

Underfull \hbox (badness 10000) in paragraph at lines 19--57

 []


Underfull \hbox (badness 10000) in paragraph at lines 19--57

 []


Underfull \hbox (badness 10000) in paragraph at lines 19--57

 []


Underfull \hbox (badness 10000) in paragraph at lines 19--57

 []


Underfull \hbox (badness 10000) in paragraph at lines 19--57

 []


Underfull \hbox (badness 10000) in paragraph at lines 19--57

 []


Underfull \hbox (badness 10000) in paragraph at lines 19--57

 []


Underfull \hbox (badness 10000) in paragraph at lines 19--57

 []


Underfull \hbox (badness 10000) in paragraph at lines 19--57

 []


Underfull \hbox (badness 10000) in paragraph at lines 19--57

 []


Underfull \hbox (badness 10000) in paragraph at lines 19--57

 []


Underfull \hbox (badness 10000) in paragraph at lines 19--57

 []


Underfull \hbox (badness 10000) in paragraph at lines 19--57

 []


Underfull \vbox (badness 10000) has occurred while \output is active []

 [2]
<screenshot002.png, id=17, 227.34938pt x 208.52907pt>
File: screenshot002.png Graphic file (type png)
<use screenshot002.png>
Package pdftex.def Info: screenshot002.png  used on input line 66.
(pdftex.def)             Requested size: 135.89174pt x 124.64429pt.

Underfull \hbox (badness 10000) in paragraph at lines 57--69

 []


Underfull \hbox (badness 10000) in paragraph at lines 57--69

 []


Underfull \hbox (badness 10000) in paragraph at lines 70--83

 []


Underfull \hbox (badness 10000) in paragraph at lines 70--83

 []


Underfull \hbox (badness 10000) in paragraph at lines 70--83

 []


Underfull \vbox (badness 10000) has occurred while \output is active []

 [3 <./screenshot001.png> <./screenshot002.png>]
<screenshot003.png, id=23, 190.46156pt x 172.39406pt>
File: screenshot003.png Graphic file (type png)
<use screenshot003.png>
Package pdftex.def Info: screenshot003.png  used on input line 165.
(pdftex.def)             Requested size: 90.5922pt x 81.9985pt.

Underfull \hbox (badness 10000) in paragraph at lines 84--168

 []


Underfull \hbox (badness 10000) in paragraph at lines 84--168

 []


Underfull \hbox (badness 10000) in paragraph at lines 84--168

 []


Underfull \hbox (badness 10000) in paragraph at lines 84--168

 []


Underfull \hbox (badness 10000) in paragraph at lines 84--168

 []


Underfull \hbox (badness 10000) in paragraph at lines 84--168

 []


Underfull \hbox (badness 10000) in paragraph at lines 84--168

 []


Underfull \hbox (badness 10000) in paragraph at lines 84--168

 []


Underfull \hbox (badness 10000) in paragraph at lines 84--168

 []


Underfull \hbox (badness 10000) in paragraph at lines 84--168

 []


Underfull \hbox (badness 10000) in paragraph at lines 84--168

 []


Underfull \hbox (badness 10000) in paragraph at lines 84--168

 []


Underfull \hbox (badness 10000) in paragraph at lines 84--168

 []


Underfull \hbox (badness 10000) in paragraph at lines 84--168

 []


Underfull \hbox (badness 10000) in paragraph at lines 84--168

 []


Underfull \hbox (badness 10000) in paragraph at lines 84--168

 []


Underfull \hbox (badness 10000) in paragraph at lines 84--168

 []


Underfull \hbox (badness 10000) in paragraph at lines 84--168

 []


Underfull \hbox (badness 10000) in paragraph at lines 84--168

 []


Underfull \hbox (badness 10000) in paragraph at lines 84--168

 []


Underfull \hbox (badness 10000) in paragraph at lines 84--168

 []


Underfull \hbox (badness 10000) in paragraph at lines 84--168

 []


Underfull \hbox (badness 10000) in paragraph at lines 84--168

 []


Underfull \hbox (badness 10000) in paragraph at lines 84--168

 []


Underfull \hbox (badness 10000) in paragraph at lines 84--168

 []


Underfull \hbox (badness 10000) in paragraph at lines 84--168

 []


Underfull \vbox (badness 10000) has occurred while \output is active []

 [4]
Underfull \vbox (badness 10000) has occurred while \output is active []

 [5]
Underfull \hbox (badness 10000) in paragraph at lines 173--195

 []


Underfull \hbox (badness 10000) in paragraph at lines 173--195

 []


Underfull \hbox (badness 10000) in paragraph at lines 173--195

 []


Underfull \hbox (badness 10000) in paragraph at lines 173--195

 []


Underfull \hbox (badness 10000) in paragraph at lines 173--195

 []


Underfull \hbox (badness 10000) in paragraph at lines 173--195

 []


Underfull \hbox (badness 10000) in paragraph at lines 173--195

 []


Underfull \hbox (badness 10000) in paragraph at lines 173--195

 []


Underfull \hbox (badness 10000) in paragraph at lines 173--195

 []


Underfull \hbox (badness 10000) in paragraph at lines 173--195

 []


Underfull \hbox (badness 10000) in paragraph at lines 173--195

 []


Underfull \hbox (badness 10000) in paragraph at lines 173--195

 []


Underfull \hbox (badness 10000) in paragraph at lines 173--195

 []


Underfull \hbox (badness 10000) in paragraph at lines 173--195

 []


Underfull \hbox (badness 10000) in paragraph at lines 173--195

 []


Underfull \hbox (badness 10000) in paragraph at lines 173--195

 []


Underfull \vbox (badness 5985) has occurred while \output is active []

 [6 <./screenshot003.png>]
Underfull \hbox (badness 10000) in paragraph at lines 196--201

 []


Underfull \hbox (badness 10000) in paragraph at lines 196--201

 []


Underfull \hbox (badness 10000) in paragraph at lines 196--201

 []


Underfull \hbox (badness 10000) in paragraph at lines 196--201

 []


Underfull \hbox (badness 10000) in paragraph at lines 196--201

 []


Underfull \hbox (badness 10000) in paragraph at lines 202--219

 []


Underfull \hbox (badness 10000) in paragraph at lines 202--219

 []


Underfull \hbox (badness 10000) in paragraph at lines 202--219

 []


Underfull \hbox (badness 10000) in paragraph at lines 202--219

 []


Underfull \hbox (badness 10000) in paragraph at lines 202--219

 []


Underfull \hbox (badness 10000) in paragraph at lines 202--219

 []


Underfull \hbox (badness 10000) in paragraph at lines 202--219

 []


Underfull \hbox (badness 10000) in paragraph at lines 202--219

 []


Underfull \hbox (badness 10000) in paragraph at lines 219--221

 []


Underfull \hbox (badness 10000) in paragraph at lines 221--223

 []

[7]
Underfull \hbox (badness 10000) in paragraph at lines 223--225

 []


Underfull \hbox (badness 10000) in paragraph at lines 225--251

 []


Underfull \hbox (badness 10000) in paragraph at lines 225--251

 []


Underfull \hbox (badness 10000) in paragraph at lines 225--251

 []


Underfull \hbox (badness 10000) in paragraph at lines 225--251

 []


Underfull \hbox (badness 10000) in paragraph at lines 225--251

 []


Underfull \hbox (badness 10000) in paragraph at lines 225--251

 []


Underfull \hbox (badness 10000) in paragraph at lines 225--251

 []


Underfull \hbox (badness 10000) in paragraph at lines 225--251

 []


Underfull \hbox (badness 10000) in paragraph at lines 225--251

 []


Underfull \hbox (badness 10000) in paragraph at lines 225--251

 []

[8]
Underfull \hbox (badness 10000) in paragraph at lines 259--272

 []


Underfull \hbox (badness 10000) in paragraph at lines 259--272

 []


Underfull \hbox (badness 10000) in paragraph at lines 259--272

 []


Underfull \hbox (badness 10000) in paragraph at lines 259--272

 []


Underfull \hbox (badness 10000) in paragraph at lines 259--272

 []


Underfull \hbox (badness 10000) in paragraph at lines 259--272

 []


Underfull \hbox (badness 10000) in paragraph at lines 278--290

 []


Underfull \hbox (badness 10000) in paragraph at lines 278--290

 []


Underfull \hbox (badness 10000) in paragraph at lines 278--290

 []


Underfull \hbox (badness 10000) in paragraph at lines 278--290

 []


Underfull \hbox (badness 10000) in paragraph at lines 278--290

 []


Underfull \hbox (badness 10000) in paragraph at lines 278--290

 []


Underfull \hbox (badness 10000) in paragraph at lines 278--290

 []

[9]
Underfull \hbox (badness 10000) in paragraph at lines 304--316

 []


Underfull \hbox (badness 10000) in paragraph at lines 304--316

 []


Underfull \hbox (badness 10000) in paragraph at lines 304--316

 []


Underfull \hbox (badness 10000) in paragraph at lines 304--316

 []


Underfull \hbox (badness 10000) in paragraph at lines 304--316

 []


Underfull \hbox (badness 10000) in paragraph at lines 304--316

 []


Underfull \hbox (badness 10000) in paragraph at lines 328--339

 []


Underfull \hbox (badness 10000) in paragraph at lines 328--339

 []


Underfull \hbox (badness 10000) in paragraph at lines 328--339

 []


Underfull \hbox (badness 10000) in paragraph at lines 328--339

 []


Underfull \hbox (badness 10000) in paragraph at lines 328--339

 []


Underfull \hbox (badness 10000) in paragraph at lines 328--339

 []

[10]
Underfull \hbox (badness 10000) in paragraph at lines 345--352

 []


Underfull \hbox (badness 10000) in paragraph at lines 384--385

 []

[11]
Underfull \hbox (badness 10000) in paragraph at lines 395--401

 []


Underfull \hbox (badness 10000) in paragraph at lines 410--426

 []


Underfull \hbox (badness 10000) in paragraph at lines 410--426

 []


Underfull \hbox (badness 10000) in paragraph at lines 410--426

 []


Underfull \hbox (badness 10000) in paragraph at lines 410--426

 []


Underfull \hbox (badness 10000) in paragraph at lines 410--426

 []


Underfull \hbox (badness 10000) in paragraph at lines 438--452

 []


Underfull \hbox (badness 10000) in paragraph at lines 438--452

 []


Underfull \hbox (badness 10000) in paragraph at lines 438--452

 []


Underfull \hbox (badness 10000) in paragraph at lines 438--452

 []


Underfull \hbox (badness 10000) in paragraph at lines 438--452

 []


Underfull \hbox (badness 10000) in paragraph at lines 438--452

 []

[12]
Underfull \hbox (badness 10000) in paragraph at lines 455--464

 []


Underfull \hbox (badness 10000) in paragraph at lines 468--473

 []


Underfull \hbox (badness 10000) in paragraph at lines 468--473

 []


Underfull \hbox (badness 10000) in paragraph at lines 468--473

 []


Underfull \hbox (badness 10000) in paragraph at lines 474--477

 []


Underfull \hbox (badness 10000) in paragraph at lines 474--477

 []


Underfull \hbox (badness 10000) in paragraph at lines 478--483

 []

[13]
Underfull \hbox (badness 10000) in paragraph at lines 494--504

 []


Underfull \hbox (badness 10000) in paragraph at lines 494--504

 []


Underfull \hbox (badness 10000) in paragraph at lines 494--504

 []


Underfull \hbox (badness 10000) in paragraph at lines 509--512

 []


Underfull \hbox (badness 10000) in paragraph at lines 514--518

 []


Underfull \hbox (badness 10000) in paragraph at lines 524--532

 []

[14]
Underfull \hbox (badness 10000) in paragraph at lines 534--538

 []


Underfull \hbox (badness 10000) in paragraph at lines 543--560

 []


Underfull \hbox (badness 10000) in paragraph at lines 543--560

 []


Underfull \hbox (badness 10000) in paragraph at lines 543--560

 []


Underfull \hbox (badness 10000) in paragraph at lines 543--560

 []


Underfull \vbox (badness 10000) has occurred while \output is active []

 [15]
Underfull \hbox (badness 10000) in paragraph at lines 562--571

 []


Underfull \hbox (badness 10000) in paragraph at lines 562--571

 []


Underfull \hbox (badness 10000) in paragraph at lines 574--631

 []


Underfull \hbox (badness 10000) in paragraph at lines 574--631

 []


Underfull \hbox (badness 10000) in paragraph at lines 574--631

 []


Underfull \hbox (badness 10000) in paragraph at lines 574--631

 []


Underfull \hbox (badness 10000) in paragraph at lines 574--631

 []


Underfull \hbox (badness 10000) in paragraph at lines 574--631

 []


Underfull \hbox (badness 10000) in paragraph at lines 574--631

 []


Underfull \hbox (badness 10000) in paragraph at lines 574--631

 []


Underfull \hbox (badness 10000) in paragraph at lines 574--631

 []


Underfull \hbox (badness 10000) in paragraph at lines 574--631

 []

[16]
Underfull \hbox (badness 10000) in paragraph at lines 633--645

 []


Underfull \hbox (badness 10000) in paragraph at lines 633--645

 []


Underfull \hbox (badness 10000) in paragraph at lines 633--645

 []


Underfull \hbox (badness 10000) in paragraph at lines 633--645

 []


Underfull \hbox (badness 10000) in paragraph at lines 633--645

 []


Underfull \hbox (badness 10000) in paragraph at lines 653--664

 []


Underfull \hbox (badness 10000) in paragraph at lines 653--664

 []


Underfull \hbox (badness 10000) in paragraph at lines 653--664

 []


Underfull \hbox (badness 10000) in paragraph at lines 653--664

 []


Underfull \hbox (badness 10000) in paragraph at lines 653--664

 []

[17]
Underfull \hbox (badness 10000) in paragraph at lines 669--680

 []


Underfull \hbox (badness 10000) in paragraph at lines 669--680

 []


Underfull \hbox (badness 10000) in paragraph at lines 692--700

 []


Underfull \hbox (badness 10000) in paragraph at lines 692--700

 []

[18]
Underfull \hbox (badness 10000) in paragraph at lines 702--705

 []

LaTeX Font Info:    Trying to load font information for OMS+cmr on input line 7
21.
(/usr/share/texlive/texmf-dist/tex/latex/base/omscmr.fd
File: omscmr.fd 2023/04/13 v2.5m Standard LaTeX font definitions
)
LaTeX Font Info:    Font shape `OMS/cmr/m/n' in size <14.4> not available
(Font)              Font shape `OMS/cmsy/m/n' tried instead on input line 721.

Underfull \hbox (badness 10000) in paragraph at lines 710--730

 []


Underfull \hbox (badness 10000) in paragraph at lines 710--730

 []


Overfull \hbox (1.6219pt too wide) in paragraph at lines 710--730
\OT1/cmr/m/n/14.4 Q.45 Sup-pose $\OML/cmm/m/it/14.4 X[]; X[]; [] ; X[]; []$ \OT
1/cmr/m/n/14.4 are in-de-pen-dent ex-po-nen-tial ran-dom vari-
 []


Underfull \hbox (badness 10000) in paragraph at lines 710--730

 []


Underfull \hbox (badness 10000) in paragraph at lines 710--730

 []


Underfull \hbox (badness 10000) in paragraph at lines 710--730

 []


Underfull \hbox (badness 10000) in paragraph at lines 710--730

 []


Underfull \hbox (badness 10000) in paragraph at lines 710--730

 []


Underfull \hbox (badness 10000) in paragraph at lines 739--772

 []


Underfull \hbox (badness 10000) in paragraph at lines 739--772

 []


Underfull \hbox (badness 10000) in paragraph at lines 739--772

 []


Underfull \hbox (badness 10000) in paragraph at lines 739--772

 []


Underfull \hbox (badness 10000) in paragraph at lines 739--772

 []


Underfull \hbox (badness 10000) in paragraph at lines 739--772

 []


Underfull \hbox (badness 10000) in paragraph at lines 739--772

 []


Underfull \hbox (badness 10000) in paragraph at lines 739--772

 []


Underfull \hbox (badness 10000) in paragraph at lines 739--772

 []

[19]
Underfull \hbox (badness 10000) in paragraph at lines 774--790

 []


Underfull \hbox (badness 10000) in paragraph at lines 774--790

 []


Underfull \hbox (badness 10000) in paragraph at lines 774--790

 []


Underfull \hbox (badness 10000) in paragraph at lines 774--790

 []


Underfull \hbox (badness 10000) in paragraph at lines 774--790

 []

[20{/usr/share/texmf/fonts/enc/dvips/cm-super/cm-super-ts1.enc}]
Underfull \hbox (badness 10000) in paragraph at lines 798--804

 []


Underfull \hbox (badness 10000) in paragraph at lines 807--813

 []


Underfull \hbox (badness 10000) in paragraph at lines 818--823

 []


Underfull \hbox (badness 10000) in paragraph at lines 831--844

 []


Underfull \hbox (badness 10000) in paragraph at lines 831--844

 []


Underfull \hbox (badness 10000) in paragraph at lines 831--844

 []


Underfull \hbox (badness 10000) in paragraph at lines 831--844

 []

[21]
Underfull \hbox (badness 10000) in paragraph at lines 850--853

 []


Underfull \hbox (badness 10000) in paragraph at lines 858--874

 []


Underfull \hbox (badness 10000) in paragraph at lines 858--874

 []


Underfull \hbox (badness 10000) in paragraph at lines 858--874

 []


Underfull \hbox (badness 10000) in paragraph at lines 858--874

 []


Underfull \hbox (badness 10000) in paragraph at lines 858--874

 []


Underfull \hbox (badness 10000) in paragraph at lines 858--874

 []


Underfull \hbox (badness 10000) in paragraph at lines 885--887

 []

[22] (./St_2022.aux)
 ***********
LaTeX2e <2023-11-01> patch level 1
L3 programming layer <2024-01-22>
 ***********
 ) 
Here is how much of TeX's memory you used:
 13992 strings out of 474222
 276988 string characters out of 5748733
 1940975 words of memory out of 5000000
 35982 multiletter control sequences out of 15000+600000
 574051 words of font info for 94 fonts, out of 8000000 for 9000
 1141 hyphenation exceptions out of 8191
 102i,9n,107p,614b,293s stack positions out of 10000i,1000n,20000p,200000b,200000s
</usr/share/texlive/texmf-dist/fonts/type1/public/amsfonts/cm/cmbx10.pfb></us
r/share/texlive/texmf-dist/fonts/type1/public/amsfonts/cm/cmbx12.pfb></usr/shar
e/texlive/texmf-dist/fonts/type1/public/amsfonts/cm/cmex10.pfb></usr/share/texl
ive/texmf-dist/fonts/type1/public/amsfonts/cm/cmmi10.pfb></usr/share/texlive/te
xmf-dist/fonts/type1/public/amsfonts/cm/cmmi12.pfb></usr/share/texlive/texmf-di
st/fonts/type1/public/amsfonts/cm/cmmi5.pfb></usr/share/texlive/texmf-dist/font
s/type1/public/amsfonts/cm/cmmi7.pfb></usr/share/texlive/texmf-dist/fonts/type1
/public/amsfonts/cm/cmr10.pfb></usr/share/texlive/texmf-dist/fonts/type1/public
/amsfonts/cm/cmr12.pfb></usr/share/texlive/texmf-dist/fonts/type1/public/amsfon
ts/cm/cmr5.pfb></usr/share/texlive/texmf-dist/fonts/type1/public/amsfonts/cm/cm
r7.pfb></usr/share/texlive/texmf-dist/fonts/type1/public/amsfonts/cm/cmsy10.pfb
></usr/share/texlive/texmf-dist/fonts/type1/public/amsfonts/cm/cmti12.pfb></usr
/share/texlive/texmf-dist/fonts/type1/public/amsfonts/symbols/msbm10.pfb></usr/
share/texmf/fonts/type1/public/cm-super/sfrm1440.pfb>
Output written on St_2022.pdf (22 pages, 281075 bytes).
PDF statistics:
 161 PDF objects out of 1000 (max. 8388607)
 100 compressed objects within 1 object stream
 0 named destinations out of 1000 (max. 500000)
 28 words of extra memory for PDF output out of 10000 (max. 10000000)

