This is pdfTeX, Version 3.141592653-2.6-1.40.25 (TeX Live 2023/Debian) (preloaded format=pdflatex 2025.8.5)  6 AUG 2025 11:08
entering extended mode
 restricted \write18 enabled.
 %&-line parsing enabled.
**main.tex
(./main.tex
LaTeX2e <2023-11-01> patch level 1
L3 programming layer <2024-01-22>
(/usr/share/texlive/texmf-dist/tex/latex/base/article.cls
Document Class: article 2023/05/17 v1.4n Standard LaTeX document class
(/usr/share/texlive/texmf-dist/tex/latex/base/size12.clo
File: size12.clo 2023/05/17 v1.4n Standard LaTeX file (size option)
)
\c@part=\count187
\c@section=\count188
\c@subsection=\count189
\c@subsubsection=\count190
\c@paragraph=\count191
\c@subparagraph=\count192
\c@figure=\count193
\c@table=\count194
\abovecaptionskip=\skip48
\belowcaptionskip=\skip49
\bibindent=\dimen140
)
(/usr/share/texlive/texmf-dist/tex/latex/amsmath/amsmath.sty
Package: amsmath 2023/05/13 v2.17o AMS math features
\@mathmargin=\skip50

For additional information on amsmath, use the `?' option.
(/usr/share/texlive/texmf-dist/tex/latex/amsmath/amstext.sty
Package: amstext 2021/08/26 v2.01 AMS text

(/usr/share/texlive/texmf-dist/tex/latex/amsmath/amsgen.sty
File: amsgen.sty 1999/11/30 v2.0 generic functions
\@emptytoks=\toks17
\ex@=\dimen141
))
(/usr/share/texlive/texmf-dist/tex/latex/amsmath/amsbsy.sty
Package: amsbsy 1999/11/29 v1.2d Bold Symbols
\pmbraise@=\dimen142
)
(/usr/share/texlive/texmf-dist/tex/latex/amsmath/amsopn.sty
Package: amsopn 2022/04/08 v2.04 operator names
)
\inf@bad=\count195
LaTeX Info: Redefining \frac on input line 234.
\uproot@=\count196
\leftroot@=\count197
LaTeX Info: Redefining \overline on input line 399.
LaTeX Info: Redefining \colon on input line 410.
\classnum@=\count198
\DOTSCASE@=\count199
LaTeX Info: Redefining \ldots on input line 496.
LaTeX Info: Redefining \dots on input line 499.
LaTeX Info: Redefining \cdots on input line 620.
\Mathstrutbox@=\box51
\strutbox@=\box52
LaTeX Info: Redefining \big on input line 722.
LaTeX Info: Redefining \Big on input line 723.
LaTeX Info: Redefining \bigg on input line 724.
LaTeX Info: Redefining \Bigg on input line 725.
\big@size=\dimen143
LaTeX Font Info:    Redeclaring font encoding OML on input line 743.
LaTeX Font Info:    Redeclaring font encoding OMS on input line 744.
\macc@depth=\count266
LaTeX Info: Redefining \bmod on input line 905.
LaTeX Info: Redefining \pmod on input line 910.
LaTeX Info: Redefining \smash on input line 940.
LaTeX Info: Redefining \relbar on input line 970.
LaTeX Info: Redefining \Relbar on input line 971.
\c@MaxMatrixCols=\count267
\dotsspace@=\muskip16
\c@parentequation=\count268
\dspbrk@lvl=\count269
\tag@help=\toks18
\row@=\count270
\column@=\count271
\maxfields@=\count272
\andhelp@=\toks19
\eqnshift@=\dimen144
\alignsep@=\dimen145
\tagshift@=\dimen146
\tagwidth@=\dimen147
\totwidth@=\dimen148
\lineht@=\dimen149
\@envbody=\toks20
\multlinegap=\skip51
\multlinetaggap=\skip52
\mathdisplay@stack=\toks21
LaTeX Info: Redefining \[ on input line 2953.
LaTeX Info: Redefining \] on input line 2954.
)
(/usr/share/texlive/texmf-dist/tex/latex/graphics/graphicx.sty
Package: graphicx 2021/09/16 v1.2d Enhanced LaTeX Graphics (DPC,SPQR)

(/usr/share/texlive/texmf-dist/tex/latex/graphics/keyval.sty
Package: keyval 2022/05/29 v1.15 key=value parser (DPC)
\KV@toks@=\toks22
)
(/usr/share/texlive/texmf-dist/tex/latex/graphics/graphics.sty
Package: graphics 2022/03/10 v1.4e Standard LaTeX Graphics (DPC,SPQR)

(/usr/share/texlive/texmf-dist/tex/latex/graphics/trig.sty
Package: trig 2021/08/11 v1.11 sin cos tan (DPC)
)
(/usr/share/texlive/texmf-dist/tex/latex/graphics-cfg/graphics.cfg
File: graphics.cfg 2016/06/04 v1.11 sample graphics configuration
)
Package graphics Info: Driver file: pdftex.def on input line 107.

(/usr/share/texlive/texmf-dist/tex/latex/graphics-def/pdftex.def
File: pdftex.def 2022/09/22 v1.2b Graphics/color driver for pdftex
))
\Gin@req@height=\dimen150
\Gin@req@width=\dimen151
)
(/usr/share/texlive/texmf-dist/tex/latex/caption/caption.sty
Package: caption 2023/08/05 v3.6o Customizing captions (AR)

(/usr/share/texlive/texmf-dist/tex/latex/caption/caption3.sty
Package: caption3 2023/07/31 v2.4d caption3 kernel (AR)
\caption@tempdima=\dimen152
\captionmargin=\dimen153
\caption@leftmargin=\dimen154
\caption@rightmargin=\dimen155
\caption@width=\dimen156
\caption@indent=\dimen157
\caption@parindent=\dimen158
\caption@hangindent=\dimen159
Package caption Info: Standard document class detected.
)
\c@caption@flags=\count273
\c@continuedfloat=\count274
)
(/usr/share/texlive/texmf-dist/tex/latex/geometry/geometry.sty
Package: geometry 2020/01/02 v5.9 Page Geometry

(/usr/share/texlive/texmf-dist/tex/generic/iftex/ifvtex.sty
Package: ifvtex 2019/10/25 v1.7 ifvtex legacy package. Use iftex instead.

(/usr/share/texlive/texmf-dist/tex/generic/iftex/iftex.sty
Package: iftex 2022/02/03 v1.0f TeX engine tests
))
\Gm@cnth=\count275
\Gm@cntv=\count276
\c@Gm@tempcnt=\count277
\Gm@bindingoffset=\dimen160
\Gm@wd@mp=\dimen161
\Gm@odd@mp=\dimen162
\Gm@even@mp=\dimen163
\Gm@layoutwidth=\dimen164
\Gm@layoutheight=\dimen165
\Gm@layouthoffset=\dimen166
\Gm@layoutvoffset=\dimen167
\Gm@dimlist=\toks23
)
Runaway argument?
{gvv \usepackage {gvv-book} 
! Paragraph ended before \@fileswith@ptions was complete.
<to be read again> 
                   \par 
l.9 
    
? 
(/usr/share/texlive/texmf-dist/tex/latex/l3backend/l3backend-pdftex.def
File: l3backend-pdftex.def 2024-01-04 L3 backend support: PDF output (pdfTeX)
\l__color_backend_stack_int=\count278
\l__pdf_internal_box=\box53
)
No file main.aux.
\openout1 = `main.aux'.

LaTeX Font Info:    Checking defaults for OML/cmm/m/it on input line 13.
LaTeX Font Info:    ... okay on input line 13.
LaTeX Font Info:    Checking defaults for OMS/cmsy/m/n on input line 13.
LaTeX Font Info:    ... okay on input line 13.
LaTeX Font Info:    Checking defaults for OT1/cmr/m/n on input line 13.
LaTeX Font Info:    ... okay on input line 13.
LaTeX Font Info:    Checking defaults for T1/cmr/m/n on input line 13.
LaTeX Font Info:    ... okay on input line 13.
LaTeX Font Info:    Checking defaults for TS1/cmr/m/n on input line 13.
LaTeX Font Info:    ... okay on input line 13.
LaTeX Font Info:    Checking defaults for OMX/cmex/m/n on input line 13.
LaTeX Font Info:    ... okay on input line 13.
LaTeX Font Info:    Checking defaults for U/cmr/m/n on input line 13.
LaTeX Font Info:    ... okay on input line 13.
(/usr/share/texlive/texmf-dist/tex/context/base/mkii/supp-pdf.mkii
[Loading MPS to PDF converter (version 2006.09.02).]
\scratchcounter=\count279
\scratchdimen=\dimen168
\scratchbox=\box54
\nofMPsegments=\count280
\nofMParguments=\count281
\everyMPshowfont=\toks24
\MPscratchCnt=\count282
\MPscratchDim=\dimen169
\MPnumerator=\count283
\makeMPintoPDFobject=\count284
\everyMPtoPDFconversion=\toks25
) (/usr/share/texlive/texmf-dist/tex/latex/epstopdf-pkg/epstopdf-base.sty
Package: epstopdf-base 2020-01-24 v2.11 Base part for package epstopdf
Package epstopdf-base Info: Redefining graphics rule for `.eps' on input line 4
85.

(/usr/share/texlive/texmf-dist/tex/latex/latexconfig/epstopdf-sys.cfg
File: epstopdf-sys.cfg 2010/07/13 v1.3 Configuration of (r)epstopdf for TeX Liv
e
))
Package caption Info: Begin \AtBeginDocument code.
Package caption Info: End \AtBeginDocument code.

*geometry* driver: auto-detecting
*geometry* detected driver: pdftex
*geometry* verbose mode - [ preamble ] result:
* driver: pdftex
* paper: <default>
* layout: <same size as paper>
* layoutoffset:(h,v)=(0.0pt,0.0pt)
* modes: 
* h-part:(L,W,R)=(72.26999pt, 469.75502pt, 72.26999pt)
* v-part:(T,H,B)=(72.26999pt, 650.43001pt, 72.26999pt)
* \paperwidth=614.295pt
* \paperheight=794.96999pt
* \textwidth=469.75502pt
* \textheight=650.43001pt
* \oddsidemargin=0.0pt
* \evensidemargin=0.0pt
* \topmargin=-37.0pt
* \headheight=12.0pt
* \headsep=25.0pt
* \topskip=12.0pt
* \footskip=30.0pt
* \marginparwidth=44.0pt
* \marginparsep=10.0pt
* \columnsep=10.0pt
* \skip\footins=10.8pt plus 4.0pt minus 2.0pt
* \hoffset=0.0pt
* \voffset=0.0pt
* \mag=1000
* \@twocolumnfalse
* \@twosidefalse
* \@mparswitchfalse
* \@reversemarginfalse
* (1in=72.27pt=25.4mm, 1cm=28.453pt)


LaTeX Warning: No \author given.

<q7.png, id=1, 553.06625pt x 174.6525pt>
File: q7.png Graphic file (type png)
<use q7.png>
Package pdftex.def Info: q7.png  used on input line 68.
(pdftex.def)             Requested size: 281.85587pt x 89.00496pt.
[1

{/var/lib/texmf/fonts/map/pdftex/updmap/pdftex.map} <./q7.png>]
<q8.png, id=17, 339.2675pt x 71.26625pt>
File: q8.png Graphic file (type png)
<use q8.png>
Package pdftex.def Info: q8.png  used on input line 78.
(pdftex.def)             Requested size: 328.82707pt x 69.07596pt.
<q9.png, id=18, 588.1975pt x 185.69376pt>
File: q9.png Graphic file (type png)
<use q9.png>
Package pdftex.def Info: q9.png  used on input line 92.
(pdftex.def)             Requested size: 328.82707pt x 103.80928pt.
<q10.png, id=19, 588.1975pt x 185.69376pt>
File: q10.png Graphic file (type png)
<use q10.png>
Package pdftex.def Info: q10.png  used on input line 101.
(pdftex.def)             Requested size: 328.82707pt x 103.80928pt.
 [2 <./q8.png> <./q9.png> <./q10.png>]
<q12.png, id=26, 460.72125pt x 227.85126pt>
File: q12.png Graphic file (type png)
<use q12.png>
Package pdftex.def Info: q12.png  used on input line 121.
(pdftex.def)             Requested size: 281.85587pt x 139.39235pt.

Overfull \hbox (11.6253pt too wide) in paragraph at lines 162--166
[]\OT1/cmr/m/n/12 (A) $3 []$   (B) $[] []$   (C) $[] []$   (D) $[] []$ \OT1/cmr
/bx/n/12 (GATE-
 []

[3 <./q12.png>] [4] [5]
Underfull \hbox (badness 10000) in paragraph at lines 351--352

 []

<q37.png, id=40, 328.22626pt x 335.2525pt>
File: q37.png Graphic file (type png)
<use q37.png>
Package pdftex.def Info: q37.png  used on input line 354.
(pdftex.def)             Requested size: 375.80544pt x 383.85437pt.
[6]
<q38.png, id=44, 444.66125pt x 114.4275pt>
File: q38.png Graphic file (type png)
<use q38.png>
Package pdftex.def Info: q38.png  used on input line 367.
(pdftex.def)             Requested size: 375.80544pt x 96.70859pt.
 [7{/usr/share/texmf/fonts/enc/dvips/cm-super/cm-super-ts1.enc} <./q37.png> <./
q38.png>]
<q39.png, id=52, 494.84875pt x 386.44376pt>
File: q39.png Graphic file (type png)
<use q39.png>
Package pdftex.def Info: q39.png  used on input line 380.
(pdftex.def)             Requested size: 375.80544pt x 293.47623pt.
<q40.png, id=53, 506.89375pt x 125.46875pt>
File: q40.png Graphic file (type png)
<use q40.png>
Package pdftex.def Info: q40.png  used on input line 387.
(pdftex.def)             Requested size: 375.80544pt x 93.02345pt.
 [8 <./q39.png> <./q40.png>]
<q42.png, id=59, 431.6125pt x 196.735pt>
File: q42.png Graphic file (type png)
<use q42.png>
Package pdftex.def Info: q42.png  used on input line 411.
(pdftex.def)             Requested size: 281.85587pt x 128.47661pt.

Overfull \hbox (30.64711pt too wide) in paragraph at lines 415--416
[]\OT1/cmr/bx/n/12 Q.43 \OT1/cmr/m/n/12 The pho-to-chem-i-cal re-ac-tion of 2-m
ethylpropane with F$[]$ gives 2-fluoro-2-methylpropane
 []

<q44.png, id=60, 480.79625pt x 269.005pt>
File: q44.png Graphic file (type png)
<use q44.png>
Package pdftex.def Info: q44.png  used on input line 429.
(pdftex.def)             Requested size: 281.85587pt x 157.70181pt.
[9 <./q42.png>]
<q45.png, id=65, 519.9425pt x 192.72pt>
File: q45.png Graphic file (type png)
<use q45.png>
Package pdftex.def Info: q45.png  used on input line 436.
(pdftex.def)             Requested size: 281.85587pt x 104.47011pt.
<q46.png, id=66, 512.91624pt x 206.7725pt>
File: q46.png Graphic file (type png)
<use q46.png>
Package pdftex.def Info: q46.png  used on input line 445.
(pdftex.def)             Requested size: 281.85587pt x 113.62425pt.
<q47.png, id=67, 515.9275pt x 253.94875pt>
File: q47.png Graphic file (type png)
<use q47.png>
Package pdftex.def Info: q47.png  used on input line 454.
(pdftex.def)             Requested size: 281.85587pt x 138.73837pt.
 [10 <./q44.png> <./q45.png> <./q46.png>]
<q48.png, id=74, 144.54pt x 112.42pt>
File: q48.png Graphic file (type png)
<use q48.png>
Package pdftex.def Info: q48.png  used on input line 463.
(pdftex.def)             Requested size: 211.38832pt x 164.42172pt.
<q49.png, id=75, 211.79124pt x 49.18375pt>
File: q49.png Graphic file (type png)
<use q49.png>
Package pdftex.def Info: q49.png  used on input line 475.
(pdftex.def)             Requested size: 211.38832pt x 49.09204pt.
 [11 <./q47.png> <./q48.png> <./q49.png>]
<q51.png, id=82, 435.6275pt x 255.95625pt>
File: q51.png Graphic file (type png)
<use q51.png>
Package pdftex.def Info: q51.png  used on input line 497.
(pdftex.def)             Requested size: 281.85587pt x 165.60408pt.
<q52.png, id=83, 449.68pt x 87.32625pt>
File: q52.png Graphic file (type png)
<use q52.png>
Package pdftex.def Info: q52.png  used on input line 506.
(pdftex.def)             Requested size: 281.85587pt x 54.73734pt.

Underfull \hbox (badness 10000) in paragraph at lines 519--521

 []

<q53.png, id=84, 146.5475pt x 94.3525pt>
File: q53.png Graphic file (type png)
<use q53.png>
Package pdftex.def Info: q53.png  used on input line 523.
(pdftex.def)             Requested size: 281.85587pt x 181.48727pt.
[12 <./q51.png> <./q52.png>] [13 <./q53.png>]
<q58.png, id=95, 90.3375pt x 52.195pt>
File: q58.png Graphic file (type png)
<use q58.png>
Package pdftex.def Info: q58.png  used on input line 581.
(pdftex.def)             Requested size: 281.85587pt x 162.89471pt.
 [14 <./q58.png>] [15] [16]
<q69.png, id=106, 524.96124pt x 59.22125pt>
File: q69.png Graphic file (type png)
<use q69.png>
Package pdftex.def Info: q69.png  used on input line 718.
(pdftex.def)             Requested size: 281.85587pt x 31.79735pt.

[17 <./q69.png>] [18]
<q76 1.png, id=114, 219.82124pt x 59.22125pt>
File: q76 1.png Graphic file (type png)
<use q76 1.png>
Package pdftex.def Info: q76 1.png  used on input line 808.
(pdftex.def)             Requested size: 281.85587pt x 75.93575pt.
<q76 2.png, id=115, 456.70625pt x 191.71625pt>
File: q76 2.png Graphic file (type png)
<use q76 2.png>
Package pdftex.def Info: q76 2.png  used on input line 814.
(pdftex.def)             Requested size: 281.85587pt x 118.32164pt.
<q77.png, id=116, 455.7025pt x 145.54375pt>
File: q77.png Graphic file (type png)
<use q77.png>
Package pdftex.def Info: q77.png  used on input line 821.
(pdftex.def)             Requested size: 281.85587pt x 90.02075pt.
 [19 <./q76 1.png> <./q76 2.png> <./q77.png>]
<q80.png, id=124, 565.11125pt x 147.55125pt>
File: q80.png Graphic file (type png)
<use q80.png>
Package pdftex.def Info: q80.png  used on input line 858.
(pdftex.def)             Requested size: 281.85587pt x 73.59306pt.
<q81.png, id=125, 524.96124pt x 139.52126pt>
File: q81.png Graphic file (type png)
<use q81.png>
Package pdftex.def Info: q81.png  used on input line 865.
(pdftex.def)             Requested size: 281.85587pt x 74.91243pt.
 [20 <./q80.png>]
<q82 1.png, id=131, 317.185pt x 61.22874pt>
File: q82 1.png Graphic file (type png)
<use q82 1.png>
Package pdftex.def Info: q82 1.png  used on input line 874.
(pdftex.def)             Requested size: 281.85587pt x 54.41304pt.
<q82 2.png, id=132, 547.04375pt x 143.53625pt>
File: q82 2.png Graphic file (type png)
<use q82 2.png>
Package pdftex.def Info: q82 2.png  used on input line 880.
(pdftex.def)             Requested size: 281.85587pt x 73.95593pt.


! LaTeX Error: Environment choices undefined.

See the LaTeX manual or LaTeX Companion for explanation.
Type  H <return>  for immediate help.
 ...                                              
                                                  
l.886 \begin{choices}
                     
? \
Type <return> to proceed, S to scroll future error messages,
R to run without stopping, Q to run quietly,
I to insert something, E to edit your file,
1 or ... or 9 to ignore the next 1 to 9 tokens of input,
H for help, X to quit.
? 

! LaTeX Error: \begin{enumerate} on input line 19 ended by \end{choices}.

See the LaTeX manual or LaTeX Companion for explanation.
Type  H <return>  for immediate help.
 ...                                              
                                                  
l.891 \end{choices}
                      \textbf{(GATE-EE 2025)}
? 

! LaTeX Error: \begin{enumerate} on input line 19 ended by \end{numerate}.

See the LaTeX manual or LaTeX Companion for explanation.
Type  H <return>  for immediate help.
 ...                                              
                                                  
l.919 \end{numerate}
                    
? 
[21 <./q81.png> <./q82 1.png> <./q82 2.png>] [22] (./main.aux)
 ***********
LaTeX2e <2023-11-01> patch level 1
L3 programming layer <2024-01-22>
 ***********
 ) 
Here is how much of TeX's memory you used:
 4118 strings out of 474222
 67444 string characters out of 5748734
 1932975 words of memory out of 5000000
 26374 multiletter control sequences out of 15000+600000
 564908 words of font info for 60 fonts, out of 8000000 for 9000
 1141 hyphenation exceptions out of 8191
 57i,6n,65p,415b,281s stack positions out of 10000i,1000n,20000p,200000b,200000s
</usr/share/texlive/texmf-dist/fonts/type1/public/amsfonts/cm/cmbx12.pfb></us
r/share/texlive/texmf-dist/fonts/type1/public/amsfonts/cm/cmex10.pfb></usr/shar
e/texlive/texmf-dist/fonts/type1/public/amsfonts/cm/cmmi12.pfb></usr/share/texl
ive/texmf-dist/fonts/type1/public/amsfonts/cm/cmmi8.pfb></usr/share/texlive/tex
mf-dist/fonts/type1/public/amsfonts/cm/cmr12.pfb></usr/share/texlive/texmf-dist
/fonts/type1/public/amsfonts/cm/cmr17.pfb></usr/share/texlive/texmf-dist/fonts/
type1/public/amsfonts/cm/cmr6.pfb></usr/share/texlive/texmf-dist/fonts/type1/pu
blic/amsfonts/cm/cmr8.pfb></usr/share/texlive/texmf-dist/fonts/type1/public/ams
fonts/cm/cmsy10.pfb></usr/share/texlive/texmf-dist/fonts/type1/public/amsfonts/
cm/cmsy8.pfb></usr/share/texlive/texmf-dist/fonts/type1/public/amsfonts/cm/cmti
12.pfb></usr/share/texlive/texmf-dist/fonts/type1/public/amsfonts/cm/cmtt12.pfb
></usr/share/texmf/fonts/type1/public/cm-super/sfrm1200.pfb>
Output written on main.pdf (22 pages, 1325089 bytes).
PDF statistics:
 198 PDF objects out of 1000 (max. 8388607)
 91 compressed objects within 1 object stream
 0 named destinations out of 1000 (max. 500000)
 141 words of extra memory for PDF output out of 10000 (max. 10000000)

