This is pdfTeX, Version 3.141592653-2.6-1.40.25 (TeX Live 2023/Debian) (preloaded format=pdflatex 2025.8.6)  16 AUG 2025 22:48
entering extended mode
 restricted \write18 enabled.
 file:line:error style messages enabled.
 %&-line parsing enabled.
**/home/vivaan/workingfolder/college/matrix/ee1030-2025/ai25btech11040/GATE/2008/ME/main.tex
(/home/vivaan/workingfolder/college/matrix/ee1030-2025/ai25btech11040/GATE/2008/ME/main.tex
LaTeX2e <2023-11-01> patch level 1
L3 programming layer <2024-01-22>
(/usr/share/texlive/texmf-dist/tex/latex/ieeetran/IEEEtran.cls
Document Class: IEEEtran 2015/08/26 V1.8b by Michael Shell
-- See the "IEEEtran_HOWTO" manual for usage information.
-- http://www.michaelshell.org/tex/ieeetran/
\@IEEEtrantmpdimenA=\dimen140
\@IEEEtrantmpdimenB=\dimen141
\@IEEEtrantmpdimenC=\dimen142
\@IEEEtrantmpcountA=\count187
\@IEEEtrantmpcountB=\count188
\@IEEEtrantmpcountC=\count189
\@IEEEtrantmptoksA=\toks17
LaTeX Font Info:    Trying to load font information for OT1+ptm on input line 503.
(/usr/share/texlive/texmf-dist/tex/latex/psnfss/ot1ptm.fd
File: ot1ptm.fd 2001/06/04 font definitions for OT1/ptm.
)
** ATTENTION: Single column mode is not typically used with IEEE publications.
-- Using 8.5in x 11in (letter) paper.
-- Using PDF output.
\@IEEEnormalsizeunitybaselineskip=\dimen143
-- This is a 12 point document.
\CLASSINFOnormalsizebaselineskip=\dimen144
\CLASSINFOnormalsizeunitybaselineskip=\dimen145
\IEEEnormaljot=\dimen146
LaTeX Font Info:    Font shape `OT1/ptm/bx/n' in size <6> not available
(Font)              Font shape `OT1/ptm/b/n' tried instead on input line 1090.
LaTeX Font Info:    Font shape `OT1/ptm/bx/it' in size <6> not available
(Font)              Font shape `OT1/ptm/b/it' tried instead on input line 1090.
LaTeX Font Info:    Font shape `OT1/ptm/bx/n' in size <8> not available
(Font)              Font shape `OT1/ptm/b/n' tried instead on input line 1090.
LaTeX Font Info:    Font shape `OT1/ptm/bx/it' in size <8> not available
(Font)              Font shape `OT1/ptm/b/it' tried instead on input line 1090.
LaTeX Font Info:    Font shape `OT1/ptm/bx/n' in size <9> not available
(Font)              Font shape `OT1/ptm/b/n' tried instead on input line 1090.
LaTeX Font Info:    Font shape `OT1/ptm/bx/it' in size <9> not available
(Font)              Font shape `OT1/ptm/b/it' tried instead on input line 1090.
LaTeX Font Info:    Font shape `OT1/ptm/bx/n' in size <10> not available
(Font)              Font shape `OT1/ptm/b/n' tried instead on input line 1090.
LaTeX Font Info:    Font shape `OT1/ptm/bx/it' in size <10> not available
(Font)              Font shape `OT1/ptm/b/it' tried instead on input line 1090.
LaTeX Font Info:    Font shape `OT1/ptm/bx/n' in size <12> not available
(Font)              Font shape `OT1/ptm/b/n' tried instead on input line 1090.
LaTeX Font Info:    Font shape `OT1/ptm/bx/it' in size <12> not available
(Font)              Font shape `OT1/ptm/b/it' tried instead on input line 1090.
LaTeX Font Info:    Font shape `OT1/ptm/bx/n' in size <14> not available
(Font)              Font shape `OT1/ptm/b/n' tried instead on input line 1090.
LaTeX Font Info:    Font shape `OT1/ptm/bx/it' in size <14> not available
(Font)              Font shape `OT1/ptm/b/it' tried instead on input line 1090.
LaTeX Font Info:    Font shape `OT1/ptm/bx/n' in size <20> not available
(Font)              Font shape `OT1/ptm/b/n' tried instead on input line 1090.
LaTeX Font Info:    Font shape `OT1/ptm/bx/it' in size <20> not available
(Font)              Font shape `OT1/ptm/b/it' tried instead on input line 1090.
LaTeX Font Info:    Font shape `OT1/ptm/bx/n' in size <22> not available
(Font)              Font shape `OT1/ptm/b/n' tried instead on input line 1090.
LaTeX Font Info:    Font shape `OT1/ptm/bx/it' in size <22> not available
(Font)              Font shape `OT1/ptm/b/it' tried instead on input line 1090.
LaTeX Font Info:    Font shape `OT1/ptm/bx/n' in size <24> not available
(Font)              Font shape `OT1/ptm/b/n' tried instead on input line 1090.
LaTeX Font Info:    Font shape `OT1/ptm/bx/it' in size <24> not available
(Font)              Font shape `OT1/ptm/b/it' tried instead on input line 1090.
\IEEEquantizedlength=\dimen147
\IEEEquantizedlengthdiff=\dimen148
\IEEEquantizedtextheightdiff=\dimen149
\IEEEilabelindentA=\dimen150
\IEEEilabelindentB=\dimen151
\IEEEilabelindent=\dimen152
\IEEEelabelindent=\dimen153
\IEEEdlabelindent=\dimen154
\IEEElabelindent=\dimen155
\IEEEiednormlabelsep=\dimen156
\IEEEiedmathlabelsep=\dimen157
\IEEEiedtopsep=\skip48
\c@section=\count190
\c@subsection=\count191
\c@subsubsection=\count192
\c@paragraph=\count193
\c@IEEEsubequation=\count194
\abovecaptionskip=\skip49
\belowcaptionskip=\skip50
\c@figure=\count195
\c@table=\count196
\@IEEEeqnnumcols=\count197
\@IEEEeqncolcnt=\count198
\@IEEEsubeqnnumrollback=\count199
\@IEEEquantizeheightA=\dimen158
\@IEEEquantizeheightB=\dimen159
\@IEEEquantizeheightC=\dimen160
\@IEEEquantizeprevdepth=\dimen161
\@IEEEquantizemultiple=\count266
\@IEEEquantizeboxA=\box51
\@IEEEtmpitemindent=\dimen162
\IEEEPARstartletwidth=\dimen163
\c@IEEEbiography=\count267
\@IEEEtranrubishbin=\box52
) (/usr/share/texlive/texmf-dist/tex/latex/geometry/geometry.sty
Package: geometry 2020/01/02 v5.9 Page Geometry
 (/usr/share/texlive/texmf-dist/tex/latex/graphics/keyval.sty
Package: keyval 2022/05/29 v1.15 key=value parser (DPC)
\KV@toks@=\toks18
) (/usr/share/texlive/texmf-dist/tex/generic/iftex/ifvtex.sty
Package: ifvtex 2019/10/25 v1.7 ifvtex legacy package. Use iftex instead.
 (/usr/share/texlive/texmf-dist/tex/generic/iftex/iftex.sty
Package: iftex 2022/02/03 v1.0f TeX engine tests
))
\Gm@cnth=\count268
\Gm@cntv=\count269
\c@Gm@tempcnt=\count270
\Gm@bindingoffset=\dimen164
\Gm@wd@mp=\dimen165
\Gm@odd@mp=\dimen166
\Gm@even@mp=\dimen167
\Gm@layoutwidth=\dimen168
\Gm@layoutheight=\dimen169
\Gm@layouthoffset=\dimen170
\Gm@layoutvoffset=\dimen171
\Gm@dimlist=\toks19
) (/usr/share/texlive/texmf-dist/tex/latex/amsmath/amsmath.sty
Package: amsmath 2023/05/13 v2.17o AMS math features
\@mathmargin=\skip51

For additional information on amsmath, use the `?' option.
(/usr/share/texlive/texmf-dist/tex/latex/amsmath/amstext.sty
Package: amstext 2021/08/26 v2.01 AMS text
 (/usr/share/texlive/texmf-dist/tex/latex/amsmath/amsgen.sty
File: amsgen.sty 1999/11/30 v2.0 generic functions
\@emptytoks=\toks20
\ex@=\dimen172
)) (/usr/share/texlive/texmf-dist/tex/latex/amsmath/amsbsy.sty
Package: amsbsy 1999/11/29 v1.2d Bold Symbols
\pmbraise@=\dimen173
) (/usr/share/texlive/texmf-dist/tex/latex/amsmath/amsopn.sty
Package: amsopn 2022/04/08 v2.04 operator names
)
\inf@bad=\count271
LaTeX Info: Redefining \frac on input line 234.
\uproot@=\count272
\leftroot@=\count273
LaTeX Info: Redefining \overline on input line 399.
LaTeX Info: Redefining \colon on input line 410.
\classnum@=\count274
\DOTSCASE@=\count275
LaTeX Info: Redefining \ldots on input line 496.
LaTeX Info: Redefining \dots on input line 499.
LaTeX Info: Redefining \cdots on input line 620.
\Mathstrutbox@=\box53
\strutbox@=\box54
LaTeX Info: Redefining \big on input line 722.
LaTeX Info: Redefining \Big on input line 723.
LaTeX Info: Redefining \bigg on input line 724.
LaTeX Info: Redefining \Bigg on input line 725.
\big@size=\dimen174
LaTeX Font Info:    Redeclaring font encoding OML on input line 743.
LaTeX Font Info:    Redeclaring font encoding OMS on input line 744.
\macc@depth=\count276
LaTeX Info: Redefining \bmod on input line 905.
LaTeX Info: Redefining \pmod on input line 910.
LaTeX Info: Redefining \smash on input line 940.
LaTeX Info: Redefining \relbar on input line 970.
LaTeX Info: Redefining \Relbar on input line 971.
\c@MaxMatrixCols=\count277
\dotsspace@=\muskip16
\c@parentequation=\count278
\dspbrk@lvl=\count279
\tag@help=\toks21
\row@=\count280
\column@=\count281
\maxfields@=\count282
\andhelp@=\toks22
\eqnshift@=\dimen175
\alignsep@=\dimen176
\tagshift@=\dimen177
\tagwidth@=\dimen178
\totwidth@=\dimen179
\lineht@=\dimen180
\@envbody=\toks23
\multlinegap=\skip52
\multlinetaggap=\skip53
\mathdisplay@stack=\toks24
LaTeX Info: Redefining \[ on input line 2953.
LaTeX Info: Redefining \] on input line 2954.
) (/usr/share/texlive/texmf-dist/tex/latex/graphics/graphicx.sty
Package: graphicx 2021/09/16 v1.2d Enhanced LaTeX Graphics (DPC,SPQR)
 (/usr/share/texlive/texmf-dist/tex/latex/graphics/graphics.sty
Package: graphics 2022/03/10 v1.4e Standard LaTeX Graphics (DPC,SPQR)
 (/usr/share/texlive/texmf-dist/tex/latex/graphics/trig.sty
Package: trig 2021/08/11 v1.11 sin cos tan (DPC)
) (/usr/share/texlive/texmf-dist/tex/latex/graphics-cfg/graphics.cfg
File: graphics.cfg 2016/06/04 v1.11 sample graphics configuration
)
Package graphics Info: Driver file: pdftex.def on input line 107.
 (/usr/share/texlive/texmf-dist/tex/latex/graphics-def/pdftex.def
File: pdftex.def 2022/09/22 v1.2b Graphics/color driver for pdftex
))
\Gin@req@height=\dimen181
\Gin@req@width=\dimen182
) (/usr/share/texlive/texmf-dist/tex/latex/float/float.sty
Package: float 2001/11/08 v1.3d Float enhancements (AL)
\c@float@type=\count283
\float@exts=\toks25
\float@box=\box55
\@float@everytoks=\toks26
\@floatcapt=\box56
) (/usr/share/texlive/texmf-dist/tex/latex/pgf/frontendlayer/tikz.sty (/usr/share/texlive/texmf-dist/tex/latex/pgf/basiclayer/pgf.sty (/usr/share/texlive/texmf-dist/tex/latex/pgf/utilities/pgfrcs.sty (/usr/share/texlive/texmf-dist/tex/generic/pgf/utilities/pgfutil-common.tex
\pgfutil@everybye=\toks27
\pgfutil@tempdima=\dimen183
\pgfutil@tempdimb=\dimen184
) (/usr/share/texlive/texmf-dist/tex/generic/pgf/utilities/pgfutil-latex.def
\pgfutil@abb=\box57
) (/usr/share/texlive/texmf-dist/tex/generic/pgf/utilities/pgfrcs.code.tex (/usr/share/texlive/texmf-dist/tex/generic/pgf/pgf.revision.tex)
Package: pgfrcs 2023-01-15 v3.1.10 (3.1.10)
))
Package: pgf 2023-01-15 v3.1.10 (3.1.10)
 (/usr/share/texlive/texmf-dist/tex/latex/pgf/basiclayer/pgfcore.sty (/usr/share/texlive/texmf-dist/tex/latex/pgf/systemlayer/pgfsys.sty (/usr/share/texlive/texmf-dist/tex/generic/pgf/systemlayer/pgfsys.code.tex
Package: pgfsys 2023-01-15 v3.1.10 (3.1.10)
 (/usr/share/texlive/texmf-dist/tex/generic/pgf/utilities/pgfkeys.code.tex
\pgfkeys@pathtoks=\toks28
\pgfkeys@temptoks=\toks29
 (/usr/share/texlive/texmf-dist/tex/generic/pgf/utilities/pgfkeyslibraryfiltered.code.tex
\pgfkeys@tmptoks=\toks30
))
\pgf@x=\dimen185
\pgf@y=\dimen186
\pgf@xa=\dimen187
\pgf@ya=\dimen188
\pgf@xb=\dimen189
\pgf@yb=\dimen190
\pgf@xc=\dimen191
\pgf@yc=\dimen192
\pgf@xd=\dimen193
\pgf@yd=\dimen194
\w@pgf@writea=\write3
\r@pgf@reada=\read2
\c@pgf@counta=\count284
\c@pgf@countb=\count285
\c@pgf@countc=\count286
\c@pgf@countd=\count287
\t@pgf@toka=\toks31
\t@pgf@tokb=\toks32
\t@pgf@tokc=\toks33
\pgf@sys@id@count=\count288
 (/usr/share/texlive/texmf-dist/tex/generic/pgf/systemlayer/pgf.cfg
File: pgf.cfg 2023-01-15 v3.1.10 (3.1.10)
)
Driver file for pgf: pgfsys-pdftex.def
 (/usr/share/texlive/texmf-dist/tex/generic/pgf/systemlayer/pgfsys-pdftex.def
File: pgfsys-pdftex.def 2023-01-15 v3.1.10 (3.1.10)
 (/usr/share/texlive/texmf-dist/tex/generic/pgf/systemlayer/pgfsys-common-pdf.def
File: pgfsys-common-pdf.def 2023-01-15 v3.1.10 (3.1.10)
))) (/usr/share/texlive/texmf-dist/tex/generic/pgf/systemlayer/pgfsyssoftpath.code.tex
File: pgfsyssoftpath.code.tex 2023-01-15 v3.1.10 (3.1.10)
\pgfsyssoftpath@smallbuffer@items=\count289
\pgfsyssoftpath@bigbuffer@items=\count290
) (/usr/share/texlive/texmf-dist/tex/generic/pgf/systemlayer/pgfsysprotocol.code.tex
File: pgfsysprotocol.code.tex 2023-01-15 v3.1.10 (3.1.10)
)) (/usr/share/texlive/texmf-dist/tex/latex/xcolor/xcolor.sty
Package: xcolor 2023/11/15 v3.01 LaTeX color extensions (UK)
 (/usr/share/texlive/texmf-dist/tex/latex/graphics-cfg/color.cfg
File: color.cfg 2016/01/02 v1.6 sample color configuration
)
Package xcolor Info: Driver file: pdftex.def on input line 274.
 (/usr/share/texlive/texmf-dist/tex/latex/graphics/mathcolor.ltx)
Package xcolor Info: Model `cmy' substituted by `cmy0' on input line 1350.
Package xcolor Info: Model `hsb' substituted by `rgb' on input line 1354.
Package xcolor Info: Model `RGB' extended on input line 1366.
Package xcolor Info: Model `HTML' substituted by `rgb' on input line 1368.
Package xcolor Info: Model `Hsb' substituted by `hsb' on input line 1369.
Package xcolor Info: Model `tHsb' substituted by `hsb' on input line 1370.
Package xcolor Info: Model `HSB' substituted by `hsb' on input line 1371.
Package xcolor Info: Model `Gray' substituted by `gray' on input line 1372.
Package xcolor Info: Model `wave' substituted by `hsb' on input line 1373.
) (/usr/share/texlive/texmf-dist/tex/generic/pgf/basiclayer/pgfcore.code.tex
Package: pgfcore 2023-01-15 v3.1.10 (3.1.10)
 (/usr/share/texlive/texmf-dist/tex/generic/pgf/math/pgfmath.code.tex (/usr/share/texlive/texmf-dist/tex/generic/pgf/math/pgfmathutil.code.tex) (/usr/share/texlive/texmf-dist/tex/generic/pgf/math/pgfmathparser.code.tex
\pgfmath@dimen=\dimen195
\pgfmath@count=\count291
\pgfmath@box=\box58
\pgfmath@toks=\toks34
\pgfmath@stack@operand=\toks35
\pgfmath@stack@operation=\toks36
) (/usr/share/texlive/texmf-dist/tex/generic/pgf/math/pgfmathfunctions.code.tex) (/usr/share/texlive/texmf-dist/tex/generic/pgf/math/pgfmathfunctions.basic.code.tex) (/usr/share/texlive/texmf-dist/tex/generic/pgf/math/pgfmathfunctions.trigonometric.code.tex) (/usr/share/texlive/texmf-dist/tex/generic/pgf/math/pgfmathfunctions.random.code.tex) (/usr/share/texlive/texmf-dist/tex/generic/pgf/math/pgfmathfunctions.comparison.code.tex) (/usr/share/texlive/texmf-dist/tex/generic/pgf/math/pgfmathfunctions.base.code.tex) (/usr/share/texlive/texmf-dist/tex/generic/pgf/math/pgfmathfunctions.round.code.tex) (/usr/share/texlive/texmf-dist/tex/generic/pgf/math/pgfmathfunctions.misc.code.tex) (/usr/share/texlive/texmf-dist/tex/generic/pgf/math/pgfmathfunctions.integerarithmetics.code.tex) (/usr/share/texlive/texmf-dist/tex/generic/pgf/math/pgfmathcalc.code.tex) (/usr/share/texlive/texmf-dist/tex/generic/pgf/math/pgfmathfloat.code.tex
\c@pgfmathroundto@lastzeros=\count292
)) (/usr/share/texlive/texmf-dist/tex/generic/pgf/math/pgfint.code.tex) (/usr/share/texlive/texmf-dist/tex/generic/pgf/basiclayer/pgfcorepoints.code.tex
File: pgfcorepoints.code.tex 2023-01-15 v3.1.10 (3.1.10)
\pgf@picminx=\dimen196
\pgf@picmaxx=\dimen197
\pgf@picminy=\dimen198
\pgf@picmaxy=\dimen199
\pgf@pathminx=\dimen256
\pgf@pathmaxx=\dimen257
\pgf@pathminy=\dimen258
\pgf@pathmaxy=\dimen259
\pgf@xx=\dimen260
\pgf@xy=\dimen261
\pgf@yx=\dimen262
\pgf@yy=\dimen263
\pgf@zx=\dimen264
\pgf@zy=\dimen265
) (/usr/share/texlive/texmf-dist/tex/generic/pgf/basiclayer/pgfcorepathconstruct.code.tex
File: pgfcorepathconstruct.code.tex 2023-01-15 v3.1.10 (3.1.10)
\pgf@path@lastx=\dimen266
\pgf@path@lasty=\dimen267
) (/usr/share/texlive/texmf-dist/tex/generic/pgf/basiclayer/pgfcorepathusage.code.tex
File: pgfcorepathusage.code.tex 2023-01-15 v3.1.10 (3.1.10)
\pgf@shorten@end@additional=\dimen268
\pgf@shorten@start@additional=\dimen269
) (/usr/share/texlive/texmf-dist/tex/generic/pgf/basiclayer/pgfcorescopes.code.tex
File: pgfcorescopes.code.tex 2023-01-15 v3.1.10 (3.1.10)
\pgfpic=\box59
\pgf@hbox=\box60
\pgf@layerbox@main=\box61
\pgf@picture@serial@count=\count293
) (/usr/share/texlive/texmf-dist/tex/generic/pgf/basiclayer/pgfcoregraphicstate.code.tex
File: pgfcoregraphicstate.code.tex 2023-01-15 v3.1.10 (3.1.10)
\pgflinewidth=\dimen270
) (/usr/share/texlive/texmf-dist/tex/generic/pgf/basiclayer/pgfcoretransformations.code.tex
File: pgfcoretransformations.code.tex 2023-01-15 v3.1.10 (3.1.10)
\pgf@pt@x=\dimen271
\pgf@pt@y=\dimen272
\pgf@pt@temp=\dimen273
) (/usr/share/texlive/texmf-dist/tex/generic/pgf/basiclayer/pgfcorequick.code.tex
File: pgfcorequick.code.tex 2023-01-15 v3.1.10 (3.1.10)
) (/usr/share/texlive/texmf-dist/tex/generic/pgf/basiclayer/pgfcoreobjects.code.tex
File: pgfcoreobjects.code.tex 2023-01-15 v3.1.10 (3.1.10)
) (/usr/share/texlive/texmf-dist/tex/generic/pgf/basiclayer/pgfcorepathprocessing.code.tex
File: pgfcorepathprocessing.code.tex 2023-01-15 v3.1.10 (3.1.10)
) (/usr/share/texlive/texmf-dist/tex/generic/pgf/basiclayer/pgfcorearrows.code.tex
File: pgfcorearrows.code.tex 2023-01-15 v3.1.10 (3.1.10)
\pgfarrowsep=\dimen274
) (/usr/share/texlive/texmf-dist/tex/generic/pgf/basiclayer/pgfcoreshade.code.tex
File: pgfcoreshade.code.tex 2023-01-15 v3.1.10 (3.1.10)
\pgf@max=\dimen275
\pgf@sys@shading@range@num=\count294
\pgf@shadingcount=\count295
) (/usr/share/texlive/texmf-dist/tex/generic/pgf/basiclayer/pgfcoreimage.code.tex
File: pgfcoreimage.code.tex 2023-01-15 v3.1.10 (3.1.10)
) (/usr/share/texlive/texmf-dist/tex/generic/pgf/basiclayer/pgfcoreexternal.code.tex
File: pgfcoreexternal.code.tex 2023-01-15 v3.1.10 (3.1.10)
\pgfexternal@startupbox=\box62
) (/usr/share/texlive/texmf-dist/tex/generic/pgf/basiclayer/pgfcorelayers.code.tex
File: pgfcorelayers.code.tex 2023-01-15 v3.1.10 (3.1.10)
) (/usr/share/texlive/texmf-dist/tex/generic/pgf/basiclayer/pgfcoretransparency.code.tex
File: pgfcoretransparency.code.tex 2023-01-15 v3.1.10 (3.1.10)
) (/usr/share/texlive/texmf-dist/tex/generic/pgf/basiclayer/pgfcorepatterns.code.tex
File: pgfcorepatterns.code.tex 2023-01-15 v3.1.10 (3.1.10)
) (/usr/share/texlive/texmf-dist/tex/generic/pgf/basiclayer/pgfcorerdf.code.tex
File: pgfcorerdf.code.tex 2023-01-15 v3.1.10 (3.1.10)
))) (/usr/share/texlive/texmf-dist/tex/generic/pgf/modules/pgfmoduleshapes.code.tex
File: pgfmoduleshapes.code.tex 2023-01-15 v3.1.10 (3.1.10)
\pgfnodeparttextbox=\box63
) (/usr/share/texlive/texmf-dist/tex/generic/pgf/modules/pgfmoduleplot.code.tex
File: pgfmoduleplot.code.tex 2023-01-15 v3.1.10 (3.1.10)
) (/usr/share/texlive/texmf-dist/tex/latex/pgf/compatibility/pgfcomp-version-0-65.sty
Package: pgfcomp-version-0-65 2023-01-15 v3.1.10 (3.1.10)
\pgf@nodesepstart=\dimen276
\pgf@nodesepend=\dimen277
) (/usr/share/texlive/texmf-dist/tex/latex/pgf/compatibility/pgfcomp-version-1-18.sty
Package: pgfcomp-version-1-18 2023-01-15 v3.1.10 (3.1.10)
)) (/usr/share/texlive/texmf-dist/tex/latex/pgf/utilities/pgffor.sty (/usr/share/texlive/texmf-dist/tex/latex/pgf/utilities/pgfkeys.sty (/usr/share/texlive/texmf-dist/tex/generic/pgf/utilities/pgfkeys.code.tex)) (/usr/share/texlive/texmf-dist/tex/latex/pgf/math/pgfmath.sty (/usr/share/texlive/texmf-dist/tex/generic/pgf/math/pgfmath.code.tex)) (/usr/share/texlive/texmf-dist/tex/generic/pgf/utilities/pgffor.code.tex
Package: pgffor 2023-01-15 v3.1.10 (3.1.10)
\pgffor@iter=\dimen278
\pgffor@skip=\dimen279
\pgffor@stack=\toks37
\pgffor@toks=\toks38
)) (/usr/share/texlive/texmf-dist/tex/generic/pgf/frontendlayer/tikz/tikz.code.tex
Package: tikz 2023-01-15 v3.1.10 (3.1.10)
 (/usr/share/texlive/texmf-dist/tex/generic/pgf/libraries/pgflibraryplothandlers.code.tex
File: pgflibraryplothandlers.code.tex 2023-01-15 v3.1.10 (3.1.10)
\pgf@plot@mark@count=\count296
\pgfplotmarksize=\dimen280
)
\tikz@lastx=\dimen281
\tikz@lasty=\dimen282
\tikz@lastxsaved=\dimen283
\tikz@lastysaved=\dimen284
\tikz@lastmovetox=\dimen285
\tikz@lastmovetoy=\dimen286
\tikzleveldistance=\dimen287
\tikzsiblingdistance=\dimen288
\tikz@figbox=\box64
\tikz@figbox@bg=\box65
\tikz@tempbox=\box66
\tikz@tempbox@bg=\box67
\tikztreelevel=\count297
\tikznumberofchildren=\count298
\tikznumberofcurrentchild=\count299
\tikz@fig@count=\count300
 (/usr/share/texlive/texmf-dist/tex/generic/pgf/modules/pgfmodulematrix.code.tex
File: pgfmodulematrix.code.tex 2023-01-15 v3.1.10 (3.1.10)
\pgfmatrixcurrentrow=\count301
\pgfmatrixcurrentcolumn=\count302
\pgf@matrix@numberofcolumns=\count303
)
\tikz@expandcount=\count304
 (/usr/share/texlive/texmf-dist/tex/generic/pgf/frontendlayer/tikz/libraries/tikzlibrarytopaths.code.tex
File: tikzlibrarytopaths.code.tex 2023-01-15 v3.1.10 (3.1.10)
))) (/usr/share/texlive/texmf-dist/tex/latex/tools/multicol.sty
Package: multicol 2023/03/30 v1.9f multicolumn formatting (FMi)
\c@tracingmulticols=\count305
\mult@box=\box68
\multicol@leftmargin=\dimen289
\c@unbalance=\count306
\c@collectmore=\count307
\doublecol@number=\count308
\multicoltolerance=\count309
\multicolpretolerance=\count310
\full@width=\dimen290
\page@free=\dimen291
\premulticols=\dimen292
\postmulticols=\dimen293
\multicolsep=\skip54
\multicolbaselineskip=\skip55
\partial@page=\box69
\last@line=\box70
\mc@boxedresult=\box71
\maxbalancingoverflow=\dimen294
\mult@rightbox=\box72
\mult@grightbox=\box73
\mult@firstbox=\box74
\mult@gfirstbox=\box75
\@tempa=\box76
\@tempa=\box77
\@tempa=\box78
\@tempa=\box79
\@tempa=\box80
\@tempa=\box81
\@tempa=\box82
\@tempa=\box83
\@tempa=\box84
\@tempa=\box85
\@tempa=\box86
\@tempa=\box87
\@tempa=\box88
\@tempa=\box89
\@tempa=\box90
\@tempa=\box91
\@tempa=\box92
\@tempa=\box93
\@tempa=\box94
\@tempa=\box95
\@tempa=\box96
\@tempa=\box97
\@tempa=\box98
\@tempa=\box99
\@tempa=\box100
\@tempa=\box101
\@tempa=\box102
\@tempa=\box103
\@tempa=\box104
\@tempa=\box105
\@tempa=\box106
\@tempa=\box107
\@tempa=\box108
\@tempa=\box109
\@tempa=\box110
\@tempa=\box111
\c@minrows=\count311
\c@columnbadness=\count312
\c@finalcolumnbadness=\count313
\last@try=\dimen295
\multicolovershoot=\dimen296
\multicolundershoot=\dimen297
\mult@nat@firstbox=\box112
\colbreak@box=\box113
\mc@col@check@num=\count314
) (/usr/share/texlive/texmf-dist/tex/generic/pgf/frontendlayer/tikz/libraries/tikzlibraryarrows.code.tex
File: tikzlibraryarrows.code.tex 2023-01-15 v3.1.10 (3.1.10)
 (/usr/share/texlive/texmf-dist/tex/generic/pgf/libraries/pgflibraryarrows.code.tex
File: pgflibraryarrows.code.tex 2023-01-15 v3.1.10 (3.1.10)
\arrowsize=\dimen298
)) (/usr/share/texlive/texmf-dist/tex/generic/pgf/frontendlayer/tikz/libraries/tikzlibrarydecorations.markings.code.tex (/usr/share/texlive/texmf-dist/tex/generic/pgf/frontendlayer/tikz/libraries/tikzlibrarydecorations.code.tex (/usr/share/texlive/texmf-dist/tex/generic/pgf/modules/pgfmoduledecorations.code.tex
\pgfdecoratedcompleteddistance=\dimen299
\pgfdecoratedremainingdistance=\dimen300
\pgfdecoratedinputsegmentcompleteddistance=\dimen301
\pgfdecoratedinputsegmentremainingdistance=\dimen302
\pgf@decorate@distancetomove=\dimen303
\pgf@decorate@repeatstate=\count315
\pgfdecorationsegmentamplitude=\dimen304
\pgfdecorationsegmentlength=\dimen305
)
\tikz@lib@dec@box=\box114
) (/usr/share/texlive/texmf-dist/tex/generic/pgf/libraries/decorations/pgflibrarydecorations.markings.code.tex)) (/usr/share/texlive/texmf-dist/tex/latex/l3backend/l3backend-pdftex.def
File: l3backend-pdftex.def 2024-01-04 L3 backend support: PDF output (pdfTeX)
\l__color_backend_stack_int=\count316
\l__pdf_internal_box=\box115
) (./main.aux

LaTeX Warning: Label `q35' multiply defined.


LaTeX Warning: Label `png' multiply defined.

)
\openout1 = `main.aux'.

LaTeX Font Info:    Checking defaults for OML/cmm/m/it on input line 15.
LaTeX Font Info:    ... okay on input line 15.
LaTeX Font Info:    Checking defaults for OMS/cmsy/m/n on input line 15.
LaTeX Font Info:    ... okay on input line 15.
LaTeX Font Info:    Checking defaults for OT1/cmr/m/n on input line 15.
LaTeX Font Info:    ... okay on input line 15.
LaTeX Font Info:    Checking defaults for T1/cmr/m/n on input line 15.
LaTeX Font Info:    ... okay on input line 15.
LaTeX Font Info:    Checking defaults for TS1/cmr/m/n on input line 15.
LaTeX Font Info:    ... okay on input line 15.
LaTeX Font Info:    Checking defaults for OMX/cmex/m/n on input line 15.
LaTeX Font Info:    ... okay on input line 15.
LaTeX Font Info:    Checking defaults for U/cmr/m/n on input line 15.
LaTeX Font Info:    ... okay on input line 15.

-- Lines per column: 50 (approximate, difference = 4.50696pt).
*geometry* driver: auto-detecting
*geometry* detected driver: pdftex
*geometry* verbose mode - [ preamble ] result:
* driver: pdftex
* paper: a4paper
* layout: <same size as paper>
* layoutoffset:(h,v)=(0.0pt,0.0pt)
* modes: 
* h-part:(L,W,R)=(89.62709pt, 418.25368pt, 89.6271pt)
* v-part:(T,H,B)=(72.26999pt, 700.50687pt, 72.26999pt)
* \paperwidth=597.50787pt
* \paperheight=845.04684pt
* \textwidth=418.25368pt
* \textheight=700.50687pt
* \oddsidemargin=17.3571pt
* \evensidemargin=17.3571pt
* \topmargin=-32.42401pt
* \headheight=12.0pt
* \headsep=20.42401pt
* \topskip=13.92pt
* \footskip=26.542pt
* \marginparwidth=20.0pt
* \marginparsep=10.0pt
* \columnsep=12.0pt
* \skip\footins=12.52791pt plus 5.5679pt minus 2.78395pt
* \hoffset=0.0pt
* \voffset=0.0pt
* \mag=1000
* \@twocolumnfalse
* \@twosidefalse
* \@mparswitchfalse
* \@reversemarginfalse
* (1in=72.27pt=25.4mm, 1cm=28.453pt)

(/usr/share/texlive/texmf-dist/tex/context/base/mkii/supp-pdf.mkii
[Loading MPS to PDF converter (version 2006.09.02).]
\scratchcounter=\count317
\scratchdimen=\dimen306
\scratchbox=\box116
\nofMPsegments=\count318
\nofMParguments=\count319
\everyMPshowfont=\toks39
\MPscratchCnt=\count320
\MPscratchDim=\dimen307
\MPnumerator=\count321
\makeMPintoPDFobject=\count322
\everyMPtoPDFconversion=\toks40
) (/usr/share/texlive/texmf-dist/tex/latex/epstopdf-pkg/epstopdf-base.sty
Package: epstopdf-base 2020-01-24 v2.11 Base part for package epstopdf
Package epstopdf-base Info: Redefining graphics rule for `.eps' on input line 485.
 (/usr/share/texlive/texmf-dist/tex/latex/latexconfig/epstopdf-sys.cfg
File: epstopdf-sys.cfg 2010/07/13 v1.3 Configuration of (r)epstopdf for TeX Live
))
Underfull \hbox (badness 10000) in paragraph at lines 21--27

 []

[1{/var/lib/texmf/fonts/map/pdftex/updmap/pdftex.map}{/usr/share/texlive/texmf-dist/fonts/enc/dvips/base/8r.enc}]
Underfull \hbox (badness 10000) in paragraph at lines 42--44

 []

LaTeX Font Info:    Calculating math sizes for size <14> on input line 44.

Underfull \hbox (badness 10000) in paragraph at lines 88--93

 []


Underfull \hbox (badness 10000) in paragraph at lines 103--104

 []


Underfull \hbox (badness 10000) in paragraph at lines 114--115

 []


Underfull \hbox (badness 10000) in paragraph at lines 123--124

 []

[2]
Underfull \hbox (badness 10000) in paragraph at lines 132--133

 []


Underfull \hbox (badness 10000) in paragraph at lines 143--144

 []

LaTeX Font Info:    Trying to load font information for TS1+ptm on input line 149.
(/usr/share/texlive/texmf-dist/tex/latex/psnfss/ts1ptm.fd
File: ts1ptm.fd 2001/06/04 font definitions for TS1/ptm.
)
Underfull \hbox (badness 10000) in paragraph at lines 174--175

 []


Underfull \hbox (badness 10000) in paragraph at lines 185--186

 []


Underfull \hbox (badness 10000) in paragraph at lines 194--195

 []

[3]
Underfull \hbox (badness 10000) in paragraph at lines 205--209

 []


Underfull \hbox (badness 10000) in paragraph at lines 219--220

 []


Underfull \hbox (badness 10000) in paragraph at lines 228--229

 []


Underfull \hbox (badness 10000) in paragraph at lines 237--238

 []

[4]
Underfull \hbox (badness 10000) in paragraph at lines 248--249

 []


Underfull \hbox (badness 10000) in paragraph at lines 248--249

 []


Underfull \hbox (badness 10000) in paragraph at lines 270--272

 []


Underfull \hbox (badness 10000) in paragraph at lines 278--280

 []


Underfull \hbox (badness 10000) in paragraph at lines 288--303

 []

[5]
Underfull \hbox (badness 10000) in paragraph at lines 314--315

 []


Underfull \hbox (badness 10000) in paragraph at lines 324--326

 []


Underfull \hbox (badness 10000) in paragraph at lines 335--336

 []


Underfull \hbox (badness 10000) in paragraph at lines 346--347

 []


Underfull \hbox (badness 10000) in paragraph at lines 357--358

 []

[6]
Underfull \hbox (badness 10000) in paragraph at lines 387--388

 []


Underfull \hbox (badness 10000) in paragraph at lines 398--399

 []


Underfull \hbox (badness 10000) in paragraph at lines 409--410

 []

<figs/q30.png, id=37, 488.57532pt x 197.23688pt>
File: figs/q30.png Graphic file (type png)
<use figs/q30.png>
Package pdftex.def Info: figs/q30.png  used on input line 413.
(pdftex.def)             Requested size: 244.28706pt x 98.61818pt.

Underfull \hbox (badness 10000) in paragraph at lines 427--428

 []

<figs/q31.png, id=39, 347.79938pt x 542.025pt>
File: figs/q31.png Graphic file (type png)
<use figs/q31.png>
Package pdftex.def Info: figs/q31.png  used on input line 431.
(pdftex.def)             Requested size: 104.3406pt x 162.60875pt.
[7 <./figs/q30.png>]
Underfull \hbox (badness 10000) in paragraph at lines 445--446

 []

<figs/q33.png, id=45, 292.09125pt x 188.95593pt>
File: figs/q33.png Graphic file (type png)
<use figs/q33.png>
Package pdftex.def Info: figs/q33.png  used on input line 460.
(pdftex.def)             Requested size: 204.46246pt x 132.26823pt.
<figs/q34.png, id=46, 792.71156pt x 443.40656pt>
File: figs/q34.png Graphic file (type png)
<use figs/q34.png>
Package pdftex.def Info: figs/q34.png  used on input line 479.
(pdftex.def)             Requested size: 237.81529pt x 133.02298pt.
[8 <./figs/q31.png> <./figs/q33.png>]
<figs/q35.png, id=52, 793.96625pt x 269.005pt>
File: figs/q35.png Graphic file (type png)
<use figs/q35.png>
Package pdftex.def Info: figs/q35.png  used on input line 497.
(pdftex.def)             Requested size: 238.19171pt x 80.70212pt.

Underfull \hbox (badness 10000) in paragraph at lines 511--512

 []

<figs/q36.png, id=53, 704.6325pt x 570.13pt>
File: figs/q36.png Graphic file (type png)
<use figs/q36.png>
Package pdftex.def Info: figs/q36.png  used on input line 515.
(pdftex.def)             Requested size: 211.39139pt x 171.04031pt.
[9 <./figs/q34.png (PNG copy)> <./figs/q35.png> <./figs/q36.png>]
Underfull \hbox (badness 10000) in paragraph at lines 529--530

 []


Underfull \hbox (badness 10000) in paragraph at lines 540--541

 []


Underfull \hbox (badness 10000) in paragraph at lines 551--552

 []


Underfull \hbox (badness 10000) in paragraph at lines 562--563

 []


Underfull \hbox (badness 10000) in paragraph at lines 573--574

 []


Underfull \hbox (badness 10000) in paragraph at lines 584--585

 []

[10]
Underfull \hbox (badness 10000) in paragraph at lines 606--606
[]\OT1/ptm/m/n/14 Rack and
 []


Underfull \hbox (badness 10000) in paragraph at lines 595--613

 []


Overfull \hbox (5.04962pt too wide) in paragraph at lines 595--613
[] 
 []


Underfull \hbox (badness 10000) in paragraph at lines 623--624

 []


Underfull \hbox (badness 10000) in paragraph at lines 634--635

 []

[11]
Underfull \hbox (badness 10000) in paragraph at lines 645--646

 []

<figs/q47.png, id=63, 1064.97874pt x 523.9575pt>
File: figs/q47.png Graphic file (type png)
<use figs/q47.png>
Package pdftex.def Info: figs/q47.png  used on input line 661.
(pdftex.def)             Requested size: 319.4961pt x 157.18846pt.

Underfull \hbox (badness 10000) in paragraph at lines 668--669
[]\OT1/ptm/m/n/14 A re-versible
 []


Underfull \hbox (badness 10000) in paragraph at lines 669--670
[]\OT1/ptm/m/n/14 A re-versible
 []


Underfull \hbox (badness 10000) in paragraph at lines 669--670
\OT1/ptm/m/n/14 a re-versible
 []


Underfull \hbox (badness 10000) in paragraph at lines 670--671
[]\OT1/ptm/m/n/14 An ir-re-
 []


Underfull \hbox (badness 6725) in paragraph at lines 670--671
\OT1/ptm/m/n/14 versible heat
 []


Underfull \hbox (badness 10000) in paragraph at lines 671--672
[]\OT1/ptm/m/n/14 An ir-re-
 []


Underfull \hbox (badness 6725) in paragraph at lines 671--672
\OT1/ptm/m/n/14 versible heat
 []


Underfull \hbox (badness 10000) in paragraph at lines 671--672
\OT1/ptm/m/n/14 ir-re-versible
 []


Underfull \hbox (badness 10000) in paragraph at lines 675--676

 []

[12 <./figs/q47.png>]
Underfull \hbox (badness 10000) in paragraph at lines 679--680
[]\OT1/ptm/m/n/14 The in-ter-nal
 []


Underfull \hbox (badness 10000) in paragraph at lines 679--680
\OT1/ptm/m/n/14 value, but
 []


Underfull \hbox (badness 10000) in paragraph at lines 679--680
\OT1/ptm/m/n/14 the en-thalpy
 []


Underfull \hbox (badness 10000) in paragraph at lines 680--681
[]\OT1/ptm/m/n/14 The in-ter-nal
 []


Underfull \hbox (badness 10000) in paragraph at lines 680--681
\OT1/ptm/m/n/14 value, but
 []


Underfull \hbox (badness 10000) in paragraph at lines 680--681
\OT1/ptm/m/n/14 the en-thalpy
 []


Underfull \hbox (badness 10000) in paragraph at lines 681--682
\OT1/ptm/m/n/14 en-ergy and
 []


Underfull \hbox (badness 10000) in paragraph at lines 681--682
\OT1/ptm/m/n/14 en-thalpy of
 []


Underfull \hbox (badness 10000) in paragraph at lines 681--682
\OT1/ptm/m/n/14 the gas re-
 []


Underfull \hbox (badness 10000) in paragraph at lines 682--683
\OT1/ptm/m/n/14 en-ergy and
 []


Underfull \hbox (badness 10000) in paragraph at lines 682--683
\OT1/ptm/m/n/14 en-thalpy of
 []


Underfull \hbox (badness 10000) in paragraph at lines 682--683
\OT1/ptm/m/n/14 the gas in-
 []

<figs/q49.png, id=67, 328.22626pt x 495.8525pt>
File: figs/q49.png Graphic file (type png)
<use figs/q49.png>
Package pdftex.def Info: figs/q49.png  used on input line 690.
(pdftex.def)             Requested size: 98.46863pt x 148.7569pt.

Underfull \hbox (badness 6204) in paragraph at lines 698--699
[]\OT1/ptm/m/n/14 is less than
 []


Underfull \hbox (badness 10000) in paragraph at lines 699--700
[]\OT1/ptm/m/n/14 is equal to
 []


Underfull \hbox (badness 10000) in paragraph at lines 700--701
[]\OT1/ptm/m/n/14 may be
 []


Underfull \hbox (badness 10000) in paragraph at lines 700--701
\OT1/ptm/m/n/14 greater than,
 []


Underfull \hbox (badness 10000) in paragraph at lines 700--701
\OT1/ptm/m/n/14 less than,
 []


Underfull \hbox (badness 10000) in paragraph at lines 700--701
\OT1/ptm/m/n/14 or equal
 []


Underfull \hbox (badness 10000) in paragraph at lines 700--701
\OT1/ptm/m/n/14 to 350$[]$C,
 []

<figs/q50.png, id=68, 549.05125pt x 520.94624pt>
File: figs/q50.png Graphic file (type png)
<use figs/q50.png>
Package pdftex.def Info: figs/q50.png  used on input line 708.
(pdftex.def)             Requested size: 164.71664pt x 156.28508pt.
[13 <./figs/q49.png>]
<figs/q51.png, id=73, 706.64pt x 501.875pt>
File: figs/q51.png Graphic file (type png)
<use figs/q51.png>
Package pdftex.def Info: figs/q51.png  used on input line 726.
(pdftex.def)             Requested size: 211.99364pt x 150.56366pt.

Underfull \hbox (badness 10000) in paragraph at lines 734--735
[]\OT1/ptm/m/n/14 1.25
 []


Underfull \hbox (badness 10000) in paragraph at lines 735--736
[]\OT1/ptm/m/n/14 2.5
 []


Underfull \hbox (badness 10000) in paragraph at lines 736--737
[]\OT1/ptm/m/n/14 3.75
 []

<figs/q52.png, id=74, 1174.3875pt x 538.01pt>
File: figs/q52.png Graphic file (type png)
<use figs/q52.png>
Package pdftex.def Info: figs/q52.png  used on input line 744.
(pdftex.def)             Requested size: 352.31897pt x 161.40424pt.
[14 <./figs/q50.png> <./figs/q51.png>]
Underfull \hbox (badness 10000) in paragraph at lines 758--759

 []

<figs/q54.png, id=78, 607.26875pt x 465.74pt>
File: figs/q54.png Graphic file (type png)
<use figs/q54.png>
Package pdftex.def Info: figs/q54.png  used on input line 773.
(pdftex.def)             Requested size: 182.18202pt x 139.72307pt.
[15 <./figs/q52.png> <./figs/q54.png>]
Underfull \hbox (badness 10000) in paragraph at lines 787--788

 []

<figs/q56.png, id=82, 755.82375pt x 491.8375pt>
File: figs/q56.png Graphic file (type png)
<use figs/q56.png>
Package pdftex.def Info: figs/q56.png  used on input line 802.
(pdftex.def)             Requested size: 226.74887pt x 147.55238pt.

Underfull \hbox (badness 10000) in paragraph at lines 816--817

 []

[16 <./figs/q56.png>]
Underfull \hbox (badness 10000) in paragraph at lines 820--821
\OT1/ptm/m/n/14 is both re-
 []


Underfull \hbox (badness 10000) in paragraph at lines 820--821
\OT1/ptm/m/n/14 versible and
 []


Underfull \hbox (badness 10000) in paragraph at lines 821--822
\OT1/ptm/m/n/14 is both re-
 []


Underfull \hbox (badness 10000) in paragraph at lines 821--822
\OT1/ptm/m/n/14 versible and
 []


Underfull \hbox (badness 7558) in paragraph at lines 822--823
[]\OT1/ptm/m/n/14 is valid for
 []


Underfull \hbox (badness 10000) in paragraph at lines 827--828

 []


Underfull \hbox (badness 10000) in paragraph at lines 838--839

 []


Underfull \hbox (badness 10000) in paragraph at lines 843--844
[]\OT1/ptm/m/n/14 both se-
 []


Underfull \hbox (badness 10000) in paragraph at lines 844--845
[]$\OML/cmm/m/it/14.4 F[]\OT1/cmr/m/n/14.4 (\OML/cmm/m/it/14.4 t\OT1/cmr/m/n/14.4 )$ \OT1/ptm/m/n/14 will
 []


Underfull \hbox (badness 10000) in paragraph at lines 844--845
\OT1/ptm/m/n/14 at-tain the
 []


Underfull \hbox (badness 10000) in paragraph at lines 844--845
\OT1/ptm/m/n/14 value $\OML/cmm/m/it/14.4 d[]$
 []


Underfull \hbox (badness 10000) in paragraph at lines 845--846
[]$\OML/cmm/m/it/14.4 F[]\OT1/cmr/m/n/14.4 (\OML/cmm/m/it/14.4 t\OT1/cmr/m/n/14.4 )$ \OT1/ptm/m/n/14 will
 []


Underfull \hbox (badness 10000) in paragraph at lines 845--846
\OT1/ptm/m/n/14 at-tain the
 []


Underfull \hbox (badness 10000) in paragraph at lines 845--846
\OT1/ptm/m/n/14 value $\OML/cmm/m/it/14.4 d[]$
 []

File: figs/q35.png Graphic file (type png)
<use figs/q35.png>
Package pdftex.def Info: figs/q35.png  used on input line 853.
(pdftex.def)             Requested size: 238.19171pt x 80.70212pt.
[17]
Underfull \hbox (badness 10000) in paragraph at lines 861--862
[]$\OML/cmm/m/it/14.4 s[] \OT1/cmr/m/n/14.4 =
 []


Underfull \hbox (badness 10000) in paragraph at lines 862--863
[]$\OML/cmm/m/it/14.4 s[] \OT1/cmr/m/n/14.4 =
 []


Underfull \hbox (badness 10000) in paragraph at lines 862--863
[]\OMS/cmsy/m/n/14.4 f\OML/cmm/m/it/14.4 s[] \OMS/cmsy/m/n/14.4 ^^@
 []


Underfull \hbox (badness 10000) in paragraph at lines 862--863
\OML/cmm/m/it/14.4 d[]; s[] \OMS/cmsy/m/n/14.4 ^^@
 []


Underfull \hbox (badness 10000) in paragraph at lines 863--864
[]$\OML/cmm/m/it/14.4 s[] \OT1/cmr/m/n/14.4 =
 []


Underfull \hbox (badness 10000) in paragraph at lines 863--864
[]\OMS/cmsy/m/n/14.4 f\OML/cmm/m/it/14.4 s[] \OT1/cmr/m/n/14.4 +
 []


Underfull \hbox (badness 10000) in paragraph at lines 863--864
\OML/cmm/m/it/14.4 d[]; s[] \OT1/cmr/m/n/14.4 +
 []


Underfull \hbox (badness 10000) in paragraph at lines 864--865
[]$\OML/cmm/m/it/14.4 s[] \OT1/cmr/m/n/14.4 =
 []


Overfull \hbox (10.1258pt too wide) in paragraph at lines 864--865
[]\OMS/cmsy/m/n/14.4 f\OML/cmm/m/it/14.4 d[]; d[]\OMS/cmsy/m/n/14.4 g$ 
 []

<figs/q61.png, id=89, 733.74126pt x 484.81125pt>
File: figs/q61.png Graphic file (type png)
<use figs/q61.png>
Package pdftex.def Info: figs/q61.png  used on input line 872.
(pdftex.def)             Requested size: 220.12407pt x 145.44449pt.

Underfull \hbox (badness 10000) in paragraph at lines 876--877

 []

<figs/q62.png, id=90, 657.45625pt x 232.87pt>
File: figs/q62.png Graphic file (type png)
<use figs/q62.png>
Package pdftex.def Info: figs/q62.png  used on input line 899.
(pdftex.def)             Requested size: 197.23839pt x 69.86153pt.

Underfull \hbox (badness 10000) in paragraph at lines 913--914

 []

[18 <./figs/q61.png> <./figs/q62.png>]
Underfull \hbox (badness 10000) in paragraph at lines 924--925

 []


Underfull \hbox (badness 10000) in paragraph at lines 935--936

 []


Underfull \hbox (badness 10000) in paragraph at lines 946--947

 []


Underfull \hbox (badness 10000) in paragraph at lines 957--958

 []


Underfull \hbox (badness 10000) in paragraph at lines 968--969

 []

[19]
Underfull \hbox (badness 10000) in paragraph at lines 972--973
[]\OT1/ptm/m/n/14 Buckling
 []


Underfull \hbox (badness 10000) in paragraph at lines 972--973
\OT1/ptm/m/n/14 due to cir-
 []


Underfull \hbox (badness 10000) in paragraph at lines 972--973
\OT1/ptm/m/n/14 cum-fer-en-tial
 []


Underfull \hbox (badness 10000) in paragraph at lines 972--973
\OT1/ptm/m/n/14 com-pres-
 []


Underfull \hbox (badness 8132) in paragraph at lines 972--973
\OT1/ptm/m/n/14 blank holder
 []


Underfull \hbox (badness 10000) in paragraph at lines 973--974
[]\OT1/ptm/m/n/14 High blank
 []


Underfull \hbox (badness 10000) in paragraph at lines 973--974
\OT1/ptm/m/n/14 holder pres-
 []


Underfull \hbox (badness 10000) in paragraph at lines 973--974
\OT1/ptm/m/n/14 sure and
 []


Underfull \hbox (badness 10000) in paragraph at lines 973--974
\OT1/ptm/m/n/14 holder pres-
 []


Underfull \hbox (badness 10000) in paragraph at lines 974--975
\OT1/ptm/m/n/14 in-crease in
 []


Underfull \hbox (badness 10000) in paragraph at lines 974--975
\OT1/ptm/m/n/14 cir-cum-fer-en-
 []


Underfull \hbox (badness 10000) in paragraph at lines 974--975
\OT1/ptm/m/n/14 tial length;
 []


Underfull \hbox (badness 10000) in paragraph at lines 975--976
[]\OT1/ptm/m/n/14 Buckling
 []


Underfull \hbox (badness 10000) in paragraph at lines 975--976
\OT1/ptm/m/n/14 due to cir-
 []


Underfull \hbox (badness 10000) in paragraph at lines 975--976
\OT1/ptm/m/n/14 cum-fer-en-tial
 []


Underfull \hbox (badness 10000) in paragraph at lines 975--976
\OT1/ptm/m/n/14 com-pres-sion;
 []


Underfull \hbox (badness 10000) in paragraph at lines 975--976
\OT1/ptm/m/n/14 de-crease
 []


Underfull \hbox (badness 8132) in paragraph at lines 975--976
\OT1/ptm/m/n/14 blank holder
 []

<figs/q69.png, id=98, 1328.965pt x 391.4625pt>
File: figs/q69.png Graphic file (type png)
<use figs/q69.png>
Package pdftex.def Info: figs/q69.png  used on input line 983.
(pdftex.def)             Requested size: 398.69258pt x 117.43965pt.
[20 <./figs/q69.png>]
<figs/q70.png, id=102, 628.3475pt x 586.19pt>
File: figs/q70.png Graphic file (type png)
<use figs/q70.png>
Package pdftex.def Info: figs/q70.png  used on input line 1002.
(pdftex.def)             Requested size: 188.50569pt x 175.85835pt.

Underfull \hbox (badness 10000) in paragraph at lines 1010--1011
[]\OT1/ptm/m/n/14 The drill
 []


Underfull \hbox (badness 10000) in paragraph at lines 1010--1011
\OT1/ptm/m/n/14 spin-dle ro-
 []


Underfull \hbox (badness 10000) in paragraph at lines 1010--1011
\OT1/ptm/m/n/14 ta-tional axis
 []


Underfull \hbox (badness 6204) in paragraph at lines 1010--1011
\OT1/ptm/m/n/14 is co-in-ci-dent
 []


Underfull \hbox (badness 10000) in paragraph at lines 1017--1019

 []

<figs/q71.png, id=103, 590.205pt x 451.6875pt>
File: figs/q71.png Graphic file (type png)
<use figs/q71.png>
Package pdftex.def Info: figs/q71.png  used on input line 1024.
(pdftex.def)             Requested size: 177.06287pt x 135.5073pt.
[21 <./figs/q70.png>]
Underfull \hbox (badness 10000) in paragraph at lines 1038--1039

 []


Underfull \hbox (badness 10000) in paragraph at lines 1042--1043
[]\OT1/ptm/m/n/12 superheated
 []


Underfull \hbox (badness 10000) in paragraph at lines 1042--1043
\OT1/ptm/m/n/12 vapour will
 []


Underfull \hbox (badness 10000) in paragraph at lines 1044--1045
[]\OT1/ptm/m/n/12 a liq-uid +
 []


Underfull \hbox (badness 5245) in paragraph at lines 1044--1045
\OT1/ptm/m/n/12 vapour mix-ture
 []


Underfull \hbox (badness 10000) in paragraph at lines 1049--1050

 []


Underfull \hbox (badness 10000) in paragraph at lines 1060--1061

 []


Underfull \hbox (badness 10000) in paragraph at lines 1071--1078

 []


Underfull \hbox (badness 10000) in paragraph at lines 1079--1080

 []


Underfull \hbox (badness 10000) in paragraph at lines 1079--1080

 []

[22 <./figs/q71.png>]
Underfull \hbox (badness 8019) in paragraph at lines 1103--1104
\OT1/ptm/m/n/12 unique op-ti-mal
 []


Underfull \hbox (badness 10000) in paragraph at lines 1104--1105
\OT1/ptm/m/n/12 that is not
 []


Underfull \hbox (badness 10000) in paragraph at lines 1110--1111

 []


Underfull \hbox (badness 10000) in paragraph at lines 1137--1139

 []


Underfull \hbox (badness 10000) in paragraph at lines 1137--1139

 []

<figs/q76.png, id=113, 705.63625pt x 512.91624pt>
File: figs/q76.png Graphic file (type png)
<use figs/q76.png>
Package pdftex.def Info: figs/q76.png  used on input line 1144.
(pdftex.def)             Requested size: 211.6925pt x 153.87605pt.

Underfull \hbox (badness 10000) in paragraph at lines 1149--1150

 []


Underfull \hbox (badness 10000) in paragraph at lines 1160--1161

 []

[23 <./figs/q76.png>]
<figs/q78.png, id=117, 1196.47pt x 496.85625pt>
File: figs/q78.png Graphic file (type png)
<use figs/q78.png>
Package pdftex.def Info: figs/q78.png  used on input line 1176.
(pdftex.def)             Requested size: 358.94377pt x 149.05801pt.

Underfull \hbox (badness 10000) in paragraph at lines 1180--1181

 []


Underfull \hbox (badness 10000) in paragraph at lines 1191--1192

 []

<figs/q80.png, id=118, 992.70876pt x 411.5375pt>
File: figs/q80.png Graphic file (type png)
<use figs/q80.png>
Package pdftex.def Info: figs/q80.png  used on input line 1207.
(pdftex.def)             Requested size: 297.81493pt x 123.4622pt.

Underfull \hbox (badness 10000) in paragraph at lines 1211--1212

 []

[24 <./figs/q78.png> <./figs/q80.png>]
Underfull \hbox (badness 10000) in paragraph at lines 1222--1223

 []


Underfull \hbox (badness 10000) in paragraph at lines 1235--1236

 []


Underfull \hbox (badness 10000) in paragraph at lines 1246--1247

 []

<figs/q84.png, id=122, 1489.565pt x 217.81375pt>
File: figs/q84.png Graphic file (type png)
<use figs/q84.png>
Package pdftex.def Info: figs/q84.png  used on input line 1262.
(pdftex.def)             Requested size: 446.87296pt x 65.34462pt.

Overfull \hbox (28.61928pt too wide) in paragraph at lines 1262--1263
 [][] 
 []


Underfull \hbox (badness 10000) in paragraph at lines 1266--1267

 []


Underfull \hbox (badness 10000) in paragraph at lines 1277--1278

 []

[25 <./figs/q84.png>] [26] (./main.aux)
 ***********
LaTeX2e <2023-11-01> patch level 1
L3 programming layer <2024-01-22>
 ***********


LaTeX Warning: There were multiply-defined labels.

 ) 
Here is how much of TeX's memory you used:
 15406 strings out of 474222
 319885 string characters out of 5748734
 1942975 words of memory out of 5000000
 37412 multiletter control sequences out of 15000+600000
 594025 words of font info for 103 fonts, out of 8000000 for 9000
 1141 hyphenation exceptions out of 8191
 84i,14n,93p,1014b,836s stack positions out of 10000i,1000n,20000p,200000b,200000s
</usr/share/texlive/texmf-dist/fonts/type1/public/amsfonts/cm/cmex10.pfb></usr/share/texlive/texmf-dist/fonts/type1/public/amsfonts/cm/cmmi10.pfb></usr/share/texlive/texmf-dist/fonts/type1/public/amsfonts/cm/cmmi12.pfb></usr/share/texlive/texmf-dist/fonts/type1/public/amsfonts/cm/cmmi7.pfb></usr/share/texlive/texmf-dist/fonts/type1/public/amsfonts/cm/cmmi8.pfb></usr/share/texlive/texmf-dist/fonts/type1/public/amsfonts/cm/cmr10.pfb></usr/share/texlive/texmf-dist/fonts/type1/public/amsfonts/cm/cmr12.pfb></usr/share/texlive/texmf-dist/fonts/type1/public/amsfonts/cm/cmr6.pfb></usr/share/texlive/texmf-dist/fonts/type1/public/amsfonts/cm/cmr7.pfb></usr/share/texlive/texmf-dist/fonts/type1/public/amsfonts/cm/cmr8.pfb></usr/share/texlive/texmf-dist/fonts/type1/public/amsfonts/cm/cmsy10.pfb></usr/share/texlive/texmf-dist/fonts/type1/public/amsfonts/cm/cmsy7.pfb></usr/share/texlive/texmf-dist/fonts/type1/public/amsfonts/cm/cmsy8.pfb></usr/share/texlive/texmf-dist/fonts/type1/urw/times/utmb8a.pfb></usr/share/texlive/texmf-dist/fonts/type1/urw/times/utmbi8a.pfb></usr/share/texlive/texmf-dist/fonts/type1/urw/times/utmr8a.pfb></usr/share/texlive/texmf-dist/fonts/type1/urw/times/utmri8a.pfb>
Output written on main.pdf (26 pages, 4188497 bytes).
PDF statistics:
 204 PDF objects out of 1000 (max. 8388607)
 115 compressed objects within 2 object streams
 0 named destinations out of 1000 (max. 500000)
 123 words of extra memory for PDF output out of 10000 (max. 10000000)

