This is pdfTeX, Version 3.141592653-2.6-1.40.27 (TeX Live 2026/dev/Arch Linux) (preloaded format=pdflatex 2025.8.2)  12 AUG 2025 17:53
entering extended mode
 restricted \write18 enabled.
 file:line:error style messages enabled.
 %&-line parsing enabled.
**/home/vivaan/workingfolder/college/matrix/ee1030-2025/ai25btech11040/GATE/2008/ME/ME.tex
(/home/vivaan/workingfolder/college/matrix/ee1030-2025/ai25btech11040/GATE/2008/ME/ME.tex
LaTeX2e <2024-11-01> patch level 2
L3 programming layer <2025-01-18>
(/usr/share/texmf-dist/tex/latex/exam/exam.cls
Document Class: exam 2023/07/09 Version 2.704 by Philip Hirschhorn
(/usr/share/texmf-dist/tex/latex/base/ifthen.sty
Package: ifthen 2024/03/16 v1.1e Standard LaTeX ifthen package (DPC)
) (/usr/share/texmf-dist/tex/latex/base/article.cls
Document Class: article 2024/06/29 v1.4n Standard LaTeX document class
(/usr/share/texmf-dist/tex/latex/base/size11.clo
File: size11.clo 2024/06/29 v1.4n Standard LaTeX file (size option)
)
\c@part=\count196
\c@section=\count197
\c@subsection=\count198
\c@subsubsection=\count199
\c@paragraph=\count266
\c@subparagraph=\count267
\c@figure=\count268
\c@table=\count269
\abovecaptionskip=\skip49
\belowcaptionskip=\skip50
\bibindent=\dimen141
)
\@extrawidth=\skip51
\@rightmargin=\skip52
\@extrahead=\skip53
\@extrafoot=\skip54
\run@exhd=\skip55
\fp@exhd=\skip56
\run@exft=\skip57
\fp@exft=\skip58
\covrun@exhd=\skip59
\covfp@exhd=\skip60
\covrun@exft=\skip61
\covfp@exft=\skip62
\c@num@coverpages=\count270
\c@latest@ques=\count271
\c@ques@end=\count272
\c@last@object=\count273
\c@incmp@ques=\count274
\c@next@ques=\count275
\c@next@page=\count276
\c@tmp@hlfcntr=\count277
\c@ifpos@cntr=\count278
\c@question=\count279
\c@partno=\count280
\c@subpart=\count281
\c@subsubpart=\count282
\c@choice=\count283
\c@numpoints=\count284
\c@numbonuspoints=\count285
\c@pointsof@thisquestion=\count286
\c@bonuspointsof@thisquestion=\count287
\c@numquestions=\count288
\c@numparts=\count289
\c@numsubparts=\count290
\c@numsubsubparts=\count291
\c@Curr@Page=\count292
\c@@pagepoints=\count293
\c@@pagebonuspoints=\count294
\c@pageof@pagepoints=\count295
\c@pageof@pagebonuspoints=\count296
\c@latest@points=\count297
\c@latest@bonuspoints=\count298
\pageinfo@commands=\toks17
\temp@toks=\toks18
\pagepoint@commands=\toks19
\point@toks=\toks20
\c@ques@object=\count299
\marginpointssep=\skip63
\rightpointsmargin=\skip64
\choice@toks=\toks21
\answerlinelength=\skip65
\answerskip=\skip66
\answerclearance=\skip67
\fillinlinelength=\skip68
\linefillheight=\skip69
\linefillthickness=\skip70
\dottedlinefillheight=\skip71
\gridsize=\skip72
\gridlinewidth=\skip73
\minboxheight=\skip74
\c@@iterator=\count300
\@cellwidth=\skip75
\c@tbl@points=\count301
\c@tbl@bonuspoints=\count302
\c@pq@index=\count303
\c@pq@index@pts=\count304
\c@pq@index@bpts=\count305
\c@num@cols=\count306
\c@num@rows=\count307
\c@current@row=\count308
\c@cols@done=\count309
\c@exam@saved@eqnum=\count310
\exam@box=\box52
\saved@totalleftmargin=\dimen142
\@sollistdepth=\count311
\exam@FrameRule=\dimen143
\exam@FrameSep=\dimen144
) (/usr/share/texmf-dist/tex/latex/geometry/geometry.sty
Package: geometry 2020/01/02 v5.9 Page Geometry
 (/usr/share/texmf-dist/tex/latex/graphics/keyval.sty
Package: keyval 2022/05/29 v1.15 key=value parser (DPC)
\KV@toks@=\toks22
) (/usr/share/texmf-dist/tex/generic/iftex/ifvtex.sty
Package: ifvtex 2019/10/25 v1.7 ifvtex legacy package. Use iftex instead.
 (/usr/share/texmf-dist/tex/generic/iftex/iftex.sty
Package: iftex 2024/12/12 v1.0g TeX engine tests
))
\Gm@cnth=\count312
\Gm@cntv=\count313
\c@Gm@tempcnt=\count314
\Gm@bindingoffset=\dimen145
\Gm@wd@mp=\dimen146
\Gm@odd@mp=\dimen147
\Gm@even@mp=\dimen148
\Gm@layoutwidth=\dimen149
\Gm@layoutheight=\dimen150
\Gm@layouthoffset=\dimen151
\Gm@layoutvoffset=\dimen152
\Gm@dimlist=\toks23
) (/usr/share/texmf-dist/tex/latex/amsmath/amsmath.sty
Package: amsmath 2024/11/05 v2.17t AMS math features
\@mathmargin=\skip76

For additional information on amsmath, use the `?' option.
(/usr/share/texmf-dist/tex/latex/amsmath/amstext.sty
Package: amstext 2021/08/26 v2.01 AMS text
 (/usr/share/texmf-dist/tex/latex/amsmath/amsgen.sty
File: amsgen.sty 1999/11/30 v2.0 generic functions
\@emptytoks=\toks24
\ex@=\dimen153
)) (/usr/share/texmf-dist/tex/latex/amsmath/amsbsy.sty
Package: amsbsy 1999/11/29 v1.2d Bold Symbols
\pmbraise@=\dimen154
) (/usr/share/texmf-dist/tex/latex/amsmath/amsopn.sty
Package: amsopn 2022/04/08 v2.04 operator names
)
\inf@bad=\count315
LaTeX Info: Redefining \frac on input line 233.
\uproot@=\count316
\leftroot@=\count317
LaTeX Info: Redefining \overline on input line 398.
LaTeX Info: Redefining \colon on input line 409.
\classnum@=\count318
\DOTSCASE@=\count319
LaTeX Info: Redefining \ldots on input line 495.
LaTeX Info: Redefining \dots on input line 498.
LaTeX Info: Redefining \cdots on input line 619.
\Mathstrutbox@=\box53
\strutbox@=\box54
LaTeX Info: Redefining \big on input line 721.
LaTeX Info: Redefining \Big on input line 722.
LaTeX Info: Redefining \bigg on input line 723.
LaTeX Info: Redefining \Bigg on input line 724.
\big@size=\dimen155
LaTeX Font Info:    Redeclaring font encoding OML on input line 742.
LaTeX Font Info:    Redeclaring font encoding OMS on input line 743.
\macc@depth=\count320
LaTeX Info: Redefining \bmod on input line 904.
LaTeX Info: Redefining \pmod on input line 909.
LaTeX Info: Redefining \smash on input line 939.
LaTeX Info: Redefining \relbar on input line 969.
LaTeX Info: Redefining \Relbar on input line 970.
\c@MaxMatrixCols=\count321
\dotsspace@=\muskip17
\c@parentequation=\count322
\dspbrk@lvl=\count323
\tag@help=\toks25
\row@=\count324
\column@=\count325
\maxfields@=\count326
\andhelp@=\toks26
\eqnshift@=\dimen156
\alignsep@=\dimen157
\tagshift@=\dimen158
\tagwidth@=\dimen159
\totwidth@=\dimen160
\lineht@=\dimen161
\@envbody=\toks27
\multlinegap=\skip77
\multlinetaggap=\skip78
\mathdisplay@stack=\toks28
LaTeX Info: Redefining \[ on input line 2953.
LaTeX Info: Redefining \] on input line 2954.
) (/usr/share/texmf-dist/tex/latex/graphics/graphicx.sty
Package: graphicx 2021/09/16 v1.2d Enhanced LaTeX Graphics (DPC,SPQR)
 (/usr/share/texmf-dist/tex/latex/graphics/graphics.sty
Package: graphics 2024/08/06 v1.4g Standard LaTeX Graphics (DPC,SPQR)
 (/usr/share/texmf-dist/tex/latex/graphics/trig.sty
Package: trig 2023/12/02 v1.11 sin cos tan (DPC)
) (/usr/share/texmf-dist/tex/latex/graphics-cfg/graphics.cfg
File: graphics.cfg 2016/06/04 v1.11 sample graphics configuration
)
Package graphics Info: Driver file: pdftex.def on input line 106.
 (/usr/share/texmf-dist/tex/latex/graphics-def/pdftex.def
File: pdftex.def 2024/04/13 v1.2c Graphics/color driver for pdftex
))
\Gin@req@height=\dimen162
\Gin@req@width=\dimen163
) (/usr/share/texmf-dist/tex/latex/pgf/frontendlayer/tikz.sty (/usr/share/texmf-dist/tex/latex/pgf/basiclayer/pgf.sty (/usr/share/texmf-dist/tex/latex/pgf/utilities/pgfrcs.sty (/usr/share/texmf-dist/tex/generic/pgf/utilities/pgfutil-common.tex
\pgfutil@everybye=\toks29
\pgfutil@tempdima=\dimen164
\pgfutil@tempdimb=\dimen165
) (/usr/share/texmf-dist/tex/generic/pgf/utilities/pgfutil-latex.def
\pgfutil@abb=\box55
) (/usr/share/texmf-dist/tex/generic/pgf/utilities/pgfrcs.code.tex (/usr/share/texmf-dist/tex/generic/pgf/pgf.revision.tex)
Package: pgfrcs 2023-01-15 v3.1.10 (3.1.10)
))
Package: pgf 2023-01-15 v3.1.10 (3.1.10)
 (/usr/share/texmf-dist/tex/latex/pgf/basiclayer/pgfcore.sty (/usr/share/texmf-dist/tex/latex/pgf/systemlayer/pgfsys.sty (/usr/share/texmf-dist/tex/generic/pgf/systemlayer/pgfsys.code.tex
Package: pgfsys 2023-01-15 v3.1.10 (3.1.10)
 (/usr/share/texmf-dist/tex/generic/pgf/utilities/pgfkeys.code.tex
\pgfkeys@pathtoks=\toks30
\pgfkeys@temptoks=\toks31
 (/usr/share/texmf-dist/tex/generic/pgf/utilities/pgfkeyslibraryfiltered.code.tex
\pgfkeys@tmptoks=\toks32
))
\pgf@x=\dimen166
\pgf@y=\dimen167
\pgf@xa=\dimen168
\pgf@ya=\dimen169
\pgf@xb=\dimen170
\pgf@yb=\dimen171
\pgf@xc=\dimen172
\pgf@yc=\dimen173
\pgf@xd=\dimen174
\pgf@yd=\dimen175
\w@pgf@writea=\write3
\r@pgf@reada=\read2
\c@pgf@counta=\count327
\c@pgf@countb=\count328
\c@pgf@countc=\count329
\c@pgf@countd=\count330
\t@pgf@toka=\toks33
\t@pgf@tokb=\toks34
\t@pgf@tokc=\toks35
\pgf@sys@id@count=\count331
 (/usr/share/texmf-dist/tex/generic/pgf/systemlayer/pgf.cfg
File: pgf.cfg 2023-01-15 v3.1.10 (3.1.10)
)
Driver file for pgf: pgfsys-pdftex.def
 (/usr/share/texmf-dist/tex/generic/pgf/systemlayer/pgfsys-pdftex.def
File: pgfsys-pdftex.def 2023-01-15 v3.1.10 (3.1.10)
 (/usr/share/texmf-dist/tex/generic/pgf/systemlayer/pgfsys-common-pdf.def
File: pgfsys-common-pdf.def 2023-01-15 v3.1.10 (3.1.10)
))) (/usr/share/texmf-dist/tex/generic/pgf/systemlayer/pgfsyssoftpath.code.tex
File: pgfsyssoftpath.code.tex 2023-01-15 v3.1.10 (3.1.10)
\pgfsyssoftpath@smallbuffer@items=\count332
\pgfsyssoftpath@bigbuffer@items=\count333
) (/usr/share/texmf-dist/tex/generic/pgf/systemlayer/pgfsysprotocol.code.tex
File: pgfsysprotocol.code.tex 2023-01-15 v3.1.10 (3.1.10)
)) (/usr/share/texmf-dist/tex/latex/xcolor/xcolor.sty
Package: xcolor 2024/09/29 v3.02 LaTeX color extensions (UK)
 (/usr/share/texmf-dist/tex/latex/graphics-cfg/color.cfg
File: color.cfg 2016/01/02 v1.6 sample color configuration
)
Package xcolor Info: Driver file: pdftex.def on input line 274.
 (/usr/share/texmf-dist/tex/latex/graphics/mathcolor.ltx)
Package xcolor Info: Model `cmy' substituted by `cmy0' on input line 1349.
Package xcolor Info: Model `hsb' substituted by `rgb' on input line 1353.
Package xcolor Info: Model `RGB' extended on input line 1365.
Package xcolor Info: Model `HTML' substituted by `rgb' on input line 1367.
Package xcolor Info: Model `Hsb' substituted by `hsb' on input line 1368.
Package xcolor Info: Model `tHsb' substituted by `hsb' on input line 1369.
Package xcolor Info: Model `HSB' substituted by `hsb' on input line 1370.
Package xcolor Info: Model `Gray' substituted by `gray' on input line 1371.
Package xcolor Info: Model `wave' substituted by `hsb' on input line 1372.
) (/usr/share/texmf-dist/tex/generic/pgf/basiclayer/pgfcore.code.tex
Package: pgfcore 2023-01-15 v3.1.10 (3.1.10)
 (/usr/share/texmf-dist/tex/generic/pgf/math/pgfmath.code.tex (/usr/share/texmf-dist/tex/generic/pgf/math/pgfmathutil.code.tex) (/usr/share/texmf-dist/tex/generic/pgf/math/pgfmathparser.code.tex
\pgfmath@dimen=\dimen176
\pgfmath@count=\count334
\pgfmath@box=\box56
\pgfmath@toks=\toks36
\pgfmath@stack@operand=\toks37
\pgfmath@stack@operation=\toks38
) (/usr/share/texmf-dist/tex/generic/pgf/math/pgfmathfunctions.code.tex) (/usr/share/texmf-dist/tex/generic/pgf/math/pgfmathfunctions.basic.code.tex) (/usr/share/texmf-dist/tex/generic/pgf/math/pgfmathfunctions.trigonometric.code.tex) (/usr/share/texmf-dist/tex/generic/pgf/math/pgfmathfunctions.random.code.tex) (/usr/share/texmf-dist/tex/generic/pgf/math/pgfmathfunctions.comparison.code.tex) (/usr/share/texmf-dist/tex/generic/pgf/math/pgfmathfunctions.base.code.tex) (/usr/share/texmf-dist/tex/generic/pgf/math/pgfmathfunctions.round.code.tex) (/usr/share/texmf-dist/tex/generic/pgf/math/pgfmathfunctions.misc.code.tex) (/usr/share/texmf-dist/tex/generic/pgf/math/pgfmathfunctions.integerarithmetics.code.tex) (/usr/share/texmf-dist/tex/generic/pgf/math/pgfmathcalc.code.tex) (/usr/share/texmf-dist/tex/generic/pgf/math/pgfmathfloat.code.tex
\c@pgfmathroundto@lastzeros=\count335
)) (/usr/share/texmf-dist/tex/generic/pgf/math/pgfint.code.tex) (/usr/share/texmf-dist/tex/generic/pgf/basiclayer/pgfcorepoints.code.tex
File: pgfcorepoints.code.tex 2023-01-15 v3.1.10 (3.1.10)
\pgf@picminx=\dimen177
\pgf@picmaxx=\dimen178
\pgf@picminy=\dimen179
\pgf@picmaxy=\dimen180
\pgf@pathminx=\dimen181
\pgf@pathmaxx=\dimen182
\pgf@pathminy=\dimen183
\pgf@pathmaxy=\dimen184
\pgf@xx=\dimen185
\pgf@xy=\dimen186
\pgf@yx=\dimen187
\pgf@yy=\dimen188
\pgf@zx=\dimen189
\pgf@zy=\dimen190
) (/usr/share/texmf-dist/tex/generic/pgf/basiclayer/pgfcorepathconstruct.code.tex
File: pgfcorepathconstruct.code.tex 2023-01-15 v3.1.10 (3.1.10)
\pgf@path@lastx=\dimen191
\pgf@path@lasty=\dimen192
) (/usr/share/texmf-dist/tex/generic/pgf/basiclayer/pgfcorepathusage.code.tex
File: pgfcorepathusage.code.tex 2023-01-15 v3.1.10 (3.1.10)
\pgf@shorten@end@additional=\dimen193
\pgf@shorten@start@additional=\dimen194
) (/usr/share/texmf-dist/tex/generic/pgf/basiclayer/pgfcorescopes.code.tex
File: pgfcorescopes.code.tex 2023-01-15 v3.1.10 (3.1.10)
\pgfpic=\box57
\pgf@hbox=\box58
\pgf@layerbox@main=\box59
\pgf@picture@serial@count=\count336
) (/usr/share/texmf-dist/tex/generic/pgf/basiclayer/pgfcoregraphicstate.code.tex
File: pgfcoregraphicstate.code.tex 2023-01-15 v3.1.10 (3.1.10)
\pgflinewidth=\dimen195
) (/usr/share/texmf-dist/tex/generic/pgf/basiclayer/pgfcoretransformations.code.tex
File: pgfcoretransformations.code.tex 2023-01-15 v3.1.10 (3.1.10)
\pgf@pt@x=\dimen196
\pgf@pt@y=\dimen197
\pgf@pt@temp=\dimen198
) (/usr/share/texmf-dist/tex/generic/pgf/basiclayer/pgfcorequick.code.tex
File: pgfcorequick.code.tex 2023-01-15 v3.1.10 (3.1.10)
) (/usr/share/texmf-dist/tex/generic/pgf/basiclayer/pgfcoreobjects.code.tex
File: pgfcoreobjects.code.tex 2023-01-15 v3.1.10 (3.1.10)
) (/usr/share/texmf-dist/tex/generic/pgf/basiclayer/pgfcorepathprocessing.code.tex
File: pgfcorepathprocessing.code.tex 2023-01-15 v3.1.10 (3.1.10)
) (/usr/share/texmf-dist/tex/generic/pgf/basiclayer/pgfcorearrows.code.tex
File: pgfcorearrows.code.tex 2023-01-15 v3.1.10 (3.1.10)
\pgfarrowsep=\dimen199
) (/usr/share/texmf-dist/tex/generic/pgf/basiclayer/pgfcoreshade.code.tex
File: pgfcoreshade.code.tex 2023-01-15 v3.1.10 (3.1.10)
\pgf@max=\dimen256
\pgf@sys@shading@range@num=\count337
\pgf@shadingcount=\count338
) (/usr/share/texmf-dist/tex/generic/pgf/basiclayer/pgfcoreimage.code.tex
File: pgfcoreimage.code.tex 2023-01-15 v3.1.10 (3.1.10)
) (/usr/share/texmf-dist/tex/generic/pgf/basiclayer/pgfcoreexternal.code.tex
File: pgfcoreexternal.code.tex 2023-01-15 v3.1.10 (3.1.10)
\pgfexternal@startupbox=\box60
) (/usr/share/texmf-dist/tex/generic/pgf/basiclayer/pgfcorelayers.code.tex
File: pgfcorelayers.code.tex 2023-01-15 v3.1.10 (3.1.10)
) (/usr/share/texmf-dist/tex/generic/pgf/basiclayer/pgfcoretransparency.code.tex
File: pgfcoretransparency.code.tex 2023-01-15 v3.1.10 (3.1.10)
) (/usr/share/texmf-dist/tex/generic/pgf/basiclayer/pgfcorepatterns.code.tex
File: pgfcorepatterns.code.tex 2023-01-15 v3.1.10 (3.1.10)
) (/usr/share/texmf-dist/tex/generic/pgf/basiclayer/pgfcorerdf.code.tex
File: pgfcorerdf.code.tex 2023-01-15 v3.1.10 (3.1.10)
))) (/usr/share/texmf-dist/tex/generic/pgf/modules/pgfmoduleshapes.code.tex
File: pgfmoduleshapes.code.tex 2023-01-15 v3.1.10 (3.1.10)
\pgfnodeparttextbox=\box61
) (/usr/share/texmf-dist/tex/generic/pgf/modules/pgfmoduleplot.code.tex
File: pgfmoduleplot.code.tex 2023-01-15 v3.1.10 (3.1.10)
) (/usr/share/texmf-dist/tex/latex/pgf/compatibility/pgfcomp-version-0-65.sty
Package: pgfcomp-version-0-65 2023-01-15 v3.1.10 (3.1.10)
\pgf@nodesepstart=\dimen257
\pgf@nodesepend=\dimen258
) (/usr/share/texmf-dist/tex/latex/pgf/compatibility/pgfcomp-version-1-18.sty
Package: pgfcomp-version-1-18 2023-01-15 v3.1.10 (3.1.10)
)) (/usr/share/texmf-dist/tex/latex/pgf/utilities/pgffor.sty (/usr/share/texmf-dist/tex/latex/pgf/utilities/pgfkeys.sty (/usr/share/texmf-dist/tex/generic/pgf/utilities/pgfkeys.code.tex)) (/usr/share/texmf-dist/tex/latex/pgf/math/pgfmath.sty (/usr/share/texmf-dist/tex/generic/pgf/math/pgfmath.code.tex)) (/usr/share/texmf-dist/tex/generic/pgf/utilities/pgffor.code.tex
Package: pgffor 2023-01-15 v3.1.10 (3.1.10)
\pgffor@iter=\dimen259
\pgffor@skip=\dimen260
\pgffor@stack=\toks39
\pgffor@toks=\toks40
)) (/usr/share/texmf-dist/tex/generic/pgf/frontendlayer/tikz/tikz.code.tex
Package: tikz 2023-01-15 v3.1.10 (3.1.10)
 (/usr/share/texmf-dist/tex/generic/pgf/libraries/pgflibraryplothandlers.code.tex
File: pgflibraryplothandlers.code.tex 2023-01-15 v3.1.10 (3.1.10)
\pgf@plot@mark@count=\count339
\pgfplotmarksize=\dimen261
)
\tikz@lastx=\dimen262
\tikz@lasty=\dimen263
\tikz@lastxsaved=\dimen264
\tikz@lastysaved=\dimen265
\tikz@lastmovetox=\dimen266
\tikz@lastmovetoy=\dimen267
\tikzleveldistance=\dimen268
\tikzsiblingdistance=\dimen269
\tikz@figbox=\box62
\tikz@figbox@bg=\box63
\tikz@tempbox=\box64
\tikz@tempbox@bg=\box65
\tikztreelevel=\count340
\tikznumberofchildren=\count341
\tikznumberofcurrentchild=\count342
\tikz@fig@count=\count343
 (/usr/share/texmf-dist/tex/generic/pgf/modules/pgfmodulematrix.code.tex
File: pgfmodulematrix.code.tex 2023-01-15 v3.1.10 (3.1.10)
\pgfmatrixcurrentrow=\count344
\pgfmatrixcurrentcolumn=\count345
\pgf@matrix@numberofcolumns=\count346
)
\tikz@expandcount=\count347
 (/usr/share/texmf-dist/tex/generic/pgf/frontendlayer/tikz/libraries/tikzlibrarytopaths.code.tex
File: tikzlibrarytopaths.code.tex 2023-01-15 v3.1.10 (3.1.10)
))) (/usr/share/texmf-dist/tex/generic/pgf/frontendlayer/tikz/libraries/tikzlibraryarrows.code.tex
File: tikzlibraryarrows.code.tex 2023-01-15 v3.1.10 (3.1.10)
 (/usr/share/texmf-dist/tex/generic/pgf/libraries/pgflibraryarrows.code.tex
File: pgflibraryarrows.code.tex 2023-01-15 v3.1.10 (3.1.10)
\arrowsize=\dimen270
)) (/usr/share/texmf-dist/tex/generic/pgf/frontendlayer/tikz/libraries/tikzlibrarydecorations.markings.code.tex (/usr/share/texmf-dist/tex/generic/pgf/frontendlayer/tikz/libraries/tikzlibrarydecorations.code.tex (/usr/share/texmf-dist/tex/generic/pgf/modules/pgfmoduledecorations.code.tex
\pgfdecoratedcompleteddistance=\dimen271
\pgfdecoratedremainingdistance=\dimen272
\pgfdecoratedinputsegmentcompleteddistance=\dimen273
\pgfdecoratedinputsegmentremainingdistance=\dimen274
\pgf@decorate@distancetomove=\dimen275
\pgf@decorate@repeatstate=\count348
\pgfdecorationsegmentamplitude=\dimen276
\pgfdecorationsegmentlength=\dimen277
)
\tikz@lib@dec@box=\box66
) (/usr/share/texmf-dist/tex/generic/pgf/libraries/decorations/pgflibrarydecorations.markings.code.tex)) (/usr/share/texmf-dist/tex/latex/xpatch/xpatch.sty (/usr/share/texmf-dist/tex/latex/l3kernel/expl3.sty
Package: expl3 2025-01-18 L3 programming layer (loader) 
 (/usr/share/texmf-dist/tex/latex/l3backend/l3backend-pdftex.def
File: l3backend-pdftex.def 2024-05-08 L3 backend support: PDF output (pdfTeX)
\l__color_backend_stack_int=\count349
\l__pdf_internal_box=\box67
))
Package: xpatch 2020/03/25 v0.3a Extending etoolbox patching commands
 (/usr/share/texmf-dist/tex/latex/l3packages/xparse/xparse.sty
Package: xparse 2024-08-16 L3 Experimental document command parser
) (/usr/share/texmf-dist/tex/latex/etoolbox/etoolbox.sty
Package: etoolbox 2025/02/11 v2.5l e-TeX tools for LaTeX (JAW)
\etb@tempcnta=\count350
)) (./ME.aux)
\openout1 = `ME.aux'.

LaTeX Font Info:    Checking defaults for OML/cmm/m/it on input line 27.
LaTeX Font Info:    ... okay on input line 27.
LaTeX Font Info:    Checking defaults for OMS/cmsy/m/n on input line 27.
LaTeX Font Info:    ... okay on input line 27.
LaTeX Font Info:    Checking defaults for OT1/cmr/m/n on input line 27.
LaTeX Font Info:    ... okay on input line 27.
LaTeX Font Info:    Checking defaults for T1/cmr/m/n on input line 27.
LaTeX Font Info:    ... okay on input line 27.
LaTeX Font Info:    Checking defaults for TS1/cmr/m/n on input line 27.
LaTeX Font Info:    ... okay on input line 27.
LaTeX Font Info:    Checking defaults for OMX/cmex/m/n on input line 27.
LaTeX Font Info:    ... okay on input line 27.
LaTeX Font Info:    Checking defaults for U/cmr/m/n on input line 27.
LaTeX Font Info:    ... okay on input line 27.

*geometry* driver: auto-detecting
*geometry* detected driver: pdftex
*geometry* verbose mode - [ preamble ] result:
* driver: pdftex
* paper: a4paper
* layout: <same size as paper>
* layoutoffset:(h,v)=(0.0pt,0.0pt)
* modes: 
* h-part:(L,W,R)=(89.62709pt, 418.25368pt, 89.6271pt)
* v-part:(T,H,B)=(72.26999pt, 700.50687pt, 72.26999pt)
* \paperwidth=597.50787pt
* \paperheight=845.04684pt
* \textwidth=418.25368pt
* \textheight=700.50687pt
* \oddsidemargin=17.3571pt
* \evensidemargin=17.3571pt
* \topmargin=-30.0pt
* \headheight=15.0pt
* \headsep=15.0pt
* \topskip=11.0pt
* \footskip=29.0pt
* \marginparwidth=36.135pt
* \marginparsep=5.0pt
* \columnsep=10.0pt
* \skip\footins=10.0pt plus 4.0pt minus 2.0pt
* \hoffset=0.0pt
* \voffset=0.0pt
* \mag=1000
* \@twocolumnfalse
* \@twosidefalse
* \@mparswitchfalse
* \@reversemarginfalse
* (1in=72.27pt=25.4mm, 1cm=28.453pt)

(/usr/share/texmf-dist/tex/context/base/mkii/supp-pdf.mkii
[Loading MPS to PDF converter (version 2006.09.02).]
\scratchcounter=\count351
\scratchdimen=\dimen278
\scratchbox=\box68
\nofMPsegments=\count352
\nofMParguments=\count353
\everyMPshowfont=\toks41
\MPscratchCnt=\count354
\MPscratchDim=\dimen279
\MPnumerator=\count355
\makeMPintoPDFobject=\count356
\everyMPtoPDFconversion=\toks42
) (/usr/share/texmf-dist/tex/latex/epstopdf-pkg/epstopdf-base.sty
Package: epstopdf-base 2020-01-24 v2.11 Base part for package epstopdf
Package epstopdf-base Info: Redefining graphics rule for `.eps' on input line 485.
 (/usr/share/texmf-dist/tex/latex/latexconfig/epstopdf-sys.cfg
File: epstopdf-sys.cfg 2010/07/13 v1.3 Configuration of (r)epstopdf for TeX Live
))
Underfull \hbox (badness 10000) in paragraph at lines 33--38

 []



[1{/var/lib/texmf/fonts/map/pdftex/updmap/pdftex.map}

]
Underfull \hbox (badness 10000) in paragraph at lines 54--55

 []


Underfull \hbox (badness 10000) in paragraph at lines 57--58

 []


Underfull \hbox (badness 10000) in paragraph at lines 60--65

 []


Underfull \hbox (badness 10000) in paragraph at lines 66--67

 []


Underfull \hbox (badness 10000) in paragraph at lines 69--74

 []


Underfull \hbox (badness 10000) in paragraph at lines 75--76

 []


Underfull \hbox (badness 10000) in paragraph at lines 78--83

 []


Underfull \hbox (badness 10000) in paragraph at lines 84--85

 []


Underfull \hbox (badness 10000) in paragraph at lines 87--92

 []


Underfull \hbox (badness 10000) in paragraph at lines 93--98

 []


Underfull \hbox (badness 10000) in paragraph at lines 100--105

 []


Underfull \hbox (badness 10000) in paragraph at lines 106--107

 []


Underfull \hbox (badness 10000) in paragraph at lines 109--114

 []


Underfull \hbox (badness 10000) in paragraph at lines 115--116

 []



[2]
Underfull \hbox (badness 10000) in paragraph at lines 125--126

 []


Underfull \hbox (badness 10000) in paragraph at lines 134--135

 []


Underfull \hbox (badness 10000) in paragraph at lines 137--142

 []


Underfull \hbox (badness 10000) in paragraph at lines 143--144

 []


Underfull \hbox (badness 10000) in paragraph at lines 161--166

 []


Underfull \hbox (badness 10000) in paragraph at lines 167--168

 []


Underfull \hbox (badness 10000) in paragraph at lines 170--175

 []


Underfull \hbox (badness 10000) in paragraph at lines 176--177

 []


Underfull \hbox (badness 10000) in paragraph at lines 185--186

 []



[3{/usr/share/texmf-dist/fonts/enc/dvips/cm-super/cm-super-ts1.enc}]
Underfull \hbox (badness 10000) in paragraph at lines 188--193

 []


Underfull \hbox (badness 10000) in paragraph at lines 194--198

 []


Underfull \hbox (badness 10000) in paragraph at lines 200--205

 []


Underfull \hbox (badness 10000) in paragraph at lines 206--207

 []


Underfull \hbox (badness 10000) in paragraph at lines 215--216

 []


Underfull \hbox (badness 10000) in paragraph at lines 224--225

 []


Underfull \hbox (badness 10000) in paragraph at lines 227--232

 []


Underfull \hbox (badness 10000) in paragraph at lines 233--234

 []


Underfull \hbox (badness 10000) in paragraph at lines 233--234

 []



[4]
Underfull \hbox (badness 10000) in paragraph at lines 249--254

 []


Underfull \hbox (badness 10000) in paragraph at lines 255--256

 []


Underfull \hbox (badness 10000) in paragraph at lines 263--264

 []



[5]
Underfull \hbox (badness 10000) in paragraph at lines 271--272

 []


Underfull \hbox (badness 10000) in paragraph at lines 272--273

 []


Underfull \hbox (badness 10000) in paragraph at lines 288--293

 []


Underfull \hbox (badness 10000) in paragraph at lines 294--295

 []


Underfull \hbox (badness 10000) in paragraph at lines 297--302

 []


Underfull \hbox (badness 10000) in paragraph at lines 302--304

 []


Underfull \hbox (badness 10000) in paragraph at lines 306--311

 []


Underfull \hbox (badness 10000) in paragraph at lines 311--312

 []


Underfull \hbox (badness 10000) in paragraph at lines 314--319

 []


Underfull \hbox (badness 10000) in paragraph at lines 320--321

 []


Underfull \hbox (badness 10000) in paragraph at lines 323--328

 []


Underfull \hbox (badness 10000) in paragraph at lines 329--330

 []


Underfull \hbox (badness 10000) in paragraph at lines 332--337

 []



[6]
Underfull \hbox (badness 10000) in paragraph at lines 349--354

 []


Underfull \hbox (badness 10000) in paragraph at lines 355--356

 []


Underfull \hbox (badness 10000) in paragraph at lines 358--363

 []


Underfull \hbox (badness 10000) in paragraph at lines 364--365

 []


Underfull \hbox (badness 10000) in paragraph at lines 367--372

 []


Underfull \hbox (badness 10000) in paragraph at lines 373--374

 []

<images/q30.png, id=40, 488.57532pt x 197.23688pt>
File: images/q30.png Graphic file (type png)
<use images/q30.png>
Package pdftex.def Info: images/q30.png  used on input line 376.
(pdftex.def)             Requested size: 244.28706pt x 98.61818pt.

Underfull \hbox (badness 10000) in paragraph at lines 380--385

 []


Underfull \hbox (badness 10000) in paragraph at lines 386--387

 []

<images/q31.png, id=42, 347.79938pt x 542.025pt>
File: images/q31.png Graphic file (type png)
<use images/q31.png>
Package pdftex.def Info: images/q31.png  used on input line 389.
(pdftex.def)             Requested size: 104.3406pt x 162.60875pt.

Underfull \hbox (badness 10000) in paragraph at lines 393--398

 []


Underfull \hbox (badness 10000) in paragraph at lines 399--400

 []



[7 <./images/q30.png> <./images/q31.png>]
Underfull \hbox (badness 10000) in paragraph at lines 402--407

 []

<images/q33.png, id=49, 292.09125pt x 188.95593pt>
File: images/q33.png Graphic file (type png)
<use images/q33.png>
Package pdftex.def Info: images/q33.png  used on input line 411.
(pdftex.def)             Requested size: 204.46246pt x 132.26823pt.

Underfull \hbox (badness 10000) in paragraph at lines 415--420

 []

<images/q34.png, id=50, 792.71156pt x 443.40656pt>
File: images/q34.png Graphic file (type png)
<use images/q34.png>
Package pdftex.def Info: images/q34.png  used on input line 425.
(pdftex.def)             Requested size: 237.81529pt x 133.02298pt.

Underfull \hbox (badness 10000) in paragraph at lines 429--434

 []

<images/q35.png, id=51, 793.96625pt x 269.005pt>
File: images/q35.png Graphic file (type png)
<use images/q35.png>
Package pdftex.def Info: images/q35.png  used on input line 438.
(pdftex.def)             Requested size: 238.19171pt x 80.70212pt.

Underfull \hbox (badness 10000) in paragraph at lines 442--447

 []


Underfull \hbox (badness 10000) in paragraph at lines 448--449

 []



[8 <./images/q33.png> <./images/q34.png (PNG copy)> <./images/q35.png>]
<images/q36.png, id=56, 704.6325pt x 570.13pt>
File: images/q36.png Graphic file (type png)
<use images/q36.png>
Package pdftex.def Info: images/q36.png  used on input line 451.
(pdftex.def)             Requested size: 211.39139pt x 171.04031pt.

Underfull \hbox (badness 10000) in paragraph at lines 455--460

 []


Underfull \hbox (badness 10000) in paragraph at lines 461--462

 []


Underfull \hbox (badness 10000) in paragraph at lines 464--469

 []


Underfull \hbox (badness 10000) in paragraph at lines 470--471

 []


Underfull \hbox (badness 10000) in paragraph at lines 473--478

 []


Underfull \hbox (badness 10000) in paragraph at lines 479--480

 []


Underfull \hbox (badness 10000) in paragraph at lines 482--487

 []


Underfull \hbox (badness 10000) in paragraph at lines 488--489

 []


Underfull \hbox (badness 10000) in paragraph at lines 491--496

 []


Underfull \hbox (badness 10000) in paragraph at lines 497--498

 []



[9 <./images/q36.png>]
Underfull \hbox (badness 10000) in paragraph at lines 500--505

 []


Underfull \hbox (badness 10000) in paragraph at lines 506--507

 []


Underfull \hbox (badness 10000) in paragraph at lines 509--514

 []


Underfull \hbox (badness 10000) in paragraph at lines 515--533

 []


Underfull \hbox (badness 10000) in paragraph at lines 535--540

 []


Underfull \hbox (badness 10000) in paragraph at lines 541--542

 []


Underfull \hbox (badness 10000) in paragraph at lines 544--549

 []


Underfull \hbox (badness 10000) in paragraph at lines 550--551

 []


Underfull \hbox (badness 10000) in paragraph at lines 553--558

 []


Underfull \hbox (badness 10000) in paragraph at lines 559--560

 []



[10]
Underfull \hbox (badness 10000) in paragraph at lines 562--567

 []

<images/q47.png, id=63, 1064.97874pt x 523.9575pt>
File: images/q47.png Graphic file (type png)
<use images/q47.png>
Package pdftex.def Info: images/q47.png  used on input line 572.
(pdftex.def)             Requested size: 319.4961pt x 157.18846pt.

Underfull \hbox (badness 10000) in paragraph at lines 582--583

 []

<images/q49.png, id=64, 328.22626pt x 495.8525pt>
File: images/q49.png Graphic file (type png)
<use images/q49.png>
Package pdftex.def Info: images/q49.png  used on input line 594.
(pdftex.def)             Requested size: 98.46863pt x 148.7569pt.


[11 <./images/q47.png>]
<images/q50.png, id=68, 549.05125pt x 520.94624pt>
File: images/q50.png Graphic file (type png)
<use images/q50.png>
Package pdftex.def Info: images/q50.png  used on input line 607.
(pdftex.def)             Requested size: 164.71664pt x 156.28508pt.

Underfull \hbox (badness 10000) in paragraph at lines 611--616

 []

<images/q51.png, id=69, 706.64pt x 501.875pt>
File: images/q51.png Graphic file (type png)
<use images/q51.png>
Package pdftex.def Info: images/q51.png  used on input line 620.
(pdftex.def)             Requested size: 211.99364pt x 150.56366pt.


[12 <./images/q49.png> <./images/q50.png>]
Underfull \hbox (badness 10000) in paragraph at lines 624--629

 []

<images/q52.png, id=73, 1174.3875pt x 538.01pt>
File: images/q52.png Graphic file (type png)
<use images/q52.png>
Package pdftex.def Info: images/q52.png  used on input line 633.
(pdftex.def)             Requested size: 352.31897pt x 161.40424pt.

Underfull \hbox (badness 10000) in paragraph at lines 637--642

 []


Underfull \hbox (badness 10000) in paragraph at lines 643--644

 []


Underfull \hbox (badness 10000) in paragraph at lines 646--651

 []

<images/q54.png, id=74, 607.26875pt x 465.74pt>
File: images/q54.png Graphic file (type png)
<use images/q54.png>
Package pdftex.def Info: images/q54.png  used on input line 655.
(pdftex.def)             Requested size: 182.18202pt x 139.72307pt.


[13 <./images/q51.png> <./images/q52.png>]
Underfull \hbox (badness 10000) in paragraph at lines 659--664

 []


Underfull \hbox (badness 10000) in paragraph at lines 665--666

 []


Underfull \hbox (badness 10000) in paragraph at lines 668--673

 []

<images/q56.png, id=79, 755.82375pt x 491.8375pt>
File: images/q56.png Graphic file (type png)
<use images/q56.png>
Package pdftex.def Info: images/q56.png  used on input line 677.
(pdftex.def)             Requested size: 226.74887pt x 147.55238pt.

Underfull \hbox (badness 10000) in paragraph at lines 681--686

 []


Underfull \hbox (badness 10000) in paragraph at lines 687--688

 []



[14 <./images/q54.png> <./images/q56.png>]
Underfull \hbox (badness 10000) in paragraph at lines 696--697

 []


Underfull \hbox (badness 10000) in paragraph at lines 699--704

 []


Underfull \hbox (badness 10000) in paragraph at lines 705--706

 []

File: images/q35.png Graphic file (type png)
<use images/q35.png>
Package pdftex.def Info: images/q35.png  used on input line 717.
(pdftex.def)             Requested size: 238.19171pt x 80.70212pt.
<images/q61.png, id=83, 733.74126pt x 484.81125pt>
File: images/q61.png Graphic file (type png)
<use images/q61.png>
Package pdftex.def Info: images/q61.png  used on input line 731.
(pdftex.def)             Requested size: 220.12407pt x 145.44449pt.


[15]
Underfull \hbox (badness 10000) in paragraph at lines 733--734

 []


Underfull \hbox (badness 10000) in paragraph at lines 744--749

 []

<images/q62.png, id=87, 657.45625pt x 232.87pt>
File: images/q62.png Graphic file (type png)
<use images/q62.png>
Package pdftex.def Info: images/q62.png  used on input line 753.
(pdftex.def)             Requested size: 197.23839pt x 69.86153pt.

Underfull \hbox (badness 10000) in paragraph at lines 757--762

 []


Underfull \hbox (badness 10000) in paragraph at lines 763--764

 []


Underfull \hbox (badness 10000) in paragraph at lines 766--771

 []


Underfull \hbox (badness 10000) in paragraph at lines 772--773

 []


Underfull \hbox (badness 10000) in paragraph at lines 775--780

 []


Underfull \hbox (badness 10000) in paragraph at lines 781--782

 []



[16 <./images/q61.png> <./images/q62.png>]
Underfull \hbox (badness 10000) in paragraph at lines 784--789

 []


Underfull \hbox (badness 10000) in paragraph at lines 790--791

 []


Underfull \hbox (badness 10000) in paragraph at lines 793--798

 []


Underfull \hbox (badness 10000) in paragraph at lines 799--800

 []


Underfull \hbox (badness 10000) in paragraph at lines 802--807

 []


Underfull \hbox (badness 10000) in paragraph at lines 808--809

 []

<images/q69.png, id=91, 1328.965pt x 391.4625pt>
File: images/q69.png Graphic file (type png)
<use images/q69.png>
Package pdftex.def Info: images/q69.png  used on input line 820.
(pdftex.def)             Requested size: 398.69258pt x 117.43965pt.

Overfull \hbox (0.92764pt too wide) in paragraph at lines 820--821
 [] 
 []



[17]
<images/q70.png, id=95, 628.3475pt x 586.19pt>
File: images/q70.png Graphic file (type png)
<use images/q70.png>
Package pdftex.def Info: images/q70.png  used on input line 834.
(pdftex.def)             Requested size: 188.50569pt x 175.85835pt.


[18 <./images/q69.png> <./images/q70.png>]
Underfull \hbox (badness 10000) in paragraph at lines 846--848

 []

<images/q71.png, id=99, 590.205pt x 451.6875pt>
File: images/q71.png Graphic file (type png)
<use images/q71.png>
Package pdftex.def Info: images/q71.png  used on input line 852.
(pdftex.def)             Requested size: 177.06287pt x 135.5073pt.

Underfull \hbox (badness 10000) in paragraph at lines 865--866

 []


Underfull \hbox (badness 10000) in paragraph at lines 874--875

 []


Underfull \hbox (badness 10000) in paragraph at lines 877--882

 []


Underfull \hbox (badness 10000) in paragraph at lines 883--884

 []


Underfull \hbox (badness 10000) in paragraph at lines 886--891

 []



[19 <./images/q71.png>]
Underfull \hbox (badness 10000) in paragraph at lines 893--900

 []


Underfull \hbox (badness 10000) in paragraph at lines 901--902

 []


Underfull \hbox (badness 10000) in paragraph at lines 901--902

 []


Underfull \hbox (badness 10000) in paragraph at lines 924--929

 []


Underfull \hbox (badness 10000) in paragraph at lines 930--931

 []


Underfull \hbox (badness 10000) in paragraph at lines 955--957

 []


Underfull \hbox (badness 10000) in paragraph at lines 955--957

 []



[20]
<images/q76.png, id=108, 705.63625pt x 512.91624pt>
File: images/q76.png Graphic file (type png)
<use images/q76.png>
Package pdftex.def Info: images/q76.png  used on input line 961.
(pdftex.def)             Requested size: 211.6925pt x 153.87605pt.

Underfull \hbox (badness 10000) in paragraph at lines 964--965

 []


Underfull \hbox (badness 10000) in paragraph at lines 967--972

 []


Underfull \hbox (badness 10000) in paragraph at lines 973--974

 []


Underfull \hbox (badness 10000) in paragraph at lines 976--981

 []

<images/q78.png, id=109, 1196.47pt x 496.85625pt>
File: images/q78.png Graphic file (type png)
<use images/q78.png>
Package pdftex.def Info: images/q78.png  used on input line 986.
(pdftex.def)             Requested size: 358.94377pt x 149.05801pt.

Underfull \hbox (badness 10000) in paragraph at lines 988--989

 []


Underfull \hbox (badness 10000) in paragraph at lines 991--996

 []



[21 <./images/q76.png> <./images/q78.png>]
Underfull \hbox (badness 10000) in paragraph at lines 997--998

 []


Underfull \hbox (badness 10000) in paragraph at lines 1000--1005

 []

<images/q80.png, id=113, 992.70876pt x 411.5375pt>
File: images/q80.png Graphic file (type png)
<use images/q80.png>
Package pdftex.def Info: images/q80.png  used on input line 1010.
(pdftex.def)             Requested size: 297.81493pt x 123.4622pt.

Underfull \hbox (badness 10000) in paragraph at lines 1012--1013

 []


Underfull \hbox (badness 10000) in paragraph at lines 1015--1020

 []


Underfull \hbox (badness 10000) in paragraph at lines 1021--1022

 []


Underfull \hbox (badness 10000) in paragraph at lines 1024--1029

 []


Underfull \hbox (badness 10000) in paragraph at lines 1032--1033

 []


Underfull \hbox (badness 10000) in paragraph at lines 1035--1040

 []


Underfull \hbox (badness 10000) in paragraph at lines 1041--1042

 []


Underfull \hbox (badness 10000) in paragraph at lines 1044--1049

 []



[22 <./images/q80.png>]
<images/q84.png, id=117, 1489.565pt x 217.81375pt>
File: images/q84.png Graphic file (type png)
<use images/q84.png>
Package pdftex.def Info: images/q84.png  used on input line 1054.
(pdftex.def)             Requested size: 446.87296pt x 65.34462pt.

Overfull \hbox (49.10802pt too wide) in paragraph at lines 1054--1055
 [] 
 []


Underfull \hbox (badness 10000) in paragraph at lines 1056--1057

 []


Underfull \hbox (badness 10000) in paragraph at lines 1059--1064

 []


Underfull \hbox (badness 10000) in paragraph at lines 1065--1066

 []



[23 <./images/q84.png>]
This exam contains 85 questions with 0 parts, 0 subparts, and 0 subsubparts.
This exam has a total of 0 points.
This exam has a total of 0 bonus points.
(./ME.aux)
 ***********
LaTeX2e <2024-11-01> patch level 2
L3 programming layer <2020/03/25>
 ***********
 ) 
Here is how much of TeX's memory you used:
 16794 strings out of 475171
 337087 string characters out of 5767096
 713200 words of memory out of 5000000
 39543 multiletter control sequences out of 15000+600000
 565649 words of font info for 59 fonts, out of 8000000 for 9000
 14 hyphenation exceptions out of 8191
 84i,14n,91p,1002b,818s stack positions out of 10000i,1000n,20000p,200000b,200000s
</usr/share/texmf-dist/fonts/type1/public/amsfonts/cm/cmbx10.pfb></usr/share/texmf-dist/fonts/type1/public/amsfonts/cm/cmbx12.pfb></usr/share/texmf-dist/fonts/type1/public/amsfonts/cm/cmbxti10.pfb></usr/share/texmf-dist/fonts/type1/public/amsfonts/cm/cmex10.pfb></usr/share/texmf-dist/fonts/type1/public/amsfonts/cm/cmmi10.pfb></usr/share/texmf-dist/fonts/type1/public/amsfonts/cm/cmmi12.pfb></usr/share/texmf-dist/fonts/type1/public/amsfonts/cm/cmmi6.pfb></usr/share/texmf-dist/fonts/type1/public/amsfonts/cm/cmmi8.pfb></usr/share/texmf-dist/fonts/type1/public/amsfonts/cm/cmr10.pfb></usr/share/texmf-dist/fonts/type1/public/amsfonts/cm/cmr12.pfb></usr/share/texmf-dist/fonts/type1/public/amsfonts/cm/cmr6.pfb></usr/share/texmf-dist/fonts/type1/public/amsfonts/cm/cmr8.pfb></usr/share/texmf-dist/fonts/type1/public/amsfonts/cm/cmsy10.pfb></usr/share/texmf-dist/fonts/type1/public/amsfonts/cm/cmsy6.pfb></usr/share/texmf-dist/fonts/type1/public/amsfonts/cm/cmsy8.pfb></usr/share/texmf-dist/fonts/type1/public/amsfonts/cm/cmti10.pfb></usr/share/texmf-dist/fonts/type1/public/cm-super/sfrm1200.pfb>
Output written on ME.pdf (23 pages, 4221546 bytes).
PDF statistics:
 194 PDF objects out of 1000 (max. 8388607)
 108 compressed objects within 2 object streams
 0 named destinations out of 1000 (max. 500000)
 123 words of extra memory for PDF output out of 10000 (max. 10000000)

