This is pdfTeX, Version 3.141592653-2.6-1.40.25 (TeX Live 2023/Debian) (preloaded format=pdflatex 2025.8.6)  16 AUG 2025 20:11
entering extended mode
 restricted \write18 enabled.
 %&-line parsing enabled.
**main.tex
(./main.tex
LaTeX2e <2023-11-01> patch level 1
L3 programming layer <2024-01-22>
(/usr/share/texlive/texmf-dist/tex/latex/ieeetran/IEEEtran.cls
Document Class: IEEEtran 2015/08/26 V1.8b by Michael Shell
-- See the "IEEEtran_HOWTO" manual for usage information.
-- http://www.michaelshell.org/tex/ieeetran/
\@IEEEtrantmpdimenA=\dimen140
\@IEEEtrantmpdimenB=\dimen141
\@IEEEtrantmpdimenC=\dimen142
\@IEEEtrantmpcountA=\count187
\@IEEEtrantmpcountB=\count188
\@IEEEtrantmpcountC=\count189
\@IEEEtrantmptoksA=\toks17
LaTeX Font Info:    Trying to load font information for OT1+ptm on input line 5
03.
(/usr/share/texlive/texmf-dist/tex/latex/psnfss/ot1ptm.fd
File: ot1ptm.fd 2001/06/04 font definitions for OT1/ptm.
)
** ATTENTION: Single column mode is not typically used with IEEE publications.
-- Using 8.5in x 11in (letter) paper.
-- Using PDF output.
\@IEEEnormalsizeunitybaselineskip=\dimen143
-- This is a 12 point document.
\CLASSINFOnormalsizebaselineskip=\dimen144
\CLASSINFOnormalsizeunitybaselineskip=\dimen145
\IEEEnormaljot=\dimen146
LaTeX Font Info:    Font shape `OT1/ptm/bx/n' in size <6> not available
(Font)              Font shape `OT1/ptm/b/n' tried instead on input line 1090.
LaTeX Font Info:    Font shape `OT1/ptm/bx/it' in size <6> not available
(Font)              Font shape `OT1/ptm/b/it' tried instead on input line 1090.

LaTeX Font Info:    Font shape `OT1/ptm/bx/n' in size <8> not available
(Font)              Font shape `OT1/ptm/b/n' tried instead on input line 1090.
LaTeX Font Info:    Font shape `OT1/ptm/bx/it' in size <8> not available
(Font)              Font shape `OT1/ptm/b/it' tried instead on input line 1090.

LaTeX Font Info:    Font shape `OT1/ptm/bx/n' in size <9> not available
(Font)              Font shape `OT1/ptm/b/n' tried instead on input line 1090.
LaTeX Font Info:    Font shape `OT1/ptm/bx/it' in size <9> not available
(Font)              Font shape `OT1/ptm/b/it' tried instead on input line 1090.

LaTeX Font Info:    Font shape `OT1/ptm/bx/n' in size <10> not available
(Font)              Font shape `OT1/ptm/b/n' tried instead on input line 1090.
LaTeX Font Info:    Font shape `OT1/ptm/bx/it' in size <10> not available
(Font)              Font shape `OT1/ptm/b/it' tried instead on input line 1090.

LaTeX Font Info:    Font shape `OT1/ptm/bx/n' in size <12> not available
(Font)              Font shape `OT1/ptm/b/n' tried instead on input line 1090.
LaTeX Font Info:    Font shape `OT1/ptm/bx/it' in size <12> not available
(Font)              Font shape `OT1/ptm/b/it' tried instead on input line 1090.

LaTeX Font Info:    Font shape `OT1/ptm/bx/n' in size <14> not available
(Font)              Font shape `OT1/ptm/b/n' tried instead on input line 1090.
LaTeX Font Info:    Font shape `OT1/ptm/bx/it' in size <14> not available
(Font)              Font shape `OT1/ptm/b/it' tried instead on input line 1090.

LaTeX Font Info:    Font shape `OT1/ptm/bx/n' in size <20> not available
(Font)              Font shape `OT1/ptm/b/n' tried instead on input line 1090.
LaTeX Font Info:    Font shape `OT1/ptm/bx/it' in size <20> not available
(Font)              Font shape `OT1/ptm/b/it' tried instead on input line 1090.

LaTeX Font Info:    Font shape `OT1/ptm/bx/n' in size <22> not available
(Font)              Font shape `OT1/ptm/b/n' tried instead on input line 1090.
LaTeX Font Info:    Font shape `OT1/ptm/bx/it' in size <22> not available
(Font)              Font shape `OT1/ptm/b/it' tried instead on input line 1090.

LaTeX Font Info:    Font shape `OT1/ptm/bx/n' in size <24> not available
(Font)              Font shape `OT1/ptm/b/n' tried instead on input line 1090.
LaTeX Font Info:    Font shape `OT1/ptm/bx/it' in size <24> not available
(Font)              Font shape `OT1/ptm/b/it' tried instead on input line 1090.

\IEEEquantizedlength=\dimen147
\IEEEquantizedlengthdiff=\dimen148
\IEEEquantizedtextheightdiff=\dimen149
\IEEEilabelindentA=\dimen150
\IEEEilabelindentB=\dimen151
\IEEEilabelindent=\dimen152
\IEEEelabelindent=\dimen153
\IEEEdlabelindent=\dimen154
\IEEElabelindent=\dimen155
\IEEEiednormlabelsep=\dimen156
\IEEEiedmathlabelsep=\dimen157
\IEEEiedtopsep=\skip48
\c@section=\count190
\c@subsection=\count191
\c@subsubsection=\count192
\c@paragraph=\count193
\c@IEEEsubequation=\count194
\abovecaptionskip=\skip49
\belowcaptionskip=\skip50
\c@figure=\count195
\c@table=\count196
\@IEEEeqnnumcols=\count197
\@IEEEeqncolcnt=\count198
\@IEEEsubeqnnumrollback=\count199
\@IEEEquantizeheightA=\dimen158
\@IEEEquantizeheightB=\dimen159
\@IEEEquantizeheightC=\dimen160
\@IEEEquantizeprevdepth=\dimen161
\@IEEEquantizemultiple=\count266
\@IEEEquantizeboxA=\box51
\@IEEEtmpitemindent=\dimen162
\IEEEPARstartletwidth=\dimen163
\c@IEEEbiography=\count267
\@IEEEtranrubishbin=\box52
) (/usr/share/texlive/texmf-dist/tex/latex/amsmath/amsmath.sty
Package: amsmath 2023/05/13 v2.17o AMS math features
\@mathmargin=\skip51

For additional information on amsmath, use the `?' option.
(/usr/share/texlive/texmf-dist/tex/latex/amsmath/amstext.sty
Package: amstext 2021/08/26 v2.01 AMS text

(/usr/share/texlive/texmf-dist/tex/latex/amsmath/amsgen.sty
File: amsgen.sty 1999/11/30 v2.0 generic functions
\@emptytoks=\toks18
\ex@=\dimen164
))
(/usr/share/texlive/texmf-dist/tex/latex/amsmath/amsbsy.sty
Package: amsbsy 1999/11/29 v1.2d Bold Symbols
\pmbraise@=\dimen165
)
(/usr/share/texlive/texmf-dist/tex/latex/amsmath/amsopn.sty
Package: amsopn 2022/04/08 v2.04 operator names
)
\inf@bad=\count268
LaTeX Info: Redefining \frac on input line 234.
\uproot@=\count269
\leftroot@=\count270
LaTeX Info: Redefining \overline on input line 399.
LaTeX Info: Redefining \colon on input line 410.
\classnum@=\count271
\DOTSCASE@=\count272
LaTeX Info: Redefining \ldots on input line 496.
LaTeX Info: Redefining \dots on input line 499.
LaTeX Info: Redefining \cdots on input line 620.
\Mathstrutbox@=\box53
\strutbox@=\box54
LaTeX Info: Redefining \big on input line 722.
LaTeX Info: Redefining \Big on input line 723.
LaTeX Info: Redefining \bigg on input line 724.
LaTeX Info: Redefining \Bigg on input line 725.
\big@size=\dimen166
LaTeX Font Info:    Redeclaring font encoding OML on input line 743.
LaTeX Font Info:    Redeclaring font encoding OMS on input line 744.
\macc@depth=\count273
LaTeX Info: Redefining \bmod on input line 905.
LaTeX Info: Redefining \pmod on input line 910.
LaTeX Info: Redefining \smash on input line 940.
LaTeX Info: Redefining \relbar on input line 970.
LaTeX Info: Redefining \Relbar on input line 971.
\c@MaxMatrixCols=\count274
\dotsspace@=\muskip16
\c@parentequation=\count275
\dspbrk@lvl=\count276
\tag@help=\toks19
\row@=\count277
\column@=\count278
\maxfields@=\count279
\andhelp@=\toks20
\eqnshift@=\dimen167
\alignsep@=\dimen168
\tagshift@=\dimen169
\tagwidth@=\dimen170
\totwidth@=\dimen171
\lineht@=\dimen172
\@envbody=\toks21
\multlinegap=\skip52
\multlinetaggap=\skip53
\mathdisplay@stack=\toks22
LaTeX Info: Redefining \[ on input line 2953.
LaTeX Info: Redefining \] on input line 2954.
)
(/usr/share/texlive/texmf-dist/tex/latex/amsfonts/amssymb.sty
Package: amssymb 2013/01/14 v3.01 AMS font symbols

(/usr/share/texlive/texmf-dist/tex/latex/amsfonts/amsfonts.sty
Package: amsfonts 2013/01/14 v3.01 Basic AMSFonts support
\symAMSa=\mathgroup4
\symAMSb=\mathgroup5
LaTeX Font Info:    Redeclaring math symbol \hbar on input line 98.
LaTeX Font Info:    Overwriting math alphabet `\mathfrak' in version `bold'
(Font)                  U/euf/m/n --> U/euf/b/n on input line 106.
))
(/usr/share/texlive/texmf-dist/tex/latex/amscls/amsthm.sty
Package: amsthm 2020/05/29 v2.20.6
\thm@style=\toks23
\thm@bodyfont=\toks24
\thm@headfont=\toks25
\thm@notefont=\toks26
\thm@headpunct=\toks27
\thm@preskip=\skip54
\thm@postskip=\skip55
\thm@headsep=\skip56
\dth@everypar=\toks28
)
(/usr/share/texlive/texmf-dist/tex/latex/graphics/graphicx.sty
Package: graphicx 2021/09/16 v1.2d Enhanced LaTeX Graphics (DPC,SPQR)

(/usr/share/texlive/texmf-dist/tex/latex/graphics/keyval.sty
Package: keyval 2022/05/29 v1.15 key=value parser (DPC)
\KV@toks@=\toks29
)
(/usr/share/texlive/texmf-dist/tex/latex/graphics/graphics.sty
Package: graphics 2022/03/10 v1.4e Standard LaTeX Graphics (DPC,SPQR)

(/usr/share/texlive/texmf-dist/tex/latex/graphics/trig.sty
Package: trig 2021/08/11 v1.11 sin cos tan (DPC)
)
(/usr/share/texlive/texmf-dist/tex/latex/graphics-cfg/graphics.cfg
File: graphics.cfg 2016/06/04 v1.11 sample graphics configuration
)
Package graphics Info: Driver file: pdftex.def on input line 107.

(/usr/share/texlive/texmf-dist/tex/latex/graphics-def/pdftex.def
File: pdftex.def 2022/09/22 v1.2b Graphics/color driver for pdftex
))
\Gin@req@height=\dimen173
\Gin@req@width=\dimen174
)
(/usr/share/texlive/texmf-dist/tex/latex/enumitem/enumitem.sty
Package: enumitem 2019/06/20 v3.9 Customized lists
\labelindent=\skip57
\enit@outerparindent=\dimen175
\enit@toks=\toks30
\enit@inbox=\box55
\enit@count@id=\count280
\enitdp@description=\count281
)
(/usr/share/texlive/texmf-dist/tex/latex/hyperref/hyperref.sty
Package: hyperref 2024-01-20 v7.01h Hypertext links for LaTeX

(/usr/share/texlive/texmf-dist/tex/generic/iftex/iftex.sty
Package: iftex 2022/02/03 v1.0f TeX engine tests
)
(/usr/share/texlive/texmf-dist/tex/latex/kvsetkeys/kvsetkeys.sty
Package: kvsetkeys 2022-10-05 v1.19 Key value parser (HO)
)
(/usr/share/texlive/texmf-dist/tex/generic/kvdefinekeys/kvdefinekeys.sty
Package: kvdefinekeys 2019-12-19 v1.6 Define keys (HO)
)
(/usr/share/texlive/texmf-dist/tex/generic/pdfescape/pdfescape.sty
Package: pdfescape 2019/12/09 v1.15 Implements pdfTeX's escape features (HO)

(/usr/share/texlive/texmf-dist/tex/generic/ltxcmds/ltxcmds.sty
Package: ltxcmds 2023-12-04 v1.26 LaTeX kernel commands for general use (HO)
)
(/usr/share/texlive/texmf-dist/tex/generic/pdftexcmds/pdftexcmds.sty
Package: pdftexcmds 2020-06-27 v0.33 Utility functions of pdfTeX for LuaTeX (HO
)

(/usr/share/texlive/texmf-dist/tex/generic/infwarerr/infwarerr.sty
Package: infwarerr 2019/12/03 v1.5 Providing info/warning/error messages (HO)
)
Package pdftexcmds Info: \pdf@primitive is available.
Package pdftexcmds Info: \pdf@ifprimitive is available.
Package pdftexcmds Info: \pdfdraftmode found.
))
(/usr/share/texlive/texmf-dist/tex/latex/hycolor/hycolor.sty
Package: hycolor 2020-01-27 v1.10 Color options for hyperref/bookmark (HO)
)
(/usr/share/texlive/texmf-dist/tex/latex/auxhook/auxhook.sty
Package: auxhook 2019-12-17 v1.6 Hooks for auxiliary files (HO)
)
(/usr/share/texlive/texmf-dist/tex/latex/hyperref/nameref.sty
Package: nameref 2023-11-26 v2.56 Cross-referencing by name of section

(/usr/share/texlive/texmf-dist/tex/latex/refcount/refcount.sty
Package: refcount 2019/12/15 v3.6 Data extraction from label references (HO)
)
(/usr/share/texlive/texmf-dist/tex/generic/gettitlestring/gettitlestring.sty
Package: gettitlestring 2019/12/15 v1.6 Cleanup title references (HO)

(/usr/share/texlive/texmf-dist/tex/latex/kvoptions/kvoptions.sty
Package: kvoptions 2022-06-15 v3.15 Key value format for package options (HO)
))
\c@section@level=\count282
)
(/usr/share/texlive/texmf-dist/tex/latex/etoolbox/etoolbox.sty
Package: etoolbox 2020/10/05 v2.5k e-TeX tools for LaTeX (JAW)
\etb@tempcnta=\count283
)
\@linkdim=\dimen176
\Hy@linkcounter=\count284
\Hy@pagecounter=\count285

(/usr/share/texlive/texmf-dist/tex/latex/hyperref/pd1enc.def
File: pd1enc.def 2024-01-20 v7.01h Hyperref: PDFDocEncoding definition (HO)
Now handling font encoding PD1 ...
... no UTF-8 mapping file for font encoding PD1
)
(/usr/share/texlive/texmf-dist/tex/generic/intcalc/intcalc.sty
Package: intcalc 2019/12/15 v1.3 Expandable calculations with integers (HO)
)
\Hy@SavedSpaceFactor=\count286

(/usr/share/texlive/texmf-dist/tex/latex/hyperref/puenc.def
File: puenc.def 2024-01-20 v7.01h Hyperref: PDF Unicode definition (HO)
Now handling font encoding PU ...
... no UTF-8 mapping file for font encoding PU
)
Package hyperref Info: Option `breaklinks' set `true' on input line 4062.
Package hyperref Info: Hyper figures OFF on input line 4179.
Package hyperref Info: Link nesting OFF on input line 4184.
Package hyperref Info: Hyper index ON on input line 4187.
Package hyperref Info: Plain pages OFF on input line 4194.
Package hyperref Info: Backreferencing OFF on input line 4199.
Package hyperref Info: Implicit mode ON; LaTeX internals redefined.
Package hyperref Info: Bookmarks ON on input line 4446.
\c@Hy@tempcnt=\count287

(/usr/share/texlive/texmf-dist/tex/latex/url/url.sty
\Urlmuskip=\muskip17
Package: url 2013/09/16  ver 3.4  Verb mode for urls, etc.
)
LaTeX Info: Redefining \url on input line 4784.
\XeTeXLinkMargin=\dimen177

(/usr/share/texlive/texmf-dist/tex/generic/bitset/bitset.sty
Package: bitset 2019/12/09 v1.3 Handle bit-vector datatype (HO)

(/usr/share/texlive/texmf-dist/tex/generic/bigintcalc/bigintcalc.sty
Package: bigintcalc 2019/12/15 v1.5 Expandable calculations on big integers (HO
)
))
\Fld@menulength=\count288
\Field@Width=\dimen178
\Fld@charsize=\dimen179
Package hyperref Info: Hyper figures OFF on input line 6063.
Package hyperref Info: Link nesting OFF on input line 6068.
Package hyperref Info: Hyper index ON on input line 6071.
Package hyperref Info: backreferencing OFF on input line 6078.
Package hyperref Info: Link coloring OFF on input line 6083.
Package hyperref Info: Link coloring with OCG OFF on input line 6088.
Package hyperref Info: PDF/A mode OFF on input line 6093.

(/usr/share/texlive/texmf-dist/tex/latex/base/atbegshi-ltx.sty
Package: atbegshi-ltx 2021/01/10 v1.0c Emulation of the original atbegshi
package with kernel methods
)
\Hy@abspage=\count289
\c@Item=\count290
\c@Hfootnote=\count291
)
Package hyperref Info: Driver (autodetected): hpdftex.

(/usr/share/texlive/texmf-dist/tex/latex/hyperref/hpdftex.def
File: hpdftex.def 2024-01-20 v7.01h Hyperref driver for pdfTeX

(/usr/share/texlive/texmf-dist/tex/latex/base/atveryend-ltx.sty
Package: atveryend-ltx 2020/08/19 v1.0a Emulation of the original atveryend pac
kage
with kernel methods
)
\Fld@listcount=\count292
\c@bookmark@seq@number=\count293

(/usr/share/texlive/texmf-dist/tex/latex/rerunfilecheck/rerunfilecheck.sty
Package: rerunfilecheck 2022-07-10 v1.10 Rerun checks for auxiliary files (HO)

(/usr/share/texlive/texmf-dist/tex/generic/uniquecounter/uniquecounter.sty
Package: uniquecounter 2019/12/15 v1.4 Provide unlimited unique counter (HO)
)
Package uniquecounter Info: New unique counter `rerunfilecheck' on input line 2
85.
)
\Hy@SectionHShift=\skip58
)
(/usr/share/texlive/texmf-dist/tex/latex/caption/caption.sty
Package: caption 2023/08/05 v3.6o Customizing captions (AR)

(/usr/share/texlive/texmf-dist/tex/latex/caption/caption3.sty
Package: caption3 2023/07/31 v2.4d caption3 kernel (AR)
\caption@tempdima=\dimen180
\captionmargin=\dimen181
\caption@leftmargin=\dimen182
\caption@rightmargin=\dimen183
\caption@width=\dimen184
\caption@indent=\dimen185
\caption@parindent=\dimen186
\caption@hangindent=\dimen187
Package caption Info: Unknown document class (or package),
(caption)             standard defaults will be used.
Package caption Info: \@makecaption = \long macro:#1#2->\ifx \@captype \@IEEEta
blestring \footnotesize \bgroup \par \centering \@IEEEtabletopskipstrut {\norma
lfont \footnotesize #1}\\{\normalfont \footnotesize \scshape #2}\par \addvspace
 {0.5\baselineskip }\egroup \@IEEEtablecaptionsepspace \else \@IEEEfigurecaptio
nsepspace \setbox \@tempboxa \hbox {\normalfont \footnotesize {#1.}\nobreakspac
e \nobreakspace #2}\ifdim \wd \@tempboxa >\hsize \setbox \@tempboxa \hbox {\nor
malfont \footnotesize {#1.}\nobreakspace \nobreakspace }\parbox [t]{\hsize }{\n
ormalfont \footnotesize \noindent \unhbox \@tempboxa #2}\else \ifCLASSOPTIONcon
ference \hbox to\hsize {\normalfont \footnotesize \hfil \box \@tempboxa \hfil }
\else \hbox to\hsize {\normalfont \footnotesize \box \@tempboxa \hfil }\fi \fi 
\fi  on input line 1175.
)

Package caption Warning: Unknown document class (or package),
(caption)                standard defaults will be used.
See the caption package documentation for explanation.

\c@caption@flags=\count294
\c@continuedfloat=\count295
Package caption Info: hyperref package is loaded.
) (/usr/share/texlive/texmf-dist/tex/latex/tools/array.sty
Package: array 2023/10/16 v2.5g Tabular extension package (FMi)
\col@sep=\dimen188
\ar@mcellbox=\box56
\extrarowheight=\dimen189
\NC@list=\toks31
\extratabsurround=\skip59
\backup@length=\skip60
\ar@cellbox=\box57
)
\c@problem=\count296

(/usr/share/texlive/texmf-dist/tex/latex/tools/multicol.sty
Package: multicol 2023/03/30 v1.9f multicolumn formatting (FMi)
\c@tracingmulticols=\count297
\mult@box=\box58
\multicol@leftmargin=\dimen190
\c@unbalance=\count298
\c@collectmore=\count299
\doublecol@number=\count300
\multicoltolerance=\count301
\multicolpretolerance=\count302
\full@width=\dimen191
\page@free=\dimen192
\premulticols=\dimen193
\postmulticols=\dimen194
\multicolsep=\skip61
\multicolbaselineskip=\skip62
\partial@page=\box59
\last@line=\box60
\mc@boxedresult=\box61
\maxbalancingoverflow=\dimen195
\mult@rightbox=\box62
\mult@grightbox=\box63
\mult@firstbox=\box64
\mult@gfirstbox=\box65
\@tempa=\box66
\@tempa=\box67
\@tempa=\box68
\@tempa=\box69
\@tempa=\box70
\@tempa=\box71
\@tempa=\box72
\@tempa=\box73
\@tempa=\box74
\@tempa=\box75
\@tempa=\box76
\@tempa=\box77
\@tempa=\box78
\@tempa=\box79
\@tempa=\box80
\@tempa=\box81
\@tempa=\box82
\@tempa=\box83
\@tempa=\box84
\@tempa=\box85
\@tempa=\box86
\@tempa=\box87
\@tempa=\box88
\@tempa=\box89
\@tempa=\box90
\@tempa=\box91
\@tempa=\box92
\@tempa=\box93
\@tempa=\box94
\@tempa=\box95
\@tempa=\box96
\@tempa=\box97
\@tempa=\box98
\@tempa=\box99
\@tempa=\box100
\@tempa=\box101
\c@minrows=\count303
\c@columnbadness=\count304
\c@finalcolumnbadness=\count305
\last@try=\dimen196
\multicolovershoot=\dimen197
\multicolundershoot=\dimen198
\mult@nat@firstbox=\box102
\colbreak@box=\box103
\mc@col@check@num=\count306
)
(/usr/share/texlive/texmf-dist/tex/latex/l3backend/l3backend-pdftex.def
File: l3backend-pdftex.def 2024-01-04 L3 backend support: PDF output (pdfTeX)
\l__color_backend_stack_int=\count307
\l__pdf_internal_box=\box104
)
No file main.aux.
\openout1 = `main.aux'.

LaTeX Font Info:    Checking defaults for OML/cmm/m/it on input line 28.
LaTeX Font Info:    ... okay on input line 28.
LaTeX Font Info:    Checking defaults for OMS/cmsy/m/n on input line 28.
LaTeX Font Info:    ... okay on input line 28.
LaTeX Font Info:    Checking defaults for OT1/cmr/m/n on input line 28.
LaTeX Font Info:    ... okay on input line 28.
LaTeX Font Info:    Checking defaults for T1/cmr/m/n on input line 28.
LaTeX Font Info:    ... okay on input line 28.
LaTeX Font Info:    Checking defaults for TS1/cmr/m/n on input line 28.
LaTeX Font Info:    ... okay on input line 28.
LaTeX Font Info:    Checking defaults for OMX/cmex/m/n on input line 28.
LaTeX Font Info:    ... okay on input line 28.
LaTeX Font Info:    Checking defaults for U/cmr/m/n on input line 28.
LaTeX Font Info:    ... okay on input line 28.
LaTeX Font Info:    Checking defaults for PD1/pdf/m/n on input line 28.
LaTeX Font Info:    ... okay on input line 28.
LaTeX Font Info:    Checking defaults for PU/pdf/m/n on input line 28.
LaTeX Font Info:    ... okay on input line 28.
-- Lines per column: 50 (exact).
(/usr/share/texlive/texmf-dist/tex/context/base/mkii/supp-pdf.mkii
[Loading MPS to PDF converter (version 2006.09.02).]
\scratchcounter=\count308
\scratchdimen=\dimen199
\scratchbox=\box105
\nofMPsegments=\count309
\nofMParguments=\count310
\everyMPshowfont=\toks32
\MPscratchCnt=\count311
\MPscratchDim=\dimen256
\MPnumerator=\count312
\makeMPintoPDFobject=\count313
\everyMPtoPDFconversion=\toks33
) (/usr/share/texlive/texmf-dist/tex/latex/epstopdf-pkg/epstopdf-base.sty
Package: epstopdf-base 2020-01-24 v2.11 Base part for package epstopdf
Package epstopdf-base Info: Redefining graphics rule for `.eps' on input line 4
85.

(/usr/share/texlive/texmf-dist/tex/latex/latexconfig/epstopdf-sys.cfg
File: epstopdf-sys.cfg 2010/07/13 v1.3 Configuration of (r)epstopdf for TeX Liv
e
))
Package hyperref Info: Link coloring OFF on input line 28.
\@outlinefile=\write3
\openout3 = `main.out'.

Package caption Info: Begin \AtBeginDocument code.
Package caption Info: End \AtBeginDocument code.

[1{/var/lib/texmf/fonts/map/pdftex/updmap/pdftex.map}{/usr/share/texlive/texmf-
dist/fonts/enc/dvips/base/8r.enc}]
<figs/GA/fig1.png, id=31, 601.4972pt x 545.78906pt>
File: figs/GA/fig1.png Graphic file (type png)
<use figs/GA/fig1.png>
Package pdftex.def Info: figs/GA/fig1.png  used on input line 137.
(pdftex.def)             Requested size: 361.19843pt x 327.75911pt.
 [2 <./figs/GA/fig1.png>]
LaTeX Font Info:    Trying to load font information for U+msa on input line 253
.

(/usr/share/texlive/texmf-dist/tex/latex/amsfonts/umsa.fd
File: umsa.fd 2013/01/14 v3.01 AMS symbols A
)
LaTeX Font Info:    Trying to load font information for U+msb on input line 253
.

(/usr/share/texlive/texmf-dist/tex/latex/amsfonts/umsb.fd
File: umsb.fd 2013/01/14 v3.01 AMS symbols B
)
<figs/GA/fig2.png, id=50, 630.85687pt x 471.26062pt>
File: figs/GA/fig2.png Graphic file (type png)
<use figs/GA/fig2.png>
Package pdftex.def Info: figs/GA/fig2.png  used on input line 260.
(pdftex.def)             Requested size: 361.19843pt x 269.82222pt.
 [3 <./figs/GA/fig2.png>]
<figs/GA/fig3.png, id=74, 563.85657pt x 422.32782pt>
File: figs/GA/fig3.png Graphic file (type png)
<use figs/GA/fig3.png>
Package pdftex.def Info: figs/GA/fig3.png  used on input line 299.
(pdftex.def)             Requested size: 258.0pt x 193.24208pt.
 [4 <./figs/GA/fig3.png>] [5]
Underfull \hbox (badness 10000) in paragraph at lines 482--483

 []

[6]
<figs/B/fig1.png, id=142, 605.26125pt x 209.28188pt>
File: figs/B/fig1.png Graphic file (type png)
<use figs/B/fig1.png>
Package pdftex.def Info: figs/B/fig1.png  used on input line 567.
(pdftex.def)             Requested size: 412.80157pt x 142.7345pt.
<figs/B/fig2.png, id=143, 581.92406pt x 210.03468pt>
File: figs/B/fig2.png Graphic file (type png)
<use figs/B/fig2.png>
Package pdftex.def Info: figs/B/fig2.png  used on input line 601.
(pdftex.def)             Requested size: 361.19843pt x 130.37077pt.
 [7 <./figs/B/fig1.png> <./figs/B/fig2.png>]
<figs/B/fig3.png, id=169, 362.85562pt x 280.79906pt>
File: figs/B/fig3.png Graphic file (type png)
<use figs/B/fig3.png>
Package pdftex.def Info: figs/B/fig3.png  used on input line 623.
(pdftex.def)             Requested size: 361.19843pt x 279.52155pt.
<figs/B/fig4.png, id=170, 304.88907pt x 121.20282pt>
File: figs/B/fig4.png Graphic file (type png)
<use figs/B/fig4.png>
Package pdftex.def Info: figs/B/fig4.png  used on input line 644.
(pdftex.def)             Requested size: 387.0pt x 153.85002pt.
 [8 <./figs/B/fig3.png> <./figs/B/fig4.png>]
<figs/B/fig5.png, id=185, 320.69812pt x 246.9225pt>
File: figs/B/fig5.png Graphic file (type png)
<use figs/B/fig5.png>
Package pdftex.def Info: figs/B/fig5.png  used on input line 665.
(pdftex.def)             Requested size: 309.60315pt x 238.3842pt.
 [9 <./figs/B/fig5.png>]
<figs/B/fig6.png, id=206, 491.58656pt x 242.40562pt>
File: figs/B/fig6.png Graphic file (type png)
<use figs/B/fig6.png>
Package pdftex.def Info: figs/B/fig6.png  used on input line 720.
(pdftex.def)             Requested size: 361.19843pt x 178.11604pt.
<figs/B/fig7.png, id=207, 543.53062pt x 160.34906pt>
File: figs/B/fig7.png Graphic file (type png)
<use figs/B/fig7.png>
Package pdftex.def Info: figs/B/fig7.png  used on input line 743.
(pdftex.def)             Requested size: 387.0pt x 114.17648pt.
 [10 <./figs/B/fig6.png> <./figs/B/fig7.png>]
<figs/B/fig8.png, id=227, 517.935pt x 167.87718pt>
File: figs/B/fig8.png Graphic file (type png)
<use figs/B/fig8.png>
Package pdftex.def Info: figs/B/fig8.png  used on input line 792.
(pdftex.def)             Requested size: 361.19843pt x 117.0803pt.
 [11 <./figs/B/fig8.png>]
<figs/B/fig9.png, id=259, 401.24907pt x 285.31593pt>
File: figs/B/fig9.png Graphic file (type png)
<use figs/B/fig9.png>
Package pdftex.def Info: figs/B/fig9.png  used on input line 833.
(pdftex.def)             Requested size: 206.39685pt x 146.76738pt.
<figs/B/fig10.png, id=260, 435.87843pt x 283.0575pt>
File: figs/B/fig10.png Graphic file (type png)
<use figs/B/fig10.png>
Package pdftex.def Info: figs/B/fig10.png  used on input line 847.
(pdftex.def)             Requested size: 387.0pt x 251.31569pt.
 [12 <./figs/B/fig9.png> <./figs/B/fig10.png>]
Underfull \hbox (badness 10000) in paragraph at lines 879--885

 []

<figs/B/fig11.png, id=272, 568.37344pt x 167.87718pt>
File: figs/B/fig11.png Graphic file (type png)
<use figs/B/fig11.png>
Package pdftex.def Info: figs/B/fig11.png  used on input line 888.
(pdftex.def)             Requested size: 412.80157pt x 121.93198pt.
[13 <./figs/B/fig11.png>]
Underfull \hbox (badness 10000) in paragraph at lines 904--909

 []

<figs/B/fig12.png, id=284, 254.45062pt x 228.10219pt>
File: figs/B/fig12.png Graphic file (type png)
<use figs/B/fig12.png>
Package pdftex.def Info: figs/B/fig12.png  used on input line 912.
(pdftex.def)             Requested size: 258.0pt x 231.29327pt.
[14 <./figs/B/fig12.png>]
<figs/C/fig1.png, id=292, 511.9125pt x 256.70906pt>
File: figs/C/fig1.png Graphic file (type png)
<use figs/C/fig1.png>
Package pdftex.def Info: figs/C/fig1.png  used on input line 939.
(pdftex.def)             Requested size: 387.0pt x 194.07071pt.
<figs/C/fig2.png, id=293, 323.70938pt x 292.84406pt>
File: figs/C/fig2.png Graphic file (type png)
<use figs/C/fig2.png>
Package pdftex.def Info: figs/C/fig2.png  used on input line 962.
(pdftex.def)             Requested size: 154.80157pt x 140.04074pt.
 [15 <./figs/C/fig1.png> <./figs/C/fig2.png>]
<figs/C/fig3.png, id=313, 363.60844pt x 149.05687pt>
File: figs/C/fig3.png Graphic file (type png)
<use figs/C/fig3.png>
Package pdftex.def Info: figs/C/fig3.png  used on input line 984.
(pdftex.def)             Requested size: 206.39685pt x 84.61304pt.
<figs/C/fig4.png, id=314, 271.76532pt x 170.88844pt>
File: figs/C/fig4.png Graphic file (type png)
<use figs/C/fig4.png>
Package pdftex.def Info: figs/C/fig4.png  used on input line 1021.
(pdftex.def)             Requested size: 206.39685pt x 129.7905pt.
 [16 <./figs/C/fig3.png> <./figs/C/fig4.png>]
<figs/C/fig5.png, id=338, 237.88875pt x 243.91125pt>
File: figs/C/fig5.png Graphic file (type png)
<use figs/C/fig5.png>
Package pdftex.def Info: figs/C/fig5.png  used on input line 1044.
(pdftex.def)             Requested size: 206.39685pt x 211.63162pt.
<figs/C/fig6.png, id=339, 337.26pt x 290.58563pt>
File: figs/C/fig6.png Graphic file (type png)
<use figs/C/fig6.png>
Package pdftex.def Info: figs/C/fig6.png  used on input line 1065.
(pdftex.def)             Requested size: 206.39685pt x 177.83781pt.
 [17 <./figs/C/fig5.png> <./figs/C/fig6.png>]
<figs/C/fig7.png, id=354, 461.47406pt x 151.3153pt>
File: figs/C/fig7.png Graphic file (type png)
<use figs/C/fig7.png>
Package pdftex.def Info: figs/C/fig7.png  used on input line 1079.
(pdftex.def)             Requested size: 309.60315pt x 101.51694pt.

Underfull \hbox (badness 10000) in paragraph at lines 1089--1094

 []

<figs/C/fig8.png, id=355, 601.4972pt x 263.48438pt>
File: figs/C/fig8.png Graphic file (type png)
<use figs/C/fig8.png>
Package pdftex.def Info: figs/C/fig8.png  used on input line 1097.
(pdftex.def)             Requested size: 361.19843pt x 158.22853pt.
[18 <./figs/C/fig7.png> <./figs/C/fig8.png>]
Underfull \hbox (badness 10000) in paragraph at lines 1113--1118

 []

<figs/C/fig9.png, id=371, 289.83281pt x 264.23718pt>
File: figs/C/fig9.png Graphic file (type png)
<use figs/C/fig9.png>
Package pdftex.def Info: figs/C/fig9.png  used on input line 1121.
(pdftex.def)             Requested size: 206.39685pt x 188.17014pt.
[19 <./figs/C/fig9.png>]
Underfull \hbox (badness 10000) in paragraph at lines 1151--1155

 []

<figs/C/fig10.png, id=390, 554.82281pt x 605.26125pt>
File: figs/C/fig10.png Graphic file (type png)
<use figs/C/fig10.png>
Package pdftex.def Info: figs/C/fig10.png  used on input line 1158.
(pdftex.def)             Requested size: 206.39685pt x 225.16223pt.

Underfull \hbox (badness 10000) in paragraph at lines 1172--1176

 []

<figs/C/fig11.png, id=391, 227.34938pt x 249.18094pt>
File: figs/C/fig11.png Graphic file (type png)
<use figs/C/fig11.png>
Package pdftex.def Info: figs/C/fig11.png  used on input line 1179.
(pdftex.def)             Requested size: 103.19843pt x 113.10753pt.
[20 <./figs/C/fig10.png> <./figs/C/fig11.png>]
<figs/C/fig12.png, id=406, 484.81125pt x 177.66376pt>
File: figs/C/fig12.png Graphic file (type png)
<use figs/C/fig12.png>
Package pdftex.def Info: figs/C/fig12.png  used on input line 1200.
(pdftex.def)             Requested size: 258.0pt x 94.55171pt.
<figs/C/fig13.png, id=407, 556.32843pt x 296.60812pt>
File: figs/C/fig13.png Graphic file (type png)
<use figs/C/fig13.png>
Package pdftex.def Info: figs/C/fig13.png  used on input line 1222.
(pdftex.def)             Requested size: 258.0pt x 137.55475pt.
 [21 <./figs/C/fig12.png> <./figs/C/fig13.png>]
Underfull \hbox (badness 10000) in paragraph at lines 1230--1235

 []

<figs/C/fig14.png, id=426, 430.60875pt x 193.47281pt>
File: figs/C/fig14.png Graphic file (type png)
<use figs/C/fig14.png>
Package pdftex.def Info: figs/C/fig14.png  used on input line 1238.
(pdftex.def)             Requested size: 258.0pt x 115.92221pt.

Underfull \hbox (badness 10000) in paragraph at lines 1244--1248

 []

<figs/C/fig15.png, id=427, 424.58624pt x 261.97874pt>
File: figs/C/fig15.png Graphic file (type png)
<use figs/C/fig15.png>
Package pdftex.def Info: figs/C/fig15.png  used on input line 1251.
(pdftex.def)             Requested size: 206.39685pt x 127.35135pt.
[22 <./figs/C/fig14.png> <./figs/C/fig15.png>]
<figs/C/fig16.png, id=438, 281.55188pt x 223.58531pt>
File: figs/C/fig16.png Graphic file (type png)
<use figs/C/fig16.png>
Package pdftex.def Info: figs/C/fig16.png  used on input line 1266.
(pdftex.def)             Requested size: 206.39685pt x 163.90506pt.
<figs/C/fig17.png, id=439, 335.00156pt x 82.80937pt>
File: figs/C/fig17.png Graphic file (type png)
<use figs/C/fig17.png>
Package pdftex.def Info: figs/C/fig17.png  used on input line 1283.
(pdftex.def)             Requested size: 206.39685pt x 51.01906pt.

Underfull \hbox (badness 10000) in paragraph at lines 1287--1288

 []

<figs/C/fig18.png, id=440, 590.95781pt x 145.29282pt>
File: figs/C/fig18.png Graphic file (type png)
<use figs/C/fig18.png>
Package pdftex.def Info: figs/C/fig18.png  used on input line 1297.
(pdftex.def)             Requested size: 309.60315pt x 76.12024pt.

Underfull \hbox (badness 10000) in paragraph at lines 1301--1302

 []

[23 <./figs/C/fig16.png> <./figs/C/fig17.png> <./figs/C/fig18.png>] [24]
[25] [26]
Underfull \hbox (badness 10000) in paragraph at lines 1465--1466

 []

(./tables/table1.tex)
Underfull \hbox (badness 10000) in paragraph at lines 1481--1484

 []


Underfull \hbox (badness 10000) in paragraph at lines 1485--1488

 []


Underfull \hbox (badness 10000) in paragraph at lines 1489--1491

 []


Underfull \hbox (badness 10000) in paragraph at lines 1492--1495

 []

[27] [28]
LaTeX Font Info:    Trying to load font information for TS1+ptm on input line 1
545.
 (/usr/share/texlive/texmf-dist/tex/latex/psnfss/ts1ptm.fd
File: ts1ptm.fd 2001/06/04 font definitions for TS1/ptm.
)
<figs/E/fig1.png, id=546, 237.88875pt x 163.3603pt>
File: figs/E/fig1.png Graphic file (type png)
<use figs/E/fig1.png>
Package pdftex.def Info: figs/E/fig1.png  used on input line 1556.
(pdftex.def)             Requested size: 154.80157pt x 106.30756pt.

(./tables/table2.tex) [29 <./figs/E/fig1.png>] (./tables/table3.tex) [30]
<figs/E/fig2.png, id=601, 412.54124pt x 260.47313pt>
File: figs/E/fig2.png Graphic file (type png)
<use figs/E/fig2.png>
Package pdftex.def Info: figs/E/fig2.png  used on input line 1644.
(pdftex.def)             Requested size: 206.39685pt x 130.31572pt.

(./tables/table4.tex) [31 <./figs/E/fig2.png>] (./tables/table5.tex
Overfull \hbox (88.80559pt too wide) in paragraph at lines 5--13
 [][] 
 []

)
<figs/E/fig3.png, id=630, 268.75406pt x 227.34938pt>
File: figs/E/fig3.png Graphic file (type png)
<use figs/E/fig3.png>
Package pdftex.def Info: figs/E/fig3.png  used on input line 1730.
(pdftex.def)             Requested size: 206.39685pt x 174.59816pt.

Underfull \hbox (badness 10000) in paragraph at lines 1738--1739
[]\OT1/ptm/m/n/12 1-Polyethylene; 2-Vulcanized rub-ber; 3-
 []

[32 <./figs/E/fig3.png>]
Underfull \hbox (badness 10000) in paragraph at lines 1756--1758

 []


Underfull \hbox (badness 10000) in paragraph at lines 1759--1761

 []


Underfull \hbox (badness 10000) in paragraph at lines 1762--1764

 []


Underfull \hbox (badness 10000) in paragraph at lines 1765--1767

 []

(./tables/table6.tex) [33] (./main.aux)
 ***********
LaTeX2e <2023-11-01> patch level 1
L3 programming layer <2024-01-22>
 ***********


LaTeX Warning: Label(s) may have changed. Rerun to get cross-references right.


Package rerunfilecheck Warning: File `main.out' has changed.
(rerunfilecheck)                Rerun to get outlines right
(rerunfilecheck)                or use package `bookmark'.

Package rerunfilecheck Info: Checksums for `main.out':
(rerunfilecheck)             Before: <no file>
(rerunfilecheck)             After:  D41D8CD98F00B204E9800998ECF8427E;0.
 ) 
Here is how much of TeX's memory you used:
 13114 strings out of 474222
 207845 string characters out of 5748734
 1941975 words of memory out of 5000000
 34745 multiletter control sequences out of 15000+600000
 595094 words of font info for 111 fonts, out of 8000000 for 9000
 1141 hyphenation exceptions out of 8191
 75i,13n,79p,567b,625s stack positions out of 10000i,1000n,20000p,200000b,200000s
</usr/share/texlive/texmf-dist/fonts/type1/public/amsfonts/cm/cmex10.pfb></us
r/share/texlive/texmf-dist/fonts/type1/public/amsfonts/cmextra/cmex9.pfb></usr/
share/texlive/texmf-dist/fonts/type1/public/amsfonts/cm/cmmi12.pfb></usr/share/
texlive/texmf-dist/fonts/type1/public/amsfonts/cm/cmmi6.pfb></usr/share/texlive
/texmf-dist/fonts/type1/public/amsfonts/cm/cmmi8.pfb></usr/share/texlive/texmf-
dist/fonts/type1/public/amsfonts/cm/cmmi9.pfb></usr/share/texlive/texmf-dist/fo
nts/type1/public/amsfonts/cm/cmr12.pfb></usr/share/texlive/texmf-dist/fonts/typ
e1/public/amsfonts/cm/cmr6.pfb></usr/share/texlive/texmf-dist/fonts/type1/publi
c/amsfonts/cm/cmr8.pfb></usr/share/texlive/texmf-dist/fonts/type1/public/amsfon
ts/cm/cmr9.pfb></usr/share/texlive/texmf-dist/fonts/type1/public/amsfonts/cm/cm
sy10.pfb></usr/share/texlive/texmf-dist/fonts/type1/public/amsfonts/cm/cmsy6.pf
b></usr/share/texlive/texmf-dist/fonts/type1/public/amsfonts/cm/cmsy8.pfb></usr
/share/texlive/texmf-dist/fonts/type1/public/amsfonts/cm/cmsy9.pfb></usr/share/
texlive/texmf-dist/fonts/type1/public/amsfonts/symbols/msbm10.pfb></usr/share/t
exlive/texmf-dist/fonts/type1/urw/times/utmb8a.pfb></usr/share/texlive/texmf-di
st/fonts/type1/urw/times/utmr8a.pfb>
Output written on main.pdf (33 pages, 1567316 bytes).
PDF statistics:
 838 PDF objects out of 1000 (max. 8388607)
 690 compressed objects within 7 object streams
 466 named destinations out of 1000 (max. 500000)
 181 words of extra memory for PDF output out of 10000 (max. 10000000)

