This is pdfTeX, Version 3.141592653-2.6-1.40.27 (TeX Live 2025/Termux) (preloaded format=pdflatex 2025.8.14)  27 AUG 2025 23:34
entering extended mode
 restricted \write18 enabled.
 %&-line parsing enabled.
**main.tex
(./main.tex
LaTeX2e <2025-06-01> patch level 1
L3 programming layer <2025-08-13>

(/data/data/com.termux/files/usr/share/texlive/2025/texmf-dist/tex/latex/beamer
/beamer.cls
Document Class: beamer 2025/08/04 v3.75 A class for typesetting presentations

(/data/data/com.termux/files/usr/share/texlive/2025/texmf-dist/tex/latex/beamer
/beamerbasemodes.sty
(/data/data/com.termux/files/usr/share/texlive/2025/texmf-dist/tex/latex/etoolb
ox/etoolbox.sty
Package: etoolbox 2025/02/11 v2.5l e-TeX tools for LaTeX (JAW)
\etb@tempcnta=\count275
)
\beamer@tempbox=\box53
\beamer@tempcount=\count276
\c@beamerpauses=\count277

(/data/data/com.termux/files/usr/share/texlive/2025/texmf-dist/tex/latex/beamer
/beamerbasedecode.sty
\beamer@slideinframe=\count278
\beamer@minimum=\count279
\beamer@decode@box=\box54
)
\beamer@commentbox=\box55
\beamer@modecount=\count280
)
(/data/data/com.termux/files/usr/share/texlive/2025/texmf-dist/tex/generic/ifte
x/iftex.sty
Package: iftex 2024/12/12 v1.0g TeX engine tests
)
\headdp=\dimen148
\footheight=\dimen149
\sidebarheight=\dimen150
\beamer@tempdim=\dimen151
\beamer@finalheight=\dimen152
\beamer@animht=\dimen153
\beamer@animdp=\dimen154
\beamer@animwd=\dimen155
\beamer@leftmargin=\dimen156
\beamer@rightmargin=\dimen157
\beamer@leftsidebar=\dimen158
\beamer@rightsidebar=\dimen159
\beamer@boxsize=\dimen160
\beamer@vboxoffset=\dimen161
\beamer@descdefault=\dimen162
\beamer@descriptionwidth=\dimen163
\beamer@lastskip=\skip49
\beamer@areabox=\box56
\beamer@animcurrent=\box57
\beamer@animshowbox=\box58
\beamer@sectionbox=\box59
\beamer@logobox=\box60
\beamer@linebox=\box61
\beamer@sectioncount=\count281
\beamer@subsubsectionmax=\count282
\beamer@subsectionmax=\count283
\beamer@sectionmax=\count284
\beamer@totalheads=\count285
\beamer@headcounter=\count286
\beamer@partstartpage=\count287
\beamer@sectionstartpage=\count288
\beamer@subsectionstartpage=\count289
\beamer@animationtempa=\count290
\beamer@animationtempb=\count291
\beamer@xpos=\count292
\beamer@ypos=\count293
\beamer@ypos@offset=\count294
\beamer@showpartnumber=\count295
\beamer@currentsubsection=\count296
\beamer@coveringdepth=\count297
\beamer@sectionadjust=\count298
\beamer@toclastsection=\count299
\beamer@tocsectionnumber=\count300

(/data/data/com.termux/files/usr/share/texlive/2025/texmf-dist/tex/latex/beamer
/beamerbaseoptions.sty
(/data/data/com.termux/files/usr/share/texlive/2025/texmf-dist/tex/latex/graphi
cs/keyval.sty
Package: keyval 2022/05/29 v1.15 key=value parser (DPC)
\KV@toks@=\toks17
))
\beamer@paperwidth=\skip50
\beamer@paperheight=\skip51

(/data/data/com.termux/files/usr/share/texlive/2025/texmf-dist/tex/latex/geomet
ry/geometry.sty
Package: geometry 2020/01/02 v5.9 Page Geometry

(/data/data/com.termux/files/usr/share/texlive/2025/texmf-dist/tex/generic/ifte
x/ifvtex.sty
Package: ifvtex 2019/10/25 v1.7 ifvtex legacy package. Use iftex instead.
)
\Gm@cnth=\count301
\Gm@cntv=\count302
\c@Gm@tempcnt=\count303
\Gm@bindingoffset=\dimen164
\Gm@wd@mp=\dimen165
\Gm@odd@mp=\dimen166
\Gm@even@mp=\dimen167
\Gm@layoutwidth=\dimen168
\Gm@layoutheight=\dimen169
\Gm@layouthoffset=\dimen170
\Gm@layoutvoffset=\dimen171
\Gm@dimlist=\toks18
)
(/data/data/com.termux/files/usr/share/texlive/2025/texmf-dist/tex/latex/pgf/ma
th/pgfmath.sty
(/data/data/com.termux/files/usr/share/texlive/2025/texmf-dist/tex/latex/pgf/ut
ilities/pgfrcs.sty
(/data/data/com.termux/files/usr/share/texlive/2025/texmf-dist/tex/generic/pgf/
utilities/pgfutil-common.tex
\pgfutil@everybye=\toks19
\pgfutil@tempdima=\dimen172
\pgfutil@tempdimb=\dimen173
)
(/data/data/com.termux/files/usr/share/texlive/2025/texmf-dist/tex/generic/pgf/
utilities/pgfutil-latex.def
\pgfutil@abb=\box62
)
(/data/data/com.termux/files/usr/share/texlive/2025/texmf-dist/tex/generic/pgf/
utilities/pgfrcs.code.tex
(/data/data/com.termux/files/usr/share/texlive/2025/texmf-dist/tex/generic/pgf/
pgf.revision.tex)
Package: pgfrcs 2023-01-15 v3.1.10 (3.1.10)
))
(/data/data/com.termux/files/usr/share/texlive/2025/texmf-dist/tex/latex/pgf/ut
ilities/pgfkeys.sty
(/data/data/com.termux/files/usr/share/texlive/2025/texmf-dist/tex/generic/pgf/
utilities/pgfkeys.code.tex
\pgfkeys@pathtoks=\toks20
\pgfkeys@temptoks=\toks21

(/data/data/com.termux/files/usr/share/texlive/2025/texmf-dist/tex/generic/pgf/
utilities/pgfkeyslibraryfiltered.code.tex
\pgfkeys@tmptoks=\toks22
)))
(/data/data/com.termux/files/usr/share/texlive/2025/texmf-dist/tex/generic/pgf/
math/pgfmath.code.tex
(/data/data/com.termux/files/usr/share/texlive/2025/texmf-dist/tex/generic/pgf/
math/pgfmathutil.code.tex
\pgf@x=\dimen174
\pgf@xa=\dimen175
\pgf@xb=\dimen176
\pgf@xc=\dimen177
\pgf@y=\dimen178
\pgf@ya=\dimen179
\pgf@yb=\dimen180
\pgf@yc=\dimen181
\c@pgf@counta=\count304
\c@pgf@countb=\count305
\c@pgf@countc=\count306
\c@pgf@countd=\count307
)
(/data/data/com.termux/files/usr/share/texlive/2025/texmf-dist/tex/generic/pgf/
math/pgfmathparser.code.tex
\pgfmath@dimen=\dimen182
\pgfmath@count=\count308
\pgfmath@box=\box63
\pgfmath@toks=\toks23
\pgfmath@stack@operand=\toks24
\pgfmath@stack@operation=\toks25
)
(/data/data/com.termux/files/usr/share/texlive/2025/texmf-dist/tex/generic/pgf/
math/pgfmathfunctions.code.tex)
(/data/data/com.termux/files/usr/share/texlive/2025/texmf-dist/tex/generic/pgf/
math/pgfmathfunctions.basic.code.tex)
(/data/data/com.termux/files/usr/share/texlive/2025/texmf-dist/tex/generic/pgf/
math/pgfmathfunctions.trigonometric.code.tex)
(/data/data/com.termux/files/usr/share/texlive/2025/texmf-dist/tex/generic/pgf/
math/pgfmathfunctions.random.code.tex)
(/data/data/com.termux/files/usr/share/texlive/2025/texmf-dist/tex/generic/pgf/
math/pgfmathfunctions.comparison.code.tex)
(/data/data/com.termux/files/usr/share/texlive/2025/texmf-dist/tex/generic/pgf/
math/pgfmathfunctions.base.code.tex)
(/data/data/com.termux/files/usr/share/texlive/2025/texmf-dist/tex/generic/pgf/
math/pgfmathfunctions.round.code.tex)
(/data/data/com.termux/files/usr/share/texlive/2025/texmf-dist/tex/generic/pgf/
math/pgfmathfunctions.misc.code.tex)
(/data/data/com.termux/files/usr/share/texlive/2025/texmf-dist/tex/generic/pgf/
math/pgfmathfunctions.integerarithmetics.code.tex)
(/data/data/com.termux/files/usr/share/texlive/2025/texmf-dist/tex/generic/pgf/
math/pgfmathcalc.code.tex)
(/data/data/com.termux/files/usr/share/texlive/2025/texmf-dist/tex/generic/pgf/
math/pgfmathfloat.code.tex
\c@pgfmathroundto@lastzeros=\count309
)))
(/data/data/com.termux/files/usr/share/texlive/2025/texmf-dist/tex/latex/base/s
ize11.clo
File: size11.clo 2025/01/22 v1.4n Standard LaTeX file (size option)
)
(/data/data/com.termux/files/usr/share/texlive/2025/texmf-dist/tex/latex/pgf/ba
siclayer/pgfcore.sty
(/data/data/com.termux/files/usr/share/texlive/2025/texmf-dist/tex/latex/graphi
cs/graphicx.sty
Package: graphicx 2024/12/31 v1.2e Enhanced LaTeX Graphics (DPC,SPQR)

(/data/data/com.termux/files/usr/share/texlive/2025/texmf-dist/tex/latex/graphi
cs/graphics.sty
Package: graphics 2024/08/06 v1.4g Standard LaTeX Graphics (DPC,SPQR)

(/data/data/com.termux/files/usr/share/texlive/2025/texmf-dist/tex/latex/graphi
cs/trig.sty
Package: trig 2023/12/02 v1.11 sin cos tan (DPC)
)
(/data/data/com.termux/files/usr/share/texlive/2025/texmf-dist/tex/latex/graphi
cs-cfg/graphics.cfg
File: graphics.cfg 2016/06/04 v1.11 sample graphics configuration
)
Package graphics Info: Driver file: pdftex.def on input line 106.

(/data/data/com.termux/files/usr/share/texlive/2025/texmf-dist/tex/latex/graphi
cs-def/pdftex.def
File: pdftex.def 2024/04/13 v1.2c Graphics/color driver for pdftex
))
\Gin@req@height=\dimen183
\Gin@req@width=\dimen184
)
(/data/data/com.termux/files/usr/share/texlive/2025/texmf-dist/tex/latex/pgf/sy
stemlayer/pgfsys.sty
(/data/data/com.termux/files/usr/share/texlive/2025/texmf-dist/tex/generic/pgf/
systemlayer/pgfsys.code.tex
Package: pgfsys 2023-01-15 v3.1.10 (3.1.10)
\pgf@x=\dimen185
\pgf@y=\dimen186
\pgf@xa=\dimen187
\pgf@ya=\dimen188
\pgf@xb=\dimen189
\pgf@yb=\dimen190
\pgf@xc=\dimen191
\pgf@yc=\dimen192
\pgf@xd=\dimen193
\pgf@yd=\dimen194
\w@pgf@writea=\write3
\r@pgf@reada=\read2
\c@pgf@counta=\count310
\c@pgf@countb=\count311
\c@pgf@countc=\count312
\c@pgf@countd=\count313
\t@pgf@toka=\toks26
\t@pgf@tokb=\toks27
\t@pgf@tokc=\toks28
\pgf@sys@id@count=\count314

(/data/data/com.termux/files/usr/share/texlive/2025/texmf-dist/tex/generic/pgf/
systemlayer/pgf.cfg
File: pgf.cfg 2023-01-15 v3.1.10 (3.1.10)
)
Driver file for pgf: pgfsys-pdftex.def

(/data/data/com.termux/files/usr/share/texlive/2025/texmf-dist/tex/generic/pgf/
systemlayer/pgfsys-pdftex.def
File: pgfsys-pdftex.def 2023-01-15 v3.1.10 (3.1.10)

(/data/data/com.termux/files/usr/share/texlive/2025/texmf-dist/tex/generic/pgf/
systemlayer/pgfsys-common-pdf.def
File: pgfsys-common-pdf.def 2023-01-15 v3.1.10 (3.1.10)
)))
(/data/data/com.termux/files/usr/share/texlive/2025/texmf-dist/tex/generic/pgf/
systemlayer/pgfsyssoftpath.code.tex
File: pgfsyssoftpath.code.tex 2023-01-15 v3.1.10 (3.1.10)
\pgfsyssoftpath@smallbuffer@items=\count315
\pgfsyssoftpath@bigbuffer@items=\count316
)
(/data/data/com.termux/files/usr/share/texlive/2025/texmf-dist/tex/generic/pgf/
systemlayer/pgfsysprotocol.code.tex
File: pgfsysprotocol.code.tex 2023-01-15 v3.1.10 (3.1.10)
))
(/data/data/com.termux/files/usr/share/texlive/2025/texmf-dist/tex/latex/xcolor
/xcolor.sty
Package: xcolor 2024/09/29 v3.02 LaTeX color extensions (UK)

(/data/data/com.termux/files/usr/share/texlive/2025/texmf-dist/tex/latex/graphi
cs-cfg/color.cfg
File: color.cfg 2016/01/02 v1.6 sample color configuration
)
Package xcolor Info: Driver file: pdftex.def on input line 274.

(/data/data/com.termux/files/usr/share/texlive/2025/texmf-dist/tex/latex/graphi
cs/mathcolor.ltx)
Package xcolor Info: Model `cmy' substituted by `cmy0' on input line 1349.
Package xcolor Info: Model `hsb' substituted by `rgb' on input line 1353.
Package xcolor Info: Model `RGB' extended on input line 1365.
Package xcolor Info: Model `HTML' substituted by `rgb' on input line 1367.
Package xcolor Info: Model `Hsb' substituted by `hsb' on input line 1368.
Package xcolor Info: Model `tHsb' substituted by `hsb' on input line 1369.
Package xcolor Info: Model `HSB' substituted by `hsb' on input line 1370.
Package xcolor Info: Model `Gray' substituted by `gray' on input line 1371.
Package xcolor Info: Model `wave' substituted by `hsb' on input line 1372.
)
(/data/data/com.termux/files/usr/share/texlive/2025/texmf-dist/tex/generic/pgf/
basiclayer/pgfcore.code.tex
Package: pgfcore 2023-01-15 v3.1.10 (3.1.10)

(/data/data/com.termux/files/usr/share/texlive/2025/texmf-dist/tex/generic/pgf/
math/pgfint.code.tex)
(/data/data/com.termux/files/usr/share/texlive/2025/texmf-dist/tex/generic/pgf/
basiclayer/pgfcorepoints.code.tex
File: pgfcorepoints.code.tex 2023-01-15 v3.1.10 (3.1.10)
\pgf@picminx=\dimen195
\pgf@picmaxx=\dimen196
\pgf@picminy=\dimen197
\pgf@picmaxy=\dimen198
\pgf@pathminx=\dimen199
\pgf@pathmaxx=\dimen256
\pgf@pathminy=\dimen257
\pgf@pathmaxy=\dimen258
\pgf@xx=\dimen259
\pgf@xy=\dimen260
\pgf@yx=\dimen261
\pgf@yy=\dimen262
\pgf@zx=\dimen263
\pgf@zy=\dimen264
)
(/data/data/com.termux/files/usr/share/texlive/2025/texmf-dist/tex/generic/pgf/
basiclayer/pgfcorepathconstruct.code.tex
File: pgfcorepathconstruct.code.tex 2023-01-15 v3.1.10 (3.1.10)
\pgf@path@lastx=\dimen265
\pgf@path@lasty=\dimen266
)
(/data/data/com.termux/files/usr/share/texlive/2025/texmf-dist/tex/generic/pgf/
basiclayer/pgfcorepathusage.code.tex
File: pgfcorepathusage.code.tex 2023-01-15 v3.1.10 (3.1.10)
\pgf@shorten@end@additional=\dimen267
\pgf@shorten@start@additional=\dimen268
)
(/data/data/com.termux/files/usr/share/texlive/2025/texmf-dist/tex/generic/pgf/
basiclayer/pgfcorescopes.code.tex
File: pgfcorescopes.code.tex 2023-01-15 v3.1.10 (3.1.10)
\pgfpic=\box64
\pgf@hbox=\box65
\pgf@layerbox@main=\box66
\pgf@picture@serial@count=\count317
)
(/data/data/com.termux/files/usr/share/texlive/2025/texmf-dist/tex/generic/pgf/
basiclayer/pgfcoregraphicstate.code.tex
File: pgfcoregraphicstate.code.tex 2023-01-15 v3.1.10 (3.1.10)
\pgflinewidth=\dimen269
)
(/data/data/com.termux/files/usr/share/texlive/2025/texmf-dist/tex/generic/pgf/
basiclayer/pgfcoretransformations.code.tex
File: pgfcoretransformations.code.tex 2023-01-15 v3.1.10 (3.1.10)
\pgf@pt@x=\dimen270
\pgf@pt@y=\dimen271
\pgf@pt@temp=\dimen272
)
(/data/data/com.termux/files/usr/share/texlive/2025/texmf-dist/tex/generic/pgf/
basiclayer/pgfcorequick.code.tex
File: pgfcorequick.code.tex 2023-01-15 v3.1.10 (3.1.10)
)
(/data/data/com.termux/files/usr/share/texlive/2025/texmf-dist/tex/generic/pgf/
basiclayer/pgfcoreobjects.code.tex
File: pgfcoreobjects.code.tex 2023-01-15 v3.1.10 (3.1.10)
)
(/data/data/com.termux/files/usr/share/texlive/2025/texmf-dist/tex/generic/pgf/
basiclayer/pgfcorepathprocessing.code.tex
File: pgfcorepathprocessing.code.tex 2023-01-15 v3.1.10 (3.1.10)
)
(/data/data/com.termux/files/usr/share/texlive/2025/texmf-dist/tex/generic/pgf/
basiclayer/pgfcorearrows.code.tex
File: pgfcorearrows.code.tex 2023-01-15 v3.1.10 (3.1.10)
\pgfarrowsep=\dimen273
)
(/data/data/com.termux/files/usr/share/texlive/2025/texmf-dist/tex/generic/pgf/
basiclayer/pgfcoreshade.code.tex
File: pgfcoreshade.code.tex 2023-01-15 v3.1.10 (3.1.10)
\pgf@max=\dimen274
\pgf@sys@shading@range@num=\count318
\pgf@shadingcount=\count319
)
(/data/data/com.termux/files/usr/share/texlive/2025/texmf-dist/tex/generic/pgf/
basiclayer/pgfcoreimage.code.tex
File: pgfcoreimage.code.tex 2023-01-15 v3.1.10 (3.1.10)
)
(/data/data/com.termux/files/usr/share/texlive/2025/texmf-dist/tex/generic/pgf/
basiclayer/pgfcoreexternal.code.tex
File: pgfcoreexternal.code.tex 2023-01-15 v3.1.10 (3.1.10)
\pgfexternal@startupbox=\box67
)
(/data/data/com.termux/files/usr/share/texlive/2025/texmf-dist/tex/generic/pgf/
basiclayer/pgfcorelayers.code.tex
File: pgfcorelayers.code.tex 2023-01-15 v3.1.10 (3.1.10)
)
(/data/data/com.termux/files/usr/share/texlive/2025/texmf-dist/tex/generic/pgf/
basiclayer/pgfcoretransparency.code.tex
File: pgfcoretransparency.code.tex 2023-01-15 v3.1.10 (3.1.10)
)
(/data/data/com.termux/files/usr/share/texlive/2025/texmf-dist/tex/generic/pgf/
basiclayer/pgfcorepatterns.code.tex
File: pgfcorepatterns.code.tex 2023-01-15 v3.1.10 (3.1.10)
)
(/data/data/com.termux/files/usr/share/texlive/2025/texmf-dist/tex/generic/pgf/
basiclayer/pgfcorerdf.code.tex
File: pgfcorerdf.code.tex 2023-01-15 v3.1.10 (3.1.10)
)))
(/data/data/com.termux/files/usr/share/texlive/2025/texmf-dist/tex/latex/pgf/ut
ilities/xxcolor.sty
Package: xxcolor 2003/10/24 ver 0.1
\XC@nummixins=\count320
\XC@countmixins=\count321
)
(/data/data/com.termux/files/usr/share/texlive/2025/texmf-dist/tex/latex/base/a
tbegshi-ltx.sty
Package: atbegshi-ltx 2021/01/10 v1.0c Emulation of the original atbegshi
package with kernel methods
)
(/data/data/com.termux/files/usr/share/texlive/2025/texmf-dist/tex/latex/hyperr
ef/hyperref.sty
Package: hyperref 2025-07-12 v7.01o Hypertext links for LaTeX

(/data/data/com.termux/files/usr/share/texlive/2025/texmf-dist/tex/latex/kvsetk
eys/kvsetkeys.sty
Package: kvsetkeys 2022-10-05 v1.19 Key value parser (HO)
)
(/data/data/com.termux/files/usr/share/texlive/2025/texmf-dist/tex/generic/kvde
finekeys/kvdefinekeys.sty
Package: kvdefinekeys 2019-12-19 v1.6 Define keys (HO)
)
(/data/data/com.termux/files/usr/share/texlive/2025/texmf-dist/tex/generic/pdfe
scape/pdfescape.sty
Package: pdfescape 2019/12/09 v1.15 Implements pdfTeX's escape features (HO)

(/data/data/com.termux/files/usr/share/texlive/2025/texmf-dist/tex/generic/ltxc
mds/ltxcmds.sty
Package: ltxcmds 2023-12-04 v1.26 LaTeX kernel commands for general use (HO)
)
(/data/data/com.termux/files/usr/share/texlive/2025/texmf-dist/tex/generic/pdft
excmds/pdftexcmds.sty
Package: pdftexcmds 2020-06-27 v0.33 Utility functions of pdfTeX for LuaTeX (HO
)

(/data/data/com.termux/files/usr/share/texlive/2025/texmf-dist/tex/generic/infw
arerr/infwarerr.sty
Package: infwarerr 2019/12/03 v1.5 Providing info/warning/error messages (HO)
)
Package pdftexcmds Info: \pdf@primitive is available.
Package pdftexcmds Info: \pdf@ifprimitive is available.
Package pdftexcmds Info: \pdfdraftmode found.
))
(/data/data/com.termux/files/usr/share/texlive/2025/texmf-dist/tex/latex/hycolo
r/hycolor.sty
Package: hycolor 2020-01-27 v1.10 Color options for hyperref/bookmark (HO)
)
(/data/data/com.termux/files/usr/share/texlive/2025/texmf-dist/tex/latex/hyperr
ef/nameref.sty
Package: nameref 2025-06-21 v2.57 Cross-referencing by name of section

(/data/data/com.termux/files/usr/share/texlive/2025/texmf-dist/tex/latex/refcou
nt/refcount.sty
Package: refcount 2019/12/15 v3.6 Data extraction from label references (HO)
)
(/data/data/com.termux/files/usr/share/texlive/2025/texmf-dist/tex/generic/gett
itlestring/gettitlestring.sty
Package: gettitlestring 2019/12/15 v1.6 Cleanup title references (HO)

(/data/data/com.termux/files/usr/share/texlive/2025/texmf-dist/tex/latex/kvopti
ons/kvoptions.sty
Package: kvoptions 2022-06-15 v3.15 Key value format for package options (HO)
))
\c@section@level=\count322
)
(/data/data/com.termux/files/usr/share/texlive/2025/texmf-dist/tex/generic/stri
ngenc/stringenc.sty
Package: stringenc 2019/11/29 v1.12 Convert strings between diff. encodings (HO
)
)
\@linkdim=\dimen275
\Hy@linkcounter=\count323
\Hy@pagecounter=\count324

(/data/data/com.termux/files/usr/share/texlive/2025/texmf-dist/tex/latex/hyperr
ef/pd1enc.def
File: pd1enc.def 2025-07-12 v7.01o Hyperref: PDFDocEncoding definition (HO)
Now handling font encoding PD1 ...
... no UTF-8 mapping file for font encoding PD1
)
(/data/data/com.termux/files/usr/share/texlive/2025/texmf-dist/tex/generic/intc
alc/intcalc.sty
Package: intcalc 2019/12/15 v1.3 Expandable calculations with integers (HO)
)
\Hy@SavedSpaceFactor=\count325

(/data/data/com.termux/files/usr/share/texlive/2025/texmf-dist/tex/latex/hyperr
ef/puenc.def
File: puenc.def 2025-07-12 v7.01o Hyperref: PDF Unicode definition (HO)
Now handling font encoding PU ...
... no UTF-8 mapping file for font encoding PU
)
Package hyperref Info: Option `bookmarks' set `true' on input line 4066.
Package hyperref Info: Option `bookmarksopen' set `true' on input line 4066.
Package hyperref Info: Option `implicit' set `false' on input line 4066.
Package hyperref Info: Hyper figures OFF on input line 4195.
Package hyperref Info: Link nesting OFF on input line 4200.
Package hyperref Info: Hyper index ON on input line 4203.
Package hyperref Info: Plain pages OFF on input line 4210.
Package hyperref Info: Backreferencing OFF on input line 4215.
Package hyperref Info: Implicit mode OFF; no redefinition of LaTeX internals.
Package hyperref Info: Bookmarks ON on input line 4462.
\c@Hy@tempcnt=\count326

(/data/data/com.termux/files/usr/share/texlive/2025/texmf-dist/tex/latex/url/ur
l.sty
\Urlmuskip=\muskip17
Package: url 2013/09/16  ver 3.4  Verb mode for urls, etc.
)
LaTeX Info: Redefining \url on input line 4801.
\XeTeXLinkMargin=\dimen276

(/data/data/com.termux/files/usr/share/texlive/2025/texmf-dist/tex/generic/bits
et/bitset.sty
Package: bitset 2019/12/09 v1.3 Handle bit-vector datatype (HO)

(/data/data/com.termux/files/usr/share/texlive/2025/texmf-dist/tex/generic/bigi
ntcalc/bigintcalc.sty
Package: bigintcalc 2019/12/15 v1.5 Expandable calculations on big integers (HO
)
))
\Fld@menulength=\count327
\Field@Width=\dimen277
\Fld@charsize=\dimen278
Package hyperref Info: Hyper figures OFF on input line 6078.
Package hyperref Info: Link nesting OFF on input line 6083.
Package hyperref Info: Hyper index ON on input line 6086.
Package hyperref Info: backreferencing OFF on input line 6093.
Package hyperref Info: Link coloring OFF on input line 6098.
Package hyperref Info: Link coloring with OCG OFF on input line 6103.
Package hyperref Info: PDF/A mode OFF on input line 6108.
\Hy@abspage=\count328


Package hyperref Message: Stopped early.

)
Package hyperref Info: Driver (autodetected): hpdftex.

(/data/data/com.termux/files/usr/share/texlive/2025/texmf-dist/tex/latex/hyperr
ef/hpdftex.def
File: hpdftex.def 2025-07-12 v7.01o Hyperref driver for pdfTeX
\Fld@listcount=\count329
\c@bookmark@seq@number=\count330

(/data/data/com.termux/files/usr/share/texlive/2025/texmf-dist/tex/latex/rerunf
ilecheck/rerunfilecheck.sty
Package: rerunfilecheck 2025-06-21 v1.11 Rerun checks for auxiliary files (HO)

(/data/data/com.termux/files/usr/share/texlive/2025/texmf-dist/tex/generic/uniq
uecounter/uniquecounter.sty
Package: uniquecounter 2019/12/15 v1.4 Provide unlimited unique counter (HO)
)
Package uniquecounter Info: New unique counter `rerunfilecheck' on input line 2
84.
))
(/data/data/com.termux/files/usr/share/texlive/2025/texmf-dist/tex/latex/beamer
/beamerbaserequires.sty
(/data/data/com.termux/files/usr/share/texlive/2025/texmf-dist/tex/latex/beamer
/beamerbasecompatibility.sty)
(/data/data/com.termux/files/usr/share/texlive/2025/texmf-dist/tex/latex/beamer
/beamerbasefont.sty
(/data/data/com.termux/files/usr/share/texlive/2025/texmf-dist/tex/latex/amsfon
ts/amssymb.sty
Package: amssymb 2013/01/14 v3.01 AMS font symbols

(/data/data/com.termux/files/usr/share/texlive/2025/texmf-dist/tex/latex/amsfon
ts/amsfonts.sty
Package: amsfonts 2013/01/14 v3.01 Basic AMSFonts support
\@emptytoks=\toks29
\symAMSa=\mathgroup4
\symAMSb=\mathgroup5
LaTeX Font Info:    Redeclaring math symbol \hbar on input line 98.
LaTeX Font Info:    Overwriting math alphabet `\mathfrak' in version `bold'
(Font)                  U/euf/m/n --> U/euf/b/n on input line 106.
))
(/data/data/com.termux/files/usr/share/texlive/2025/texmf-dist/tex/latex/sansma
thaccent/sansmathaccent.sty
Package: sansmathaccent 2020/01/31

(/data/data/com.termux/files/usr/share/texlive/2025/texmf-dist/tex/latex/koma-s
cript/scrlfile.sty
Package: scrlfile 2025/06/04 v3.45 KOMA-Script package (file load hooks)

(/data/data/com.termux/files/usr/share/texlive/2025/texmf-dist/tex/latex/koma-s
cript/scrlfile-hook.sty
Package: scrlfile-hook 2025/06/04 v3.45 KOMA-Script package (using LaTeX hooks)


(/data/data/com.termux/files/usr/share/texlive/2025/texmf-dist/tex/latex/koma-s
cript/scrlogo.sty
Package: scrlogo 2025/06/04 v3.45 KOMA-Script package (logo)
)))))
(/data/data/com.termux/files/usr/share/texlive/2025/texmf-dist/tex/latex/beamer
/beamerbasetranslator.sty
(/data/data/com.termux/files/usr/share/texlive/2025/texmf-dist/tex/latex/transl
ator/translator.sty
Package: translator 2021-05-31 v1.12d Easy translation of strings in LaTeX
))
(/data/data/com.termux/files/usr/share/texlive/2025/texmf-dist/tex/latex/beamer
/beamerbasemisc.sty)
(/data/data/com.termux/files/usr/share/texlive/2025/texmf-dist/tex/latex/beamer
/beamerbasetwoscreens.sty)
(/data/data/com.termux/files/usr/share/texlive/2025/texmf-dist/tex/latex/beamer
/beamerbaseoverlay.sty
\beamer@argscount=\count331
\beamer@lastskipcover=\skip52
\beamer@trivlistdepth=\count332
)
(/data/data/com.termux/files/usr/share/texlive/2025/texmf-dist/tex/latex/beamer
/beamerbasetitle.sty)
(/data/data/com.termux/files/usr/share/texlive/2025/texmf-dist/tex/latex/beamer
/beamerbasesection.sty
\c@lecture=\count333
\c@part=\count334
\c@section=\count335
\c@subsection=\count336
\c@subsubsection=\count337
)
(/data/data/com.termux/files/usr/share/texlive/2025/texmf-dist/tex/latex/beamer
/beamerbaseframe.sty
\beamer@framebox=\box68
\beamer@frametitlebox=\box69
\beamer@zoombox=\box70
\beamer@zoomcount=\count338
\beamer@zoomframecount=\count339
\beamer@frametextheight=\dimen279
\c@subsectionslide=\count340
\beamer@frametopskip=\skip53
\beamer@framebottomskip=\skip54
\beamer@frametopskipautobreak=\skip55
\beamer@framebottomskipautobreak=\skip56
\beamer@envbody=\toks30
\framewidth=\dimen280
\c@framenumber=\count341
)
(/data/data/com.termux/files/usr/share/texlive/2025/texmf-dist/tex/latex/beamer
/beamerbaseverbatim.sty
\beamer@verbatimfileout=\write4
)
(/data/data/com.termux/files/usr/share/texlive/2025/texmf-dist/tex/latex/beamer
/beamerbaseframesize.sty
\beamer@splitbox=\box71
\beamer@autobreakcount=\count342
\beamer@autobreaklastheight=\dimen281
\beamer@frametitletoks=\toks31
\beamer@framesubtitletoks=\toks32
)
(/data/data/com.termux/files/usr/share/texlive/2025/texmf-dist/tex/latex/beamer
/beamerbaseframecomponents.sty
\beamer@colheight=\skip57
\beamer@footins=\box72
)
(/data/data/com.termux/files/usr/share/texlive/2025/texmf-dist/tex/latex/beamer
/beamerbasecolor.sty)
(/data/data/com.termux/files/usr/share/texlive/2025/texmf-dist/tex/latex/beamer
/beamerbasenotes.sty
\beamer@frameboxcopy=\box73
)
(/data/data/com.termux/files/usr/share/texlive/2025/texmf-dist/tex/latex/beamer
/beamerbasetoc.sty)
(/data/data/com.termux/files/usr/share/texlive/2025/texmf-dist/tex/latex/beamer
/beamerbasetemplates.sty
\beamer@sbttoks=\toks33

(/data/data/com.termux/files/usr/share/texlive/2025/texmf-dist/tex/latex/beamer
/beamerbaseauxtemplates.sty
(/data/data/com.termux/files/usr/share/texlive/2025/texmf-dist/tex/latex/beamer
/beamerbaseboxes.sty
\bmb@box=\box74
\bmb@colorbox=\box75
\bmb@boxwidth=\dimen282
\bmb@boxheight=\dimen283
\bmb@prevheight=\dimen284
\bmb@temp=\dimen285
\bmb@dima=\dimen286
\bmb@dimb=\dimen287
\bmb@prevheight=\dimen288
)
\beamer@blockheadheight=\dimen289
))
(/data/data/com.termux/files/usr/share/texlive/2025/texmf-dist/tex/latex/beamer
/beamerbaselocalstructure.sty
(/data/data/com.termux/files/usr/share/texlive/2025/texmf-dist/tex/latex/tools/
enumerate.sty
Package: enumerate 2023/07/04 v3.00 enumerate extensions (DPC)
\@enLab=\toks34
)
\beamer@bibiconwidth=\skip58
\c@figure=\count343
\c@table=\count344
\abovecaptionskip=\skip59
\belowcaptionskip=\skip60
)
(/data/data/com.termux/files/usr/share/texlive/2025/texmf-dist/tex/latex/beamer
/beamerbasenavigation.sty
(/data/data/com.termux/files/usr/share/texlive/2025/texmf-dist/tex/latex/beamer
/beamerbasenavigationsymbols.tex)
\beamer@section@min@dim=\dimen290
)
(/data/data/com.termux/files/usr/share/texlive/2025/texmf-dist/tex/latex/beamer
/beamerbasetheorems.sty
(/data/data/com.termux/files/usr/share/texlive/2025/texmf-dist/tex/latex/amsmat
h/amsmath.sty
Package: amsmath 2025/06/16 v2.17y AMS math features
\@mathmargin=\skip61

For additional information on amsmath, use the `?' option.

(/data/data/com.termux/files/usr/share/texlive/2025/texmf-dist/tex/latex/amsmat
h/amstext.sty
Package: amstext 2024/11/17 v2.01 AMS text

(/data/data/com.termux/files/usr/share/texlive/2025/texmf-dist/tex/latex/amsmat
h/amsgen.sty
File: amsgen.sty 1999/11/30 v2.0 generic functions
\@emptytoks=\toks35
\ex@=\dimen291
))
(/data/data/com.termux/files/usr/share/texlive/2025/texmf-dist/tex/latex/amsmat
h/amsbsy.sty
Package: amsbsy 1999/11/29 v1.2d Bold Symbols
\pmbraise@=\dimen292
)
(/data/data/com.termux/files/usr/share/texlive/2025/texmf-dist/tex/latex/amsmat
h/amsopn.sty
Package: amsopn 2022/04/08 v2.04 operator names
)
\inf@bad=\count345
LaTeX Info: Redefining \frac on input line 233.
\uproot@=\count346
\leftroot@=\count347
LaTeX Info: Redefining \overline on input line 398.
LaTeX Info: Redefining \colon on input line 409.
\classnum@=\count348
\DOTSCASE@=\count349
LaTeX Info: Redefining \ldots on input line 495.
LaTeX Info: Redefining \dots on input line 498.
LaTeX Info: Redefining \cdots on input line 619.
\Mathstrutbox@=\box76
\strutbox@=\box77
LaTeX Info: Redefining \big on input line 721.
LaTeX Info: Redefining \Big on input line 722.
LaTeX Info: Redefining \bigg on input line 723.
LaTeX Info: Redefining \Bigg on input line 724.
\big@size=\dimen293
LaTeX Font Info:    Redeclaring font encoding OML on input line 742.
LaTeX Font Info:    Redeclaring font encoding OMS on input line 743.
\macc@depth=\count350
LaTeX Info: Redefining \bmod on input line 904.
LaTeX Info: Redefining \pmod on input line 909.
LaTeX Info: Redefining \smash on input line 939.
LaTeX Info: Redefining \relbar on input line 969.
LaTeX Info: Redefining \Relbar on input line 970.
\c@MaxMatrixCols=\count351
\dotsspace@=\muskip18
\c@parentequation=\count352
\dspbrk@lvl=\count353
\tag@help=\toks36
\row@=\count354
\column@=\count355
\maxfields@=\count356
\andhelp@=\toks37
\eqnshift@=\dimen294
\alignsep@=\dimen295
\tagshift@=\dimen296
\tagwidth@=\dimen297
\totwidth@=\dimen298
\lineht@=\dimen299
\@envbody=\toks38
\multlinegap=\skip62
\multlinetaggap=\skip63
\mathdisplay@stack=\toks39
LaTeX Info: Redefining \[ on input line 2949.
LaTeX Info: Redefining \] on input line 2950.
)
(/data/data/com.termux/files/usr/share/texlive/2025/texmf-dist/tex/latex/amscls
/amsthm.sty
Package: amsthm 2020/05/29 v2.20.6
\thm@style=\toks40
\thm@bodyfont=\toks41
\thm@headfont=\toks42
\thm@notefont=\toks43
\thm@headpunct=\toks44
\thm@preskip=\skip64
\thm@postskip=\skip65
\thm@headsep=\skip66
\dth@everypar=\toks45
)
\c@theorem=\count357
)
(/data/data/com.termux/files/usr/share/texlive/2025/texmf-dist/tex/latex/beamer
/beamerbasethemes.sty))
(/data/data/com.termux/files/usr/share/texlive/2025/texmf-dist/tex/latex/beamer
/beamerthemedefault.sty
(/data/data/com.termux/files/usr/share/texlive/2025/texmf-dist/tex/latex/beamer
/beamerfontthemedefault.sty)
(/data/data/com.termux/files/usr/share/texlive/2025/texmf-dist/tex/latex/beamer
/beamercolorthemedefault.sty)
(/data/data/com.termux/files/usr/share/texlive/2025/texmf-dist/tex/latex/beamer
/beamerinnerthemedefault.sty
\beamer@dima=\dimen300
\beamer@dimb=\dimen301
)
(/data/data/com.termux/files/usr/share/texlive/2025/texmf-dist/tex/latex/beamer
/beamerouterthemedefault.sty)))
(/data/data/com.termux/files/usr/share/texlive/2025/texmf-dist/tex/latex/adjust
box/adjustbox.sty
Package: adjustbox 2025/02/26 v1.3c Adjusting TeX boxes (trim, clip, ...)

(/data/data/com.termux/files/usr/share/texlive/2025/texmf-dist/tex/latex/xkeyva
l/xkeyval.sty
Package: xkeyval 2022/06/16 v2.9 package option processing (HA)

(/data/data/com.termux/files/usr/share/texlive/2025/texmf-dist/tex/generic/xkey
val/xkeyval.tex
(/data/data/com.termux/files/usr/share/texlive/2025/texmf-dist/tex/generic/xkey
val/xkvutils.tex
\XKV@toks=\toks46
\XKV@tempa@toks=\toks47
)
\XKV@depth=\count358
File: xkeyval.tex 2014/12/03 v2.7a key=value parser (HA)
))
(/data/data/com.termux/files/usr/share/texlive/2025/texmf-dist/tex/latex/adjust
box/adjcalc.sty
Package: adjcalc 2012/05/16 v1.1 Provides advanced setlength with multiple back
-ends (calc, etex, pgfmath)
)
(/data/data/com.termux/files/usr/share/texlive/2025/texmf-dist/tex/latex/adjust
box/trimclip.sty
Package: trimclip 2025/02/21 v1.2a Trim and clip general TeX material

(/data/data/com.termux/files/usr/share/texlive/2025/texmf-dist/tex/latex/collec
tbox/collectbox.sty
Package: collectbox 2022/10/17 v0.4c Collect macro arguments as boxes
\collectedbox=\box78
)
\tc@llx=\dimen302
\tc@lly=\dimen303
\tc@urx=\dimen304
\tc@ury=\dimen305
Package trimclip Info: Using driver 'tc-pdftex.def'.

(/data/data/com.termux/files/usr/share/texlive/2025/texmf-dist/tex/latex/adjust
box/tc-pdftex.def
File: tc-pdftex.def 2025/02/26 v2.3 Clipping driver for pdftex
))
\adjbox@Width=\dimen306
\adjbox@Height=\dimen307
\adjbox@Depth=\dimen308
\adjbox@Totalheight=\dimen309
\adjbox@pwidth=\dimen310
\adjbox@pheight=\dimen311
\adjbox@pdepth=\dimen312
\adjbox@ptotalheight=\dimen313

(/data/data/com.termux/files/usr/share/texlive/2025/texmf-dist/tex/latex/ifoddp
age/ifoddpage.sty
Package: ifoddpage 2022/10/18 v1.2 Conditionals for odd/even page detection
\c@checkoddpage=\count359
)
(/data/data/com.termux/files/usr/share/texlive/2025/texmf-dist/tex/latex/varwid
th/varwidth.sty
Package: varwidth 2009/03/30 ver 0.92;  Variable-width minipages
\@vwid@box=\box79
\sift@deathcycles=\count360
\@vwid@loff=\dimen314
\@vwid@roff=\dimen315
)
==> First Aid for varwidth.sty applied!
)
(/data/data/com.termux/files/usr/share/texlive/2025/texmf-dist/tex/latex/captio
n/subcaption.sty
Package: subcaption 2023/07/28 v1.6b Sub-captions (AR)

(/data/data/com.termux/files/usr/share/texlive/2025/texmf-dist/tex/latex/captio
n/caption.sty
Package: caption 2023/08/05 v3.6o Customizing captions (AR)

(/data/data/com.termux/files/usr/share/texlive/2025/texmf-dist/tex/latex/captio
n/caption3.sty
Package: caption3 2023/07/31 v2.4d caption3 kernel (AR)
\caption@tempdima=\dimen316
\captionmargin=\dimen317
\caption@leftmargin=\dimen318
\caption@rightmargin=\dimen319
\caption@width=\dimen320
\caption@indent=\dimen321
\caption@parindent=\dimen322
\caption@hangindent=\dimen323
Package caption Info: beamer document class detected.

(/data/data/com.termux/files/usr/share/texlive/2025/texmf-dist/tex/latex/captio
n/caption-beamer.sto
File: caption-beamer.sto 2022/01/06 v2.0c Adaption of the caption package to th
e beamer document classes (AR)
))
\c@caption@flags=\count361
\c@continuedfloat=\count362
Package caption Info: hyperref package is loaded.
Package caption Info: Hyperref support is turned off
(caption)             because hyperref has stopped early.
)
Package caption Info: New subtype `subfigure' on input line 238.
\c@subfigure=\count363
Package caption Info: New subtype `subtable' on input line 238.
\c@subtable=\count364
)
(/data/data/com.termux/files/usr/share/texlive/2025/texmf-dist/tex/latex/enumit
em/enumitem.sty
Package: enumitem 2025/02/06 v3.11 Customized lists
\labelindent=\skip67
\enit@outerparindent=\dimen324
\enit@toks=\toks48
\enit@inbox=\box80
\enit@count@id=\count365
\enitdp@description=\count366
)
(/data/data/com.termux/files/usr/share/texlive/2025/texmf-dist/tex/latex/tools/
multicol.sty
Package: multicol 2025/05/25 v2.0a multicolumn formatting (FMi)
\c@tracingmulticols=\count367
\mult@box=\box81
\multicol@leftmargin=\dimen325
\c@unbalance=\count368
\c@collectmore=\count369
\doublecol@number=\count370
\multicoltolerance=\count371
\multicolpretolerance=\count372
\full@width=\dimen326
\page@free=\dimen327
\premulticols=\dimen328
\postmulticols=\dimen329
\multicolsep=\skip68
\multicolbaselineskip=\skip69
\partial@page=\box82
\last@line=\box83
\mc@boxedresult=\box84
\maxbalancingoverflow=\dimen330
\mult@rightbox=\box85
\mult@grightbox=\box86
\mult@firstbox=\box87
\mult@gfirstbox=\box88
\@tempa=\box89
\@tempa=\box90
\@tempa=\box91
\@tempa=\box92
\@tempa=\box93
\@tempa=\box94
\@tempa=\box95
\@tempa=\box96
\@tempa=\box97
\@tempa=\box98
\@tempa=\box99
\@tempa=\box100
\@tempa=\box101
\@tempa=\box102
\@tempa=\box103
\@tempa=\box104
\@tempa=\box105
\@tempa=\box106
\@tempa=\box107
\@tempa=\box108
\@tempa=\box109
\@tempa=\box110
\@tempa=\box111
\@tempa=\box112
\@tempa=\box113
\@tempa=\box114
\@tempa=\box115
\@tempa=\box116
\@tempa=\box117
\@tempa=\box118
\@tempa=\box119
\@tempa=\box120
\@tempa=\box121
\@tempa=\box122
\@tempa=\box123
\@tempa=\box124
\c@minrows=\count373
\c@columnbadness=\count374
\c@finalcolumnbadness=\count375
\last@try=\dimen331
\multicolovershoot=\dimen332
\multicolundershoot=\dimen333
\mult@nat@firstbox=\box125
\colbreak@box=\box126
\mc@col@check@num=\count376
\g__mc_curr_col_int=\count377
)
(/data/data/com.termux/files/usr/share/texlive/2025/texmf-dist/tex/latex/mathto
ols/mathtools.sty
Package: mathtools 2024/10/04 v1.31 mathematical typesetting tools

(/data/data/com.termux/files/usr/share/texlive/2025/texmf-dist/tex/latex/tools/
calc.sty
Package: calc 2025/03/01 v4.3b Infix arithmetic (KKT,FJ)
\calc@Acount=\count378
\calc@Bcount=\count379
\calc@Adimen=\dimen334
\calc@Bdimen=\dimen335
\calc@Askip=\skip70
\calc@Bskip=\skip71
LaTeX Info: Redefining \setlength on input line 86.
LaTeX Info: Redefining \addtolength on input line 87.
\calc@Ccount=\count380
\calc@Cskip=\skip72
)
(/data/data/com.termux/files/usr/share/texlive/2025/texmf-dist/tex/latex/mathto
ols/mhsetup.sty
Package: mhsetup 2021/03/18 v1.4 programming setup (MH)
)
\g_MT_multlinerow_int=\count381
\l_MT_multwidth_dim=\dimen336
\origjot=\skip73
\l_MT_shortvdotswithinadjustabove_dim=\dimen337
\l_MT_shortvdotswithinadjustbelow_dim=\dimen338
\l_MT_above_intertext_sep=\dimen339
\l_MT_below_intertext_sep=\dimen340
\l_MT_above_shortintertext_sep=\dimen341
\l_MT_below_shortintertext_sep=\dimen342
\xmathstrut@box=\box127
\xmathstrut@dim=\dimen343
)
(/data/data/com.termux/files/usr/share/texlive/2025/texmf-dist/tex/latex/listin
gs/listings.sty
\lst@mode=\count382
\lst@gtempboxa=\box128
\lst@token=\toks49
\lst@length=\count383
\lst@currlwidth=\dimen344
\lst@column=\count384
\lst@pos=\count385
\lst@lostspace=\dimen345
\lst@width=\dimen346
\lst@newlines=\count386
\lst@lineno=\count387
\lst@maxwidth=\dimen347

(/data/data/com.termux/files/usr/share/texlive/2025/texmf-dist/tex/latex/listin
gs/lstpatch.sty
File: lstpatch.sty 2024/09/23 1.10c (Carsten Heinz)
)
(/data/data/com.termux/files/usr/share/texlive/2025/texmf-dist/tex/latex/listin
gs/lstmisc.sty
File: lstmisc.sty 2024/09/23 1.10c (Carsten Heinz)
\c@lstnumber=\count388
\lst@skipnumbers=\count389
\lst@framebox=\box129
)
(/data/data/com.termux/files/usr/share/texlive/2025/texmf-dist/tex/latex/listin
gs/listings.cfg
File: listings.cfg 2024/09/23 1.10c listings configuration
))
Package: listings 2024/09/23 1.10c (Carsten Heinz)

(/data/data/com.termux/files/usr/share/texlive/2025/texmf-dist/tex/latex/float/
float.sty
Package: float 2001/11/08 v1.3d Float enhancements (AL)
\c@float@type=\count390
\float@exts=\toks50
\float@box=\box130
\@float@everytoks=\toks51
\@floatcapt=\box131
)
(/data/data/com.termux/files/usr/share/texlive/2025/texmf-dist/tex/latex/beamer
/beamerthemeBoadilla.sty
(/data/data/com.termux/files/usr/share/texlive/2025/texmf-dist/tex/latex/beamer
/beamercolorthemerose.sty)
(/data/data/com.termux/files/usr/share/texlive/2025/texmf-dist/tex/latex/beamer
/beamerinnerthemerounded.sty)
(/data/data/com.termux/files/usr/share/texlive/2025/texmf-dist/tex/latex/beamer
/beamercolorthemedolphin.sty)
(/data/data/com.termux/files/usr/share/texlive/2025/texmf-dist/tex/latex/beamer
/beamerouterthemeinfolines.sty))
(/data/data/com.termux/files/usr/share/texlive/2025/texmf-dist/tex/latex/beamer
/beamercolorthemelily.sty)
\c@rem=\count391

(/data/data/com.termux/files/usr/share/texlive/2025/texmf-dist/tex/latex/listin
gs/lstlang1.sty
File: lstlang1.sty 2024/09/23 1.10c listings language file
)
(/data/data/com.termux/files/usr/share/texlive/2025/texmf-dist/tex/latex/listin
gs/lstmisc.sty
File: lstmisc.sty 2024/09/23 1.10c (Carsten Heinz)
)

Package hyperref Warning: Token not allowed in a PDF string (Unicode):
(hyperref)                removing `\\' on input line 72.


Package hyperref Warning: Token not allowed in a PDF string (Unicode):
(hyperref)                removing `\\' on input line 72.


(/data/data/com.termux/files/usr/share/texlive/2025/texmf-dist/tex/latex/l3back
end/l3backend-pdftex.def
File: l3backend-pdftex.def 2025-06-09 L3 backend support: PDF output (pdfTeX)
\l__color_backend_stack_int=\count392
)
No file main.aux.
\openout1 = `main.aux'.

LaTeX Font Info:    Checking defaults for OML/cmm/m/it on input line 75.
LaTeX Font Info:    ... okay on input line 75.
LaTeX Font Info:    Checking defaults for OMS/cmsy/m/n on input line 75.
LaTeX Font Info:    ... okay on input line 75.
LaTeX Font Info:    Checking defaults for OT1/cmr/m/n on input line 75.
LaTeX Font Info:    ... okay on input line 75.
LaTeX Font Info:    Checking defaults for T1/cmr/m/n on input line 75.
LaTeX Font Info:    ... okay on input line 75.
LaTeX Font Info:    Checking defaults for TS1/cmr/m/n on input line 75.
LaTeX Font Info:    ... okay on input line 75.
LaTeX Font Info:    Checking defaults for OMX/cmex/m/n on input line 75.
LaTeX Font Info:    ... okay on input line 75.
LaTeX Font Info:    Checking defaults for U/cmr/m/n on input line 75.
LaTeX Font Info:    ... okay on input line 75.
LaTeX Font Info:    Checking defaults for PD1/pdf/m/n on input line 75.
LaTeX Font Info:    ... okay on input line 75.
LaTeX Font Info:    Checking defaults for PU/pdf/m/n on input line 75.
LaTeX Font Info:    ... okay on input line 75.
*geometry* driver: auto-detecting
*geometry* detected driver: pdftex
*geometry* verbose mode - [ preamble ] result:
* driver: pdftex
* paper: custom
* layout: <same size as paper>
* layoutoffset:(h,v)=(0.0pt,0.0pt)
* modes: includehead includefoot 
* h-part:(L,W,R)=(10.95003pt, 342.2953pt, 10.95003pt)
* v-part:(T,H,B)=(0.0pt, 273.14662pt, 0.0pt)
* \paperwidth=364.19536pt
* \paperheight=273.14662pt
* \textwidth=342.2953pt
* \textheight=244.6939pt
* \oddsidemargin=-61.31996pt
* \evensidemargin=-61.31996pt
* \topmargin=-72.26999pt
* \headheight=14.22636pt
* \headsep=0.0pt
* \topskip=11.0pt
* \footskip=14.22636pt
* \marginparwidth=4.0pt
* \marginparsep=10.0pt
* \columnsep=10.0pt
* \skip\footins=10.0pt plus 4.0pt minus 2.0pt
* \hoffset=0.0pt
* \voffset=0.0pt
* \mag=1000
* \@twocolumnfalse
* \@twosidefalse
* \@mparswitchfalse
* \@reversemarginfalse
* (1in=72.27pt=25.4mm, 1cm=28.453pt)


(/data/data/com.termux/files/usr/share/texlive/2025/texmf-dist/tex/context/base
/mkii/supp-pdf.mkii
[Loading MPS to PDF converter (version 2006.09.02).]
\scratchcounter=\count393
\scratchdimen=\dimen348
\scratchbox=\box132
\nofMPsegments=\count394
\nofMParguments=\count395
\everyMPshowfont=\toks52
\MPscratchCnt=\count396
\MPscratchDim=\dimen349
\MPnumerator=\count397
\makeMPintoPDFobject=\count398
\everyMPtoPDFconversion=\toks53
)
(/data/data/com.termux/files/usr/share/texlive/2025/texmf-dist/tex/latex/epstop
df-pkg/epstopdf-base.sty
Package: epstopdf-base 2020-01-24 v2.11 Base part for package epstopdf
Package epstopdf-base Info: Redefining graphics rule for `.eps' on input line 4
85.

(/data/data/com.termux/files/usr/share/texlive/2025/texmf-dist/tex/latex/latexc
onfig/epstopdf-sys.cfg
File: epstopdf-sys.cfg 2010/07/13 v1.3 Configuration of (r)epstopdf for TeX Liv
e
))
Package hyperref Info: Link coloring OFF on input line 75.
\@outlinefile=\write5
\openout5 = `main.out'.

LaTeX Font Info:    Overwriting symbol font `operators' in version `normal'
(Font)                  OT1/cmr/m/n --> OT1/cmss/m/n on input line 75.
LaTeX Font Info:    Overwriting symbol font `operators' in version `bold'
(Font)                  OT1/cmr/bx/n --> OT1/cmss/b/n on input line 75.
\symnumbers=\mathgroup6
\sympureletters=\mathgroup7
LaTeX Font Info:    Overwriting math alphabet `\mathrm' in version `normal'
(Font)                  OT1/cmss/m/n --> OT1/cmr/m/n on input line 75.
LaTeX Font Info:    Redeclaring math alphabet \mathbf on input line 75.
LaTeX Font Info:    Overwriting math alphabet `\mathbf' in version `normal'
(Font)                  OT1/cmr/bx/n --> OT1/cmss/b/n on input line 75.
LaTeX Font Info:    Overwriting math alphabet `\mathbf' in version `bold'
(Font)                  OT1/cmr/bx/n --> OT1/cmss/b/n on input line 75.
LaTeX Font Info:    Redeclaring math alphabet \mathsf on input line 75.
LaTeX Font Info:    Overwriting math alphabet `\mathsf' in version `normal'
(Font)                  OT1/cmss/m/n --> OT1/cmss/m/n on input line 75.
LaTeX Font Info:    Overwriting math alphabet `\mathsf' in version `bold'
(Font)                  OT1/cmss/bx/n --> OT1/cmss/m/n on input line 75.
LaTeX Font Info:    Redeclaring math alphabet \mathit on input line 75.
LaTeX Font Info:    Overwriting math alphabet `\mathit' in version `normal'
(Font)                  OT1/cmr/m/it --> OT1/cmss/m/it on input line 75.
LaTeX Font Info:    Overwriting math alphabet `\mathit' in version `bold'
(Font)                  OT1/cmr/bx/it --> OT1/cmss/m/it on input line 75.
LaTeX Font Info:    Redeclaring math alphabet \mathtt on input line 75.
LaTeX Font Info:    Overwriting math alphabet `\mathtt' in version `normal'
(Font)                  OT1/cmtt/m/n --> OT1/cmtt/m/n on input line 75.
LaTeX Font Info:    Overwriting math alphabet `\mathtt' in version `bold'
(Font)                  OT1/cmtt/m/n --> OT1/cmtt/m/n on input line 75.
LaTeX Font Info:    Overwriting symbol font `numbers' in version `bold'
(Font)                  OT1/cmss/m/n --> OT1/cmss/b/n on input line 75.
LaTeX Font Info:    Overwriting symbol font `pureletters' in version `bold'
(Font)                  OT1/cmss/m/it --> OT1/cmss/b/it on input line 75.
LaTeX Font Info:    Overwriting math alphabet `\mathrm' in version `bold'
(Font)                  OT1/cmss/b/n --> OT1/cmr/b/n on input line 75.
LaTeX Font Info:    Overwriting math alphabet `\mathbf' in version `bold'
(Font)                  OT1/cmss/b/n --> OT1/cmss/b/n on input line 75.
LaTeX Font Info:    Overwriting math alphabet `\mathsf' in version `bold'
(Font)                  OT1/cmss/m/n --> OT1/cmss/b/n on input line 75.
LaTeX Font Info:    Overwriting math alphabet `\mathit' in version `bold'
(Font)                  OT1/cmss/m/it --> OT1/cmss/b/it on input line 75.
LaTeX Font Info:    Overwriting math alphabet `\mathtt' in version `bold'
(Font)                  OT1/cmtt/m/n --> OT1/cmtt/b/n on input line 75.
LaTeX Font Info:    Redeclaring symbol font `pureletters' on input line 75.
LaTeX Font Info:    Overwriting symbol font `pureletters' in version `normal'
(Font)                  OT1/cmss/m/it --> OT1/mathkerncmss/m/sl on input line 7
5.
LaTeX Font Info:    Overwriting symbol font `pureletters' in version `bold'
(Font)                  OT1/cmss/b/it --> OT1/mathkerncmss/m/sl on input line 7
5.
LaTeX Font Info:    Overwriting symbol font `pureletters' in version `bold'
(Font)                  OT1/mathkerncmss/m/sl --> OT1/mathkerncmss/bx/sl on inp
ut line 75.

(/data/data/com.termux/files/usr/share/texlive/2025/texmf-dist/tex/latex/transl
ator/translator-basic-dictionary-English.dict
Dictionary: translator-basic-dictionary, Language: English 
)
(/data/data/com.termux/files/usr/share/texlive/2025/texmf-dist/tex/latex/transl
ator/translator-bibliography-dictionary-English.dict
Dictionary: translator-bibliography-dictionary, Language: English 
)
(/data/data/com.termux/files/usr/share/texlive/2025/texmf-dist/tex/latex/transl
ator/translator-environment-dictionary-English.dict
Dictionary: translator-environment-dictionary, Language: English 
)
(/data/data/com.termux/files/usr/share/texlive/2025/texmf-dist/tex/latex/transl
ator/translator-months-dictionary-English.dict
Dictionary: translator-months-dictionary, Language: English 
)
(/data/data/com.termux/files/usr/share/texlive/2025/texmf-dist/tex/latex/transl
ator/translator-numbers-dictionary-English.dict
Dictionary: translator-numbers-dictionary, Language: English 
)
(/data/data/com.termux/files/usr/share/texlive/2025/texmf-dist/tex/latex/transl
ator/translator-theorem-dictionary-English.dict
Dictionary: translator-theorem-dictionary, Language: English 
)
Package caption Info: Begin \AtBeginDocument code.
Package caption Info: float package is loaded.
Package caption Info: listings package is loaded.
Package caption Info: End \AtBeginDocument code.
\c@lstlisting=\count399

No file main.nav.


[1

{/data/data/com.termux/files/usr/share/texlive/2025/texmf-var/fonts/map/pdftex/
updmap/pdftex.map}]
LaTeX Font Info:    Trying to load font information for U+msa on input line 86.


(/data/data/com.termux/files/usr/share/texlive/2025/texmf-dist/tex/latex/amsfon
ts/umsa.fd
File: umsa.fd 2013/01/14 v3.01 AMS symbols A
)
LaTeX Font Info:    Trying to load font information for U+msb on input line 86.


(/data/data/com.termux/files/usr/share/texlive/2025/texmf-dist/tex/latex/amsfon
ts/umsb.fd
File: umsb.fd 2013/01/14 v3.01 AMS symbols B
)
LaTeX Font Info:    Trying to load font information for OT1+mathkerncmss on inp
ut line 86.

(/data/data/com.termux/files/usr/share/texlive/2025/texmf-dist/tex/latex/sansma
thaccent/ot1mathkerncmss.fd
File: ot1mathkerncmss.fd 2020/01/31 Fontinst v1.933 font definitions for OT1/ma
thkerncmss.
)
LaTeX Font Info:    Font shape `OT1/cmss/b/n' in size <10.95> not available
(Font)              Font shape `OT1/cmss/bx/n' tried instead on input line 86.
LaTeX Font Info:    Font shape `OT1/cmss/b/n' in size <8> not available
(Font)              Font shape `OT1/cmss/bx/n' tried instead on input line 86.
LaTeX Font Info:    Font shape `OT1/cmss/b/n' in size <6> not available
(Font)              Font shape `OT1/cmss/bx/n' tried instead on input line 86.


[2

]

Package hyperref Warning: Ignoring empty anchor on input line 111.



[3

]

[4

]

[5

]
<figs/PQ_R_plot.png, id=52, 462.528pt x 346.896pt>
File: figs/PQ_R_plot.png Graphic file (type png)
<use figs/PQ_R_plot.png>
Package pdftex.def Info: figs/PQ_R_plot.png  used on input line 161.
(pdftex.def)             Requested size: 308.06367pt x 231.05875pt.

Overfull \vbox (2.45226pt too high) detected at line 161
 []



[6

 <./figs/PQ_R_plot.png>]
\openout4 = `main.vrb'.

 (./main.vrb
LaTeX Font Info:    Trying to load font information for OML+cmss on input line 
4.
LaTeX Font Info:    No file OMLcmss.fd. on input line 4.


LaTeX Font Warning: Font shape `OML/cmss/m/n' undefined
(Font)              using `OML/cmm/m/it' instead
(Font)              for symbol `textless' on input line 4.

LaTeX Font Info:    Trying to load font information for OMS+cmss on input line 
6.
LaTeX Font Info:    No file OMScmss.fd. on input line 6.

LaTeX Font Warning: Font shape `OMS/cmss/m/n' undefined
(Font)              using `OMS/cmsy/m/n' instead
(Font)              for symbol `textbraceleft' on input line 6.

)

[7

{/data/data/com.termux/files/usr/share/texlive/2025/texmf-dist/fonts/enc/dvips/
cm-super/cm-super-ts1.enc}]
\openout4 = `main.vrb'.

 (./main.vrb)
Overfull \vbox (9.39336pt too high) detected at line 202
 []



[8

]
\openout4 = `main.vrb'.

 (./main.vrb)

[9

]
\openout4 = `main.vrb'.

 (./main.vrb)

[10

]
\openout4 = `main.vrb'.

 (./main.vrb)

[11

]
\openout4 = `main.vrb'.

 (./main.vrb)

[12

]
\openout4 = `main.vrb'.

 (./main.vrb)

[13

]
\tf@nav=\write6
\openout6 = `main.nav'.

\tf@toc=\write7
\openout7 = `main.toc'.

\tf@snm=\write8
\openout8 = `main.snm'.

 (./main.aux)
 ***********
LaTeX2e <2025-06-01> patch level 1
L3 programming layer <2025-08-13>
 ***********


LaTeX Font Warning: Some font shapes were not available, defaults substituted.


LaTeX Warning: Label(s) may have changed. Rerun to get cross-references right.


Package rerunfilecheck Warning: File `main.out' has changed.
(rerunfilecheck)                Rerun to get outlines right
(rerunfilecheck)                or use package `bookmark'.

Package rerunfilecheck Info: Checksums for `main.out':
(rerunfilecheck)             Before: <no file>
(rerunfilecheck)             After:  2414D4D1494D6B24308BCE0BD2F085F1;617.
 ) 
Here is how much of TeX's memory you used:
 27276 strings out of 467800
 524127 string characters out of 5417814
 1236684 words of memory out of 5000000
 55345 multiletter control sequences out of 15000+600000
 635107 words of font info for 69 fonts, out of 8000000 for 9000
 1141 hyphenation exceptions out of 8191
 128i,15n,131p,398b,1391s stack positions out of 10000i,1000n,20000p,200000b,200000s
</data/data/com.termux/files/usr/share/texlive/2025/texmf-dist/fonts/type1/pu
blic/amsfonts/cm/cmex10.pfb></data/data/com.termux/files/usr/share/texlive/2025
/texmf-dist/fonts/type1/public/amsfonts/cm/cmmi10.pfb></data/data/com.termux/fi
les/usr/share/texlive/2025/texmf-dist/fonts/type1/public/amsfonts/cm/cmss10.pfb
></data/data/com.termux/files/usr/share/texlive/2025/texmf-dist/fonts/type1/pub
lic/amsfonts/cm/cmss12.pfb></data/data/com.termux/files/usr/share/texlive/2025/
texmf-dist/fonts/type1/public/amsfonts/cm/cmss8.pfb></data/data/com.termux/file
s/usr/share/texlive/2025/texmf-dist/fonts/type1/public/amsfonts/cm/cmssbx10.pfb
></data/data/com.termux/files/usr/share/texlive/2025/texmf-dist/fonts/type1/pub
lic/amsfonts/cm/cmssi10.pfb></data/data/com.termux/files/usr/share/texlive/2025
/texmf-dist/fonts/type1/public/amsfonts/cm/cmssi8.pfb></data/data/com.termux/fi
les/usr/share/texlive/2025/texmf-dist/fonts/type1/public/amsfonts/cm/cmsy10.pfb
></data/data/com.termux/files/usr/share/texlive/2025/texmf-dist/fonts/type1/pub
lic/cm-super/sfss1095.pfb>
Output written on main.pdf (13 pages, 205831 bytes).
PDF statistics:
 152 PDF objects out of 1000 (max. 8388607)
 107 compressed objects within 2 object streams
 32 named destinations out of 1000 (max. 500000)
 48 words of extra memory for PDF output out of 10000 (max. 10000000)

