This is pdfTeX, Version 3.141592653-2.6-1.40.25 (TeX Live 2023) (preloaded format=pdflatex 2025.8.12)  16 AUG 2025 23:40
entering extended mode
 restricted \write18 enabled.
 %&-line parsing enabled.
**main_0.tex
(./main_0.tex
LaTeX2e <2022-11-01> patch level 1
L3 programming layer <2023-02-22>
(/usr/share/texlive/texmf-dist/tex/latex/base/article.cls
Document Class: article 2022/07/02 v1.4n Standard LaTeX document class
(/usr/share/texlive/texmf-dist/tex/latex/base/size12.clo
File: size12.clo 2022/07/02 v1.4n Standard LaTeX file (size option)
)
\c@part=\count185
\c@section=\count186
\c@subsection=\count187
\c@subsubsection=\count188
\c@paragraph=\count189
\c@subparagraph=\count190
\c@figure=\count191
\c@table=\count192
\abovecaptionskip=\skip48
\belowcaptionskip=\skip49
\bibindent=\dimen140
)
(/usr/share/texlive/texmf-dist/tex/latex/amsfonts/amsfonts.sty
Package: amsfonts 2013/01/14 v3.01 Basic AMSFonts support
\@emptytoks=\toks16
\symAMSa=\mathgroup4
\symAMSb=\mathgroup5
LaTeX Font Info:    Redeclaring math symbol \hbar on input line 98.
LaTeX Font Info:    Overwriting math alphabet `\mathfrak' in version `bold'
(Font)                  U/euf/m/n --> U/euf/b/n on input line 106.
)
(/usr/share/texlive/texmf-dist/tex/latex/amsfonts/amssymb.sty
Package: amssymb 2013/01/14 v3.01 AMS font symbols
)
(/usr/share/texlive/texmf-dist/tex/latex/float/float.sty
Package: float 2001/11/08 v1.3d Float enhancements (AL)
\c@float@type=\count193
\float@exts=\toks17
\float@box=\box51
\@float@everytoks=\toks18
\@floatcapt=\box52
)
(/usr/share/texlive/texmf-dist/tex/latex/amsmath/amsmath.sty
Package: amsmath 2022/04/08 v2.17n AMS math features
\@mathmargin=\skip50

For additional information on amsmath, use the `?' option.
(/usr/share/texlive/texmf-dist/tex/latex/amsmath/amstext.sty
Package: amstext 2021/08/26 v2.01 AMS text

(/usr/share/texlive/texmf-dist/tex/latex/amsmath/amsgen.sty
File: amsgen.sty 1999/11/30 v2.0 generic functions
\@emptytoks=\toks19
\ex@=\dimen141
))
(/usr/share/texlive/texmf-dist/tex/latex/amsmath/amsbsy.sty
Package: amsbsy 1999/11/29 v1.2d Bold Symbols
\pmbraise@=\dimen142
)
(/usr/share/texlive/texmf-dist/tex/latex/amsmath/amsopn.sty
Package: amsopn 2022/04/08 v2.04 operator names
)
\inf@bad=\count194
LaTeX Info: Redefining \frac on input line 234.
\uproot@=\count195
\leftroot@=\count196
LaTeX Info: Redefining \overline on input line 399.
LaTeX Info: Redefining \colon on input line 410.
\classnum@=\count197
\DOTSCASE@=\count198
LaTeX Info: Redefining \ldots on input line 496.
LaTeX Info: Redefining \dots on input line 499.
LaTeX Info: Redefining \cdots on input line 620.
\Mathstrutbox@=\box53
\strutbox@=\box54
LaTeX Info: Redefining \big on input line 722.
LaTeX Info: Redefining \Big on input line 723.
LaTeX Info: Redefining \bigg on input line 724.
LaTeX Info: Redefining \Bigg on input line 725.
\big@size=\dimen143
LaTeX Font Info:    Redeclaring font encoding OML on input line 743.
LaTeX Font Info:    Redeclaring font encoding OMS on input line 744.
\macc@depth=\count199
LaTeX Info: Redefining \bmod on input line 905.
LaTeX Info: Redefining \pmod on input line 910.
LaTeX Info: Redefining \smash on input line 940.
LaTeX Info: Redefining \relbar on input line 970.
LaTeX Info: Redefining \Relbar on input line 971.
\c@MaxMatrixCols=\count266
\dotsspace@=\muskip16
\c@parentequation=\count267
\dspbrk@lvl=\count268
\tag@help=\toks20
\row@=\count269
\column@=\count270
\maxfields@=\count271
\andhelp@=\toks21
\eqnshift@=\dimen144
\alignsep@=\dimen145
\tagshift@=\dimen146
\tagwidth@=\dimen147
\totwidth@=\dimen148
\lineht@=\dimen149
\@envbody=\toks22
\multlinegap=\skip51
\multlinetaggap=\skip52
\mathdisplay@stack=\toks23
LaTeX Info: Redefining \[ on input line 2953.
LaTeX Info: Redefining \] on input line 2954.
)
(/usr/share/texlive/texmf-dist/tex/latex/algorithms/algorithmic.sty
Package: algorithmic 2009/08/24 v0.1 Document Style `algorithmic'

(/usr/share/texlive/texmf-dist/tex/latex/base/ifthen.sty
Package: ifthen 2022/04/13 v1.1d Standard LaTeX ifthen package (DPC)
)
(/usr/share/texlive/texmf-dist/tex/latex/graphics/keyval.sty
Package: keyval 2022/05/29 v1.15 key=value parser (DPC)
\KV@toks@=\toks24
)
\c@ALC@unique=\count272
\c@ALC@line=\count273
\c@ALC@rem=\count274
\c@ALC@depth=\count275
\ALC@tlm=\skip53
\algorithmicindent=\skip54
)
(/usr/share/texlive/texmf-dist/tex/latex/graphics/graphicx.sty
Package: graphicx 2021/09/16 v1.2d Enhanced LaTeX Graphics (DPC,SPQR)

(/usr/share/texlive/texmf-dist/tex/latex/graphics/graphics.sty
Package: graphics 2022/03/10 v1.4e Standard LaTeX Graphics (DPC,SPQR)

(/usr/share/texlive/texmf-dist/tex/latex/graphics/trig.sty
Package: trig 2021/08/11 v1.11 sin cos tan (DPC)
)
(/usr/share/texlive/texmf-dist/tex/latex/graphics-cfg/graphics.cfg
File: graphics.cfg 2016/06/04 v1.11 sample graphics configuration
)
Package graphics Info: Driver file: pdftex.def on input line 107.

(/usr/share/texlive/texmf-dist/tex/latex/graphics-def/pdftex.def
File: pdftex.def 2022/09/22 v1.2b Graphics/color driver for pdftex
))
\Gin@req@height=\dimen150
\Gin@req@width=\dimen151
)

! LaTeX Error: File `siunintx.sty' not found.

Type X to quit or <RETURN> to proceed,
or enter new name. (Default extension: sty)

Enter file name: 
(/usr/share/texlive/texmf-dist/tex/latex/base/textcomp.sty
Package: textcomp 2020/02/02 v2.0n Standard LaTeX package
)
(/usr/share/texlive/texmf-dist/tex/latex/xcolor/xcolor.sty
Package: xcolor 2022/06/12 v2.14 LaTeX color extensions (UK)

(/usr/share/texlive/texmf-dist/tex/latex/graphics-cfg/color.cfg
File: color.cfg 2016/01/02 v1.6 sample color configuration
)
Package xcolor Info: Driver file: pdftex.def on input line 227.

(/usr/share/texlive/texmf-dist/tex/latex/graphics/mathcolor.ltx)
Package xcolor Info: Model `cmy' substituted by `cmy0' on input line 1353.
Package xcolor Info: Model `hsb' substituted by `rgb' on input line 1357.
Package xcolor Info: Model `RGB' extended on input line 1369.
Package xcolor Info: Model `HTML' substituted by `rgb' on input line 1371.
Package xcolor Info: Model `Hsb' substituted by `hsb' on input line 1372.
Package xcolor Info: Model `tHsb' substituted by `hsb' on input line 1373.
Package xcolor Info: Model `HSB' substituted by `hsb' on input line 1374.
Package xcolor Info: Model `Gray' substituted by `gray' on input line 1375.
Package xcolor Info: Model `wave' substituted by `hsb' on input line 1376.
)
(/usr/share/texlive/texmf-dist/tex/latex/txfonts/txfonts.sty
Package: txfonts 2008/01/22 v3.2.1
LaTeX Font Info:    Redeclaring symbol font `operators' on input line 21.
LaTeX Font Info:    Overwriting symbol font `operators' in version `normal'
(Font)                  OT1/cmr/m/n --> OT1/txr/m/n on input line 21.
LaTeX Font Info:    Overwriting symbol font `operators' in version `bold'
(Font)                  OT1/cmr/bx/n --> OT1/txr/m/n on input line 21.
LaTeX Font Info:    Overwriting symbol font `operators' in version `bold'
(Font)                  OT1/txr/m/n --> OT1/txr/bx/n on input line 22.
\symitalic=\mathgroup6
LaTeX Font Info:    Overwriting symbol font `italic' in version `bold'
(Font)                  OT1/txr/m/it --> OT1/txr/bx/it on input line 26.
LaTeX Font Info:    Redeclaring math alphabet \mathbf on input line 29.
LaTeX Font Info:    Overwriting math alphabet `\mathbf' in version `normal'
(Font)                  OT1/cmr/bx/n --> OT1/txr/bx/n on input line 29.
LaTeX Font Info:    Overwriting math alphabet `\mathbf' in version `bold'
(Font)                  OT1/cmr/bx/n --> OT1/txr/bx/n on input line 29.
LaTeX Font Info:    Redeclaring math alphabet \mathit on input line 30.
LaTeX Font Info:    Overwriting math alphabet `\mathit' in version `normal'
(Font)                  OT1/cmr/m/it --> OT1/txr/m/it on input line 30.
LaTeX Font Info:    Overwriting math alphabet `\mathit' in version `bold'
(Font)                  OT1/cmr/bx/it --> OT1/txr/m/it on input line 30.
LaTeX Font Info:    Overwriting math alphabet `\mathit' in version `bold'
(Font)                  OT1/txr/m/it --> OT1/txr/bx/it on input line 31.
LaTeX Font Info:    Redeclaring math alphabet \mathsf on input line 40.
LaTeX Font Info:    Overwriting math alphabet `\mathsf' in version `normal'
(Font)                  OT1/cmss/m/n --> OT1/txss/m/n on input line 40.
LaTeX Font Info:    Overwriting math alphabet `\mathsf' in version `bold'
(Font)                  OT1/cmss/bx/n --> OT1/txss/m/n on input line 40.
LaTeX Font Info:    Overwriting math alphabet `\mathsf' in version `bold'
(Font)                  OT1/txss/m/n --> OT1/txss/b/n on input line 41.
LaTeX Font Info:    Redeclaring math alphabet \mathtt on input line 50.
LaTeX Font Info:    Overwriting math alphabet `\mathtt' in version `normal'
(Font)                  OT1/cmtt/m/n --> OT1/txtt/m/n on input line 50.
LaTeX Font Info:    Overwriting math alphabet `\mathtt' in version `bold'
(Font)                  OT1/cmtt/m/n --> OT1/txtt/m/n on input line 50.
LaTeX Font Info:    Overwriting math alphabet `\mathtt' in version `bold'
(Font)                  OT1/txtt/m/n --> OT1/txtt/b/n on input line 51.
LaTeX Font Info:    Redeclaring symbol font `letters' on input line 58.
LaTeX Font Info:    Overwriting symbol font `letters' in version `normal'
(Font)                  OML/cmm/m/it --> OML/txmi/m/it on input line 58.
LaTeX Font Info:    Overwriting symbol font `letters' in version `bold'
(Font)                  OML/cmm/b/it --> OML/txmi/m/it on input line 58.
LaTeX Font Info:    Overwriting symbol font `letters' in version `bold'
(Font)                  OML/txmi/m/it --> OML/txmi/bx/it on input line 59.
\symlettersA=\mathgroup7
LaTeX Font Info:    Overwriting symbol font `lettersA' in version `bold'
(Font)                  U/txmia/m/it --> U/txmia/bx/it on input line 67.
LaTeX Font Info:    Redeclaring math alphabet \mathfrak on input line 70.
LaTeX Font Info:    Redeclaring symbol font `symbols' on input line 77.
LaTeX Font Info:    Overwriting symbol font `symbols' in version `normal'
(Font)                  OMS/cmsy/m/n --> OMS/txsy/m/n on input line 77.
LaTeX Font Info:    Overwriting symbol font `symbols' in version `bold'
(Font)                  OMS/cmsy/b/n --> OMS/txsy/m/n on input line 77.
LaTeX Font Info:    Overwriting symbol font `symbols' in version `bold'
(Font)                  OMS/txsy/m/n --> OMS/txsy/bx/n on input line 78.
LaTeX Font Info:    Redeclaring symbol font `AMSa' on input line 93.
LaTeX Font Info:    Overwriting symbol font `AMSa' in version `normal'
(Font)                  U/msa/m/n --> U/txsya/m/n on input line 93.
LaTeX Font Info:    Overwriting symbol font `AMSa' in version `bold'
(Font)                  U/msa/m/n --> U/txsya/m/n on input line 93.
LaTeX Font Info:    Overwriting symbol font `AMSa' in version `bold'
(Font)                  U/txsya/m/n --> U/txsya/bx/n on input line 94.
LaTeX Font Info:    Redeclaring symbol font `AMSb' on input line 102.
LaTeX Font Info:    Overwriting symbol font `AMSb' in version `normal'
(Font)                  U/msb/m/n --> U/txsyb/m/n on input line 102.
LaTeX Font Info:    Overwriting symbol font `AMSb' in version `bold'
(Font)                  U/msb/m/n --> U/txsyb/m/n on input line 102.
LaTeX Font Info:    Overwriting symbol font `AMSb' in version `bold'
(Font)                  U/txsyb/m/n --> U/txsyb/bx/n on input line 103.
\symsymbolsC=\mathgroup8
LaTeX Font Info:    Overwriting symbol font `symbolsC' in version `bold'
(Font)                  U/txsyc/m/n --> U/txsyc/bx/n on input line 113.
LaTeX Font Info:    Redeclaring symbol font `largesymbols' on input line 120.
LaTeX Font Info:    Overwriting symbol font `largesymbols' in version `normal'
(Font)                  OMX/cmex/m/n --> OMX/txex/m/n on input line 120.
LaTeX Font Info:    Overwriting symbol font `largesymbols' in version `bold'
(Font)                  OMX/cmex/m/n --> OMX/txex/m/n on input line 120.
LaTeX Font Info:    Overwriting symbol font `largesymbols' in version `bold'
(Font)                  OMX/txex/m/n --> OMX/txex/bx/n on input line 121.
\symlargesymbolsA=\mathgroup9
LaTeX Font Info:    Overwriting symbol font `largesymbolsA' in version `bold'
(Font)                  U/txexa/m/n --> U/txexa/bx/n on input line 129.
LaTeX Font Info:    Redeclaring math symbol \mathsterling on input line 164.
LaTeX Info: Redefining \not on input line 1043.
)
(/usr/share/texlive/texmf-dist/tex/latex/tools/multicol.sty
Package: multicol 2021/11/30 v1.9d multicolumn formatting (FMi)
\c@tracingmulticols=\count276
\mult@box=\box55
\multicol@leftmargin=\dimen152
\c@unbalance=\count277
\c@collectmore=\count278
\doublecol@number=\count279
\multicoltolerance=\count280
\multicolpretolerance=\count281
\full@width=\dimen153
\page@free=\dimen154
\premulticols=\dimen155
\postmulticols=\dimen156
\multicolsep=\skip55
\multicolbaselineskip=\skip56
\partial@page=\box56
\last@line=\box57
\maxbalancingoverflow=\dimen157
\mult@rightbox=\box58
\mult@grightbox=\box59
\mult@firstbox=\box60
\mult@gfirstbox=\box61
\@tempa=\box62
\@tempa=\box63
\@tempa=\box64
\@tempa=\box65
\@tempa=\box66
\@tempa=\box67
\@tempa=\box68
\@tempa=\box69
\@tempa=\box70
\@tempa=\box71
\@tempa=\box72
\@tempa=\box73
\@tempa=\box74
\@tempa=\box75
\@tempa=\box76
\@tempa=\box77
\@tempa=\box78
\@tempa=\box79
\@tempa=\box80
\@tempa=\box81
\@tempa=\box82
\@tempa=\box83
\@tempa=\box84
\@tempa=\box85
\@tempa=\box86
\@tempa=\box87
\@tempa=\box88
\@tempa=\box89
\@tempa=\box90
\@tempa=\box91
\@tempa=\box92
\@tempa=\box93
\@tempa=\box94
\@tempa=\box95
\@tempa=\box96
\@tempa=\box97
\c@minrows=\count282
\c@columnbadness=\count283
\c@finalcolumnbadness=\count284
\last@try=\dimen158
\multicolovershoot=\dimen159
\multicolundershoot=\dimen160
\mult@nat@firstbox=\box98
\colbreak@box=\box99
\mc@col@check@num=\count285
)
(/usr/share/texlive/texmf-dist/tex/latex/listings/listings.sty
\lst@mode=\count286
\lst@gtempboxa=\box100
\lst@token=\toks25
\lst@length=\count287
\lst@currlwidth=\dimen161
\lst@column=\count288
\lst@pos=\count289
\lst@lostspace=\dimen162
\lst@width=\dimen163
\lst@newlines=\count290
\lst@lineno=\count291
\lst@maxwidth=\dimen164

(/usr/share/texlive/texmf-dist/tex/latex/listings/lstmisc.sty
File: lstmisc.sty 2023/02/27 1.9 (Carsten Heinz)
\c@lstnumber=\count292
\lst@skipnumbers=\count293
\lst@framebox=\box101
)
(/usr/share/texlive/texmf-dist/tex/latex/listings/listings.cfg
File: listings.cfg 2023/02/27 1.9 listings configuration
))
Package: listings 2023/02/27 1.9 (Carsten Heinz)

(/usr/share/texlive/texmf-dist/tex/latex/enumitem/enumitem.sty
Package: enumitem 2019/06/20 v3.9 Customized lists
\labelindent=\skip57
\enit@outerparindent=\dimen165
\enit@toks=\toks26
\enit@inbox=\box102
\enit@count@id=\count294
\enitdp@description=\count295
)
(/usr/share/texlive/texmf-dist/tex/latex/mathtools/mathtools.sty
Package: mathtools 2022/06/29 v1.29 mathematical typesetting tools

(/usr/share/texlive/texmf-dist/tex/latex/tools/calc.sty
Package: calc 2017/05/25 v4.3 Infix arithmetic (KKT,FJ)
\calc@Acount=\count296
\calc@Bcount=\count297
\calc@Adimen=\dimen166
\calc@Bdimen=\dimen167
\calc@Askip=\skip58
\calc@Bskip=\skip59
LaTeX Info: Redefining \setlength on input line 80.
LaTeX Info: Redefining \addtolength on input line 81.
\calc@Ccount=\count298
\calc@Cskip=\skip60
)
(/usr/share/texlive/texmf-dist/tex/latex/mathtools/mhsetup.sty
Package: mhsetup 2021/03/18 v1.4 programming setup (MH)
)
\g_MT_multlinerow_int=\count299
\l_MT_multwidth_dim=\dimen168
\origjot=\skip61
\l_MT_shortvdotswithinadjustabove_dim=\dimen169
\l_MT_shortvdotswithinadjustbelow_dim=\dimen170
\l_MT_above_intertext_sep=\dimen171
\l_MT_below_intertext_sep=\dimen172
\l_MT_above_shortintertext_sep=\dimen173
\l_MT_below_shortintertext_sep=\dimen174
\xmathstrut@box=\box103
\xmathstrut@dim=\dimen175
)
(/usr/share/texlive/texmf-dist/tex/latex/gensymb/gensymb.sty
Package: gensymb 2022/10/17 v1.0.2 (KJH)
)
(/usr/share/texlive/texmf-dist/tex/latex/comment/comment.sty
\CommentStream=\write3

Excluding comment 'comment')
(/usr/share/texlive/texmf-dist/tex/latex/hyperref/hyperref.sty
Package: hyperref 2023-02-07 v7.00v Hypertext links for LaTeX

(/usr/share/texlive/texmf-dist/tex/generic/ltxcmds/ltxcmds.sty
Package: ltxcmds 2020-05-10 v1.25 LaTeX kernel commands for general use (HO)
)
(/usr/share/texlive/texmf-dist/tex/generic/iftex/iftex.sty
Package: iftex 2022/02/03 v1.0f TeX engine tests
)
(/usr/share/texlive/texmf-dist/tex/generic/pdftexcmds/pdftexcmds.sty
Package: pdftexcmds 2020-06-27 v0.33 Utility functions of pdfTeX for LuaTeX (HO
)

(/usr/share/texlive/texmf-dist/tex/generic/infwarerr/infwarerr.sty
Package: infwarerr 2019/12/03 v1.5 Providing info/warning/error messages (HO)
)
Package pdftexcmds Info: \pdf@primitive is available.
Package pdftexcmds Info: \pdf@ifprimitive is available.
Package pdftexcmds Info: \pdfdraftmode found.
)
(/usr/share/texlive/texmf-dist/tex/latex/kvsetkeys/kvsetkeys.sty
Package: kvsetkeys 2022-10-05 v1.19 Key value parser (HO)
)
(/usr/share/texlive/texmf-dist/tex/generic/kvdefinekeys/kvdefinekeys.sty
Package: kvdefinekeys 2019-12-19 v1.6 Define keys (HO)
)
(/usr/share/texlive/texmf-dist/tex/generic/pdfescape/pdfescape.sty
Package: pdfescape 2019/12/09 v1.15 Implements pdfTeX's escape features (HO)
)
(/usr/share/texlive/texmf-dist/tex/latex/hycolor/hycolor.sty
Package: hycolor 2020-01-27 v1.10 Color options for hyperref/bookmark (HO)
)
(/usr/share/texlive/texmf-dist/tex/latex/letltxmacro/letltxmacro.sty
Package: letltxmacro 2019/12/03 v1.6 Let assignment for LaTeX macros (HO)
)
(/usr/share/texlive/texmf-dist/tex/latex/auxhook/auxhook.sty
Package: auxhook 2019-12-17 v1.6 Hooks for auxiliary files (HO)
)
(/usr/share/texlive/texmf-dist/tex/latex/hyperref/nameref.sty
Package: nameref 2022-05-17 v2.50 Cross-referencing by name of section

(/usr/share/texlive/texmf-dist/tex/latex/refcount/refcount.sty
Package: refcount 2019/12/15 v3.6 Data extraction from label references (HO)
)
(/usr/share/texlive/texmf-dist/tex/generic/gettitlestring/gettitlestring.sty
Package: gettitlestring 2019/12/15 v1.6 Cleanup title references (HO)

(/usr/share/texlive/texmf-dist/tex/latex/kvoptions/kvoptions.sty
Package: kvoptions 2022-06-15 v3.15 Key value format for package options (HO)
))
\c@section@level=\count300
)
\@linkdim=\dimen176
\Hy@linkcounter=\count301
\Hy@pagecounter=\count302

(/usr/share/texlive/texmf-dist/tex/latex/hyperref/pd1enc.def
File: pd1enc.def 2023-02-07 v7.00v Hyperref: PDFDocEncoding definition (HO)
Now handling font encoding PD1 ...
... no UTF-8 mapping file for font encoding PD1
)
(/usr/share/texlive/texmf-dist/tex/generic/intcalc/intcalc.sty
Package: intcalc 2019/12/15 v1.3 Expandable calculations with integers (HO)
)
(/usr/share/texlive/texmf-dist/tex/generic/etexcmds/etexcmds.sty
Package: etexcmds 2019/12/15 v1.7 Avoid name clashes with e-TeX commands (HO)
)
\Hy@SavedSpaceFactor=\count303

(/usr/share/texlive/texmf-dist/tex/latex/hyperref/puenc.def
File: puenc.def 2023-02-07 v7.00v Hyperref: PDF Unicode definition (HO)
Now handling font encoding PU ...
... no UTF-8 mapping file for font encoding PU
)
Package hyperref Info: Option `breaklinks' set `true' on input line 4060.
Package hyperref Info: Hyper figures OFF on input line 4177.
Package hyperref Info: Link nesting OFF on input line 4182.
Package hyperref Info: Hyper index ON on input line 4185.
Package hyperref Info: Plain pages OFF on input line 4192.
Package hyperref Info: Backreferencing OFF on input line 4197.
Package hyperref Info: Implicit mode ON; LaTeX internals redefined.
Package hyperref Info: Bookmarks ON on input line 4425.
\c@Hy@tempcnt=\count304

(/usr/share/texlive/texmf-dist/tex/latex/url/url.sty
\Urlmuskip=\muskip17
Package: url 2013/09/16  ver 3.4  Verb mode for urls, etc.
)
LaTeX Info: Redefining \url on input line 4763.
\XeTeXLinkMargin=\dimen177

(/usr/share/texlive/texmf-dist/tex/generic/bitset/bitset.sty
Package: bitset 2019/12/09 v1.3 Handle bit-vector datatype (HO)

(/usr/share/texlive/texmf-dist/tex/generic/bigintcalc/bigintcalc.sty
Package: bigintcalc 2019/12/15 v1.5 Expandable calculations on big integers (HO
)
))
\Fld@menulength=\count305
\Field@Width=\dimen178
\Fld@charsize=\dimen179
Package hyperref Info: Hyper figures OFF on input line 6042.
Package hyperref Info: Link nesting OFF on input line 6047.
Package hyperref Info: Hyper index ON on input line 6050.
Package hyperref Info: backreferencing OFF on input line 6057.
Package hyperref Info: Link coloring OFF on input line 6062.
Package hyperref Info: Link coloring with OCG OFF on input line 6067.
Package hyperref Info: PDF/A mode OFF on input line 6072.

(/usr/share/texlive/texmf-dist/tex/latex/base/atbegshi-ltx.sty
Package: atbegshi-ltx 2021/01/10 v1.0c Emulation of the original atbegshi
package with kernel methods
)
\Hy@abspage=\count306
\c@Item=\count307
\c@Hfootnote=\count308
)
Package hyperref Info: Driver (autodetected): hpdftex.

(/usr/share/texlive/texmf-dist/tex/latex/hyperref/hpdftex.def
File: hpdftex.def 2023-02-07 v7.00v Hyperref driver for pdfTeX

(/usr/share/texlive/texmf-dist/tex/latex/base/atveryend-ltx.sty
Package: atveryend-ltx 2020/08/19 v1.0a Emulation of the original atveryend pac
kage
with kernel methods
)
\Fld@listcount=\count309
\c@bookmark@seq@number=\count310

(/usr/share/texlive/texmf-dist/tex/latex/rerunfilecheck/rerunfilecheck.sty
Package: rerunfilecheck 2022-07-10 v1.10 Rerun checks for auxiliary files (HO)

(/usr/share/texlive/texmf-dist/tex/generic/uniquecounter/uniquecounter.sty
Package: uniquecounter 2019/12/15 v1.4 Provide unlimited unique counter (HO)
)
Package uniquecounter Info: New unique counter `rerunfilecheck' on input line 2
85.
)
\Hy@SectionHShift=\skip62
)
(/usr/share/texlive/texmf-dist/tex/latex/tkz-euclide/tkz-euclide.sty
2023/02/03 5.02c tkz-euclide.sty
Package: tkz-euclide  2023/02/03 5.02c for pure Euclidean Geometry 
(/usr/share/texlive/texmf-dist/tex/latex/pgf/frontendlayer/tikz.sty
(/usr/share/texlive/texmf-dist/tex/latex/pgf/basiclayer/pgf.sty
(/usr/share/texlive/texmf-dist/tex/latex/pgf/utilities/pgfrcs.sty
(/usr/share/texlive/texmf-dist/tex/generic/pgf/utilities/pgfutil-common.tex
\pgfutil@everybye=\toks27
\pgfutil@tempdima=\dimen180
\pgfutil@tempdimb=\dimen181
)
(/usr/share/texlive/texmf-dist/tex/generic/pgf/utilities/pgfutil-latex.def
\pgfutil@abb=\box104
)
(/usr/share/texlive/texmf-dist/tex/generic/pgf/utilities/pgfrcs.code.tex
(/usr/share/texlive/texmf-dist/tex/generic/pgf/pgf.revision.tex)
Package: pgfrcs 2023-01-15 v3.1.10 (3.1.10)
))
Package: pgf 2023-01-15 v3.1.10 (3.1.10)

(/usr/share/texlive/texmf-dist/tex/latex/pgf/basiclayer/pgfcore.sty
(/usr/share/texlive/texmf-dist/tex/latex/pgf/systemlayer/pgfsys.sty
(/usr/share/texlive/texmf-dist/tex/generic/pgf/systemlayer/pgfsys.code.tex
Package: pgfsys 2023-01-15 v3.1.10 (3.1.10)

(/usr/share/texlive/texmf-dist/tex/generic/pgf/utilities/pgfkeys.code.tex
\pgfkeys@pathtoks=\toks28
\pgfkeys@temptoks=\toks29

(/usr/share/texlive/texmf-dist/tex/generic/pgf/utilities/pgfkeyslibraryfiltered
.code.tex
\pgfkeys@tmptoks=\toks30
))
\pgf@x=\dimen182
\pgf@y=\dimen183
\pgf@xa=\dimen184
\pgf@ya=\dimen185
\pgf@xb=\dimen186
\pgf@yb=\dimen187
\pgf@xc=\dimen188
\pgf@yc=\dimen189
\pgf@xd=\dimen190
\pgf@yd=\dimen191
\w@pgf@writea=\write4
\r@pgf@reada=\read2
\c@pgf@counta=\count311
\c@pgf@countb=\count312
\c@pgf@countc=\count313
\c@pgf@countd=\count314
\t@pgf@toka=\toks31
\t@pgf@tokb=\toks32
\t@pgf@tokc=\toks33
\pgf@sys@id@count=\count315
 (/usr/share/texlive/texmf-dist/tex/generic/pgf/systemlayer/pgf.cfg
File: pgf.cfg 2023-01-15 v3.1.10 (3.1.10)
)
Driver file for pgf: pgfsys-pdftex.def
(/usr/share/texlive/texmf-dist/tex/generic/pgf/systemlayer/pgfsys-pdftex.def
File: pgfsys-pdftex.def 2023-01-15 v3.1.10 (3.1.10)

(/usr/share/texlive/texmf-dist/tex/generic/pgf/systemlayer/pgfsys-common-pdf.de
f
File: pgfsys-common-pdf.def 2023-01-15 v3.1.10 (3.1.10)
)))
(/usr/share/texlive/texmf-dist/tex/generic/pgf/systemlayer/pgfsyssoftpath.code.
tex
File: pgfsyssoftpath.code.tex 2023-01-15 v3.1.10 (3.1.10)
\pgfsyssoftpath@smallbuffer@items=\count316
\pgfsyssoftpath@bigbuffer@items=\count317
)
(/usr/share/texlive/texmf-dist/tex/generic/pgf/systemlayer/pgfsysprotocol.code.
tex
File: pgfsysprotocol.code.tex 2023-01-15 v3.1.10 (3.1.10)
))
(/usr/share/texlive/texmf-dist/tex/generic/pgf/basiclayer/pgfcore.code.tex
Package: pgfcore 2023-01-15 v3.1.10 (3.1.10)

(/usr/share/texlive/texmf-dist/tex/generic/pgf/math/pgfmath.code.tex
(/usr/share/texlive/texmf-dist/tex/generic/pgf/math/pgfmathutil.code.tex)
(/usr/share/texlive/texmf-dist/tex/generic/pgf/math/pgfmathparser.code.tex
\pgfmath@dimen=\dimen192
\pgfmath@count=\count318
\pgfmath@box=\box105
\pgfmath@toks=\toks34
\pgfmath@stack@operand=\toks35
\pgfmath@stack@operation=\toks36
)
(/usr/share/texlive/texmf-dist/tex/generic/pgf/math/pgfmathfunctions.code.tex)
(/usr/share/texlive/texmf-dist/tex/generic/pgf/math/pgfmathfunctions.basic.code
.tex)
(/usr/share/texlive/texmf-dist/tex/generic/pgf/math/pgfmathfunctions.trigonomet
ric.code.tex)
(/usr/share/texlive/texmf-dist/tex/generic/pgf/math/pgfmathfunctions.random.cod
e.tex)
(/usr/share/texlive/texmf-dist/tex/generic/pgf/math/pgfmathfunctions.comparison
.code.tex)
(/usr/share/texlive/texmf-dist/tex/generic/pgf/math/pgfmathfunctions.base.code.
tex)
(/usr/share/texlive/texmf-dist/tex/generic/pgf/math/pgfmathfunctions.round.code
.tex)
(/usr/share/texlive/texmf-dist/tex/generic/pgf/math/pgfmathfunctions.misc.code.
tex)
(/usr/share/texlive/texmf-dist/tex/generic/pgf/math/pgfmathfunctions.integerari
thmetics.code.tex)
(/usr/share/texlive/texmf-dist/tex/generic/pgf/math/pgfmathcalc.code.tex)
(/usr/share/texlive/texmf-dist/tex/generic/pgf/math/pgfmathfloat.code.tex
\c@pgfmathroundto@lastzeros=\count319
))
(/usr/share/texlive/texmf-dist/tex/generic/pgf/math/pgfint.code.tex)
(/usr/share/texlive/texmf-dist/tex/generic/pgf/basiclayer/pgfcorepoints.code.te
x
File: pgfcorepoints.code.tex 2023-01-15 v3.1.10 (3.1.10)
\pgf@picminx=\dimen193
\pgf@picmaxx=\dimen194
\pgf@picminy=\dimen195
\pgf@picmaxy=\dimen196
\pgf@pathminx=\dimen197
\pgf@pathmaxx=\dimen198
\pgf@pathminy=\dimen199
\pgf@pathmaxy=\dimen256
\pgf@xx=\dimen257
\pgf@xy=\dimen258
\pgf@yx=\dimen259
\pgf@yy=\dimen260
\pgf@zx=\dimen261
\pgf@zy=\dimen262
)
(/usr/share/texlive/texmf-dist/tex/generic/pgf/basiclayer/pgfcorepathconstruct.
code.tex
File: pgfcorepathconstruct.code.tex 2023-01-15 v3.1.10 (3.1.10)
\pgf@path@lastx=\dimen263
\pgf@path@lasty=\dimen264
)
(/usr/share/texlive/texmf-dist/tex/generic/pgf/basiclayer/pgfcorepathusage.code
.tex
File: pgfcorepathusage.code.tex 2023-01-15 v3.1.10 (3.1.10)
\pgf@shorten@end@additional=\dimen265
\pgf@shorten@start@additional=\dimen266
)
(/usr/share/texlive/texmf-dist/tex/generic/pgf/basiclayer/pgfcorescopes.code.te
x
File: pgfcorescopes.code.tex 2023-01-15 v3.1.10 (3.1.10)
\pgfpic=\box106
\pgf@hbox=\box107
\pgf@layerbox@main=\box108
\pgf@picture@serial@count=\count320
)
(/usr/share/texlive/texmf-dist/tex/generic/pgf/basiclayer/pgfcoregraphicstate.c
ode.tex
File: pgfcoregraphicstate.code.tex 2023-01-15 v3.1.10 (3.1.10)
\pgflinewidth=\dimen267
)
(/usr/share/texlive/texmf-dist/tex/generic/pgf/basiclayer/pgfcoretransformation
s.code.tex
File: pgfcoretransformations.code.tex 2023-01-15 v3.1.10 (3.1.10)
\pgf@pt@x=\dimen268
\pgf@pt@y=\dimen269
\pgf@pt@temp=\dimen270
)
(/usr/share/texlive/texmf-dist/tex/generic/pgf/basiclayer/pgfcorequick.code.tex
File: pgfcorequick.code.tex 2023-01-15 v3.1.10 (3.1.10)
)
(/usr/share/texlive/texmf-dist/tex/generic/pgf/basiclayer/pgfcoreobjects.code.t
ex
File: pgfcoreobjects.code.tex 2023-01-15 v3.1.10 (3.1.10)
)
(/usr/share/texlive/texmf-dist/tex/generic/pgf/basiclayer/pgfcorepathprocessing
.code.tex
File: pgfcorepathprocessing.code.tex 2023-01-15 v3.1.10 (3.1.10)
)
(/usr/share/texlive/texmf-dist/tex/generic/pgf/basiclayer/pgfcorearrows.code.te
x
File: pgfcorearrows.code.tex 2023-01-15 v3.1.10 (3.1.10)
\pgfarrowsep=\dimen271
)
(/usr/share/texlive/texmf-dist/tex/generic/pgf/basiclayer/pgfcoreshade.code.tex
File: pgfcoreshade.code.tex 2023-01-15 v3.1.10 (3.1.10)
\pgf@max=\dimen272
\pgf@sys@shading@range@num=\count321
\pgf@shadingcount=\count322
)
(/usr/share/texlive/texmf-dist/tex/generic/pgf/basiclayer/pgfcoreimage.code.tex
File: pgfcoreimage.code.tex 2023-01-15 v3.1.10 (3.1.10)
)
(/usr/share/texlive/texmf-dist/tex/generic/pgf/basiclayer/pgfcoreexternal.code.
tex
File: pgfcoreexternal.code.tex 2023-01-15 v3.1.10 (3.1.10)
\pgfexternal@startupbox=\box109
)
(/usr/share/texlive/texmf-dist/tex/generic/pgf/basiclayer/pgfcorelayers.code.te
x
File: pgfcorelayers.code.tex 2023-01-15 v3.1.10 (3.1.10)
)
(/usr/share/texlive/texmf-dist/tex/generic/pgf/basiclayer/pgfcoretransparency.c
ode.tex
File: pgfcoretransparency.code.tex 2023-01-15 v3.1.10 (3.1.10)
)
(/usr/share/texlive/texmf-dist/tex/generic/pgf/basiclayer/pgfcorepatterns.code.
tex
File: pgfcorepatterns.code.tex 2023-01-15 v3.1.10 (3.1.10)
)
(/usr/share/texlive/texmf-dist/tex/generic/pgf/basiclayer/pgfcorerdf.code.tex
File: pgfcorerdf.code.tex 2023-01-15 v3.1.10 (3.1.10)
)))
(/usr/share/texlive/texmf-dist/tex/generic/pgf/modules/pgfmoduleshapes.code.tex
File: pgfmoduleshapes.code.tex 2023-01-15 v3.1.10 (3.1.10)
\pgfnodeparttextbox=\box110
) (/usr/share/texlive/texmf-dist/tex/generic/pgf/modules/pgfmoduleplot.code.tex
File: pgfmoduleplot.code.tex 2023-01-15 v3.1.10 (3.1.10)
)
(/usr/share/texlive/texmf-dist/tex/latex/pgf/compatibility/pgfcomp-version-0-65
.sty
Package: pgfcomp-version-0-65 2023-01-15 v3.1.10 (3.1.10)
\pgf@nodesepstart=\dimen273
\pgf@nodesepend=\dimen274
)
(/usr/share/texlive/texmf-dist/tex/latex/pgf/compatibility/pgfcomp-version-1-18
.sty
Package: pgfcomp-version-1-18 2023-01-15 v3.1.10 (3.1.10)
)) (/usr/share/texlive/texmf-dist/tex/latex/pgf/utilities/pgffor.sty
(/usr/share/texlive/texmf-dist/tex/latex/pgf/utilities/pgfkeys.sty
(/usr/share/texlive/texmf-dist/tex/generic/pgf/utilities/pgfkeys.code.tex))
(/usr/share/texlive/texmf-dist/tex/latex/pgf/math/pgfmath.sty
(/usr/share/texlive/texmf-dist/tex/generic/pgf/math/pgfmath.code.tex))
(/usr/share/texlive/texmf-dist/tex/generic/pgf/utilities/pgffor.code.tex
Package: pgffor 2023-01-15 v3.1.10 (3.1.10)
\pgffor@iter=\dimen275
\pgffor@skip=\dimen276
\pgffor@stack=\toks37
\pgffor@toks=\toks38
))
(/usr/share/texlive/texmf-dist/tex/generic/pgf/frontendlayer/tikz/tikz.code.tex
Package: tikz 2023-01-15 v3.1.10 (3.1.10)

(/usr/share/texlive/texmf-dist/tex/generic/pgf/libraries/pgflibraryplothandlers
.code.tex
File: pgflibraryplothandlers.code.tex 2023-01-15 v3.1.10 (3.1.10)
\pgf@plot@mark@count=\count323
\pgfplotmarksize=\dimen277
)
\tikz@lastx=\dimen278
\tikz@lasty=\dimen279
\tikz@lastxsaved=\dimen280
\tikz@lastysaved=\dimen281
\tikz@lastmovetox=\dimen282
\tikz@lastmovetoy=\dimen283
\tikzleveldistance=\dimen284
\tikzsiblingdistance=\dimen285
\tikz@figbox=\box111
\tikz@figbox@bg=\box112
\tikz@tempbox=\box113
\tikz@tempbox@bg=\box114
\tikztreelevel=\count324
\tikznumberofchildren=\count325
\tikznumberofcurrentchild=\count326
\tikz@fig@count=\count327

(/usr/share/texlive/texmf-dist/tex/generic/pgf/modules/pgfmodulematrix.code.tex
File: pgfmodulematrix.code.tex 2023-01-15 v3.1.10 (3.1.10)
\pgfmatrixcurrentrow=\count328
\pgfmatrixcurrentcolumn=\count329
\pgf@matrix@numberofcolumns=\count330
)
\tikz@expandcount=\count331

(/usr/share/texlive/texmf-dist/tex/generic/pgf/frontendlayer/tikz/libraries/tik
zlibrarytopaths.code.tex
File: tikzlibrarytopaths.code.tex 2023-01-15 v3.1.10 (3.1.10)
)))
(/usr/share/texlive/texmf-dist/tex/generic/pgf/frontendlayer/tikz/libraries/tik
zlibraryangles.code.tex
File: tikzlibraryangles.code.tex 2023-01-15 v3.1.10 (3.1.10)
)
(/usr/share/texlive/texmf-dist/tex/generic/pgf/frontendlayer/tikz/libraries/tik
zlibraryarrows.code.tex
File: tikzlibraryarrows.code.tex 2023-01-15 v3.1.10 (3.1.10)

(/usr/share/texlive/texmf-dist/tex/generic/pgf/libraries/pgflibraryarrows.code.
tex
File: pgflibraryarrows.code.tex 2023-01-15 v3.1.10 (3.1.10)
\arrowsize=\dimen286
))
(/usr/share/texlive/texmf-dist/tex/generic/pgf/libraries/pgflibraryarrows.meta.
code.tex
File: pgflibraryarrows.meta.code.tex 2023-01-15 v3.1.10 (3.1.10)
\pgfarrowinset=\dimen287
\pgfarrowlength=\dimen288
\pgfarrowwidth=\dimen289
\pgfarrowlinewidth=\dimen290
)
(/usr/share/texlive/texmf-dist/tex/generic/pgf/frontendlayer/tikz/libraries/tik
zlibrarybackgrounds.code.tex
File: tikzlibrarybackgrounds.code.tex 2023-01-15 v3.1.10 (3.1.10)
\pgf@layerbox@background=\box115
\pgf@layerboxsaved@background=\box116
)
(/usr/share/texlive/texmf-dist/tex/generic/pgf/frontendlayer/tikz/libraries/tik
zlibrarycalc.code.tex
File: tikzlibrarycalc.code.tex 2023-01-15 v3.1.10 (3.1.10)
)
(/usr/share/texlive/texmf-dist/tex/generic/pgf/frontendlayer/tikz/libraries/tik
zlibrarydecorations.code.tex
(/usr/share/texlive/texmf-dist/tex/generic/pgf/modules/pgfmoduledecorations.cod
e.tex
\pgfdecoratedcompleteddistance=\dimen291
\pgfdecoratedremainingdistance=\dimen292
\pgfdecoratedinputsegmentcompleteddistance=\dimen293
\pgfdecoratedinputsegmentremainingdistance=\dimen294
\pgf@decorate@distancetomove=\dimen295
\pgf@decorate@repeatstate=\count332
\pgfdecorationsegmentamplitude=\dimen296
\pgfdecorationsegmentlength=\dimen297
)
\tikz@lib@dec@box=\box117
)
(/usr/share/texlive/texmf-dist/tex/generic/pgf/frontendlayer/tikz/libraries/tik
zlibrarydecorations.markings.code.tex
(/usr/share/texlive/texmf-dist/tex/generic/pgf/libraries/decorations/pgflibrary
decorations.markings.code.tex))
(/usr/share/texlive/texmf-dist/tex/generic/pgf/frontendlayer/tikz/libraries/tik
zlibrarydecorations.pathreplacing.code.tex
(/usr/share/texlive/texmf-dist/tex/generic/pgf/libraries/decorations/pgflibrary
decorations.pathreplacing.code.tex))
(/usr/share/texlive/texmf-dist/tex/generic/pgf/frontendlayer/tikz/libraries/tik
zlibrarydecorations.shapes.code.tex
(/usr/share/texlive/texmf-dist/tex/generic/pgf/libraries/decorations/pgflibrary
decorations.shapes.code.tex))
(/usr/share/texlive/texmf-dist/tex/generic/pgf/frontendlayer/tikz/libraries/tik
zlibrarydecorations.text.code.tex
(/usr/share/texlive/texmf-dist/tex/generic/pgf/libraries/decorations/pgflibrary
decorations.text.code.tex
\pgf@lib@dec@text@box=\box118
)
\tikz@lib@dec@te@box=\box119
)
(/usr/share/texlive/texmf-dist/tex/generic/pgf/frontendlayer/tikz/libraries/tik
zlibrarydecorations.pathmorphing.code.tex
(/usr/share/texlive/texmf-dist/tex/generic/pgf/libraries/decorations/pgflibrary
decorations.pathmorphing.code.tex))
(/usr/share/texlive/texmf-dist/tex/generic/pgf/frontendlayer/tikz/libraries/tik
zlibraryintersections.code.tex
(/usr/share/texlive/texmf-dist/tex/generic/pgf/libraries/pgflibraryintersection
s.code.tex
(/usr/share/texlive/texmf-dist/tex/generic/pgf/libraries/pgflibraryfpu.code.tex
)
\pgf@intersect@solutions=\count333
))
(/usr/share/texlive/texmf-dist/tex/generic/pgf/frontendlayer/tikz/libraries/tik
zlibrarymath.code.tex
(/usr/share/texlive/texmf-dist/tex/generic/pgf/frontendlayer/tikz/libraries/tik
zlibraryfpu.code.tex)
\tikz@math@for@depth=\count334
\tikz@math@dimen=\dimen298
\tikz@math@toks=\toks39
)
(/usr/share/texlive/texmf-dist/tex/generic/pgf/frontendlayer/tikz/libraries/tik
zlibraryplotmarks.code.tex
File: tikzlibraryplotmarks.code.tex 2023-01-15 v3.1.10 (3.1.10)

(/usr/share/texlive/texmf-dist/tex/generic/pgf/libraries/pgflibraryplotmarks.co
de.tex
File: pgflibraryplotmarks.code.tex 2023-01-15 v3.1.10 (3.1.10)
))
(/usr/share/texlive/texmf-dist/tex/generic/pgf/frontendlayer/tikz/libraries/tik
zlibrarypositioning.code.tex
File: tikzlibrarypositioning.code.tex 2023-01-15 v3.1.10 (3.1.10)
)
(/usr/share/texlive/texmf-dist/tex/generic/pgf/frontendlayer/tikz/libraries/tik
zlibraryquotes.code.tex
File: tikzlibraryquotes.code.tex 2023-01-15 v3.1.10 (3.1.10)
)
(/usr/share/texlive/texmf-dist/tex/generic/pgf/frontendlayer/tikz/libraries/tik
zlibraryshapes.misc.code.tex
File: tikzlibraryshapes.misc.code.tex 2023-01-15 v3.1.10 (3.1.10)

(/usr/share/texlive/texmf-dist/tex/generic/pgf/libraries/shapes/pgflibraryshape
s.misc.code.tex
File: pgflibraryshapes.misc.code.tex 2023-01-15 v3.1.10 (3.1.10)
))
(/usr/share/texlive/texmf-dist/tex/generic/pgf/frontendlayer/tikz/libraries/tik
zlibrarythrough.code.tex
File: tikzlibrarythrough.code.tex 2023-01-15 v3.1.10 (3.1.10)
)
(/usr/share/texlive/texmf-dist/tex/latex/l3packages/xfp/xfp.sty
(/usr/share/texlive/texmf-dist/tex/latex/l3kernel/expl3.sty
Package: expl3 2023-02-22 L3 programming layer (loader) 

(/usr/share/texlive/texmf-dist/tex/latex/l3backend/l3backend-pdftex.def
File: l3backend-pdftex.def 2023-01-16 L3 backend support: PDF output (pdfTeX)
\l__color_backend_stack_int=\count335
\l__pdf_internal_box=\box120
))
Package: xfp 2023-02-02 L3 Floating point unit
)
(/usr/share/texlive/texmf-dist/tex/latex/xpatch/xpatch.sty
Package: xpatch 2020/03/25 v0.3a Extending etoolbox patching commands

(/usr/share/texlive/texmf-dist/tex/latex/l3packages/xparse/xparse.sty
Package: xparse 2023-02-02 L3 Experimental document command parser
)
(/usr/share/texlive/texmf-dist/tex/latex/etoolbox/etoolbox.sty
Package: etoolbox 2020/10/05 v2.5k e-TeX tools for LaTeX (JAW)
\etb@tempcnta=\count336
))
\tkzRadius=\dimen299
\tkzLength=\dimen300
\tkz@radi=\dimen301
\tkz@ax=\dimen302
\tkz@ay=\dimen303
\tkz@bx=\dimen304
\tkz@by=\dimen305
\tkz@cx=\dimen306
\tkz@cy=\dimen307
\tkz@dx=\dimen308
\tkz@dy=\dimen309
\tkz@cntmk=\count337

Local configuration file tkz-euclide.cfg found and used
(/usr/share/texlive/texmf-dist/tex/latex/tkz-euclide/tkz-euclide.cfg
2023/02/03 5.02c tkz-euclide.cfg
) (/usr/share/texlive/texmf-dist/tex/latex/tkz-euclide/tkz-tools-eu-base.tex
2023/02/03 5.02c tkz-tools-eu-base.tex
)
(/usr/share/texlive/texmf-dist/tex/latex/tkz-euclide/tkz-tools-eu-utilities.tex
2023/02/03 5.02c tkz-tools-eu-utilities.tex
) (/usr/share/texlive/texmf-dist/tex/latex/tkz-euclide/tkz-tools-eu-BB.tex
2023/02/03 5.02c tkz-obj-eu-BB.tex
) (/usr/share/texlive/texmf-dist/tex/latex/tkz-euclide/tkz-obj-eu-grids.tex
2023/02/03 5.02c tkz-obj-eu-grids.tex
) (/usr/share/texlive/texmf-dist/tex/latex/tkz-euclide/tkz-lib-eu-marks.tex
2023/02/03 5.02c tkz-lib-eu-marks.tex
) (/usr/share/texlive/texmf-dist/tex/latex/tkz-euclide/tkz-tools-eu-text.tex
2023/02/03 5.02c tkz-tools-eu-text.tex
) (/usr/share/texlive/texmf-dist/tex/latex/tkz-euclide/tkz-lib-eu-shape.tex
2023/02/03 5.02c tkz-lib-eu-shape.tex
) (/usr/share/texlive/texmf-dist/tex/latex/tkz-euclide/tkz-obj-eu-axesmin.tex
2023/02/03 5.02c tkz-obj-eu-axesmin
) (/usr/share/texlive/texmf-dist/tex/latex/tkz-euclide/tkz-tools-eu-colors.tex
2023/02/03 5.02c tkz-tools-eu-colors
) (/usr/share/texlive/texmf-dist/tex/latex/tkz-euclide/tkz-obj-eu-points.tex
2023/02/03 5.02c tkz-obj-eu-points.tex
) (/usr/share/texlive/texmf-dist/tex/latex/tkz-euclide/tkz-draw-eu-points.tex
2023/01/24 5.01c tkz-draw-points.tex
) (/usr/share/texlive/texmf-dist/tex/latex/tkz-euclide/tkz-obj-eu-points.tex
2023/02/03 5.02c tkz-obj-eu-points.tex
) (/usr/share/texlive/texmf-dist/tex/latex/tkz-euclide/tkz-obj-eu-points-by.tex
2023/02/03 5.02c tkz-tools-eu-points-by.tex
) (/usr/share/texlive/texmf-dist/tex/latex/tkz-euclide/tkz-tools-eu-math.tex
2023/02/03 5.02c tkz-tools-eu-math.tex
)
(/usr/share/texlive/texmf-dist/tex/latex/tkz-euclide/tkz-tools-eu-intersections
.tex
2023/02/03 5.02c tkz-tools-eu-intersections.tex
)
(/usr/share/texlive/texmf-dist/tex/latex/tkz-euclide/tkz-obj-eu-points-with.tex
2023/02/03 5.02c tkz-obj-eu-points-with.tex
)
(/usr/share/texlive/texmf-dist/tex/latex/tkz-euclide/tkz-obj-eu-points-spc.tex
2023/02/03 5.02c tkz-obj-el-points.tex
) (/usr/share/texlive/texmf-dist/tex/latex/tkz-euclide/tkz-tools-eu-angles.tex
2023/02/03 5.02c tkz-tools-eu-angles.tex
)
(/usr/share/texlive/texmf-dist/tex/latex/tkz-euclide/tkz-obj-eu-points-rnd.tex
2023/02/03 5.02c tkz-obj-eu-points-rnd.tex
) (/usr/share/texlive/texmf-dist/tex/latex/tkz-euclide/tkz-obj-eu-circles.tex
2023/02/03 5.02c tkz-obj-eu-circles.tex
)
(/usr/share/texlive/texmf-dist/tex/latex/tkz-euclide/tkz-obj-eu-circles-by.tex
2023/02/03 5.02c tkz-obj-eu-circles.tex
) (/usr/share/texlive/texmf-dist/tex/latex/tkz-euclide/tkz-obj-eu-lines.tex
2023/02/03 5.02c tkz-obj-eu-lines.tex
) (/usr/share/texlive/texmf-dist/tex/latex/tkz-euclide/tkz-obj-eu-polygons.tex
2023/02/03 5.02c tkz-obj-eu-polygons.tex
) (/usr/share/texlive/texmf-dist/tex/latex/tkz-euclide/tkz-obj-eu-triangles.tex
2023/02/03 5.02c tkz-obj-eu-triangles.tex
) (/usr/share/texlive/texmf-dist/tex/latex/tkz-euclide/tkz-draw-eu-lines.tex
2023/02/03 5.02c tkz-obj-eu-draw-lines.tex
) (/usr/share/texlive/texmf-dist/tex/latex/tkz-euclide/tkz-draw-eu-circles.tex
2023/02/03 5.02c tkz-obj-eu-draw-circles.tex
) (/usr/share/texlive/texmf-dist/tex/latex/tkz-euclide/tkz-draw-eu-polygons.tex
2023/02/03 5.02c tkz-obj-eu-polygons.tex
) (/usr/share/texlive/texmf-dist/tex/latex/tkz-euclide/tkz-draw-eu-angles.tex
2023/02/03 5.02c tkz-tool-eu-angles.tex
) (/usr/share/texlive/texmf-dist/tex/latex/tkz-euclide/tkz-draw-eu-sectors.tex
2023/02/03 5.02c tkz-obj-eu-sectors.tex
) (/usr/share/texlive/texmf-dist/tex/latex/tkz-euclide/tkz-draw-eu-compass.tex
2023/02/03 5.02c tkz-obj-eu-compass.tex
) (/usr/share/texlive/texmf-dist/tex/latex/tkz-euclide/tkz-draw-eu-show.tex
2023/02/03 5.02c tkz-obj-eu-show.tex
)
(/usr/share/texlive/texmf-dist/tex/latex/tkz-euclide/tkz-draw-eu-protractor.tex
2023/02/03 5.02c tkz-obj-eu-protractor.tex
)) (./gvv.sty
\c@matchleft=\count338
\c@matchright=\count339
) (./gvv-book.sty
(/usr/share/texlive/texmf-dist/tex/latex/setspace/setspace.sty
Package: setspace 2022/12/04 v6.7b set line spacing
)

! LaTeX Error: Option clash for package amsmath.

See the LaTeX manual or LaTeX Companion for explanation.
Type  H <return>  for immediate help.
 ...                                              
                                                  
l.11 \usepackage
                {siunitx}
? 
(/usr/share/texlive/texmf-dist/tex/latex/siunitx/siunitx.sty
Package: siunitx 2023-03-14 v3.2.3 A comprehensive (SI) units package
\l__siunitx_angle_tmp_dim=\dimen310
\l__siunitx_angle_marker_box=\box121
\l__siunitx_angle_unit_box=\box122
\l__siunitx_compound_count_int=\count340

(/usr/share/texlive/texmf-dist/tex/latex/translations/translations.sty
Package: translations 2022/02/05 v1.12 internationalization of LaTeX2e packages
 (CN)
)
\l__siunitx_number_exponent_fixed_int=\count341
\l__siunitx_number_min_decimal_int=\count342
\l__siunitx_number_min_integer_int=\count343
\l__siunitx_number_round_precision_int=\count344
\l__siunitx_number_lower_threshold_int=\count345
\l__siunitx_number_upper_threshold_int=\count346
\l__siunitx_number_group_first_int=\count347
\l__siunitx_number_group_size_int=\count348
\l__siunitx_number_group_minimum_int=\count349
\l__siunitx_table_tmp_box=\box123
\l__siunitx_table_tmp_dim=\dimen311
\l__siunitx_table_column_width_dim=\dimen312
\l__siunitx_table_integer_box=\box124
\l__siunitx_table_decimal_box=\box125
\l__siunitx_table_uncert_box=\box126
\l__siunitx_table_before_box=\box127
\l__siunitx_table_after_box=\box128
\l__siunitx_table_before_dim=\dimen313
\l__siunitx_table_carry_dim=\dimen314
\l__siunitx_unit_tmp_int=\count350
\l__siunitx_unit_position_int=\count351
\l__siunitx_unit_total_int=\count352

(/usr/share/texlive/texmf-dist/tex/latex/tools/array.sty
Package: array 2022/09/04 v2.5g Tabular extension package (FMi)
\col@sep=\dimen315
\ar@mcellbox=\box129
\extrarowheight=\dimen316
\NC@list=\toks40
\extratabsurround=\skip63
\backup@length=\skip64
\ar@cellbox=\box130
))
(/usr/share/texlive/texmf-dist/tex/latex/amscls/amsthm.sty
Package: amsthm 2020/05/29 v2.20.6
\thm@style=\toks41
\thm@bodyfont=\toks42
\thm@headfont=\toks43
\thm@notefont=\toks44
\thm@headpunct=\toks45
\thm@preskip=\skip65
\thm@postskip=\skip66
\thm@headsep=\skip67
\dth@everypar=\toks46


! LaTeX Error: Command \openbox already defined.
               Or name \end... illegal, see p.192 of the manual.

See the LaTeX manual or LaTeX Companion for explanation.
Type  H <return>  for immediate help.
 ...                                              
                                                  
l.426   \vrule\hfil}}
                     
? 
LaTeX Info: Redefining \textsquare on input line 427.
) (/usr/share/texlive/texmf-dist/tex/latex/jknapltx/mathrsfs.sty
Package: mathrsfs 1996/01/01 Math RSFS package v1.0 (jk)
\symrsfs=\mathgroup10
)
(/usr/share/texlive/texmf-dist/tex/latex/sttools/stfloats.sty
Package: stfloats 2017/03/27 v3.3 Improve float mechanism and baselineskip sett
ings
\@dblbotnum=\count353
\c@dblbotnumber=\count354
)
(/usr/share/texlive/texmf-dist/tex/latex/steinmetz/steinmetz.sty
Package: steinmetz 2009/06/14 v1.0 Steinmetz symbol for electrotechnics

(/usr/share/texlive/texmf-dist/tex/latex/pict2e/pict2e.sty
Package: pict2e 2020/09/30 v0.4b Improved picture commands (HjG,RN,JT)

(/usr/share/texlive/texmf-dist/tex/latex/pict2e/pict2e.cfg
File: pict2e.cfg 2016/02/05 v0.1u pict2e configuration for teTeX/TeXLive
)
Package pict2e Info: Driver file: pdftex.def on input line 112.
Package pict2e Info: Driver file for pict2e: p2e-pdftex.def on input line 114.

(/usr/share/texlive/texmf-dist/tex/latex/pict2e/p2e-pdftex.def
File: p2e-pdftex.def 2016/02/05 v0.1u Driver-dependant file (RN,HjG,JT)
)
\pIIe@GRAPH=\toks47
\@arclen=\dimen317
\@arcrad=\dimen318
\pIIe@tempdima=\dimen319
\pIIe@tempdimb=\dimen320
\pIIe@tempdimc=\dimen321
\pIIe@tempdimd=\dimen322
\pIIe@tempdime=\dimen323
\pIIe@tempdimf=\dimen324
)
\stm@phasebox=\box131
\stm@phasedp=\skip68
\stm@phaseht=\skip69
\stm@phasetot=\skip70
\stm@phasewd=\skip71
)
(/usr/share/texlive/texmf-dist/tex/latex/tools/bm.sty
Package: bm 2022/01/05 v1.2f Bold Symbol Support (DPC/FMi)
\symboldoperators=\mathgroup11
\symboldletters=\mathgroup12
\symboldsymbols=\mathgroup13
\symboldlargesymbols=\mathgroup14
Package bm Info: No bold for \U/rsfs/m/n, using \pmb.
LaTeX Font Info:    Redeclaring math alphabet \mathbf on input line 149.
)
(/usr/share/texlive/texmf-dist/tex/latex/cite/cite.sty
LaTeX Info: Redefining \cite on input line 302.
LaTeX Info: Redefining \nocite on input line 332.
Package: cite 2015/02/27  v 5.5
)
(/usr/share/texlive/texmf-dist/tex/latex/cases/cases.sty
Package: cases 2020/03/29 ver 3.2
\numc@numwid=\dimen325
)
(/usr/share/texlive/texmf-dist/tex/latex/subfig/subfig.sty
Package: subfig 2005/06/28 ver: 1.3 subfig package

(/usr/share/texlive/texmf-dist/tex/latex/caption/caption.sty
Package: caption 2023/03/12 v3.6j Customizing captions (AR)

(/usr/share/texlive/texmf-dist/tex/latex/caption/caption3.sty
Package: caption3 2023/03/12 v2.4 caption3 kernel (AR)
\caption@tempdima=\dimen326
\captionmargin=\dimen327
\caption@leftmargin=\dimen328
\caption@rightmargin=\dimen329
\caption@width=\dimen330
\caption@indent=\dimen331
\caption@parindent=\dimen332
\caption@hangindent=\dimen333
Package caption Info: Standard document class detected.
)
\c@caption@flags=\count355
\c@continuedfloat=\count356
Package caption Info: float package is loaded.
Package caption Info: hyperref package is loaded.
Package caption Info: listings package is loaded.
)
\c@KVtest=\count357
\sf@farskip=\skip72
\sf@captopadj=\dimen334
\sf@capskip=\skip73
\sf@nearskip=\skip74
\c@subfigure=\count358
\c@subfigure@save=\count359
\c@lofdepth=\count360
\c@subtable=\count361
\c@subtable@save=\count362
\c@lotdepth=\count363
\sf@top=\skip75
\sf@bottom=\skip76
)
(/usr/share/texlive/texmf-dist/tex/latex/tools/longtable.sty
Package: longtable 2021-09-01 v4.17 Multi-page Table package (DPC)
\LTleft=\skip77
\LTright=\skip78
\LTpre=\skip79
\LTpost=\skip80
\LTchunksize=\count364
\LTcapwidth=\dimen335
\LT@head=\box132
\LT@firsthead=\box133
\LT@foot=\box134
\LT@lastfoot=\box135
\LT@gbox=\box136
\LT@cols=\count365
\LT@rows=\count366
\c@LT@tables=\count367
\c@LT@chunks=\count368
\LT@p@ftn=\toks48
)
(/usr/share/texlive/texmf-dist/tex/latex/tools/tabularx.sty
Package: tabularx 2020/01/15 v2.11c `tabularx' package (DPC)
\TX@col@width=\dimen336
\TX@old@table=\dimen337
\TX@old@col=\dimen338
\TX@target=\dimen339
\TX@delta=\dimen340
\TX@cols=\count369
\TX@ftn=\toks49
)
(/usr/share/texlive/texmf-dist/tex/latex/multirow/multirow.sty
Package: multirow 2021/03/15 v2.8 Span multiple rows of a table
\multirow@colwidth=\skip81
\multirow@cntb=\count370
\multirow@dima=\skip82
\bigstrutjot=\dimen341
)
(/usr/share/texlive/texmf-dist/tex/latex/circuitikz/circuitikz.sty
Package: circuitikz 2023/02/11{} The CircuiTikz circuit drawing package version
 1.6.1

(/usr/share/texlive/texmf-dist/tex/generic/pgf/frontendlayer/tikz/libraries/tik
zlibrarybending.code.tex
File: tikzlibrarybending.code.tex 2023-01-15 v3.1.10 (3.1.10)

(/usr/share/texlive/texmf-dist/tex/generic/pgf/modules/pgfmodulebending.code.te
x
File: pgfmodulebending.code.tex 2023-01-15 v3.1.10 (3.1.10)

(/usr/share/texlive/texmf-dist/tex/generic/pgf/modules/pgfmodulenonlineartransf
ormations.code.tex
File: pgfmodulenonlineartransformations.code.tex 2023-01-15 v3.1.10 (3.1.10)
\pgftransformnonlinearflatness=\dimen342
)
(/usr/share/texlive/texmf-dist/tex/generic/pgf/libraries/pgflibrarycurvilinear.
code.tex
File: pgflibrarycurvilinear.code.tex 2023-01-15 v3.1.10 (3.1.10)
\pgf@curvilinear@time@a=\dimen343
\pgf@curvilinear@length@a=\dimen344
\pgf@curvilinear@length@b=\dimen345
\pgf@curvilinear@length@c=\dimen346
\pgf@curvilinear@length@d=\dimen347
)
\pgf@arrows@the@rigidity=\dimen348
))
(/usr/share/texlive/texmf-dist/tex/generic/circuitikz/pgfcirc.defines.tex
\pgf@circ@count@a=\count371
\pgf@circ@count@b=\count372
\pgf@circ@count@c=\count373
\pgf@circ@res@up=\dimen349
\pgf@circ@res@down=\dimen350
\pgf@circ@res@zero=\dimen351
\pgf@circ@res@left=\dimen352
\pgf@circ@res@right=\dimen353
\pgf@circ@res@other=\dimen354
\pgf@circ@res@step=\dimen355
\pgf@circ@res@temp=\dimen356
\pgf@circ@Rlen=\dimen357
\pgf@circ@scaled@Rlen=\dimen358
\pgfstartlinewidth=\dimen359
)
(/usr/share/texlive/texmf-dist/tex/generic/circuitikz/pgfcircutils.tex
\ctikz@scratchbox=\box137
)
(/usr/share/texlive/texmf-dist/tex/generic/circuitikz/pgfcircpath.tex)
(/usr/share/texlive/texmf-dist/tex/generic/circuitikz/pgfcircshapes.tex)
(/usr/share/texlive/texmf-dist/tex/generic/circuitikz/pgfcircmonopoles.tex)
(/usr/share/texlive/texmf-dist/tex/generic/circuitikz/pgfcircbipoles.tex)
(/usr/share/texlive/texmf-dist/tex/generic/circuitikz/pgfcirctripoles.tex
\pgf@circ@res@count=\count374
)
(/usr/share/texlive/texmf-dist/tex/generic/circuitikz/pgfcircquadpoles.tex)
(/usr/share/texlive/texmf-dist/tex/generic/circuitikz/pgfcircmultipoles.tex)
(/usr/share/texlive/texmf-dist/tex/generic/circuitikz/pgfcirclabel.tex)
(/usr/share/texlive/texmf-dist/tex/generic/circuitikz/pgfcircvoltage.tex
\pgfcirc@labelshift=\dimen360
)
(/usr/share/texlive/texmf-dist/tex/generic/circuitikz/pgfcirccurrent.tex)
(/usr/share/texlive/texmf-dist/tex/generic/circuitikz/pgfcircflow.tex))
(/usr/share/texlive/texmf-dist/tex/latex/tools/verbatim.sty
Package: verbatim 2022-07-02 v1.5u LaTeX2e package for verbatim enhancements
\every@verbatim=\toks50
\verbatim@line=\toks51
\verbatim@in@stream=\read3
)
(/usr/share/texlive/texmf-dist/tex/generic/pgf/frontendlayer/tikz/libraries/tik
zlibraryfadings.code.tex
File: tikzlibraryfadings.code.tex 2023-01-15 v3.1.10 (3.1.10)

(/usr/share/texlive/texmf-dist/tex/generic/pgf/libraries/pgflibraryfadings.code
.tex
File: pgflibraryfadings.code.tex 2023-01-15 v3.1.10 (3.1.10)
)) (/usr/share/texlive/texmf-dist/tex/latex/tools/hhline.sty
Package: hhline 2020/01/04 v2.04 Table rule package (DPC)
)
(/usr/share/texlive/texmf-dist/tex/latex/graphics/lscape.sty
Package: lscape 2020/05/28 v3.02 Landscape Pages (DPC)
)
(/usr/share/texlive/texmf-dist/tex/latex/chngcntr/chngcntr.sty
Package: chngcntr 2018/04/09 v1.1a change counter resetting
Package chngcntr Info: \counterwithout already defined.
(chngcntr)             Quitting chngcntr on input line 21.
)
\c@theorem=\count375
\c@problem=\count376
\c@proposition=\count377
\c@lemma=\count378
\c@example=\count379


! LaTeX Error: Command \thesectiondis undefined.

See the LaTeX manual or LaTeX Companion for explanation.
Type  H <return>  for immediate help.
 ...                                              
                                                  
l.76 \renewcommand\thesectiondis
                                {\arabic{section}}
? 

! LaTeX Error: Command \thesubsectiondis undefined.

See the LaTeX manual or LaTeX Companion for explanation.
Type  H <return>  for immediate help.
 ...                                              
                                                  
l.77 \renewcommand\thesubsectiondis
                                   {\thesectiondis.\arabic{subsection}}
? 

! LaTeX Error: Command \thesubsubsectiondis undefined.

See the LaTeX manual or LaTeX Companion for explanation.
Type  H <return>  for immediate help.
 ...                                              
                                                  
l.78 \renewcommand\thesubsubsectiondis
                                      {\thesubsectiondis.\arabic{subsubsecti...

? 
)
\c@rem=\count380
Package translations Info: No language package found. I am going to use `englis
h' as default language. on input line 35.
LaTeX Font Info:    Trying to load font information for OT1+txr on input line 3
5.
 (/usr/share/texlive/texmf-dist/tex/latex/txfonts/ot1txr.fd
File: ot1txr.fd 2000/12/15 v3.1
)
No file main_0.aux.
\openout1 = `main_0.aux'.

LaTeX Font Info:    Checking defaults for OML/txmi/m/it on input line 35.
LaTeX Font Info:    Trying to load font information for OML+txmi on input line 
35.
(/usr/share/texlive/texmf-dist/tex/latex/txfonts/omltxmi.fd
File: omltxmi.fd 2000/12/15 v3.1
)
LaTeX Font Info:    ... okay on input line 35.
LaTeX Font Info:    Checking defaults for OMS/txsy/m/n on input line 35.
LaTeX Font Info:    Trying to load font information for OMS+txsy on input line 
35.

(/usr/share/texlive/texmf-dist/tex/latex/txfonts/omstxsy.fd
File: omstxsy.fd 2000/12/15 v3.1
)
LaTeX Font Info:    ... okay on input line 35.
LaTeX Font Info:    Checking defaults for OT1/cmr/m/n on input line 35.
LaTeX Font Info:    ... okay on input line 35.
LaTeX Font Info:    Checking defaults for T1/cmr/m/n on input line 35.
LaTeX Font Info:    ... okay on input line 35.
LaTeX Font Info:    Checking defaults for TS1/cmr/m/n on input line 35.
LaTeX Font Info:    ... okay on input line 35.
LaTeX Font Info:    Checking defaults for OMX/txex/m/n on input line 35.
LaTeX Font Info:    Trying to load font information for OMX+txex on input line 
35.

(/usr/share/texlive/texmf-dist/tex/latex/txfonts/omxtxex.fd
File: omxtxex.fd 2000/12/15 v3.1
)
LaTeX Font Info:    ... okay on input line 35.
LaTeX Font Info:    Checking defaults for U/txexa/m/n on input line 35.
LaTeX Font Info:    Trying to load font information for U+txexa on input line 3
5.

(/usr/share/texlive/texmf-dist/tex/latex/txfonts/utxexa.fd
File: utxexa.fd 2000/12/15 v3.1
)
LaTeX Font Info:    ... okay on input line 35.
LaTeX Font Info:    Checking defaults for PD1/pdf/m/n on input line 35.
LaTeX Font Info:    ... okay on input line 35.
LaTeX Font Info:    Checking defaults for PU/pdf/m/n on input line 35.
LaTeX Font Info:    ... okay on input line 35.

(/usr/share/texlive/texmf-dist/tex/context/base/mkii/supp-pdf.mkii
[Loading MPS to PDF converter (version 2006.09.02).]
\scratchcounter=\count381
\scratchdimen=\dimen361
\scratchbox=\box138
\nofMPsegments=\count382
\nofMParguments=\count383
\everyMPshowfont=\toks52
\MPscratchCnt=\count384
\MPscratchDim=\dimen362
\MPnumerator=\count385
\makeMPintoPDFobject=\count386
\everyMPtoPDFconversion=\toks53
) (/usr/share/texlive/texmf-dist/tex/latex/epstopdf-pkg/epstopdf-base.sty
Package: epstopdf-base 2020-01-24 v2.11 Base part for package epstopdf
Package epstopdf-base Info: Redefining graphics rule for `.eps' on input line 4
85.

(/usr/share/texlive/texmf-dist/tex/latex/latexconfig/epstopdf-sys.cfg
File: epstopdf-sys.cfg 2010/07/13 v1.3 Configuration of (r)epstopdf for TeX Liv
e
))
\c@lstlisting=\count387
\symgns@font=\mathgroup15
LaTeX Font Info:    Overwriting symbol font `gns@font' in version `bold'
(Font)                  TS1/txr/m/n --> TS1/txr/b/n on input line 35.
Package gensymb Info: Math companion symbols declared on input line 35.
LaTeX Info: Redefining \degree on input line 35.
LaTeX Info: Redefining \celsius on input line 35.
Package gensymb Info: Using text companion symbols for \degree, \celsius and \p
erthousand on input line 35.
LaTeX Info: Redefining \ohm on input line 35.
Package gensymb Info: Using \textohm for \ohm on input line 35.
Package gensymb Info: Using \textmu for \micro on input line 35.
Package hyperref Info: Link coloring OFF on input line 35.
\@outlinefile=\write5
\openout5 = `main_0.out'.


(/usr/share/texlive/texmf-dist/tex/latex/translations/translations-basic-dictio
nary-english.trsl
File: translations-basic-dictionary-english.trsl (english translation file `tra
nslations-basic-dictionary')
)
Package translations Info: loading dictionary `translations-basic-dictionary' f
or `english'. on input line 35.
Package caption Info: Begin \AtBeginDocument code.
Package caption Info: subfig package v1.3 is loaded.
Package caption Info: longtable package is loaded.

(/usr/share/texlive/texmf-dist/tex/latex/caption/ltcaption.sty
Package: ltcaption 2021/01/08 v1.4c longtable captions (AR)
)
Package caption Info: End \AtBeginDocument code.
LaTeX Font Info:    Trying to load font information for U+txsya on input line 4
0.

(/usr/share/texlive/texmf-dist/tex/latex/txfonts/utxsya.fd
File: utxsya.fd 2000/12/15 v3.1
)
LaTeX Font Info:    Trying to load font information for U+txsyb on input line 4
0.

(/usr/share/texlive/texmf-dist/tex/latex/txfonts/utxsyb.fd
File: utxsyb.fd 2000/12/15 v3.1
)
LaTeX Font Info:    Trying to load font information for U+txmia on input line 4
0.

(/usr/share/texlive/texmf-dist/tex/latex/txfonts/utxmia.fd
File: utxmia.fd 2000/12/15 v3.1
)
LaTeX Font Info:    Trying to load font information for U+txsyc on input line 4
0.

(/usr/share/texlive/texmf-dist/tex/latex/txfonts/utxsyc.fd
File: utxsyc.fd 2000/12/15 v3.1
)
LaTeX Font Info:    Trying to load font information for U+rsfs on input line 40
.

(/usr/share/texlive/texmf-dist/tex/latex/jknapltx/ursfs.fd
File: ursfs.fd 1998/03/24 rsfs font definition file (jk)
)
LaTeX Font Info:    Trying to load font information for TS1+txr on input line 4
0.

(/usr/share/texlive/texmf-dist/tex/latex/txfonts/ts1txr.fd
File: ts1txr.fd 2000/12/15 v3.1
)
LaTeX Font Info:    Font shape `OT1/txr/b/n' in size <12> not available
(Font)              Font shape `OT1/txr/bx/n' tried instead on input line 42.

Overfull \hbox (12.0823pt too wide) in paragraph at lines 82--84
[]\OT1/txr/m/n/12 The sys-tem rep-re-sented by the input-output re-la-tion-ship
 $\OML/txmi/m/it/12 y [] \OT1/txr/m/n/12 = [][] \OML/txmi/m/it/12 x [] d^^\; t 
>
 []

<Figs/Q5.png, id=31, 255.95625pt x 77.28876pt>
File: Figs/Q5.png Graphic file (type png)
<use Figs/Q5.png>
Package pdftex.def Info: Figs/Q5.png  used on input line 97.
(pdftex.def)             Requested size: 155.99762pt x 47.10478pt.
[1

{/var/lib/texmf/fonts/map/pdftex/updmap/pdftex.map}{/usr/share/texlive/texmf-di
st/fonts/enc/dvips/base/8r.enc} <./Figs/Q5.png>]
<Figs/Q6.png, id=69, 255.95625pt x 114.4275pt>
File: Figs/Q6.png Graphic file (type png)
<use Figs/Q6.png>
Package pdftex.def Info: Figs/Q6.png  used on input line 115.
(pdftex.def)             Requested size: 155.99762pt x 69.73955pt.
<Figs/Q7.png, id=70, 231.86626pt x 86.3225pt>
File: Figs/Q7.png Graphic file (type png)
<use Figs/Q7.png>
Package pdftex.def Info: Figs/Q7.png  used on input line 133.
(pdftex.def)             Requested size: 117.00119pt x 43.55891pt.
<Figs/Q8.png, id=71, 366.36874pt x 224.84pt>
File: Figs/Q8.png Graphic file (type png)
<use Figs/Q8.png>
Package pdftex.def Info: Figs/Q8.png  used on input line 151.
(pdftex.def)             Requested size: 234.00238pt x 143.60892pt.

pdfTeX warning (ext4): destination with the same identifier (name{page.}) has b
een already used, duplicate ignored
<to be read again> 
                   \relax 
l.156     \item Z
                 ero always [2 <./Figs/Q6.png> <./Figs/Q7.png>]
<Figs/Q10.png, id=94, 308.15125pt x 132.495pt>
File: Figs/Q10.png Graphic file (type png)
<use Figs/Q10.png>
Package pdftex.def Info: Figs/Q10.png  used on input line 177.
(pdftex.def)             Requested size: 195.0pt x 83.8463pt.

pdfTeX warning (ext4): destination with the same identifier (name{page.}) has b
een already used, duplicate ignored
<to be read again> 
                   \relax 
l.183         \item
                    $10\pm1\%$ [3 <./Figs/Q8.png>]
<Figs/Q12.png, id=110, 274.02374pt x 140.525pt>
File: Figs/Q12.png Graphic file (type png)
<use Figs/Q12.png>
Package pdftex.def Info: Figs/Q12.png  used on input line 207.
(pdftex.def)             Requested size: 312.00119pt x 160.0136pt.

pdfTeX warning (ext4): destination with the same identifier (name{page.}) has b
een already used, duplicate ignored
<to be read again> 
                   \relax 
l.215     \item A
                 , C are capacitances and B, D resistances [4 <./Figs/Q10.png> 
<./Figs/Q12.png>]
<Figs/Q13.png, id=129, 274.02374pt x 103.38625pt>
File: Figs/Q13.png Graphic file (type png)
<use Figs/Q13.png>
Package pdftex.def Info: Figs/Q13.png  used on input line 223.
(pdftex.def)             Requested size: 155.99762pt x 58.85661pt.
<Figs/Q14.png, id=130, 519.9425pt x 126.4725pt>
File: Figs/Q14.png Graphic file (type png)
<use Figs/Q14.png>
Package pdftex.def Info: Figs/Q14.png  used on input line 241.
(pdftex.def)             Requested size: 312.00119pt x 75.8918pt.

pdfTeX warning (ext4): destination with the same identifier (name{page.}) has b
een already used, duplicate ignored
<to be read again> 
                   \relax 
l.256     \begin
                {multicols}{2} [5 <./Figs/Q13.png> <./Figs/Q14.png>]
<Figs/Q16.png, id=150, 173.64874pt x 81.30376pt>
File: Figs/Q16.png Graphic file (type png)
<use Figs/Q16.png>
Package pdftex.def Info: Figs/Q16.png  used on input line 269.
(pdftex.def)             Requested size: 97.5pt x 45.65135pt.

pdfTeX warning (ext4): destination with the same identifier (name{page.}) has b
een already used, duplicate ignored
<to be read again> 
                   \relax 
l.291     \end{multicols}
                          [6 <./Figs/Q16.png>]
<Figs/Q19.png, id=174, 467.7475pt x 144.54pt>
File: Figs/Q19.png Graphic file (type png)
<use Figs/Q19.png>
Package pdftex.def Info: Figs/Q19.png  used on input line 311.
(pdftex.def)             Requested size: 350.99762pt x 108.46867pt.
<Figs/Q20.png, id=175, 378.41376pt x 149.55875pt>
File: Figs/Q20.png Graphic file (type png)
<use Figs/Q20.png>
Package pdftex.def Info: Figs/Q20.png  used on input line 329.
(pdftex.def)             Requested size: 272.99881pt x 107.89673pt.

pdfTeX warning (ext4): destination with the same identifier (name{page.}) has b
een already used, duplicate ignored
<to be read again> 
                   \relax 
l.333 \hfill
            \brak{GATE \ EE \ 2010} [7 <./Figs/Q19.png>]
<Figs/Q21.png, id=193, 216.81pt x 121.45375pt>
File: Figs/Q21.png Graphic file (type png)
<use Figs/Q21.png>
Package pdftex.def Info: Figs/Q21.png  used on input line 339.
(pdftex.def)             Requested size: 155.99762pt x 87.391pt.
<Figs/Q22.png, id=194, 216.81pt x 121.45375pt>
File: Figs/Q22.png Graphic file (type png)
<use Figs/Q22.png>
Package pdftex.def Info: Figs/Q22.png  used on input line 357.
(pdftex.def)             Requested size: 195.0pt x 109.24062pt.

pdfTeX warning (ext4): destination with the same identifier (name{page.}) has b
een already used, duplicate ignored
<to be read again> 
                   \relax 
l.363         \item
                    4 V [8 <./Figs/Q20.png> <./Figs/Q21.png> <./Figs/Q22.png>]
<Figs/Q23.png, id=210, 288.07625pt x 109.40875pt>
File: Figs/Q23.png Graphic file (type png)
<use Figs/Q23.png>
Package pdftex.def Info: Figs/Q23.png  used on input line 375.
(pdftex.def)             Requested size: 195.0pt x 74.06139pt.
<Figs/Q24.png, id=211, 288.07625pt x 109.40875pt>
File: Figs/Q24.png Graphic file (type png)
<use Figs/Q24.png>
Package pdftex.def Info: Figs/Q24.png  used on input line 391.
(pdftex.def)             Requested size: 97.5pt x 37.02986pt.
<Figs/Q24A.png, id=212, 142.5325pt x 95.35625pt>
File: Figs/Q24A.png Graphic file (type png)
<use Figs/Q24A.png>
Package pdftex.def Info: Figs/Q24A.png  used on input line 396.
(pdftex.def)             Requested size: 155.99762pt x 104.36401pt.

pdfTeX warning (ext4): destination with the same identifier (name{page.}) has b
een already used, duplicate ignored
<to be read again> 
                   \relax 
l.397     \item \begin
                      {figure}[H]\centering\includegraphics[width=0.4\textwi...
[9 <./Figs/Q23.png> <./Figs/Q24.png>]
<Figs/Q24B.png, id=230, 142.5325pt x 95.35625pt>
File: Figs/Q24B.png Graphic file (type png)
<use Figs/Q24B.png>
Package pdftex.def Info: Figs/Q24B.png  used on input line 397.
(pdftex.def)             Requested size: 155.99762pt x 104.36401pt.
<Figs/Q24C.png, id=231, 142.5325pt x 95.35625pt>
File: Figs/Q24C.png Graphic file (type png)
<use Figs/Q24C.png>
Package pdftex.def Info: Figs/Q24C.png  used on input line 398.
(pdftex.def)             Requested size: 155.99762pt x 104.36401pt.
<Figs/Q24D.png, id=232, 142.5325pt x 95.35625pt>
File: Figs/Q24D.png Graphic file (type png)
<use Figs/Q24D.png>
Package pdftex.def Info: Figs/Q24D.png  used on input line 399.
(pdftex.def)             Requested size: 155.99762pt x 104.36401pt.

pdfTeX warning (ext4): destination with the same identifier (name{page.}) has b
een already used, duplicate ignored
<to be read again> 
                   \relax 
l.400 \end{enumerate}
                      [10 <./Figs/Q24A.png> <./Figs/Q24B.png> <./Figs/Q24C.png>
]
<Figs/Q25.png, id=245, 220.825pt x 130.4875pt>
File: Figs/Q25.png Graphic file (type png)
<use Figs/Q25.png>
Package pdftex.def Info: Figs/Q25.png  used on input line 407.
(pdftex.def)             Requested size: 155.99762pt x 92.18483pt.

pdfTeX warning (ext4): destination with the same identifier (name{page.}) has b
een already used, duplicate ignored
<to be read again> 
                   \relax 
l.421 \newpage
               [11 <./Figs/Q24D.png> <./Figs/Q25.png>]
pdfTeX warning (ext4): destination with the same identifier (name{page.}) has b
een already used, duplicate ignored
<to be read again> 
                   \relax 
l.485 \item $
             x\brak{t}$ is a positive rectangular pulse from $t=-1$ to $t=+1...
[12]
<Figs/Q31.png, id=285, 201.75375pt x 105.39375pt>
File: Figs/Q31.png Graphic file (type png)
<use Figs/Q31.png>
Package pdftex.def Info: Figs/Q31.png  used on input line 488.
(pdftex.def)             Requested size: 117.00119pt x 61.12036pt.
<Figs/Q33.png, id=286, 311.1625pt x 94.3525pt>
File: Figs/Q33.png Graphic file (type png)
<use Figs/Q33.png>
Package pdftex.def Info: Figs/Q33.png  used on input line 519.
(pdftex.def)             Requested size: 195.0pt x 59.12996pt.

pdfTeX warning (ext4): destination with the same identifier (name{page.}) has b
een already used, duplicate ignored
<to be read again> 
                   \relax 
l.525         \item
                    4 $\Omega$ [13 <./Figs/Q31.png> <./Figs/Q33.png>]
<Figs/Q34.png, id=309, 240.9pt x 101.37875pt>
File: Figs/Q34.png Graphic file (type png)
<use Figs/Q34.png>
Package pdftex.def Info: Figs/Q34.png  used on input line 537.
(pdftex.def)             Requested size: 195.0pt x 82.06528pt.
<Figs/Q35.png, id=310, 418.56375pt x 172.645pt>
File: Figs/Q35.png Graphic file (type png)
<use Figs/Q35.png>
Package pdftex.def Info: Figs/Q35.png  used on input line 555.
(pdftex.def)             Requested size: 272.99881pt x 112.60252pt.

pdfTeX warning (ext4): destination with the same identifier (name{page.}) has b
een already used, duplicate ignored
<to be read again> 
                   \relax 
l.562     \item $
                 R=\frac{R_4}{R_2 R_3}$, $L=\frac{1}{C_4 R_2 R_3}$ [14 <./Figs/
Q34.png> <./Figs/Q35.png>]
! Missing \right. inserted.
<inserted text> 
                \right .
l.568 ...mega}$ plane \brak{for $0<\omega<\infty$}
                                                   is
? 
! Missing $ inserted.
<inserted text> 
                $
l.568 ...mega}$ plane \brak{for $0<\omega<\infty$}
                                                   is
? 
! Missing $ inserted.
<inserted text> 
                $
l.568 ...mega}$ plane \brak{for $0<\omega<\infty$}
                                                   is
? 
! Extra \right.
<argument> \left (for $0<\omega <\infty $\right )
                                                 
l.568 ...mega}$ plane \brak{for $0<\omega<\infty$}
                                                   is
? 
<Figs/Q36A.png, id=328, 116.435pt x 126.4725pt>
File: Figs/Q36A.png Graphic file (type png)
<use Figs/Q36A.png>
Package pdftex.def Info: Figs/Q36A.png  used on input line 570.
(pdftex.def)             Requested size: 155.99762pt x 169.4626pt.
<Figs/Q36B.png, id=329, 116.435pt x 126.4725pt>
File: Figs/Q36B.png Graphic file (type png)
<use Figs/Q36B.png>
Package pdftex.def Info: Figs/Q36B.png  used on input line 571.
(pdftex.def)             Requested size: 155.99762pt x 169.4626pt.

pdfTeX warning (ext4): destination with the same identifier (name{page.}) has b
een already used, duplicate ignored
<to be read again> 
                   \relax 
l.572     \item \begin
                      {figure}[H]\centering\includegraphics[width=0.4\textwi...
[15 <./Figs/Q36A.png>]
<Figs/Q36C.png, id=341, 116.435pt x 126.4725pt>
File: Figs/Q36C.png Graphic file (type png)
<use Figs/Q36C.png>
Package pdftex.def Info: Figs/Q36C.png  used on input line 572.
(pdftex.def)             Requested size: 155.99762pt x 169.4626pt.
<Figs/Q36D.png, id=342, 116.435pt x 126.4725pt>
File: Figs/Q36D.png Graphic file (type png)
<use Figs/Q36D.png>
Package pdftex.def Info: Figs/Q36D.png  used on input line 573.
(pdftex.def)             Requested size: 155.99762pt x 169.4626pt.

pdfTeX warning (ext4): destination with the same identifier (name{page.}) has b
een already used, duplicate ignored
<to be read again> 
                   \relax 
l.574 \end{enumerate}
                      [16 <./Figs/Q36B.png> <./Figs/Q36C.png>]
<Figs/Q39.png, id=352, 428.60126pt x 45.16875pt>
File: Figs/Q39.png Graphic file (type png)
<use Figs/Q39.png>
Package pdftex.def Info: Figs/Q39.png  used on input line 603.
(pdftex.def)             Requested size: 312.00119pt x 32.88054pt.

pdfTeX warning (ext4): destination with the same identifier (name{page.}) has b
een already used, duplicate ignored
<to be read again> 
                   \relax 
l.606 \end{figure}
                   [17 <./Figs/Q36D.png>]
<Figs/Q40.png, id=370, 546.04pt x 111.41624pt>
File: Figs/Q40.png Graphic file (type png)
<use Figs/Q40.png>
Package pdftex.def Info: Figs/Q40.png  used on input line 619.
(pdftex.def)             Requested size: 350.99762pt x 71.61896pt.

pdfTeX warning (ext4): destination with the same identifier (name{page.}) has b
een already used, duplicate ignored
<to be read again> 
                   \relax 
l.627     \item b
                 oth machines act as motors [18 <./Figs/Q39.png> <./Figs/Q40.pn
g>]
<Figs/Q41.png, id=385, 541.02126pt x 301.125pt>
File: Figs/Q41.png Graphic file (type png)
<use Figs/Q41.png>
Package pdftex.def Info: Figs/Q41.png  used on input line 635.
(pdftex.def)             Requested size: 350.99762pt x 195.36594pt.

Overfull \hbox (2.81532pt too wide) in paragraph at lines 642--643
[]$[] \OT1/txr/m/n/12 
$ 
 []


Overfull \hbox (2.81532pt too wide) in paragraph at lines 643--644
[]$[] \OT1/txr/m/n/12 
$ 
 []

<Figs/Q42.png, id=386, 152.57pt x 143.53625pt>
File: Figs/Q42.png Graphic file (type png)
<use Figs/Q42.png>
Package pdftex.def Info: Figs/Q42.png  used on input line 653.
(pdftex.def)             Requested size: 117.00119pt x 110.07645pt.

pdfTeX warning (ext4): destination with the same identifier (name{page.}) has b
een already used, duplicate ignored
<to be read again> 
                   \relax 
l.659         \item
                    e1=3.74 kV, e2=2.61 kV [19 <./Figs/Q41.png>]
<Figs/Q43.png, id=401, 167.62625pt x 154.5775pt>
File: Figs/Q43.png Graphic file (type png)
<use Figs/Q43.png>
Package pdftex.def Info: Figs/Q43.png  used on input line 671.
(pdftex.def)             Requested size: 155.99762pt x 143.85463pt.
<Figs/Q44.png, id=402, 379.4175pt x 106.3975pt>
File: Figs/Q44.png Graphic file (type png)
<use Figs/Q44.png>
Package pdftex.def Info: Figs/Q44.png  used on input line 694.
(pdftex.def)             Requested size: 234.00238pt x 65.61995pt.

pdfTeX warning (ext4): destination with the same identifier (name{page.}) has b
een already used, duplicate ignored
<to be read again> 
                   \relax 
l.697 \end{figure}
                   [20 <./Figs/Q42.png> <./Figs/Q43.png>]
<Figs/Q44A.png, id=420, 377.41pt x 117.43875pt>
File: Figs/Q44A.png Graphic file (type png)
<use Figs/Q44A.png>
Package pdftex.def Info: Figs/Q44A.png  used on input line 700.
(pdftex.def)             Requested size: 312.00119pt x 97.08527pt.
<Figs/Q44B.png, id=421, 377.41pt x 117.43875pt>
File: Figs/Q44B.png Graphic file (type png)
<use Figs/Q44B.png>
Package pdftex.def Info: Figs/Q44B.png  used on input line 701.
(pdftex.def)             Requested size: 312.00119pt x 97.08527pt.
<Figs/Q44C.png, id=422, 377.41pt x 117.43875pt>
File: Figs/Q44C.png Graphic file (type png)
<use Figs/Q44C.png>
Package pdftex.def Info: Figs/Q44C.png  used on input line 702.
(pdftex.def)             Requested size: 312.00119pt x 97.08527pt.

pdfTeX warning (ext4): destination with the same identifier (name{page.}) has b
een already used, duplicate ignored
<to be read again> 
                   \relax 
l.703     \item \begin
                      {figure}[H]\centering\includegraphics[width=0.8\textwi...
[21 <./Figs/Q44.png> <./Figs/Q44A.png> <./Figs/Q44B.png>]
<Figs/Q44D.png, id=435, 377.41pt x 117.43875pt>
File: Figs/Q44D.png Graphic file (type png)
<use Figs/Q44D.png>
Package pdftex.def Info: Figs/Q44D.png  used on input line 703.
(pdftex.def)             Requested size: 312.00119pt x 97.08527pt.
<Figs/Q45.png, id=436, 172.645pt x 173.64874pt>
File: Figs/Q45.png Graphic file (type png)
<use Figs/Q45.png>
Package pdftex.def Info: Figs/Q45.png  used on input line 711.
(pdftex.def)             Requested size: 117.00119pt x 117.68213pt.

pdfTeX warning (ext4): destination with the same identifier (name{page.}) has b
een already used, duplicate ignored
<to be read again> 
                   \relax 
l.717         \item
                    4.65 V [22 <./Figs/Q44C.png> <./Figs/Q44D.png> <./Figs/Q45.
png>]
<Figs/Q46.png, id=449, 528.97626pt x 105.39375pt>
File: Figs/Q46.png Graphic file (type png)
<use Figs/Q46.png>
Package pdftex.def Info: Figs/Q46.png  used on input line 729.
(pdftex.def)             Requested size: 272.99881pt x 54.39175pt.

Overfull \hbox (2.33722pt too wide) in paragraph at lines 726--732
[]\OT1/txr/m/n/12 The TTL cir-cuit shown in the fig-ure is fed with the wave-fo
rm X $[]$.
 []

<Figs/Q46A.png, id=450, 229.85875pt x 101.37875pt>
File: Figs/Q46A.png Graphic file (type png)
<use Figs/Q46A.png>
Package pdftex.def Info: Figs/Q46A.png  used on input line 734.
(pdftex.def)             Requested size: 234.00238pt x 103.21158pt.
<Figs/Q46B.png, id=451, 229.85875pt x 101.37875pt>
File: Figs/Q46B.png Graphic file (type png)
<use Figs/Q46B.png>
Package pdftex.def Info: Figs/Q46B.png  used on input line 735.
(pdftex.def)             Requested size: 234.00238pt x 103.21158pt.
<Figs/Q46C.png, id=452, 229.85875pt x 101.37875pt>
File: Figs/Q46C.png Graphic file (type png)
<use Figs/Q46C.png>
Package pdftex.def Info: Figs/Q46C.png  used on input line 736.
(pdftex.def)             Requested size: 234.00238pt x 103.21158pt.

pdfTeX warning (ext4): destination with the same identifier (name{page.}) has b
een already used, duplicate ignored
<to be read again> 
                   \relax 
l.737     \item \begin
                      {figure}[H]\centering\includegraphics[width=0.6\textwi...
[23 <./Figs/Q46.png> <./Figs/Q46A.png> <./Figs/Q46B.png>]
<Figs/Q46D.png, id=469, 229.85875pt x 101.37875pt>
File: Figs/Q46D.png Graphic file (type png)
<use Figs/Q46D.png>
Package pdftex.def Info: Figs/Q46D.png  used on input line 737.
(pdftex.def)             Requested size: 234.00238pt x 103.21158pt.

pdfTeX warning (ext4): destination with the same identifier (name{page.}) has b
een already used, duplicate ignored
<to be read again> 
                   \relax 
l.752 \newpage
               [24 <./Figs/Q46C.png> <./Figs/Q46D.png>]
<Figs/Q48.png, id=484, 314.17375pt x 183.68625pt>
File: Figs/Q48.png Graphic file (type png)
<use Figs/Q48.png>
Package pdftex.def Info: Figs/Q48.png  used on input line 759.
(pdftex.def)             Requested size: 195.0pt x 114.0076pt.
<Figs/Q50.png, id=485, 362.35374pt x 94.3525pt>
File: Figs/Q50.png Graphic file (type png)
<use Figs/Q50.png>
Package pdftex.def Info: Figs/Q50.png  used on input line 794.
(pdftex.def)             Requested size: 234.00238pt x 60.93246pt.

pdfTeX warning (ext4): destination with the same identifier (name{page.}) has b
een already used, duplicate ignored
<to be read again> 
                   \relax 
l.798 
       [25 <./Figs/Q48.png>]
pdfTeX warning (ext4): destination with the same identifier (name{page.}) has b
een already used, duplicate ignored
<to be read again> 
                   \relax 
l.823 \newpage
               [26 <./Figs/Q50.png>]
<Figs/Q53A.png, id=517, 250.9375pt x 106.3975pt>
File: Figs/Q53A.png Graphic file (type png)
<use Figs/Q53A.png>
Package pdftex.def Info: Figs/Q53A.png  used on input line 859.
(pdftex.def)             Requested size: 272.99881pt x 115.76479pt.
<Figs/Q53B.png, id=518, 250.9375pt x 106.3975pt>
File: Figs/Q53B.png Graphic file (type png)
<use Figs/Q53B.png>
Package pdftex.def Info: Figs/Q53B.png  used on input line 860.
(pdftex.def)             Requested size: 272.99881pt x 115.76479pt.

pdfTeX warning (ext4): destination with the same identifier (name{page.}) has b
een already used, duplicate ignored
<to be read again> 
                   \relax 
l.861     \item \begin
                      {figure}[H]\centering\includegraphics[width=0.7\textwi...
[27 <./Figs/Q53A.png>]
<Figs/Q53C.png, id=532, 250.9375pt x 106.3975pt>
File: Figs/Q53C.png Graphic file (type png)
<use Figs/Q53C.png>
Package pdftex.def Info: Figs/Q53C.png  used on input line 861.
(pdftex.def)             Requested size: 272.99881pt x 115.76479pt.
<Figs/Q53D.png, id=533, 270.00874pt x 105.39375pt>
File: Figs/Q53D.png Graphic file (type png)
<use Figs/Q53D.png>
Package pdftex.def Info: Figs/Q53D.png  used on input line 862.
(pdftex.def)             Requested size: 272.99881pt x 106.56262pt.

pdfTeX warning (ext4): destination with the same identifier (name{page.}) has b
een already used, duplicate ignored
<to be read again> 
                   \relax 
l.868 \end{flushleft}
                      [28 <./Figs/Q53B.png> <./Figs/Q53C.png> <./Figs/Q53D.png>
]
<Figs/Q54.png, id=546, 270.00874pt x 105.39375pt>
File: Figs/Q54.png Graphic file (type png)
<use Figs/Q54.png>
Package pdftex.def Info: Figs/Q54.png  used on input line 872.
(pdftex.def)             Requested size: 155.99762pt x 60.892pt.
<Figs/Q55.png, id=547, 306.14375pt x 174.6525pt>
File: Figs/Q55.png Graphic file (type png)
<use Figs/Q55.png>
Package pdftex.def Info: Figs/Q55.png  used on input line 893.
(pdftex.def)             Requested size: 234.00238pt x 133.4968pt.

pdfTeX warning (ext4): destination with the same identifier (name{page.}) has b
een already used, duplicate ignored
<to be read again> 
                   \relax 
l.899         \item
                    52 $\mu$s [29 <./Figs/Q54.png> <./Figs/Q55.png>]
pdfTeX warning (ext4): destination with the same identifier (name{page.}) has b
een already used, duplicate ignored
<to be read again> 
                   \relax 
l.906 \newpage
               [30]
pdfTeX warning (ext4): destination with the same identifier (name{page.}) has b
een already used, duplicate ignored
<to be read again> 
                   \relax 
l.967         \item
                    masked [31]
Overfull \hbox (11.83058pt too wide) in paragraph at lines 978--980
[]\OT1/txr/m/n/12 Hari $[]$, Gita $[]$, Ir-fan $[]$ and Saira $[]$ are sib-ling
s $[]$.
 []


pdfTeX warning (ext4): destination with the same identifier (name{page.}) has b
een already used, duplicate ignored
<to be read again> 
                   \relax 
l.1012     \item C
                  hemical agents are useful in modern warfare. [32]
pdfTeX warning (ext4): destination with the same identifier (name{page.}) has b
een already used, duplicate ignored
<to be read again> 
                   \relax 
l.1043 \end{document}
                      [33] (./main_0.aux)

LaTeX Warning: Label(s) may have changed. Rerun to get cross-references right.


Package rerunfilecheck Warning: File `main_0.out' has changed.
(rerunfilecheck)                Rerun to get outlines right
(rerunfilecheck)                or use package `bookmark'.

Package rerunfilecheck Info: Checksums for `main_0.out':
(rerunfilecheck)             Before: <no file>
(rerunfilecheck)             After:  D41D8CD98F00B204E9800998ECF8427E;0.
 ) 
Here is how much of TeX's memory you used:
 51969 strings out of 476034
 1226833 string characters out of 5792864
 1869388 words of memory out of 6000000
 71207 multiletter control sequences out of 15000+600000
 558071 words of font info for 149 fonts, out of 8000000 for 9000
 1140 hyphenation exceptions out of 8191
 101i,10n,96p,1174b,1140s stack positions out of 10000i,1000n,20000p,200000b,200000s
</usr/share/texlive/texmf-dist/fonts/type1/public/txfonts/rtcxr.pfb></usr/sha
re/texlive/texmf-dist/fonts/type1/public/txfonts/rtxmi.pfb></usr/share/texlive/
texmf-dist/fonts/type1/public/txfonts/rtxr.pfb></usr/share/texlive/texmf-dist/f
onts/type1/public/txfonts/txex.pfb></usr/share/texlive/texmf-dist/fonts/type1/p
ublic/txfonts/txsy.pfb></usr/share/texlive/texmf-dist/fonts/type1/public/txfont
s/txsya.pfb></usr/share/texlive/texmf-dist/fonts/type1/urw/times/utmb8a.pfb></u
sr/share/texlive/texmf-dist/fonts/type1/urw/times/utmr8a.pfb></usr/share/texliv
e/texmf-dist/fonts/type1/urw/times/utmri8a.pfb>
Output written on main_0.pdf (33 pages, 328295 bytes).
PDF statistics:
 748 PDF objects out of 1000 (max. 8388607)
 569 compressed objects within 6 object streams
 376 named destinations out of 1000 (max. 500000)
 369 words of extra memory for PDF output out of 10000 (max. 10000000)

